[2024-11-15 10:16:25,841] [INFO] [real_accelerator.py:203:get_accelerator] Setting ds_accelerator to cuda (auto detect)
Warning: The default cache directory for DeepSpeed Triton autotune, /home/jingyuah/.triton/autotune, appears to be on an NFS system. While this is generally acceptable, if you experience slowdowns or hanging when DeepSpeed exits, it is recommended to set the TRITON_CACHE_DIR environment variable to a non-NFS path.
[93m [WARNING] [0m async_io requires the dev libaio .so object and headers but these were not found.
[93m [WARNING] [0m If libaio is already installed (perhaps from source), try setting the CFLAGS and LDFLAGS environment variables to where it can be found.
[93m [WARNING] [0m Please specify the CUTLASS repo directory as environment variable $CUTLASS_PATH
[93m [WARNING] [0m sparse_attn requires a torch version >= 1.5 and < 2.0 but detected 2.1
[93m [WARNING] [0m using untested triton version (2.1.0), only 1.0.0 is known to be compatible
[2024-11-15 10:16:26,407] [INFO] [comm.py:637:init_distributed] cdb=None
[2024-11-15 10:16:26,407] [INFO] [comm.py:668:init_distributed] Initializing TorchBackend in DeepSpeed with backend nccl
item only summarization task...
Loading from pretrained model_name_or_path: /data/user_data/jingyuah/HLLM_weights/checkpoints/TinyLlama-1.1B-intermediate-step-1431k-3T
item only set to True
using item prompt only...
LlamaTokenizer(name_or_path='/data/user_data/jingyuah/HLLM_weights/checkpoints/TinyLlama-1.1B-intermediate-step-1431k-3T', vocab_size=32000, model_max_length=1000000000000000019884624838656, is_fast=False, padding_side='left', truncation_side='right', special_tokens={'bos_token': '<s>', 'eos_token': '</s>', 'unk_token': '<unk>', 'pad_token': '<unk>'}, clean_up_tokenization_spaces=False),  added_tokens_decoder={
	0: AddedToken("<unk>", rstrip=False, lstrip=False, single_word=False, normalized=False, special=True),
	1: AddedToken("<s>", rstrip=False, lstrip=False, single_word=False, normalized=False, special=True),
	2: AddedToken("</s>", rstrip=False, lstrip=False, single_word=False, normalized=False, special=True),
}
LlamaTokenizer(name_or_path='/data/user_data/jingyuah/HLLM_weights/checkpoints/TinyLlama-1.1B-intermediate-step-1431k-3T', vocab_size=32000, model_max_length=1000000000000000019884624838656, is_fast=False, padding_side='left', truncation_side='right', special_tokens={'bos_token': '<s>', 'eos_token': '</s>', 'unk_token': '<unk>', 'pad_token': '<unk>'}, clean_up_tokenization_spaces=False),  added_tokens_decoder={
	0: AddedToken("<unk>", rstrip=False, lstrip=False, single_word=False, normalized=False, special=True),
	1: AddedToken("<s>", rstrip=False, lstrip=False, single_word=False, normalized=False, special=True),
	2: AddedToken("</s>", rstrip=False, lstrip=False, single_word=False, normalized=False, special=True),
}
suffix:  ['", “compress the following sentence into embeddings: <unk>']
suffix:  ['", “compress the following sentence into embeddings: <unk>']
{'loss': 4.0675, 'grad_norm': 15.76339054107666, 'learning_rate': 1.2907698764494297e-06, 'epoch': 0.01, 'ar_loss': 4.0675}
{'loss': 3.8341, 'grad_norm': 13.914383888244629, 'learning_rate': 1.846674204103489e-06, 'epoch': 0.02, 'ar_loss': 3.8341}
{'loss': 3.6389, 'grad_norm': 10.494227409362793, 'learning_rate': 2.1718573897697203e-06, 'epoch': 0.03, 'ar_loss': 3.6389}
{'loss': 3.3927, 'grad_norm': 6.099606037139893, 'learning_rate': 2.402578531757548e-06, 'epoch': 0.04, 'ar_loss': 3.3927}
{'loss': 3.3199, 'grad_norm': 3.8379507064819336, 'learning_rate': 2.5815397528988595e-06, 'epoch': 0.05, 'ar_loss': 3.3199}
{'loss': 3.2001, 'grad_norm': 3.236802101135254, 'learning_rate': 2.72776171742378e-06, 'epoch': 0.06, 'ar_loss': 3.2001}
{'loss': 3.1815, 'grad_norm': 3.1687204837799072, 'learning_rate': 2.8513906268821764e-06, 'epoch': 0.07, 'ar_loss': 3.1815}
{'loss': 3.1402, 'grad_norm': 2.602105140686035, 'learning_rate': 2.958482859411607e-06, 'epoch': 0.08, 'ar_loss': 3.1402}
{'loss': 3.1049, 'grad_norm': 3.2079381942749023, 'learning_rate': 3.052944903090011e-06, 'epoch': 0.09, 'ar_loss': 3.1049}
{'loss': 3.0639, 'grad_norm': 2.5895347595214844, 'learning_rate': 3.137444080552919e-06, 'epoch': 0.1, 'ar_loss': 3.0639}
{'loss': 3.0655, 'grad_norm': 5.007503986358643, 'learning_rate': 3.2138828844731907e-06, 'epoch': 0.11, 'ar_loss': 3.0655}
{'loss': 3.0388, 'grad_norm': 2.411931037902832, 'learning_rate': 3.2836660450778385e-06, 'epoch': 0.12, 'ar_loss': 3.0388}
{'loss': 3.0388, 'grad_norm': 2.320424795150757, 'learning_rate': 3.34786032998703e-06, 'epoch': 0.13, 'ar_loss': 3.0388}
{'loss': 3.0763, 'grad_norm': 2.424091100692749, 'learning_rate': 3.4072949545362355e-06, 'epoch': 0.14, 'ar_loss': 3.0763}
{'loss': 2.9905, 'grad_norm': 2.4902236461639404, 'learning_rate': 3.46262726621915e-06, 'epoch': 0.15, 'ar_loss': 2.9905}
{'loss': 3.0553, 'grad_norm': 2.4622929096221924, 'learning_rate': 3.5143871870656666e-06, 'epoch': 0.16, 'ar_loss': 3.0553}
{'loss': 3.0321, 'grad_norm': 2.400193452835083, 'learning_rate': 3.5630081590256504e-06, 'epoch': 0.17, 'ar_loss': 3.0321}
{'loss': 2.9628, 'grad_norm': 2.6743838787078857, 'learning_rate': 3.6088492307440703e-06, 'epoch': 0.18, 'ar_loss': 2.9628}
{'loss': 2.9594, 'grad_norm': 2.3671576976776123, 'learning_rate': 3.6522111647334655e-06, 'epoch': 0.19, 'ar_loss': 2.9594}
{'loss': 3.0162, 'grad_norm': 2.391601085662842, 'learning_rate': 3.693348408206978e-06, 'epoch': 0.2, 'ar_loss': 3.0162}
{'eval_loss': 2.9972238540649414, 'eval_runtime': 28.6151, 'eval_samples_per_second': 120.251, 'eval_steps_per_second': 0.944, 'epoch': 0.2}
{'loss': 3.0231, 'grad_norm': 2.434346914291382, 'learning_rate': 3.7324781402024664e-06, 'epoch': 0.21, 'ar_loss': 3.0231}
{'loss': 2.9694, 'grad_norm': 2.3168256282806396, 'learning_rate': 3.76978721212725e-06, 'epoch': 0.22, 'ar_loss': 2.9694}
{'loss': 2.9426, 'grad_norm': 2.226134777069092, 'learning_rate': 3.8054375442327844e-06, 'epoch': 0.23, 'ar_loss': 2.9426}
{'loss': 2.9713, 'grad_norm': 2.5206854343414307, 'learning_rate': 3.839570372731898e-06, 'epoch': 0.24, 'ar_loss': 2.9713}
{'loss': 2.935, 'grad_norm': 2.4268953800201416, 'learning_rate': 3.87230962934829e-06, 'epoch': 0.25, 'ar_loss': 2.935}
{'loss': 2.9263, 'grad_norm': 2.235384225845337, 'learning_rate': 3.903764657641089e-06, 'epoch': 0.25, 'ar_loss': 2.9263}
{'loss': 2.9405, 'grad_norm': 2.296281099319458, 'learning_rate': 3.9340324164103026e-06, 'epoch': 0.26, 'ar_loss': 2.9405}
{'loss': 2.9839, 'grad_norm': 2.326794147491455, 'learning_rate': 3.963199282190295e-06, 'epoch': 0.27, 'ar_loss': 2.9839}
{'loss': 2.9106, 'grad_norm': 2.566331624984741, 'learning_rate': 3.99134253530202e-06, 'epoch': 0.28, 'ar_loss': 2.9106}
{'loss': 2.9288, 'grad_norm': 2.4763031005859375, 'learning_rate': 4.018531593873209e-06, 'epoch': 0.29, 'ar_loss': 2.9288}
{'loss': 2.8614, 'grad_norm': 2.6413285732269287, 'learning_rate': 4.044829045441267e-06, 'epoch': 0.3, 'ar_loss': 2.8614}
{'loss': 2.8831, 'grad_norm': 2.4304046630859375, 'learning_rate': 4.070291514719726e-06, 'epoch': 0.31, 'ar_loss': 2.8831}
{'loss': 2.9269, 'grad_norm': 2.425351858139038, 'learning_rate': 4.094970397793481e-06, 'epoch': 0.32, 'ar_loss': 2.9269}
{'loss': 2.8898, 'grad_norm': 2.4825916290283203, 'learning_rate': 4.1189124866797095e-06, 'epoch': 0.33, 'ar_loss': 2.8898}
{'loss': 2.8938, 'grad_norm': 2.267932653427124, 'learning_rate': 4.142160503331606e-06, 'epoch': 0.34, 'ar_loss': 2.8938}
{'loss': 2.9381, 'grad_norm': 2.3849446773529053, 'learning_rate': 4.16475355839813e-06, 'epoch': 0.35, 'ar_loss': 2.9381}
{'loss': 2.9001, 'grad_norm': 2.4288060665130615, 'learning_rate': 4.1867275471145665e-06, 'epoch': 0.36, 'ar_loss': 2.9001}
{'loss': 2.934, 'grad_norm': 2.2494699954986572, 'learning_rate': 4.208115492387525e-06, 'epoch': 0.37, 'ar_loss': 2.934}
{'loss': 2.8782, 'grad_norm': 2.3160784244537354, 'learning_rate': 4.228947843307321e-06, 'epoch': 0.38, 'ar_loss': 2.8782}
{'loss': 2.908, 'grad_norm': 2.2355823516845703, 'learning_rate': 4.249252735861037e-06, 'epoch': 0.39, 'ar_loss': 2.908}
{'eval_loss': 2.9032692909240723, 'eval_runtime': 28.6499, 'eval_samples_per_second': 120.105, 'eval_steps_per_second': 0.942, 'epoch': 0.39}
{'loss': 2.8876, 'grad_norm': 2.271040439605713, 'learning_rate': 4.269056221448303e-06, 'epoch': 0.4, 'ar_loss': 2.8876}
{'loss': 2.9133, 'grad_norm': 2.161371946334839, 'learning_rate': 4.288382467856526e-06, 'epoch': 0.41, 'ar_loss': 2.9133}
{'loss': 2.8602, 'grad_norm': 2.2491488456726074, 'learning_rate': 4.307253936585018e-06, 'epoch': 0.42, 'ar_loss': 2.8602}
{'loss': 2.8818, 'grad_norm': 2.4366190433502197, 'learning_rate': 4.325691539781309e-06, 'epoch': 0.43, 'ar_loss': 2.8818}
{'loss': 2.8865, 'grad_norm': 2.264826536178589, 'learning_rate': 4.3437147795394405e-06, 'epoch': 0.44, 'ar_loss': 2.8865}
{'loss': 2.8392, 'grad_norm': 2.2966272830963135, 'learning_rate': 4.3613418718868435e-06, 'epoch': 0.45, 'ar_loss': 2.8392}
{'loss': 2.859, 'grad_norm': 2.5611047744750977, 'learning_rate': 4.378589857436019e-06, 'epoch': 0.46, 'ar_loss': 2.859}
{'loss': 2.8129, 'grad_norm': 2.3497376441955566, 'learning_rate': 4.395474700385957e-06, 'epoch': 0.47, 'ar_loss': 2.8129}
{'loss': 2.8782, 'grad_norm': 2.348029136657715, 'learning_rate': 4.412011377314923e-06, 'epoch': 0.48, 'ar_loss': 2.8782}
{'loss': 2.8707, 'grad_norm': 2.3094403743743896, 'learning_rate': 4.428213957002349e-06, 'epoch': 0.49, 'ar_loss': 2.8707}
{'loss': 2.8746, 'grad_norm': 2.2681262493133545, 'learning_rate': 4.444095672345941e-06, 'epoch': 0.5, 'ar_loss': 2.8746}
{'loss': 2.8483, 'grad_norm': 2.3544881343841553, 'learning_rate': 4.459668985295149e-06, 'epoch': 0.51, 'ar_loss': 2.8483}
{'loss': 2.8624, 'grad_norm': 2.362924337387085, 'learning_rate': 4.474945645599319e-06, 'epoch': 0.52, 'ar_loss': 2.8624}
{'loss': 2.8747, 'grad_norm': 2.328341484069824, 'learning_rate': 4.489936744064361e-06, 'epoch': 0.53, 'ar_loss': 2.8747}
{'loss': 2.8176, 'grad_norm': 2.228480815887451, 'learning_rate': 4.5046527609226205e-06, 'epoch': 0.54, 'ar_loss': 2.8176}
{'loss': 2.8269, 'grad_norm': 2.2247214317321777, 'learning_rate': 4.519103609844353e-06, 'epoch': 0.55, 'ar_loss': 2.8269}
{'loss': 2.8273, 'grad_norm': 2.296574831008911, 'learning_rate': 4.533298678053757e-06, 'epoch': 0.56, 'ar_loss': 2.8273}
{'loss': 2.8297, 'grad_norm': 2.245875835418701, 'learning_rate': 4.547246862956079e-06, 'epoch': 0.57, 'ar_loss': 2.8297}
{'loss': 2.8577, 'grad_norm': 2.3939006328582764, 'learning_rate': 4.560956605633749e-06, 'epoch': 0.58, 'ar_loss': 2.8577}
{'loss': 2.803, 'grad_norm': 2.3846864700317383, 'learning_rate': 4.574435921527269e-06, 'epoch': 0.59, 'ar_loss': 2.803}
{'eval_loss': 2.850468635559082, 'eval_runtime': 29.4114, 'eval_samples_per_second': 116.995, 'eval_steps_per_second': 0.918, 'epoch': 0.59}
{'loss': 2.8398, 'grad_norm': 2.3148610591888428, 'learning_rate': 4.587692428580152e-06, 'epoch': 0.6, 'ar_loss': 2.8398}
{'loss': 2.8439, 'grad_norm': 2.2366795539855957, 'learning_rate': 4.600733373095326e-06, 'epoch': 0.61, 'ar_loss': 2.8439}
{'loss': 2.8048, 'grad_norm': 2.633573055267334, 'learning_rate': 4.613565653522757e-06, 'epoch': 0.62, 'ar_loss': 2.8048}
{'loss': 2.845, 'grad_norm': 2.199038505554199, 'learning_rate': 4.626195842373785e-06, 'epoch': 0.63, 'ar_loss': 2.845}
{'loss': 2.7686, 'grad_norm': 2.245436906814575, 'learning_rate': 4.63863020643646e-06, 'epoch': 0.64, 'ar_loss': 2.7686}
{'loss': 2.8365, 'grad_norm': 2.3155038356781006, 'learning_rate': 4.65087472544754e-06, 'epoch': 0.65, 'ar_loss': 2.8365}
{'loss': 2.7717, 'grad_norm': 2.3597302436828613, 'learning_rate': 4.662935109360414e-06, 'epoch': 0.66, 'ar_loss': 2.7717}
{'loss': 2.8603, 'grad_norm': 2.3368935585021973, 'learning_rate': 4.674816814333769e-06, 'epoch': 0.67, 'ar_loss': 2.8603}
{'loss': 2.8426, 'grad_norm': 2.36704158782959, 'learning_rate': 4.686525057553076e-06, 'epoch': 0.68, 'ar_loss': 2.8426}
{'loss': 2.796, 'grad_norm': 2.2515556812286377, 'learning_rate': 4.698064830985665e-06, 'epoch': 0.69, 'ar_loss': 2.796}
{'loss': 2.8116, 'grad_norm': 2.4927995204925537, 'learning_rate': 4.709440914160167e-06, 'epoch': 0.7, 'ar_loss': 2.8116}
{'loss': 2.8301, 'grad_norm': 2.3283677101135254, 'learning_rate': 4.720657886052189e-06, 'epoch': 0.71, 'ar_loss': 2.8301}
{'loss': 2.804, 'grad_norm': 2.305758237838745, 'learning_rate': 4.73172013615021e-06, 'epoch': 0.72, 'ar_loss': 2.804}
{'loss': 2.8181, 'grad_norm': 2.3000731468200684, 'learning_rate': 4.742631874768626e-06, 'epoch': 0.73, 'ar_loss': 2.8181}
{'loss': 2.7875, 'grad_norm': 2.331246852874756, 'learning_rate': 4.75339714266858e-06, 'epoch': 0.74, 'ar_loss': 2.7875}
{'loss': 2.8011, 'grad_norm': 2.4799420833587646, 'learning_rate': 4.764019820041584e-06, 'epoch': 0.75, 'ar_loss': 2.8011}
{'loss': 2.8287, 'grad_norm': 2.320411443710327, 'learning_rate': 4.774503634905937e-06, 'epoch': 0.75, 'ar_loss': 2.8287}
{'loss': 2.7882, 'grad_norm': 2.4102537631988525, 'learning_rate': 4.7848521709613795e-06, 'epoch': 0.76, 'ar_loss': 2.7882}
{'loss': 2.7294, 'grad_norm': 2.33362078666687, 'learning_rate': 4.795068874943425e-06, 'epoch': 0.77, 'ar_loss': 2.7294}
{'loss': 2.7502, 'grad_norm': 2.2624075412750244, 'learning_rate': 4.805157063515096e-06, 'epoch': 0.78, 'ar_loss': 2.7502}
{'eval_loss': 2.813504219055176, 'eval_runtime': 28.6518, 'eval_samples_per_second': 120.097, 'eval_steps_per_second': 0.942, 'epoch': 0.78}
{'loss': 2.7943, 'grad_norm': 2.188689947128296, 'learning_rate': 4.815119929730593e-06, 'epoch': 0.79, 'ar_loss': 2.7943}
{'loss': 2.8174, 'grad_norm': 2.191018581390381, 'learning_rate': 4.824960549102362e-06, 'epoch': 0.8, 'ar_loss': 2.8174}
{'loss': 2.7716, 'grad_norm': 2.287954330444336, 'learning_rate': 4.834681885300458e-06, 'epoch': 0.81, 'ar_loss': 2.7716}
{'loss': 2.7991, 'grad_norm': 2.2996463775634766, 'learning_rate': 4.844286795510585e-06, 'epoch': 0.82, 'ar_loss': 2.7991}
{'loss': 2.8004, 'grad_norm': 2.1933634281158447, 'learning_rate': 4.8537780354750805e-06, 'epoch': 0.83, 'ar_loss': 2.8004}
{'loss': 2.7319, 'grad_norm': 2.1768276691436768, 'learning_rate': 4.863158264239077e-06, 'epoch': 0.84, 'ar_loss': 2.7319}
{'loss': 2.7692, 'grad_norm': 2.1835649013519287, 'learning_rate': 4.872430048622312e-06, 'epoch': 0.85, 'ar_loss': 2.7692}
{'loss': 2.7897, 'grad_norm': 2.352656126022339, 'learning_rate': 4.881595867435368e-06, 'epoch': 0.86, 'ar_loss': 2.7897}
{'loss': 2.7804, 'grad_norm': 2.426447868347168, 'learning_rate': 4.890658115457719e-06, 'epoch': 0.87, 'ar_loss': 2.7804}
{'loss': 2.7767, 'grad_norm': 2.206179618835449, 'learning_rate': 4.8996191071935e-06, 'epoch': 0.88, 'ar_loss': 2.7767}
{'loss': 2.7832, 'grad_norm': 2.286649703979492, 'learning_rate': 4.9084810804197765e-06, 'epoch': 0.89, 'ar_loss': 2.7832}
{'loss': 2.7839, 'grad_norm': 2.4360969066619873, 'learning_rate': 4.917246199540903e-06, 'epoch': 0.9, 'ar_loss': 2.7839}
{'loss': 2.7929, 'grad_norm': 2.239586591720581, 'learning_rate': 4.925916558761557e-06, 'epoch': 0.91, 'ar_loss': 2.7929}
{'loss': 2.7271, 'grad_norm': 2.3229503631591797, 'learning_rate': 4.934494185090079e-06, 'epoch': 0.92, 'ar_loss': 2.7271}
{'loss': 2.7998, 'grad_norm': 2.338114023208618, 'learning_rate': 4.942981041182896e-06, 'epoch': 0.93, 'ar_loss': 2.7998}
{'loss': 2.7609, 'grad_norm': 2.367060899734497, 'learning_rate': 4.951379028040017e-06, 'epoch': 0.94, 'ar_loss': 2.7609}
{'loss': 2.8074, 'grad_norm': 2.2093539237976074, 'learning_rate': 4.9596899875608564e-06, 'epoch': 0.95, 'ar_loss': 2.8074}
{'loss': 2.7493, 'grad_norm': 2.273555040359497, 'learning_rate': 4.967915704968982e-06, 'epoch': 0.96, 'ar_loss': 2.7493}
{'loss': 2.743, 'grad_norm': 2.2610936164855957, 'learning_rate': 4.976057911113772e-06, 'epoch': 0.97, 'ar_loss': 2.743}
{'loss': 2.789, 'grad_norm': 2.390363931655884, 'learning_rate': 4.9841182846564074e-06, 'epoch': 0.98, 'ar_loss': 2.789}
{'eval_loss': 2.7845189571380615, 'eval_runtime': 28.648, 'eval_samples_per_second': 120.113, 'eval_steps_per_second': 0.942, 'epoch': 0.98}
{'loss': 2.7344, 'grad_norm': 2.220273733139038, 'learning_rate': 4.992098454147103e-06, 'epoch': 0.99, 'ar_loss': 2.7344}
{'loss': 2.7824, 'grad_norm': 2.3353161811828613, 'learning_rate': 4.9999999999999996e-06, 'epoch': 1.0, 'ar_loss': 2.7824}
{'loss': 2.6897, 'grad_norm': 2.4439971446990967, 'learning_rate': 4.995642701525054e-06, 'epoch': 1.01, 'ar_loss': 2.6897}
{'loss': 2.6121, 'grad_norm': 2.3617401123046875, 'learning_rate': 4.990196078431373e-06, 'epoch': 1.02, 'ar_loss': 2.6121}
{'loss': 2.6442, 'grad_norm': 2.4550414085388184, 'learning_rate': 4.984749455337691e-06, 'epoch': 1.03, 'ar_loss': 2.6442}
{'loss': 2.6903, 'grad_norm': 2.4601428508758545, 'learning_rate': 4.979302832244009e-06, 'epoch': 1.04, 'ar_loss': 2.6903}
{'loss': 2.6141, 'grad_norm': 2.346343755722046, 'learning_rate': 4.973856209150327e-06, 'epoch': 1.05, 'ar_loss': 2.6141}
{'loss': 2.7131, 'grad_norm': 2.3765580654144287, 'learning_rate': 4.968409586056645e-06, 'epoch': 1.06, 'ar_loss': 2.7131}
{'loss': 2.6715, 'grad_norm': 2.3756442070007324, 'learning_rate': 4.962962962962964e-06, 'epoch': 1.07, 'ar_loss': 2.6715}
{'loss': 2.6904, 'grad_norm': 2.326728343963623, 'learning_rate': 4.957516339869282e-06, 'epoch': 1.08, 'ar_loss': 2.6904}
{'loss': 2.6389, 'grad_norm': 2.571472406387329, 'learning_rate': 4.9520697167755995e-06, 'epoch': 1.09, 'ar_loss': 2.6389}
{'loss': 2.6747, 'grad_norm': 2.408315658569336, 'learning_rate': 4.9466230936819174e-06, 'epoch': 1.1, 'ar_loss': 2.6747}
{'loss': 2.6939, 'grad_norm': 2.499767541885376, 'learning_rate': 4.941176470588236e-06, 'epoch': 1.11, 'ar_loss': 2.6939}
{'loss': 2.6204, 'grad_norm': 2.4245519638061523, 'learning_rate': 4.935729847494553e-06, 'epoch': 1.12, 'ar_loss': 2.6204}
{'loss': 2.5931, 'grad_norm': 2.5420477390289307, 'learning_rate': 4.930283224400872e-06, 'epoch': 1.13, 'ar_loss': 2.5931}
{'loss': 2.6766, 'grad_norm': 2.371513605117798, 'learning_rate': 4.92483660130719e-06, 'epoch': 1.14, 'ar_loss': 2.6766}
{'loss': 2.6552, 'grad_norm': 2.4072670936584473, 'learning_rate': 4.919389978213508e-06, 'epoch': 1.15, 'ar_loss': 2.6552}
{'loss': 2.6482, 'grad_norm': 2.6383702754974365, 'learning_rate': 4.913943355119826e-06, 'epoch': 1.16, 'ar_loss': 2.6482}
{'loss': 2.6329, 'grad_norm': 2.6618783473968506, 'learning_rate': 4.908496732026144e-06, 'epoch': 1.17, 'ar_loss': 2.6329}
{'loss': 2.6797, 'grad_norm': 2.3971266746520996, 'learning_rate': 4.9030501089324625e-06, 'epoch': 1.18, 'ar_loss': 2.6797}
{'eval_loss': 2.766950845718384, 'eval_runtime': 28.6399, 'eval_samples_per_second': 120.147, 'eval_steps_per_second': 0.943, 'epoch': 1.18}
{'loss': 2.6483, 'grad_norm': 2.488614559173584, 'learning_rate': 4.8976034858387805e-06, 'epoch': 1.19, 'ar_loss': 2.6483}
{'loss': 2.6806, 'grad_norm': 2.5695314407348633, 'learning_rate': 4.892156862745098e-06, 'epoch': 1.2, 'ar_loss': 2.6806}
{'loss': 2.6777, 'grad_norm': 2.7069177627563477, 'learning_rate': 4.886710239651416e-06, 'epoch': 1.21, 'ar_loss': 2.6777}
{'loss': 2.6291, 'grad_norm': 2.637989044189453, 'learning_rate': 4.881263616557735e-06, 'epoch': 1.22, 'ar_loss': 2.6291}
{'loss': 2.673, 'grad_norm': 2.3819730281829834, 'learning_rate': 4.875816993464052e-06, 'epoch': 1.23, 'ar_loss': 2.673}
{'loss': 2.6834, 'grad_norm': 2.4589223861694336, 'learning_rate': 4.870370370370371e-06, 'epoch': 1.24, 'ar_loss': 2.6834}
{'loss': 2.6014, 'grad_norm': 2.511537790298462, 'learning_rate': 4.864923747276689e-06, 'epoch': 1.25, 'ar_loss': 2.6014}
{'loss': 2.626, 'grad_norm': 2.4820971488952637, 'learning_rate': 4.859477124183007e-06, 'epoch': 1.25, 'ar_loss': 2.626}
{'loss': 2.6737, 'grad_norm': 2.4594287872314453, 'learning_rate': 4.854030501089326e-06, 'epoch': 1.26, 'ar_loss': 2.6737}
{'loss': 2.6129, 'grad_norm': 2.58237624168396, 'learning_rate': 4.848583877995643e-06, 'epoch': 1.27, 'ar_loss': 2.6129}
{'loss': 2.6118, 'grad_norm': 2.5432419776916504, 'learning_rate': 4.8431372549019614e-06, 'epoch': 1.28, 'ar_loss': 2.6118}
{'loss': 2.6562, 'grad_norm': 2.5224618911743164, 'learning_rate': 4.837690631808279e-06, 'epoch': 1.29, 'ar_loss': 2.6562}
{'loss': 2.6594, 'grad_norm': 2.462446928024292, 'learning_rate': 4.832244008714597e-06, 'epoch': 1.3, 'ar_loss': 2.6594}
{'loss': 2.6442, 'grad_norm': 2.6276328563690186, 'learning_rate': 4.826797385620915e-06, 'epoch': 1.31, 'ar_loss': 2.6442}
{'loss': 2.6561, 'grad_norm': 2.447561502456665, 'learning_rate': 4.821350762527234e-06, 'epoch': 1.32, 'ar_loss': 2.6561}
{'loss': 2.7107, 'grad_norm': 2.5658273696899414, 'learning_rate': 4.815904139433552e-06, 'epoch': 1.33, 'ar_loss': 2.7107}
{'loss': 2.6361, 'grad_norm': 2.6533608436584473, 'learning_rate': 4.81045751633987e-06, 'epoch': 1.34, 'ar_loss': 2.6361}
{'loss': 2.6407, 'grad_norm': 2.4966156482696533, 'learning_rate': 4.805010893246188e-06, 'epoch': 1.35, 'ar_loss': 2.6407}
{'loss': 2.6364, 'grad_norm': 2.7192792892456055, 'learning_rate': 4.799564270152506e-06, 'epoch': 1.36, 'ar_loss': 2.6364}
{'loss': 2.6065, 'grad_norm': 2.536954164505005, 'learning_rate': 4.7941176470588245e-06, 'epoch': 1.37, 'ar_loss': 2.6065}
{'eval_loss': 2.7507705688476562, 'eval_runtime': 28.6512, 'eval_samples_per_second': 120.1, 'eval_steps_per_second': 0.942, 'epoch': 1.37}
{'loss': 2.6153, 'grad_norm': 2.6256980895996094, 'learning_rate': 4.7886710239651415e-06, 'epoch': 1.38, 'ar_loss': 2.6153}
{'loss': 2.6157, 'grad_norm': 2.4185831546783447, 'learning_rate': 4.78322440087146e-06, 'epoch': 1.39, 'ar_loss': 2.6157}
{'loss': 2.6475, 'grad_norm': 2.4664857387542725, 'learning_rate': 4.777777777777778e-06, 'epoch': 1.4, 'ar_loss': 2.6475}
{'loss': 2.6822, 'grad_norm': 2.665295124053955, 'learning_rate': 4.772331154684096e-06, 'epoch': 1.41, 'ar_loss': 2.6822}
{'loss': 2.6049, 'grad_norm': 2.5296382904052734, 'learning_rate': 4.766884531590414e-06, 'epoch': 1.42, 'ar_loss': 2.6049}
{'loss': 2.6069, 'grad_norm': 2.6057441234588623, 'learning_rate': 4.761437908496732e-06, 'epoch': 1.43, 'ar_loss': 2.6069}
{'loss': 2.6181, 'grad_norm': 2.7224814891815186, 'learning_rate': 4.755991285403051e-06, 'epoch': 1.44, 'ar_loss': 2.6181}
{'loss': 2.6647, 'grad_norm': 2.5086162090301514, 'learning_rate': 4.750544662309369e-06, 'epoch': 1.45, 'ar_loss': 2.6647}
{'loss': 2.6228, 'grad_norm': 2.5222105979919434, 'learning_rate': 4.745098039215687e-06, 'epoch': 1.46, 'ar_loss': 2.6228}
{'loss': 2.6272, 'grad_norm': 2.602043390274048, 'learning_rate': 4.7396514161220046e-06, 'epoch': 1.47, 'ar_loss': 2.6272}
{'loss': 2.6146, 'grad_norm': 2.475003957748413, 'learning_rate': 4.734204793028323e-06, 'epoch': 1.48, 'ar_loss': 2.6146}
{'loss': 2.6277, 'grad_norm': 2.793302297592163, 'learning_rate': 4.7287581699346404e-06, 'epoch': 1.49, 'ar_loss': 2.6277}
{'loss': 2.6459, 'grad_norm': 2.570762872695923, 'learning_rate': 4.723311546840959e-06, 'epoch': 1.5, 'ar_loss': 2.6459}
{'loss': 2.6502, 'grad_norm': 2.5450546741485596, 'learning_rate': 4.717864923747277e-06, 'epoch': 1.51, 'ar_loss': 2.6502}
{'loss': 2.6179, 'grad_norm': 2.387136697769165, 'learning_rate': 4.712418300653595e-06, 'epoch': 1.52, 'ar_loss': 2.6179}
{'loss': 2.5846, 'grad_norm': 2.4274048805236816, 'learning_rate': 4.706971677559913e-06, 'epoch': 1.53, 'ar_loss': 2.5846}
{'loss': 2.6514, 'grad_norm': 2.684333086013794, 'learning_rate': 4.701525054466231e-06, 'epoch': 1.54, 'ar_loss': 2.6514}
{'loss': 2.6201, 'grad_norm': 2.5514330863952637, 'learning_rate': 4.69607843137255e-06, 'epoch': 1.55, 'ar_loss': 2.6201}
{'loss': 2.6537, 'grad_norm': 2.560779571533203, 'learning_rate': 4.690631808278868e-06, 'epoch': 1.56, 'ar_loss': 2.6537}
{'loss': 2.6396, 'grad_norm': 2.5219388008117676, 'learning_rate': 4.6851851851851855e-06, 'epoch': 1.57, 'ar_loss': 2.6396}
{'eval_loss': 2.7339935302734375, 'eval_runtime': 28.6675, 'eval_samples_per_second': 120.032, 'eval_steps_per_second': 0.942, 'epoch': 1.57}
{'loss': 2.6365, 'grad_norm': 2.3339641094207764, 'learning_rate': 4.6797385620915035e-06, 'epoch': 1.58, 'ar_loss': 2.6365}
{'loss': 2.6075, 'grad_norm': 2.581489324569702, 'learning_rate': 4.674291938997822e-06, 'epoch': 1.59, 'ar_loss': 2.6075}
{'loss': 2.6239, 'grad_norm': 2.4788529872894287, 'learning_rate': 4.668845315904139e-06, 'epoch': 1.6, 'ar_loss': 2.6239}
{'loss': 2.6359, 'grad_norm': 2.5325329303741455, 'learning_rate': 4.663398692810458e-06, 'epoch': 1.61, 'ar_loss': 2.6359}
{'loss': 2.6391, 'grad_norm': 2.719816207885742, 'learning_rate': 4.657952069716776e-06, 'epoch': 1.62, 'ar_loss': 2.6391}
{'loss': 2.6705, 'grad_norm': 2.5299835205078125, 'learning_rate': 4.652505446623094e-06, 'epoch': 1.63, 'ar_loss': 2.6705}
{'loss': 2.5931, 'grad_norm': 2.479198694229126, 'learning_rate': 4.647058823529412e-06, 'epoch': 1.64, 'ar_loss': 2.5931}
{'loss': 2.5911, 'grad_norm': 2.873446464538574, 'learning_rate': 4.64161220043573e-06, 'epoch': 1.65, 'ar_loss': 2.5911}
{'loss': 2.6432, 'grad_norm': 2.430701494216919, 'learning_rate': 4.6361655773420486e-06, 'epoch': 1.66, 'ar_loss': 2.6432}
{'loss': 2.5665, 'grad_norm': 2.6865994930267334, 'learning_rate': 4.6307189542483665e-06, 'epoch': 1.67, 'ar_loss': 2.5665}
{'loss': 2.677, 'grad_norm': 2.6017112731933594, 'learning_rate': 4.625272331154684e-06, 'epoch': 1.68, 'ar_loss': 2.677}
{'loss': 2.6171, 'grad_norm': 2.506352663040161, 'learning_rate': 4.619825708061002e-06, 'epoch': 1.69, 'ar_loss': 2.6171}
{'loss': 2.6345, 'grad_norm': 2.7189252376556396, 'learning_rate': 4.614379084967321e-06, 'epoch': 1.7, 'ar_loss': 2.6345}
{'loss': 2.6566, 'grad_norm': 2.4535322189331055, 'learning_rate': 4.608932461873639e-06, 'epoch': 1.71, 'ar_loss': 2.6566}
{'loss': 2.6221, 'grad_norm': 2.7171292304992676, 'learning_rate': 4.603485838779957e-06, 'epoch': 1.72, 'ar_loss': 2.6221}
{'loss': 2.5937, 'grad_norm': 2.3446733951568604, 'learning_rate': 4.598039215686275e-06, 'epoch': 1.73, 'ar_loss': 2.5937}
{'loss': 2.6171, 'grad_norm': 2.471200704574585, 'learning_rate': 4.592592592592593e-06, 'epoch': 1.74, 'ar_loss': 2.6171}
{'loss': 2.5983, 'grad_norm': 2.601905584335327, 'learning_rate': 4.587145969498912e-06, 'epoch': 1.75, 'ar_loss': 2.5983}
{'loss': 2.6406, 'grad_norm': 2.6116886138916016, 'learning_rate': 4.581699346405229e-06, 'epoch': 1.75, 'ar_loss': 2.6406}
{'loss': 2.5669, 'grad_norm': 2.720066547393799, 'learning_rate': 4.5762527233115475e-06, 'epoch': 1.76, 'ar_loss': 2.5669}
{'eval_loss': 2.7209722995758057, 'eval_runtime': 28.6128, 'eval_samples_per_second': 120.261, 'eval_steps_per_second': 0.944, 'epoch': 1.76}
{'loss': 2.6529, 'grad_norm': 2.504676103591919, 'learning_rate': 4.570806100217865e-06, 'epoch': 1.77, 'ar_loss': 2.6529}
{'loss': 2.6262, 'grad_norm': 2.7077813148498535, 'learning_rate': 4.565359477124183e-06, 'epoch': 1.78, 'ar_loss': 2.6262}
{'loss': 2.6665, 'grad_norm': 2.76393723487854, 'learning_rate': 4.559912854030501e-06, 'epoch': 1.79, 'ar_loss': 2.6665}
{'loss': 2.6197, 'grad_norm': 2.5435791015625, 'learning_rate': 4.554466230936819e-06, 'epoch': 1.8, 'ar_loss': 2.6197}
{'loss': 2.6202, 'grad_norm': 2.693559408187866, 'learning_rate': 4.549019607843138e-06, 'epoch': 1.81, 'ar_loss': 2.6202}
{'loss': 2.6256, 'grad_norm': 2.6830804347991943, 'learning_rate': 4.543572984749456e-06, 'epoch': 1.82, 'ar_loss': 2.6256}
{'loss': 2.568, 'grad_norm': 2.6013576984405518, 'learning_rate': 4.538126361655774e-06, 'epoch': 1.83, 'ar_loss': 2.568}
{'loss': 2.598, 'grad_norm': 2.5679099559783936, 'learning_rate': 4.532679738562092e-06, 'epoch': 1.84, 'ar_loss': 2.598}
{'loss': 2.6244, 'grad_norm': 2.479652166366577, 'learning_rate': 4.5272331154684105e-06, 'epoch': 1.85, 'ar_loss': 2.6244}
{'loss': 2.5964, 'grad_norm': 2.7034096717834473, 'learning_rate': 4.5217864923747276e-06, 'epoch': 1.86, 'ar_loss': 2.5964}
{'loss': 2.6184, 'grad_norm': 2.4625964164733887, 'learning_rate': 4.516339869281046e-06, 'epoch': 1.87, 'ar_loss': 2.6184}
{'loss': 2.6299, 'grad_norm': 2.5546929836273193, 'learning_rate': 4.510893246187364e-06, 'epoch': 1.88, 'ar_loss': 2.6299}
{'loss': 2.5728, 'grad_norm': 2.584649085998535, 'learning_rate': 4.505446623093682e-06, 'epoch': 1.89, 'ar_loss': 2.5728}
{'loss': 2.5943, 'grad_norm': 2.5307114124298096, 'learning_rate': 4.5e-06, 'epoch': 1.9, 'ar_loss': 2.5943}
{'loss': 2.6111, 'grad_norm': 2.475039482116699, 'learning_rate': 4.494553376906318e-06, 'epoch': 1.91, 'ar_loss': 2.6111}
{'loss': 2.5893, 'grad_norm': 2.778607130050659, 'learning_rate': 4.489106753812637e-06, 'epoch': 1.92, 'ar_loss': 2.5893}
{'loss': 2.5811, 'grad_norm': 2.6412739753723145, 'learning_rate': 4.483660130718955e-06, 'epoch': 1.93, 'ar_loss': 2.5811}
{'loss': 2.5701, 'grad_norm': 2.660616874694824, 'learning_rate': 4.478213507625273e-06, 'epoch': 1.94, 'ar_loss': 2.5701}
{'loss': 2.6298, 'grad_norm': 2.797063112258911, 'learning_rate': 4.472766884531591e-06, 'epoch': 1.95, 'ar_loss': 2.6298}
{'loss': 2.5949, 'grad_norm': 2.5976436138153076, 'learning_rate': 4.467320261437909e-06, 'epoch': 1.96, 'ar_loss': 2.5949}
{'eval_loss': 2.7079315185546875, 'eval_runtime': 28.629, 'eval_samples_per_second': 120.193, 'eval_steps_per_second': 0.943, 'epoch': 1.96}
{'loss': 2.6059, 'grad_norm': 2.4438223838806152, 'learning_rate': 4.4618736383442264e-06, 'epoch': 1.97, 'ar_loss': 2.6059}
{'loss': 2.6171, 'grad_norm': 2.682208299636841, 'learning_rate': 4.456427015250545e-06, 'epoch': 1.98, 'ar_loss': 2.6171}
{'loss': 2.5952, 'grad_norm': 2.729396343231201, 'learning_rate': 4.450980392156863e-06, 'epoch': 1.99, 'ar_loss': 2.5952}
{'loss': 2.6399, 'grad_norm': 2.4624416828155518, 'learning_rate': 4.445533769063181e-06, 'epoch': 2.0, 'ar_loss': 2.6399}
{'loss': 2.4845, 'grad_norm': 2.626539468765259, 'learning_rate': 4.440087145969499e-06, 'epoch': 2.01, 'ar_loss': 2.4845}
{'loss': 2.5098, 'grad_norm': 2.9771294593811035, 'learning_rate': 4.434640522875817e-06, 'epoch': 2.02, 'ar_loss': 2.5098}
{'loss': 2.4758, 'grad_norm': 2.7325141429901123, 'learning_rate': 4.429193899782136e-06, 'epoch': 2.03, 'ar_loss': 2.4758}
{'loss': 2.4971, 'grad_norm': 2.9230053424835205, 'learning_rate': 4.423747276688454e-06, 'epoch': 2.04, 'ar_loss': 2.4971}
{'loss': 2.4715, 'grad_norm': 2.729694366455078, 'learning_rate': 4.4183006535947716e-06, 'epoch': 2.05, 'ar_loss': 2.4715}
{'loss': 2.5066, 'grad_norm': 2.683500289916992, 'learning_rate': 4.4128540305010895e-06, 'epoch': 2.06, 'ar_loss': 2.5066}
{'loss': 2.5067, 'grad_norm': 2.879399061203003, 'learning_rate': 4.407407407407408e-06, 'epoch': 2.07, 'ar_loss': 2.5067}
{'loss': 2.4752, 'grad_norm': 2.7786905765533447, 'learning_rate': 4.401960784313726e-06, 'epoch': 2.08, 'ar_loss': 2.4752}
{'loss': 2.4714, 'grad_norm': 3.280827760696411, 'learning_rate': 4.396514161220044e-06, 'epoch': 2.09, 'ar_loss': 2.4714}
{'loss': 2.4356, 'grad_norm': 2.993849039077759, 'learning_rate': 4.391067538126362e-06, 'epoch': 2.1, 'ar_loss': 2.4356}
{'loss': 2.4811, 'grad_norm': 2.9164464473724365, 'learning_rate': 4.38562091503268e-06, 'epoch': 2.11, 'ar_loss': 2.4811}
{'loss': 2.4877, 'grad_norm': 2.7065341472625732, 'learning_rate': 4.380174291938999e-06, 'epoch': 2.12, 'ar_loss': 2.4877}
{'loss': 2.5128, 'grad_norm': 2.939363479614258, 'learning_rate': 4.374727668845316e-06, 'epoch': 2.13, 'ar_loss': 2.5128}
{'loss': 2.4946, 'grad_norm': 3.1275453567504883, 'learning_rate': 4.369281045751635e-06, 'epoch': 2.14, 'ar_loss': 2.4946}
{'loss': 2.4804, 'grad_norm': 2.976032257080078, 'learning_rate': 4.3638344226579525e-06, 'epoch': 2.15, 'ar_loss': 2.4804}
{'loss': 2.4653, 'grad_norm': 2.897404193878174, 'learning_rate': 4.3583877995642704e-06, 'epoch': 2.16, 'ar_loss': 2.4653}
{'eval_loss': 2.719902515411377, 'eval_runtime': 28.6727, 'eval_samples_per_second': 120.01, 'eval_steps_per_second': 0.942, 'epoch': 2.16}
{'loss': 2.4751, 'grad_norm': 2.7826828956604004, 'learning_rate': 4.352941176470588e-06, 'epoch': 2.17, 'ar_loss': 2.4751}
{'loss': 2.4606, 'grad_norm': 2.9386870861053467, 'learning_rate': 4.347494553376906e-06, 'epoch': 2.18, 'ar_loss': 2.4606}
{'loss': 2.4944, 'grad_norm': 2.981710195541382, 'learning_rate': 4.342047930283225e-06, 'epoch': 2.19, 'ar_loss': 2.4944}
{'loss': 2.4927, 'grad_norm': 3.1801068782806396, 'learning_rate': 4.336601307189543e-06, 'epoch': 2.2, 'ar_loss': 2.4927}
{'loss': 2.4768, 'grad_norm': 2.978041172027588, 'learning_rate': 4.331154684095861e-06, 'epoch': 2.21, 'ar_loss': 2.4768}
{'loss': 2.4985, 'grad_norm': 3.167762041091919, 'learning_rate': 4.325708061002179e-06, 'epoch': 2.22, 'ar_loss': 2.4985}
{'loss': 2.4053, 'grad_norm': 2.9610331058502197, 'learning_rate': 4.320261437908498e-06, 'epoch': 2.23, 'ar_loss': 2.4053}
{'loss': 2.4755, 'grad_norm': 2.917025566101074, 'learning_rate': 4.314814814814815e-06, 'epoch': 2.24, 'ar_loss': 2.4755}
{'loss': 2.4079, 'grad_norm': 2.8413593769073486, 'learning_rate': 4.3093681917211335e-06, 'epoch': 2.25, 'ar_loss': 2.4079}
{'loss': 2.4524, 'grad_norm': 3.0396761894226074, 'learning_rate': 4.303921568627451e-06, 'epoch': 2.25, 'ar_loss': 2.4524}
{'loss': 2.4418, 'grad_norm': 2.9109113216400146, 'learning_rate': 4.298474945533769e-06, 'epoch': 2.26, 'ar_loss': 2.4418}
{'loss': 2.5108, 'grad_norm': 2.942627429962158, 'learning_rate': 4.293028322440087e-06, 'epoch': 2.27, 'ar_loss': 2.5108}
{'loss': 2.5001, 'grad_norm': 3.0714926719665527, 'learning_rate': 4.287581699346405e-06, 'epoch': 2.28, 'ar_loss': 2.5001}
{'loss': 2.5052, 'grad_norm': 2.9399967193603516, 'learning_rate': 4.282135076252724e-06, 'epoch': 2.29, 'ar_loss': 2.5052}
{'loss': 2.506, 'grad_norm': 2.8786513805389404, 'learning_rate': 4.276688453159042e-06, 'epoch': 2.3, 'ar_loss': 2.506}
{'loss': 2.4704, 'grad_norm': 3.0699033737182617, 'learning_rate': 4.27124183006536e-06, 'epoch': 2.31, 'ar_loss': 2.4704}
{'loss': 2.4421, 'grad_norm': 2.8856518268585205, 'learning_rate': 4.265795206971678e-06, 'epoch': 2.32, 'ar_loss': 2.4421}
{'loss': 2.4687, 'grad_norm': 2.9621939659118652, 'learning_rate': 4.2603485838779965e-06, 'epoch': 2.33, 'ar_loss': 2.4687}
{'loss': 2.4821, 'grad_norm': 2.9500937461853027, 'learning_rate': 4.254901960784314e-06, 'epoch': 2.34, 'ar_loss': 2.4821}
{'loss': 2.535, 'grad_norm': 3.0891997814178467, 'learning_rate': 4.249455337690632e-06, 'epoch': 2.35, 'ar_loss': 2.535}
{'eval_loss': 2.7112302780151367, 'eval_runtime': 28.6968, 'eval_samples_per_second': 119.909, 'eval_steps_per_second': 0.941, 'epoch': 2.35}
{'loss': 2.4644, 'grad_norm': 3.025747299194336, 'learning_rate': 4.24400871459695e-06, 'epoch': 2.36, 'ar_loss': 2.4644}
{'loss': 2.4825, 'grad_norm': 3.1153564453125, 'learning_rate': 4.238562091503268e-06, 'epoch': 2.37, 'ar_loss': 2.4825}
{'loss': 2.4403, 'grad_norm': 2.867751121520996, 'learning_rate': 4.233115468409586e-06, 'epoch': 2.38, 'ar_loss': 2.4403}
{'loss': 2.4562, 'grad_norm': 2.9653127193450928, 'learning_rate': 4.227668845315904e-06, 'epoch': 2.39, 'ar_loss': 2.4562}
{'loss': 2.4473, 'grad_norm': 2.9605114459991455, 'learning_rate': 4.222222222222223e-06, 'epoch': 2.4, 'ar_loss': 2.4473}
{'loss': 2.4785, 'grad_norm': 3.120868444442749, 'learning_rate': 4.216775599128541e-06, 'epoch': 2.41, 'ar_loss': 2.4785}
{'loss': 2.4831, 'grad_norm': 3.0331645011901855, 'learning_rate': 4.211328976034859e-06, 'epoch': 2.42, 'ar_loss': 2.4831}
{'loss': 2.4853, 'grad_norm': 3.023644208908081, 'learning_rate': 4.205882352941177e-06, 'epoch': 2.43, 'ar_loss': 2.4853}
{'loss': 2.5107, 'grad_norm': 2.9452648162841797, 'learning_rate': 4.200435729847495e-06, 'epoch': 2.44, 'ar_loss': 2.5107}
{'loss': 2.4647, 'grad_norm': 3.0453219413757324, 'learning_rate': 4.1949891067538125e-06, 'epoch': 2.45, 'ar_loss': 2.4647}
{'loss': 2.4303, 'grad_norm': 3.0934813022613525, 'learning_rate': 4.189542483660131e-06, 'epoch': 2.46, 'ar_loss': 2.4303}
{'loss': 2.4459, 'grad_norm': 3.009683132171631, 'learning_rate': 4.184095860566449e-06, 'epoch': 2.47, 'ar_loss': 2.4459}
{'loss': 2.4806, 'grad_norm': 3.2363970279693604, 'learning_rate': 4.178649237472767e-06, 'epoch': 2.48, 'ar_loss': 2.4806}
{'loss': 2.3956, 'grad_norm': 2.920463800430298, 'learning_rate': 4.173202614379086e-06, 'epoch': 2.49, 'ar_loss': 2.3956}
{'loss': 2.4242, 'grad_norm': 3.0618138313293457, 'learning_rate': 4.167755991285403e-06, 'epoch': 2.5, 'ar_loss': 2.4242}
{'loss': 2.4662, 'grad_norm': 2.8783187866210938, 'learning_rate': 4.162309368191722e-06, 'epoch': 2.51, 'ar_loss': 2.4662}
{'loss': 2.4279, 'grad_norm': 2.963449001312256, 'learning_rate': 4.15686274509804e-06, 'epoch': 2.52, 'ar_loss': 2.4279}
{'loss': 2.4824, 'grad_norm': 3.175903558731079, 'learning_rate': 4.1514161220043576e-06, 'epoch': 2.53, 'ar_loss': 2.4824}
{'loss': 2.4574, 'grad_norm': 2.982394218444824, 'learning_rate': 4.1459694989106755e-06, 'epoch': 2.54, 'ar_loss': 2.4574}
{'loss': 2.4553, 'grad_norm': 3.113093614578247, 'learning_rate': 4.140522875816993e-06, 'epoch': 2.55, 'ar_loss': 2.4553}
{'eval_loss': 2.7040975093841553, 'eval_runtime': 28.6837, 'eval_samples_per_second': 119.964, 'eval_steps_per_second': 0.941, 'epoch': 2.55}
{'loss': 2.4209, 'grad_norm': 2.932619571685791, 'learning_rate': 4.135076252723312e-06, 'epoch': 2.56, 'ar_loss': 2.4209}
{'loss': 2.497, 'grad_norm': 2.973893642425537, 'learning_rate': 4.12962962962963e-06, 'epoch': 2.57, 'ar_loss': 2.497}
{'loss': 2.5084, 'grad_norm': 3.030330181121826, 'learning_rate': 4.124183006535948e-06, 'epoch': 2.58, 'ar_loss': 2.5084}
{'loss': 2.4375, 'grad_norm': 3.099043369293213, 'learning_rate': 4.118736383442266e-06, 'epoch': 2.59, 'ar_loss': 2.4375}
{'loss': 2.4618, 'grad_norm': 3.1640546321868896, 'learning_rate': 4.113289760348585e-06, 'epoch': 2.6, 'ar_loss': 2.4618}
{'loss': 2.4794, 'grad_norm': 3.050487518310547, 'learning_rate': 4.107843137254902e-06, 'epoch': 2.61, 'ar_loss': 2.4794}
{'loss': 2.563, 'grad_norm': 3.173074722290039, 'learning_rate': 4.102396514161221e-06, 'epoch': 2.62, 'ar_loss': 2.563}
{'loss': 2.4127, 'grad_norm': 3.015515089035034, 'learning_rate': 4.0969498910675385e-06, 'epoch': 2.63, 'ar_loss': 2.4127}
{'loss': 2.4644, 'grad_norm': 2.997422933578491, 'learning_rate': 4.0915032679738565e-06, 'epoch': 2.64, 'ar_loss': 2.4644}
{'loss': 2.4648, 'grad_norm': 3.0636072158813477, 'learning_rate': 4.086056644880174e-06, 'epoch': 2.65, 'ar_loss': 2.4648}
{'loss': 2.4772, 'grad_norm': 3.1092729568481445, 'learning_rate': 4.080610021786492e-06, 'epoch': 2.66, 'ar_loss': 2.4772}
{'loss': 2.4621, 'grad_norm': 2.933953046798706, 'learning_rate': 4.075163398692811e-06, 'epoch': 2.67, 'ar_loss': 2.4621}
{'loss': 2.4983, 'grad_norm': 2.849015951156616, 'learning_rate': 4.069716775599129e-06, 'epoch': 2.68, 'ar_loss': 2.4983}
{'loss': 2.4348, 'grad_norm': 2.7995147705078125, 'learning_rate': 4.064270152505447e-06, 'epoch': 2.69, 'ar_loss': 2.4348}
{'loss': 2.4814, 'grad_norm': 2.8580362796783447, 'learning_rate': 4.058823529411765e-06, 'epoch': 2.7, 'ar_loss': 2.4814}
{'loss': 2.4512, 'grad_norm': 2.9541826248168945, 'learning_rate': 4.053376906318084e-06, 'epoch': 2.71, 'ar_loss': 2.4512}
{'loss': 2.4179, 'grad_norm': 3.0924253463745117, 'learning_rate': 4.047930283224401e-06, 'epoch': 2.72, 'ar_loss': 2.4179}
{'loss': 2.4689, 'grad_norm': 2.9556384086608887, 'learning_rate': 4.0424836601307195e-06, 'epoch': 2.73, 'ar_loss': 2.4689}
{'loss': 2.4792, 'grad_norm': 2.9228298664093018, 'learning_rate': 4.037037037037037e-06, 'epoch': 2.74, 'ar_loss': 2.4792}
{'loss': 2.4374, 'grad_norm': 2.784731388092041, 'learning_rate': 4.031590413943355e-06, 'epoch': 2.75, 'ar_loss': 2.4374}
{'eval_loss': 2.697232246398926, 'eval_runtime': 28.7355, 'eval_samples_per_second': 119.747, 'eval_steps_per_second': 0.94, 'epoch': 2.75}
{'loss': 2.4572, 'grad_norm': 2.9057254791259766, 'learning_rate': 4.026143790849673e-06, 'epoch': 2.75, 'ar_loss': 2.4572}
{'loss': 2.456, 'grad_norm': 2.860969066619873, 'learning_rate': 4.020697167755991e-06, 'epoch': 2.76, 'ar_loss': 2.456}
{'loss': 2.425, 'grad_norm': 3.1726033687591553, 'learning_rate': 4.01525054466231e-06, 'epoch': 2.77, 'ar_loss': 2.425}
{'loss': 2.4385, 'grad_norm': 3.2010223865509033, 'learning_rate': 4.009803921568628e-06, 'epoch': 2.78, 'ar_loss': 2.4385}
{'loss': 2.4707, 'grad_norm': 3.21659517288208, 'learning_rate': 4.004357298474946e-06, 'epoch': 2.79, 'ar_loss': 2.4707}
{'loss': 2.4307, 'grad_norm': 3.0242197513580322, 'learning_rate': 3.998910675381264e-06, 'epoch': 2.8, 'ar_loss': 2.4307}
{'loss': 2.441, 'grad_norm': 3.009564161300659, 'learning_rate': 3.9934640522875825e-06, 'epoch': 2.81, 'ar_loss': 2.441}
{'loss': 2.4789, 'grad_norm': 3.1260221004486084, 'learning_rate': 3.9880174291939e-06, 'epoch': 2.82, 'ar_loss': 2.4789}
{'loss': 2.4713, 'grad_norm': 2.911273241043091, 'learning_rate': 3.982570806100218e-06, 'epoch': 2.83, 'ar_loss': 2.4713}
{'loss': 2.4557, 'grad_norm': 2.9312522411346436, 'learning_rate': 3.977124183006536e-06, 'epoch': 2.84, 'ar_loss': 2.4557}
{'loss': 2.4615, 'grad_norm': 3.175588607788086, 'learning_rate': 3.971677559912854e-06, 'epoch': 2.85, 'ar_loss': 2.4615}
{'loss': 2.4428, 'grad_norm': 2.8778536319732666, 'learning_rate': 3.966230936819173e-06, 'epoch': 2.86, 'ar_loss': 2.4428}
{'loss': 2.4254, 'grad_norm': 3.0147480964660645, 'learning_rate': 3.96078431372549e-06, 'epoch': 2.87, 'ar_loss': 2.4254}
{'loss': 2.4667, 'grad_norm': 3.2023050785064697, 'learning_rate': 3.955337690631809e-06, 'epoch': 2.88, 'ar_loss': 2.4667}
{'loss': 2.4468, 'grad_norm': 3.2976584434509277, 'learning_rate': 3.949891067538127e-06, 'epoch': 2.89, 'ar_loss': 2.4468}
{'loss': 2.4199, 'grad_norm': 3.038773536682129, 'learning_rate': 3.944444444444445e-06, 'epoch': 2.9, 'ar_loss': 2.4199}
{'loss': 2.4643, 'grad_norm': 3.0406177043914795, 'learning_rate': 3.938997821350763e-06, 'epoch': 2.91, 'ar_loss': 2.4643}
{'loss': 2.4678, 'grad_norm': 3.0754120349884033, 'learning_rate': 3.933551198257081e-06, 'epoch': 2.92, 'ar_loss': 2.4678}
{'loss': 2.4397, 'grad_norm': 3.115206718444824, 'learning_rate': 3.928104575163399e-06, 'epoch': 2.93, 'ar_loss': 2.4397}
{'loss': 2.464, 'grad_norm': 2.9100112915039062, 'learning_rate': 3.922657952069717e-06, 'epoch': 2.94, 'ar_loss': 2.464}
{'eval_loss': 2.689967632293701, 'eval_runtime': 28.7757, 'eval_samples_per_second': 119.58, 'eval_steps_per_second': 0.938, 'epoch': 2.94}
{'loss': 2.4529, 'grad_norm': 3.122279405593872, 'learning_rate': 3.917211328976035e-06, 'epoch': 2.95, 'ar_loss': 2.4529}
{'loss': 2.4291, 'grad_norm': 2.9171998500823975, 'learning_rate': 3.911764705882353e-06, 'epoch': 2.96, 'ar_loss': 2.4291}
{'loss': 2.4674, 'grad_norm': 3.1675891876220703, 'learning_rate': 3.906318082788672e-06, 'epoch': 2.97, 'ar_loss': 2.4674}
{'loss': 2.4414, 'grad_norm': 3.2343039512634277, 'learning_rate': 3.900871459694989e-06, 'epoch': 2.98, 'ar_loss': 2.4414}
{'loss': 2.4486, 'grad_norm': 3.1329972743988037, 'learning_rate': 3.895424836601308e-06, 'epoch': 2.99, 'ar_loss': 2.4486}
{'loss': 2.4762, 'grad_norm': 3.051917314529419, 'learning_rate': 3.889978213507626e-06, 'epoch': 3.0, 'ar_loss': 2.4762}
{'loss': 2.3445, 'grad_norm': 3.374467134475708, 'learning_rate': 3.884531590413944e-06, 'epoch': 3.01, 'ar_loss': 2.3445}
{'loss': 2.2916, 'grad_norm': 3.634793996810913, 'learning_rate': 3.8790849673202615e-06, 'epoch': 3.02, 'ar_loss': 2.2916}
{'loss': 2.2882, 'grad_norm': 3.4609732627868652, 'learning_rate': 3.8736383442265794e-06, 'epoch': 3.03, 'ar_loss': 2.2882}
{'loss': 2.2617, 'grad_norm': 3.4742510318756104, 'learning_rate': 3.868191721132898e-06, 'epoch': 3.04, 'ar_loss': 2.2617}
{'loss': 2.3622, 'grad_norm': 3.3937931060791016, 'learning_rate': 3.862745098039216e-06, 'epoch': 3.05, 'ar_loss': 2.3622}
{'loss': 2.3036, 'grad_norm': 3.3676488399505615, 'learning_rate': 3.857298474945534e-06, 'epoch': 3.06, 'ar_loss': 2.3036}
{'loss': 2.3078, 'grad_norm': 3.4808905124664307, 'learning_rate': 3.851851851851852e-06, 'epoch': 3.07, 'ar_loss': 2.3078}
{'loss': 2.3274, 'grad_norm': 3.6596267223358154, 'learning_rate': 3.846405228758171e-06, 'epoch': 3.08, 'ar_loss': 2.3274}
{'loss': 2.3017, 'grad_norm': 3.461620807647705, 'learning_rate': 3.840958605664488e-06, 'epoch': 3.09, 'ar_loss': 2.3017}
{'loss': 2.3139, 'grad_norm': 3.738926887512207, 'learning_rate': 3.835511982570807e-06, 'epoch': 3.1, 'ar_loss': 2.3139}
{'loss': 2.2997, 'grad_norm': 3.5091400146484375, 'learning_rate': 3.8300653594771245e-06, 'epoch': 3.11, 'ar_loss': 2.2997}
{'loss': 2.285, 'grad_norm': 3.217223644256592, 'learning_rate': 3.8246187363834425e-06, 'epoch': 3.12, 'ar_loss': 2.285}
{'loss': 2.2829, 'grad_norm': 3.593402147293091, 'learning_rate': 3.81917211328976e-06, 'epoch': 3.13, 'ar_loss': 2.2829}
{'loss': 2.283, 'grad_norm': 3.4236183166503906, 'learning_rate': 3.8137254901960783e-06, 'epoch': 3.14, 'ar_loss': 2.283}
{'eval_loss': 2.7234914302825928, 'eval_runtime': 29.3282, 'eval_samples_per_second': 117.328, 'eval_steps_per_second': 0.921, 'epoch': 3.14}
{'loss': 2.3984, 'grad_norm': 3.7285304069519043, 'learning_rate': 3.8082788671023967e-06, 'epoch': 3.15, 'ar_loss': 2.3984}
{'loss': 2.2965, 'grad_norm': 3.582639455795288, 'learning_rate': 3.802832244008715e-06, 'epoch': 3.16, 'ar_loss': 2.2965}
{'loss': 2.3123, 'grad_norm': 3.4550862312316895, 'learning_rate': 3.797385620915033e-06, 'epoch': 3.17, 'ar_loss': 2.3123}
{'loss': 2.2757, 'grad_norm': 3.584916353225708, 'learning_rate': 3.7919389978213513e-06, 'epoch': 3.18, 'ar_loss': 2.2757}
{'loss': 2.2818, 'grad_norm': 3.6115684509277344, 'learning_rate': 3.7864923747276692e-06, 'epoch': 3.19, 'ar_loss': 2.2818}
{'loss': 2.2971, 'grad_norm': 3.4590277671813965, 'learning_rate': 3.781045751633987e-06, 'epoch': 3.2, 'ar_loss': 2.2971}
{'loss': 2.2745, 'grad_norm': 3.6241276264190674, 'learning_rate': 3.7755991285403055e-06, 'epoch': 3.21, 'ar_loss': 2.2745}
{'loss': 2.3028, 'grad_norm': 3.797722816467285, 'learning_rate': 3.770152505446623e-06, 'epoch': 3.22, 'ar_loss': 2.3028}
{'loss': 2.3401, 'grad_norm': 3.4603447914123535, 'learning_rate': 3.7647058823529414e-06, 'epoch': 3.23, 'ar_loss': 2.3401}
{'loss': 2.2716, 'grad_norm': 3.642596960067749, 'learning_rate': 3.7592592592592597e-06, 'epoch': 3.24, 'ar_loss': 2.2716}
{'loss': 2.3192, 'grad_norm': 3.393051862716675, 'learning_rate': 3.7538126361655776e-06, 'epoch': 3.25, 'ar_loss': 2.3192}
{'loss': 2.3152, 'grad_norm': 3.691587448120117, 'learning_rate': 3.7483660130718956e-06, 'epoch': 3.25, 'ar_loss': 2.3152}
{'loss': 2.2838, 'grad_norm': 3.590035915374756, 'learning_rate': 3.742919389978214e-06, 'epoch': 3.26, 'ar_loss': 2.2838}
{'loss': 2.3625, 'grad_norm': 3.6054253578186035, 'learning_rate': 3.737472766884532e-06, 'epoch': 3.27, 'ar_loss': 2.3625}
{'loss': 2.2781, 'grad_norm': 3.476670503616333, 'learning_rate': 3.73202614379085e-06, 'epoch': 3.28, 'ar_loss': 2.2781}
{'loss': 2.3379, 'grad_norm': 3.505167245864868, 'learning_rate': 3.7265795206971685e-06, 'epoch': 3.29, 'ar_loss': 2.3379}
{'loss': 2.3367, 'grad_norm': 3.5812575817108154, 'learning_rate': 3.721132897603486e-06, 'epoch': 3.3, 'ar_loss': 2.3367}
{'loss': 2.3438, 'grad_norm': 3.525461435317993, 'learning_rate': 3.7156862745098044e-06, 'epoch': 3.31, 'ar_loss': 2.3438}
{'loss': 2.3096, 'grad_norm': 4.048600673675537, 'learning_rate': 3.710239651416122e-06, 'epoch': 3.32, 'ar_loss': 2.3096}
{'loss': 2.2827, 'grad_norm': 3.4851572513580322, 'learning_rate': 3.7047930283224402e-06, 'epoch': 3.33, 'ar_loss': 2.2827}
{'eval_loss': 2.721998929977417, 'eval_runtime': 28.763, 'eval_samples_per_second': 119.633, 'eval_steps_per_second': 0.939, 'epoch': 3.33}
{'loss': 2.2974, 'grad_norm': 3.8065247535705566, 'learning_rate': 3.6993464052287586e-06, 'epoch': 3.34, 'ar_loss': 2.2974}
{'loss': 2.3171, 'grad_norm': 3.6200785636901855, 'learning_rate': 3.6938997821350765e-06, 'epoch': 3.35, 'ar_loss': 2.3171}
{'loss': 2.3022, 'grad_norm': 3.7239296436309814, 'learning_rate': 3.688453159041395e-06, 'epoch': 3.36, 'ar_loss': 2.3022}
{'loss': 2.3193, 'grad_norm': 3.5221946239471436, 'learning_rate': 3.683006535947713e-06, 'epoch': 3.37, 'ar_loss': 2.3193}
{'loss': 2.2846, 'grad_norm': 3.6029138565063477, 'learning_rate': 3.6775599128540307e-06, 'epoch': 3.38, 'ar_loss': 2.2846}
{'loss': 2.3641, 'grad_norm': 3.752507448196411, 'learning_rate': 3.672113289760349e-06, 'epoch': 3.39, 'ar_loss': 2.3641}
{'loss': 2.354, 'grad_norm': 3.954425573348999, 'learning_rate': 3.6666666666666666e-06, 'epoch': 3.4, 'ar_loss': 2.354}
{'loss': 2.3105, 'grad_norm': 3.6329612731933594, 'learning_rate': 3.661220043572985e-06, 'epoch': 3.41, 'ar_loss': 2.3105}
{'loss': 2.3019, 'grad_norm': 3.4315102100372314, 'learning_rate': 3.6557734204793033e-06, 'epoch': 3.42, 'ar_loss': 2.3019}
{'loss': 2.3657, 'grad_norm': 3.7166388034820557, 'learning_rate': 3.650326797385621e-06, 'epoch': 3.43, 'ar_loss': 2.3657}
{'loss': 2.2979, 'grad_norm': 3.886963367462158, 'learning_rate': 3.644880174291939e-06, 'epoch': 3.44, 'ar_loss': 2.2979}
{'loss': 2.3472, 'grad_norm': 3.767287254333496, 'learning_rate': 3.6394335511982575e-06, 'epoch': 3.45, 'ar_loss': 2.3472}
{'loss': 2.3146, 'grad_norm': 3.456925630569458, 'learning_rate': 3.6339869281045754e-06, 'epoch': 3.46, 'ar_loss': 2.3146}
{'loss': 2.3412, 'grad_norm': 3.5945699214935303, 'learning_rate': 3.6285403050108938e-06, 'epoch': 3.47, 'ar_loss': 2.3412}
{'loss': 2.3161, 'grad_norm': 3.883108139038086, 'learning_rate': 3.623093681917212e-06, 'epoch': 3.48, 'ar_loss': 2.3161}
{'loss': 2.3454, 'grad_norm': 3.7225983142852783, 'learning_rate': 3.6176470588235296e-06, 'epoch': 3.49, 'ar_loss': 2.3454}
{'loss': 2.3241, 'grad_norm': 3.633305549621582, 'learning_rate': 3.612200435729848e-06, 'epoch': 3.5, 'ar_loss': 2.3241}
{'loss': 2.3198, 'grad_norm': 3.5987300872802734, 'learning_rate': 3.6067538126361655e-06, 'epoch': 3.51, 'ar_loss': 2.3198}
{'loss': 2.2577, 'grad_norm': 3.648059129714966, 'learning_rate': 3.601307189542484e-06, 'epoch': 3.52, 'ar_loss': 2.2577}
{'loss': 2.3283, 'grad_norm': 3.7228105068206787, 'learning_rate': 3.595860566448802e-06, 'epoch': 3.53, 'ar_loss': 2.3283}
{'eval_loss': 2.717402458190918, 'eval_runtime': 28.7417, 'eval_samples_per_second': 119.722, 'eval_steps_per_second': 0.939, 'epoch': 3.53}
{'loss': 2.3413, 'grad_norm': 3.7410953044891357, 'learning_rate': 3.59041394335512e-06, 'epoch': 3.54, 'ar_loss': 2.3413}
{'loss': 2.2595, 'grad_norm': 3.420950174331665, 'learning_rate': 3.5849673202614384e-06, 'epoch': 3.55, 'ar_loss': 2.2595}
{'loss': 2.3597, 'grad_norm': 3.592440128326416, 'learning_rate': 3.5795206971677564e-06, 'epoch': 3.56, 'ar_loss': 2.3597}
{'loss': 2.3259, 'grad_norm': 3.4899468421936035, 'learning_rate': 3.5740740740740743e-06, 'epoch': 3.57, 'ar_loss': 2.3259}
{'loss': 2.3742, 'grad_norm': 3.9757800102233887, 'learning_rate': 3.5686274509803926e-06, 'epoch': 3.58, 'ar_loss': 2.3742}
{'loss': 2.2916, 'grad_norm': 3.753037929534912, 'learning_rate': 3.56318082788671e-06, 'epoch': 3.59, 'ar_loss': 2.2916}
{'loss': 2.2689, 'grad_norm': 3.6711392402648926, 'learning_rate': 3.5577342047930285e-06, 'epoch': 3.6, 'ar_loss': 2.2689}
{'loss': 2.3038, 'grad_norm': 3.520932197570801, 'learning_rate': 3.552287581699347e-06, 'epoch': 3.61, 'ar_loss': 2.3038}
{'loss': 2.3259, 'grad_norm': 3.741363048553467, 'learning_rate': 3.5468409586056648e-06, 'epoch': 3.62, 'ar_loss': 2.3259}
{'loss': 2.339, 'grad_norm': 3.865036964416504, 'learning_rate': 3.5413943355119827e-06, 'epoch': 3.63, 'ar_loss': 2.339}
{'loss': 2.3405, 'grad_norm': 3.835721731185913, 'learning_rate': 3.535947712418301e-06, 'epoch': 3.64, 'ar_loss': 2.3405}
{'loss': 2.2963, 'grad_norm': 3.7312066555023193, 'learning_rate': 3.530501089324619e-06, 'epoch': 3.65, 'ar_loss': 2.2963}
{'loss': 2.2731, 'grad_norm': 3.5481252670288086, 'learning_rate': 3.5250544662309373e-06, 'epoch': 3.66, 'ar_loss': 2.2731}
{'loss': 2.2961, 'grad_norm': 3.8682785034179688, 'learning_rate': 3.5196078431372552e-06, 'epoch': 3.67, 'ar_loss': 2.2961}
{'loss': 2.2941, 'grad_norm': 3.5969626903533936, 'learning_rate': 3.514161220043573e-06, 'epoch': 3.68, 'ar_loss': 2.2941}
{'loss': 2.2693, 'grad_norm': 3.6230409145355225, 'learning_rate': 3.5087145969498915e-06, 'epoch': 3.69, 'ar_loss': 2.2693}
{'loss': 2.3831, 'grad_norm': 3.36954402923584, 'learning_rate': 3.503267973856209e-06, 'epoch': 3.7, 'ar_loss': 2.3831}
{'loss': 2.2732, 'grad_norm': 3.6702733039855957, 'learning_rate': 3.4978213507625274e-06, 'epoch': 3.71, 'ar_loss': 2.2732}
{'loss': 2.3427, 'grad_norm': 3.707601547241211, 'learning_rate': 3.4923747276688457e-06, 'epoch': 3.72, 'ar_loss': 2.3427}
{'loss': 2.3379, 'grad_norm': 3.682845115661621, 'learning_rate': 3.4869281045751636e-06, 'epoch': 3.73, 'ar_loss': 2.3379}
{'eval_loss': 2.713461399078369, 'eval_runtime': 28.7646, 'eval_samples_per_second': 119.626, 'eval_steps_per_second': 0.939, 'epoch': 3.73}
{'loss': 2.301, 'grad_norm': 3.4591708183288574, 'learning_rate': 3.481481481481482e-06, 'epoch': 3.74, 'ar_loss': 2.301}
{'loss': 2.2659, 'grad_norm': 3.6594042778015137, 'learning_rate': 3.4760348583878e-06, 'epoch': 3.75, 'ar_loss': 2.2659}
{'loss': 2.3171, 'grad_norm': 3.562155246734619, 'learning_rate': 3.470588235294118e-06, 'epoch': 3.75, 'ar_loss': 2.3171}
{'loss': 2.3207, 'grad_norm': 3.667023181915283, 'learning_rate': 3.465141612200436e-06, 'epoch': 3.76, 'ar_loss': 2.3207}
{'loss': 2.2842, 'grad_norm': 3.975163698196411, 'learning_rate': 3.4596949891067537e-06, 'epoch': 3.77, 'ar_loss': 2.2842}
{'loss': 2.3475, 'grad_norm': 3.794076442718506, 'learning_rate': 3.454248366013072e-06, 'epoch': 3.78, 'ar_loss': 2.3475}
{'loss': 2.3679, 'grad_norm': 3.6113622188568115, 'learning_rate': 3.4488017429193904e-06, 'epoch': 3.79, 'ar_loss': 2.3679}
{'loss': 2.3121, 'grad_norm': 3.7335917949676514, 'learning_rate': 3.4433551198257083e-06, 'epoch': 3.8, 'ar_loss': 2.3121}
{'loss': 2.3323, 'grad_norm': 3.3851325511932373, 'learning_rate': 3.4379084967320263e-06, 'epoch': 3.81, 'ar_loss': 2.3323}
{'loss': 2.2856, 'grad_norm': 3.5686111450195312, 'learning_rate': 3.4324618736383446e-06, 'epoch': 3.82, 'ar_loss': 2.2856}
{'loss': 2.3278, 'grad_norm': 3.591912269592285, 'learning_rate': 3.4270152505446625e-06, 'epoch': 3.83, 'ar_loss': 2.3278}
{'loss': 2.3332, 'grad_norm': 3.6710751056671143, 'learning_rate': 3.421568627450981e-06, 'epoch': 3.84, 'ar_loss': 2.3332}
{'loss': 2.2831, 'grad_norm': 3.834009885787964, 'learning_rate': 3.416122004357299e-06, 'epoch': 3.85, 'ar_loss': 2.2831}
{'loss': 2.3372, 'grad_norm': 3.9088664054870605, 'learning_rate': 3.4106753812636167e-06, 'epoch': 3.86, 'ar_loss': 2.3372}
{'loss': 2.3262, 'grad_norm': 3.3344035148620605, 'learning_rate': 3.405228758169935e-06, 'epoch': 3.87, 'ar_loss': 2.3262}
{'loss': 2.3237, 'grad_norm': 3.7830986976623535, 'learning_rate': 3.3997821350762526e-06, 'epoch': 3.88, 'ar_loss': 2.3237}
{'loss': 2.3439, 'grad_norm': 3.7350261211395264, 'learning_rate': 3.394335511982571e-06, 'epoch': 3.89, 'ar_loss': 2.3439}
{'loss': 2.3381, 'grad_norm': 3.5572729110717773, 'learning_rate': 3.3888888888888893e-06, 'epoch': 3.9, 'ar_loss': 2.3381}
{'loss': 2.3065, 'grad_norm': 3.6604630947113037, 'learning_rate': 3.3834422657952072e-06, 'epoch': 3.91, 'ar_loss': 2.3065}
{'loss': 2.3062, 'grad_norm': 3.429506540298462, 'learning_rate': 3.3779956427015256e-06, 'epoch': 3.92, 'ar_loss': 2.3062}
{'eval_loss': 2.7099058628082275, 'eval_runtime': 28.8767, 'eval_samples_per_second': 119.162, 'eval_steps_per_second': 0.935, 'epoch': 3.92}
{'loss': 2.3248, 'grad_norm': 3.706655979156494, 'learning_rate': 3.3725490196078435e-06, 'epoch': 3.93, 'ar_loss': 2.3248}
{'loss': 2.2806, 'grad_norm': 3.6908955574035645, 'learning_rate': 3.3671023965141614e-06, 'epoch': 3.94, 'ar_loss': 2.2806}
{'loss': 2.3686, 'grad_norm': 4.0953898429870605, 'learning_rate': 3.3616557734204798e-06, 'epoch': 3.95, 'ar_loss': 2.3686}
{'loss': 2.321, 'grad_norm': 3.8978006839752197, 'learning_rate': 3.3562091503267973e-06, 'epoch': 3.96, 'ar_loss': 2.321}
{'loss': 2.3436, 'grad_norm': 3.7372779846191406, 'learning_rate': 3.3507625272331156e-06, 'epoch': 3.97, 'ar_loss': 2.3436}
{'loss': 2.3552, 'grad_norm': 3.839817523956299, 'learning_rate': 3.345315904139434e-06, 'epoch': 3.98, 'ar_loss': 2.3552}
{'loss': 2.282, 'grad_norm': 3.905336618423462, 'learning_rate': 3.339869281045752e-06, 'epoch': 3.99, 'ar_loss': 2.282}
{'loss': 2.3225, 'grad_norm': 3.862837314605713, 'learning_rate': 3.33442265795207e-06, 'epoch': 4.0, 'ar_loss': 2.3225}
{'loss': 2.1567, 'grad_norm': 4.2641425132751465, 'learning_rate': 3.328976034858388e-06, 'epoch': 4.01, 'ar_loss': 2.1567}
{'loss': 2.1941, 'grad_norm': 4.819272041320801, 'learning_rate': 3.323529411764706e-06, 'epoch': 4.02, 'ar_loss': 2.1941}
{'loss': 2.1999, 'grad_norm': 4.3425774574279785, 'learning_rate': 3.3180827886710244e-06, 'epoch': 4.03, 'ar_loss': 2.1999}
{'loss': 2.1964, 'grad_norm': 4.437507152557373, 'learning_rate': 3.3126361655773424e-06, 'epoch': 4.04, 'ar_loss': 2.1964}
{'loss': 2.1002, 'grad_norm': 4.431303977966309, 'learning_rate': 3.3071895424836603e-06, 'epoch': 4.05, 'ar_loss': 2.1002}
{'loss': 2.1418, 'grad_norm': 4.348787307739258, 'learning_rate': 3.3017429193899787e-06, 'epoch': 4.06, 'ar_loss': 2.1418}
{'loss': 2.1781, 'grad_norm': 4.310882568359375, 'learning_rate': 3.296296296296296e-06, 'epoch': 4.07, 'ar_loss': 2.1781}
{'loss': 2.1881, 'grad_norm': 4.135527610778809, 'learning_rate': 3.2908496732026145e-06, 'epoch': 4.08, 'ar_loss': 2.1881}
{'loss': 2.1665, 'grad_norm': 4.449224472045898, 'learning_rate': 3.285403050108933e-06, 'epoch': 4.09, 'ar_loss': 2.1665}
{'loss': 2.1856, 'grad_norm': 4.547669410705566, 'learning_rate': 3.2799564270152508e-06, 'epoch': 4.1, 'ar_loss': 2.1856}
{'loss': 2.1504, 'grad_norm': 4.387794017791748, 'learning_rate': 3.2745098039215687e-06, 'epoch': 4.11, 'ar_loss': 2.1504}
{'loss': 2.1328, 'grad_norm': 4.449085235595703, 'learning_rate': 3.269063180827887e-06, 'epoch': 4.12, 'ar_loss': 2.1328}
{'eval_loss': 2.7686896324157715, 'eval_runtime': 28.7642, 'eval_samples_per_second': 119.628, 'eval_steps_per_second': 0.939, 'epoch': 4.12}
{'loss': 2.1686, 'grad_norm': 4.839382171630859, 'learning_rate': 3.263616557734205e-06, 'epoch': 4.13, 'ar_loss': 2.1686}
{'loss': 2.1279, 'grad_norm': 4.508812427520752, 'learning_rate': 3.2581699346405233e-06, 'epoch': 4.14, 'ar_loss': 2.1279}
{'loss': 2.121, 'grad_norm': 4.812045097351074, 'learning_rate': 3.252723311546841e-06, 'epoch': 4.15, 'ar_loss': 2.121}
{'loss': 2.0942, 'grad_norm': 4.500717639923096, 'learning_rate': 3.247276688453159e-06, 'epoch': 4.16, 'ar_loss': 2.0942}
{'loss': 2.1904, 'grad_norm': 4.751457691192627, 'learning_rate': 3.2418300653594775e-06, 'epoch': 4.17, 'ar_loss': 2.1904}
{'loss': 2.1406, 'grad_norm': 4.555096626281738, 'learning_rate': 3.2363834422657955e-06, 'epoch': 4.18, 'ar_loss': 2.1406}
{'loss': 2.1586, 'grad_norm': 4.577359676361084, 'learning_rate': 3.2309368191721134e-06, 'epoch': 4.19, 'ar_loss': 2.1586}
{'loss': 2.1794, 'grad_norm': 4.95832633972168, 'learning_rate': 3.2254901960784317e-06, 'epoch': 4.2, 'ar_loss': 2.1794}
{'loss': 2.1297, 'grad_norm': 4.570169448852539, 'learning_rate': 3.2200435729847497e-06, 'epoch': 4.21, 'ar_loss': 2.1297}
{'loss': 2.2252, 'grad_norm': 4.392278671264648, 'learning_rate': 3.214596949891068e-06, 'epoch': 4.22, 'ar_loss': 2.2252}
{'loss': 2.1979, 'grad_norm': 4.647512435913086, 'learning_rate': 3.209150326797386e-06, 'epoch': 4.23, 'ar_loss': 2.1979}
{'loss': 2.1767, 'grad_norm': 4.544531345367432, 'learning_rate': 3.203703703703704e-06, 'epoch': 4.24, 'ar_loss': 2.1767}
{'loss': 2.1196, 'grad_norm': 4.5247883796691895, 'learning_rate': 3.1982570806100222e-06, 'epoch': 4.25, 'ar_loss': 2.1196}
{'loss': 2.1903, 'grad_norm': 4.445326328277588, 'learning_rate': 3.1928104575163397e-06, 'epoch': 4.25, 'ar_loss': 2.1903}
{'loss': 2.1779, 'grad_norm': 4.388947486877441, 'learning_rate': 3.187363834422658e-06, 'epoch': 4.26, 'ar_loss': 2.1779}
{'loss': 2.1754, 'grad_norm': 4.469385623931885, 'learning_rate': 3.1819172113289764e-06, 'epoch': 4.27, 'ar_loss': 2.1754}
{'loss': 2.1732, 'grad_norm': 4.05255126953125, 'learning_rate': 3.1764705882352943e-06, 'epoch': 4.28, 'ar_loss': 2.1732}
{'loss': 2.1943, 'grad_norm': 4.729936122894287, 'learning_rate': 3.1710239651416123e-06, 'epoch': 4.29, 'ar_loss': 2.1943}
{'loss': 2.18, 'grad_norm': 4.593724250793457, 'learning_rate': 3.1655773420479306e-06, 'epoch': 4.3, 'ar_loss': 2.18}
{'loss': 2.1613, 'grad_norm': 4.276808738708496, 'learning_rate': 3.1601307189542486e-06, 'epoch': 4.31, 'ar_loss': 2.1613}
{'eval_loss': 2.7657129764556885, 'eval_runtime': 28.7493, 'eval_samples_per_second': 119.69, 'eval_steps_per_second': 0.939, 'epoch': 4.31}
{'loss': 2.1423, 'grad_norm': 4.290462493896484, 'learning_rate': 3.154684095860567e-06, 'epoch': 4.32, 'ar_loss': 2.1423}
{'loss': 2.1716, 'grad_norm': 4.458071708679199, 'learning_rate': 3.1492374727668844e-06, 'epoch': 4.33, 'ar_loss': 2.1716}
{'loss': 2.1627, 'grad_norm': 4.520217418670654, 'learning_rate': 3.1437908496732028e-06, 'epoch': 4.34, 'ar_loss': 2.1627}
{'loss': 2.1535, 'grad_norm': 4.3120341300964355, 'learning_rate': 3.138344226579521e-06, 'epoch': 4.35, 'ar_loss': 2.1535}
{'loss': 2.1901, 'grad_norm': 4.380407333374023, 'learning_rate': 3.132897603485839e-06, 'epoch': 4.36, 'ar_loss': 2.1901}
{'loss': 2.1462, 'grad_norm': 4.315124034881592, 'learning_rate': 3.127450980392157e-06, 'epoch': 4.37, 'ar_loss': 2.1462}
{'loss': 2.1668, 'grad_norm': 4.570403099060059, 'learning_rate': 3.1220043572984753e-06, 'epoch': 4.38, 'ar_loss': 2.1668}
{'loss': 2.1741, 'grad_norm': 4.495728015899658, 'learning_rate': 3.1165577342047932e-06, 'epoch': 4.39, 'ar_loss': 2.1741}
{'loss': 2.1553, 'grad_norm': 4.359339714050293, 'learning_rate': 3.1111111111111116e-06, 'epoch': 4.4, 'ar_loss': 2.1553}
{'loss': 2.1563, 'grad_norm': 4.430395603179932, 'learning_rate': 3.1056644880174295e-06, 'epoch': 4.41, 'ar_loss': 2.1563}
{'loss': 2.1952, 'grad_norm': 4.346332550048828, 'learning_rate': 3.1002178649237474e-06, 'epoch': 4.42, 'ar_loss': 2.1952}
{'loss': 2.2081, 'grad_norm': 4.56254243850708, 'learning_rate': 3.0947712418300658e-06, 'epoch': 4.43, 'ar_loss': 2.2081}
{'loss': 2.1691, 'grad_norm': 4.751132488250732, 'learning_rate': 3.0893246187363833e-06, 'epoch': 4.44, 'ar_loss': 2.1691}
{'loss': 2.1937, 'grad_norm': 4.587617874145508, 'learning_rate': 3.0838779956427016e-06, 'epoch': 4.45, 'ar_loss': 2.1937}
{'loss': 2.186, 'grad_norm': 4.619152069091797, 'learning_rate': 3.07843137254902e-06, 'epoch': 4.46, 'ar_loss': 2.186}
{'loss': 2.1354, 'grad_norm': 4.690507888793945, 'learning_rate': 3.072984749455338e-06, 'epoch': 4.47, 'ar_loss': 2.1354}
{'loss': 2.1824, 'grad_norm': 4.620628833770752, 'learning_rate': 3.067538126361656e-06, 'epoch': 4.48, 'ar_loss': 2.1824}
{'loss': 2.1607, 'grad_norm': 4.521859169006348, 'learning_rate': 3.062091503267974e-06, 'epoch': 4.49, 'ar_loss': 2.1607}
{'loss': 2.1794, 'grad_norm': 4.533493518829346, 'learning_rate': 3.056644880174292e-06, 'epoch': 4.5, 'ar_loss': 2.1794}
{'loss': 2.1557, 'grad_norm': 4.629149436950684, 'learning_rate': 3.0511982570806105e-06, 'epoch': 4.51, 'ar_loss': 2.1557}
{'eval_loss': 2.7637276649475098, 'eval_runtime': 28.7584, 'eval_samples_per_second': 119.652, 'eval_steps_per_second': 0.939, 'epoch': 4.51}
{'loss': 2.1533, 'grad_norm': 4.496201992034912, 'learning_rate': 3.045751633986928e-06, 'epoch': 4.52, 'ar_loss': 2.1533}
{'loss': 2.149, 'grad_norm': 4.301876544952393, 'learning_rate': 3.0403050108932463e-06, 'epoch': 4.53, 'ar_loss': 2.149}
{'loss': 2.1413, 'grad_norm': 4.403744697570801, 'learning_rate': 3.0348583877995647e-06, 'epoch': 4.54, 'ar_loss': 2.1413}
{'loss': 2.1186, 'grad_norm': 4.449583053588867, 'learning_rate': 3.0294117647058826e-06, 'epoch': 4.55, 'ar_loss': 2.1186}
{'loss': 2.1566, 'grad_norm': 4.317674160003662, 'learning_rate': 3.0239651416122005e-06, 'epoch': 4.56, 'ar_loss': 2.1566}
{'loss': 2.1806, 'grad_norm': 4.450497150421143, 'learning_rate': 3.018518518518519e-06, 'epoch': 4.57, 'ar_loss': 2.1806}
{'loss': 2.1571, 'grad_norm': 4.579100131988525, 'learning_rate': 3.013071895424837e-06, 'epoch': 4.58, 'ar_loss': 2.1571}
{'loss': 2.1796, 'grad_norm': 4.489268779754639, 'learning_rate': 3.007625272331155e-06, 'epoch': 4.59, 'ar_loss': 2.1796}
{'loss': 2.2162, 'grad_norm': 4.3586344718933105, 'learning_rate': 3.002178649237473e-06, 'epoch': 4.6, 'ar_loss': 2.2162}
{'loss': 2.1988, 'grad_norm': 4.36176872253418, 'learning_rate': 2.996732026143791e-06, 'epoch': 4.61, 'ar_loss': 2.1988}
{'loss': 2.1695, 'grad_norm': 4.539153099060059, 'learning_rate': 2.9912854030501094e-06, 'epoch': 4.62, 'ar_loss': 2.1695}
{'loss': 2.1317, 'grad_norm': 4.423035621643066, 'learning_rate': 2.985838779956427e-06, 'epoch': 4.63, 'ar_loss': 2.1317}
{'loss': 2.1428, 'grad_norm': 4.558793067932129, 'learning_rate': 2.980392156862745e-06, 'epoch': 4.64, 'ar_loss': 2.1428}
{'loss': 2.1887, 'grad_norm': 4.613125324249268, 'learning_rate': 2.9749455337690636e-06, 'epoch': 4.65, 'ar_loss': 2.1887}
{'loss': 2.178, 'grad_norm': 4.310406684875488, 'learning_rate': 2.9694989106753815e-06, 'epoch': 4.66, 'ar_loss': 2.178}
{'loss': 2.1449, 'grad_norm': 4.22540283203125, 'learning_rate': 2.9640522875816994e-06, 'epoch': 4.67, 'ar_loss': 2.1449}
{'loss': 2.1598, 'grad_norm': 4.56967306137085, 'learning_rate': 2.9586056644880178e-06, 'epoch': 4.68, 'ar_loss': 2.1598}
{'loss': 2.1731, 'grad_norm': 4.761552810668945, 'learning_rate': 2.9531590413943357e-06, 'epoch': 4.69, 'ar_loss': 2.1731}
{'loss': 2.1423, 'grad_norm': 4.581854820251465, 'learning_rate': 2.947712418300654e-06, 'epoch': 4.7, 'ar_loss': 2.1423}
{'loss': 2.1579, 'grad_norm': 4.372079372406006, 'learning_rate': 2.9422657952069715e-06, 'epoch': 4.71, 'ar_loss': 2.1579}
{'eval_loss': 2.763096809387207, 'eval_runtime': 28.7414, 'eval_samples_per_second': 119.723, 'eval_steps_per_second': 0.939, 'epoch': 4.71}
{'loss': 2.152, 'grad_norm': 4.354251861572266, 'learning_rate': 2.93681917211329e-06, 'epoch': 4.72, 'ar_loss': 2.152}
{'loss': 2.1658, 'grad_norm': 4.520666599273682, 'learning_rate': 2.9313725490196082e-06, 'epoch': 4.73, 'ar_loss': 2.1658}
{'loss': 2.169, 'grad_norm': 4.5799174308776855, 'learning_rate': 2.9259259259259257e-06, 'epoch': 4.74, 'ar_loss': 2.169}
{'loss': 2.1659, 'grad_norm': 4.458381652832031, 'learning_rate': 2.920479302832244e-06, 'epoch': 4.75, 'ar_loss': 2.1659}
{'loss': 2.13, 'grad_norm': 4.852436065673828, 'learning_rate': 2.9150326797385624e-06, 'epoch': 4.75, 'ar_loss': 2.13}
{'loss': 2.1757, 'grad_norm': 4.761470794677734, 'learning_rate': 2.9095860566448804e-06, 'epoch': 4.76, 'ar_loss': 2.1757}
{'loss': 2.1538, 'grad_norm': 3.998936653137207, 'learning_rate': 2.9041394335511987e-06, 'epoch': 4.77, 'ar_loss': 2.1538}
{'loss': 2.1984, 'grad_norm': 4.670158386230469, 'learning_rate': 2.8986928104575166e-06, 'epoch': 4.78, 'ar_loss': 2.1984}
{'loss': 2.1701, 'grad_norm': 4.519174098968506, 'learning_rate': 2.8932461873638346e-06, 'epoch': 4.79, 'ar_loss': 2.1701}
{'loss': 2.2407, 'grad_norm': 4.526913166046143, 'learning_rate': 2.887799564270153e-06, 'epoch': 4.8, 'ar_loss': 2.2407}
{'loss': 2.2131, 'grad_norm': 4.672719955444336, 'learning_rate': 2.8823529411764704e-06, 'epoch': 4.81, 'ar_loss': 2.2131}
{'loss': 2.2216, 'grad_norm': 4.536076545715332, 'learning_rate': 2.8769063180827888e-06, 'epoch': 4.82, 'ar_loss': 2.2216}
{'loss': 2.1651, 'grad_norm': 4.350080490112305, 'learning_rate': 2.871459694989107e-06, 'epoch': 4.83, 'ar_loss': 2.1651}
{'loss': 2.1772, 'grad_norm': 4.746069431304932, 'learning_rate': 2.866013071895425e-06, 'epoch': 4.84, 'ar_loss': 2.1772}
{'loss': 2.1453, 'grad_norm': 4.000672817230225, 'learning_rate': 2.860566448801743e-06, 'epoch': 4.85, 'ar_loss': 2.1453}
{'loss': 2.1435, 'grad_norm': 4.711935997009277, 'learning_rate': 2.8551198257080613e-06, 'epoch': 4.86, 'ar_loss': 2.1435}
{'loss': 2.1503, 'grad_norm': 4.7961554527282715, 'learning_rate': 2.8496732026143792e-06, 'epoch': 4.87, 'ar_loss': 2.1503}
{'loss': 2.2138, 'grad_norm': 4.382662773132324, 'learning_rate': 2.8442265795206976e-06, 'epoch': 4.88, 'ar_loss': 2.2138}
{'loss': 2.1938, 'grad_norm': 4.4320387840271, 'learning_rate': 2.838779956427016e-06, 'epoch': 4.89, 'ar_loss': 2.1938}
{'loss': 2.1684, 'grad_norm': 5.034226894378662, 'learning_rate': 2.8333333333333335e-06, 'epoch': 4.9, 'ar_loss': 2.1684}
{'eval_loss': 2.7608389854431152, 'eval_runtime': 28.7506, 'eval_samples_per_second': 119.685, 'eval_steps_per_second': 0.939, 'epoch': 4.9}
[1;34mwandb[0m: 🚀 View run [33m/data/user_data/jingyuah/LLARA/checkpoints/Pixel200K_Clean_item_token_clean_EBAE_ar_only[0m at: [34mhttps://wandb.ai/jingyuanhe1222/LLARA_pretrain/runs/mqlv2rc2[0m
[1;34mwandb[0m: Find logs at: [1;35mwandb/run-20241115_101729-mqlv2rc2/logs[0m
