[2024-11-29 15:42:51,123] [INFO] [real_accelerator.py:203:get_accelerator] Setting ds_accelerator to cuda (auto detect)
[2024-11-29 15:42:51,123] [INFO] [real_accelerator.py:203:get_accelerator] Setting ds_accelerator to cuda (auto detect)
Warning: The default cache directory for DeepSpeed Triton autotune, /home/jingyuah/.triton/autotune, appears to be on an NFS system. While this is generally acceptable, if you experience slowdowns or hanging when DeepSpeed exits, it is recommended to set the TRITON_CACHE_DIR environment variable to a non-NFS path.Warning: The default cache directory for DeepSpeed Triton autotune, /home/jingyuah/.triton/autotune, appears to be on an NFS system. While this is generally acceptable, if you experience slowdowns or hanging when DeepSpeed exits, it is recommended to set the TRITON_CACHE_DIR environment variable to a non-NFS path.

[93m [WARNING] [0m async_io requires the dev libaio .so object and headers but these were not found.
[93m [WARNING] [0m async_io requires the dev libaio .so object and headers but these were not found.
[93m [WARNING] [0m If libaio is already installed (perhaps from source), try setting the CFLAGS and LDFLAGS environment variables to where it can be found.[93m [WARNING] [0m If libaio is already installed (perhaps from source), try setting the CFLAGS and LDFLAGS environment variables to where it can be found.

[93m [WARNING] [0m Please specify the CUTLASS repo directory as environment variable $CUTLASS_PATH[93m [WARNING] [0m Please specify the CUTLASS repo directory as environment variable $CUTLASS_PATH

[93m [WARNING] [0m sparse_attn requires a torch version >= 1.5 and < 2.0 but detected 2.1[93m [WARNING] [0m sparse_attn requires a torch version >= 1.5 and < 2.0 but detected 2.1

[93m [WARNING] [0m using untested triton version (2.1.0), only 1.0.0 is known to be compatible[93m [WARNING] [0m using untested triton version (2.1.0), only 1.0.0 is known to be compatible

[2024-11-29 15:42:52,353] [INFO] [comm.py:637:init_distributed] cdb=None
[2024-11-29 15:42:52,353] [INFO] [comm.py:637:init_distributed] cdb=None
[2024-11-29 15:42:52,353] [INFO] [comm.py:668:init_distributed] Initializing TorchBackend in DeepSpeed with backend nccl
{'loss': 11.0813, 'grad_norm': 7.423279762268066, 'learning_rate': 1.369096853097062e-06, 'epoch': 0.01}
{'loss': 10.9187, 'grad_norm': 7.20720911026001, 'learning_rate': 1.9587347734580185e-06, 'epoch': 0.03}
{'loss': 10.3875, 'grad_norm': 6.328909397125244, 'learning_rate': 2.3036508458723854e-06, 'epoch': 0.04}
{'loss': 9.8938, 'grad_norm': 11.197728157043457, 'learning_rate': 2.5483726938189745e-06, 'epoch': 0.06}
{'loss': 9.45, 'grad_norm': 3.5168490409851074, 'learning_rate': 2.738193706194124e-06, 'epoch': 0.07}
{'loss': 9.3, 'grad_norm': 3.6251273155212402, 'learning_rate': 2.893288766233342e-06, 'epoch': 0.08}
{'loss': 9.0188, 'grad_norm': 3.246514320373535, 'learning_rate': 3.024419771054202e-06, 'epoch': 0.1}
{'loss': 8.875, 'grad_norm': 2.758366584777832, 'learning_rate': 3.138010614179931e-06, 'epoch': 0.11}
{'loss': 8.7625, 'grad_norm': 1.8591512441635132, 'learning_rate': 3.238204838647709e-06, 'epoch': 0.13}
{'loss': 8.625, 'grad_norm': 1.6686073541641235, 'learning_rate': 3.3278316265550805e-06, 'epoch': 0.14}
{'loss': 8.5437, 'grad_norm': 1.441808819770813, 'learning_rate': 3.4089089183412955e-06, 'epoch': 0.15}
{'loss': 8.425, 'grad_norm': 1.292157769203186, 'learning_rate': 3.482926686594298e-06, 'epoch': 0.17}
{'loss': 8.3438, 'grad_norm': 1.2093260288238525, 'learning_rate': 3.551016432922859e-06, 'epoch': 0.18}
{'loss': 8.2812, 'grad_norm': 1.2092866897583008, 'learning_rate': 3.6140576914151594e-06, 'epoch': 0.2}
{'loss': 8.2125, 'grad_norm': 1.1702594757080078, 'learning_rate': 3.672747698969447e-06, 'epoch': 0.21}
{'loss': 8.1125, 'grad_norm': 1.0567450523376465, 'learning_rate': 3.7276485345408875e-06, 'epoch': 0.22}
{'loss': 8.0406, 'grad_norm': 1.1294621229171753, 'learning_rate': 3.779219942364599e-06, 'epoch': 0.24}
{'loss': 7.9813, 'grad_norm': 1.1336573362350464, 'learning_rate': 3.827842759008665e-06, 'epoch': 0.25}
{'loss': 7.9156, 'grad_norm': 1.0580004453659058, 'learning_rate': 3.873835997968027e-06, 'epoch': 0.27}
{'loss': 7.8531, 'grad_norm': 1.13315749168396, 'learning_rate': 3.917469546916037e-06, 'epoch': 0.28}
{'eval_loss': 7.81336784362793, 'eval_runtime': 6.7683, 'eval_samples_per_second': 711.409, 'eval_steps_per_second': 2.807, 'epoch': 0.28}
{'loss': 7.7969, 'grad_norm': 1.0535789728164673, 'learning_rate': 3.958973763829526e-06, 'epoch': 0.29}
{'loss': 7.7344, 'grad_norm': 1.0216403007507324, 'learning_rate': 3.998546838702252e-06, 'epoch': 0.31}
{'loss': 7.6781, 'grad_norm': 0.9945675134658813, 'learning_rate': 4.036360517490459e-06, 'epoch': 0.32}
{'loss': 7.6312, 'grad_norm': 0.9929633736610413, 'learning_rate': 4.0725646069552544e-06, 'epoch': 0.34}
{'loss': 7.6125, 'grad_norm': 0.9119388461112976, 'learning_rate': 4.107290559291186e-06, 'epoch': 0.35}
{'loss': 7.5594, 'grad_norm': 0.9823095202445984, 'learning_rate': 4.140654353283815e-06, 'epoch': 0.36}
{'loss': 7.4969, 'grad_norm': 1.0213152170181274, 'learning_rate': 4.172758831423032e-06, 'epoch': 0.38}
{'loss': 7.4594, 'grad_norm': 0.9330830574035645, 'learning_rate': 4.2036956117761155e-06, 'epoch': 0.39}
{'loss': 7.4219, 'grad_norm': 0.9042589664459229, 'learning_rate': 4.233546664217133e-06, 'epoch': 0.41}
{'loss': 7.3719, 'grad_norm': 1.0313080549240112, 'learning_rate': 4.2623856193304035e-06, 'epoch': 0.42}
{'loss': 7.3375, 'grad_norm': 1.009790301322937, 'learning_rate': 4.290278862613503e-06, 'epoch': 0.43}
{'loss': 7.3, 'grad_norm': 0.8369162678718567, 'learning_rate': 4.317286454901844e-06, 'epoch': 0.45}
{'loss': 7.2656, 'grad_norm': 0.892533540725708, 'learning_rate': 4.3434629111166185e-06, 'epoch': 0.46}
{'loss': 7.2344, 'grad_norm': 0.9281513094902039, 'learning_rate': 4.368857862725555e-06, 'epoch': 0.48}
{'loss': 7.1969, 'grad_norm': 0.850626528263092, 'learning_rate': 4.393516624151265e-06, 'epoch': 0.49}
{'loss': 7.175, 'grad_norm': 0.8826040029525757, 'learning_rate': 4.417480679369622e-06, 'epoch': 0.5}
{'loss': 7.1281, 'grad_norm': 0.9784002304077148, 'learning_rate': 4.440788101823901e-06, 'epoch': 0.52}
{'loss': 7.1281, 'grad_norm': 0.9051281809806824, 'learning_rate': 4.4634739183289835e-06, 'epoch': 0.53}
{'loss': 7.0969, 'grad_norm': 0.8655085563659668, 'learning_rate': 4.485570425698183e-06, 'epoch': 0.55}
{'loss': 7.0375, 'grad_norm': 0.8878812789916992, 'learning_rate': 4.507107467276993e-06, 'epoch': 0.56}
{'eval_loss': 7.034722328186035, 'eval_runtime': 6.7856, 'eval_samples_per_second': 709.593, 'eval_steps_per_second': 2.8, 'epoch': 0.56}
{'loss': 7.0187, 'grad_norm': 1.0663588047027588, 'learning_rate': 4.528112675325743e-06, 'epoch': 0.57}
{'loss': 6.9844, 'grad_norm': 0.845014214515686, 'learning_rate': 4.548611684190483e-06, 'epoch': 0.59}
{'loss': 6.9875, 'grad_norm': 0.9016056656837463, 'learning_rate': 4.568628318387563e-06, 'epoch': 0.6}
{'loss': 6.95, 'grad_norm': 0.9958816170692444, 'learning_rate': 4.588184759063208e-06, 'epoch': 0.62}
{'loss': 6.9375, 'grad_norm': 1.1565806865692139, 'learning_rate': 4.607301691744771e-06, 'epoch': 0.63}
{'loss': 6.9, 'grad_norm': 0.884331226348877, 'learning_rate': 4.625998437851416e-06, 'epoch': 0.64}
{'loss': 6.8969, 'grad_norm': 0.8961030840873718, 'learning_rate': 4.644293072060417e-06, 'epoch': 0.66}
{'loss': 6.8688, 'grad_norm': 1.0698814392089844, 'learning_rate': 4.662202527316211e-06, 'epoch': 0.67}
{'loss': 6.8719, 'grad_norm': 1.1748344898223877, 'learning_rate': 4.679742689011343e-06, 'epoch': 0.69}
{'loss': 6.8688, 'grad_norm': 1.2349505424499512, 'learning_rate': 4.696928479652142e-06, 'epoch': 0.7}
{'loss': 6.825, 'grad_norm': 0.8985521793365479, 'learning_rate': 4.713773935139921e-06, 'epoch': 0.71}
{'loss': 6.8031, 'grad_norm': 0.9031772613525391, 'learning_rate': 4.730292273644772e-06, 'epoch': 0.73}
{'loss': 6.775, 'grad_norm': 0.9063833951950073, 'learning_rate': 4.746495957918691e-06, 'epoch': 0.74}
{'loss': 6.7531, 'grad_norm': 0.9323630928993225, 'learning_rate': 4.762396751783989e-06, 'epoch': 0.76}
{'loss': 6.7094, 'grad_norm': 0.8553512096405029, 'learning_rate': 4.778005771438358e-06, 'epoch': 0.77}
{'loss': 6.7406, 'grad_norm': 1.2536052465438843, 'learning_rate': 4.7933335321370715e-06, 'epoch': 0.78}
{'loss': 6.6937, 'grad_norm': 1.1444846391677856, 'learning_rate': 4.80838999074335e-06, 'epoch': 0.8}
{'loss': 6.6844, 'grad_norm': 0.9974621534347534, 'learning_rate': 4.82318458457809e-06, 'epoch': 0.81}
{'loss': 6.6688, 'grad_norm': 0.9863682985305786, 'learning_rate': 4.837726266948614e-06, 'epoch': 0.83}
{'loss': 6.6531, 'grad_norm': 0.9601567983627319, 'learning_rate': 4.85202353969136e-06, 'epoch': 0.84}
{'eval_loss': 6.638020992279053, 'eval_runtime': 6.7852, 'eval_samples_per_second': 709.63, 'eval_steps_per_second': 2.8, 'epoch': 0.84}
{'loss': 6.6281, 'grad_norm': 0.9169201850891113, 'learning_rate': 4.8660844830247186e-06, 'epoch': 0.85}
{'loss': 6.6469, 'grad_norm': 0.9903022050857544, 'learning_rate': 4.8799167829744595e-06, 'epoch': 0.87}
{'loss': 6.6656, 'grad_norm': 0.9576845765113831, 'learning_rate': 4.893527756604849e-06, 'epoch': 0.88}
{'loss': 6.5687, 'grad_norm': 0.9833158254623413, 'learning_rate': 4.9069243752628e-06, 'epoch': 0.9}
{'loss': 6.5906, 'grad_norm': 1.0271230936050415, 'learning_rate': 4.920113286019921e-06, 'epoch': 0.91}
{'loss': 6.5656, 'grad_norm': 0.9986786246299744, 'learning_rate': 4.933100831477575e-06, 'epoch': 0.92}
{'loss': 6.525, 'grad_norm': 1.0432426929473877, 'learning_rate': 4.9458930680826605e-06, 'epoch': 0.94}
{'loss': 6.5469, 'grad_norm': 1.1916496753692627, 'learning_rate': 4.958495783086511e-06, 'epoch': 0.95}
{'loss': 6.5344, 'grad_norm': 1.1088082790374756, 'learning_rate': 4.970914510265783e-06, 'epoch': 0.97}
{'loss': 6.5094, 'grad_norm': 0.9186959266662598, 'learning_rate': 4.983154544512221e-06, 'epoch': 0.98}
{'loss': 6.4938, 'grad_norm': 1.0037020444869995, 'learning_rate': 4.995220955387585e-06, 'epoch': 0.99}
{'loss': 6.4906, 'grad_norm': 0.9617986083030701, 'learning_rate': 4.996887643946468e-06, 'epoch': 1.01}
{'loss': 6.4562, 'grad_norm': 1.1281546354293823, 'learning_rate': 4.989106753812636e-06, 'epoch': 1.02}
{'loss': 6.4406, 'grad_norm': 1.2397499084472656, 'learning_rate': 4.981325863678805e-06, 'epoch': 1.04}
{'loss': 6.4, 'grad_norm': 0.9891080260276794, 'learning_rate': 4.973544973544974e-06, 'epoch': 1.05}
{'loss': 6.4062, 'grad_norm': 1.4684382677078247, 'learning_rate': 4.965764083411142e-06, 'epoch': 1.06}
{'loss': 6.3906, 'grad_norm': 1.1240386962890625, 'learning_rate': 4.957983193277311e-06, 'epoch': 1.08}
{'loss': 6.3812, 'grad_norm': 0.999994158744812, 'learning_rate': 4.95020230314348e-06, 'epoch': 1.09}
{'loss': 6.3688, 'grad_norm': 1.2244940996170044, 'learning_rate': 4.9424214130096485e-06, 'epoch': 1.11}
{'loss': 6.3656, 'grad_norm': 1.19418203830719, 'learning_rate': 4.934640522875817e-06, 'epoch': 1.12}
{'eval_loss': 6.380208492279053, 'eval_runtime': 6.7914, 'eval_samples_per_second': 708.982, 'eval_steps_per_second': 2.798, 'epoch': 1.12}
{'loss': 6.3656, 'grad_norm': 1.1537758111953735, 'learning_rate': 4.926859632741986e-06, 'epoch': 1.13}
{'loss': 6.3688, 'grad_norm': 1.1067934036254883, 'learning_rate': 4.919078742608155e-06, 'epoch': 1.15}
{'loss': 6.3312, 'grad_norm': 1.16342294216156, 'learning_rate': 4.911297852474323e-06, 'epoch': 1.16}
{'loss': 6.3531, 'grad_norm': 1.1521059274673462, 'learning_rate': 4.903516962340492e-06, 'epoch': 1.18}
{'loss': 6.325, 'grad_norm': 1.0894498825073242, 'learning_rate': 4.895736072206661e-06, 'epoch': 1.19}
{'loss': 6.3187, 'grad_norm': 1.053414225578308, 'learning_rate': 4.8879551820728295e-06, 'epoch': 1.2}
{'loss': 6.2938, 'grad_norm': 1.0329755544662476, 'learning_rate': 4.880174291938998e-06, 'epoch': 1.22}
{'loss': 6.2875, 'grad_norm': 1.2172311544418335, 'learning_rate': 4.872393401805167e-06, 'epoch': 1.23}
{'loss': 6.2562, 'grad_norm': 1.2010982036590576, 'learning_rate': 4.864612511671336e-06, 'epoch': 1.25}
{'loss': 6.2938, 'grad_norm': 1.1716238260269165, 'learning_rate': 4.856831621537504e-06, 'epoch': 1.26}
{'loss': 6.2469, 'grad_norm': 1.2406450510025024, 'learning_rate': 4.849050731403673e-06, 'epoch': 1.27}
{'loss': 6.2781, 'grad_norm': 1.224518895149231, 'learning_rate': 4.841269841269842e-06, 'epoch': 1.29}
{'loss': 6.2656, 'grad_norm': 1.0587714910507202, 'learning_rate': 4.8334889511360104e-06, 'epoch': 1.3}
{'loss': 6.2531, 'grad_norm': 1.0710666179656982, 'learning_rate': 4.825708061002179e-06, 'epoch': 1.32}
{'loss': 6.2687, 'grad_norm': 1.077591896057129, 'learning_rate': 4.817927170868348e-06, 'epoch': 1.33}
{'loss': 6.2219, 'grad_norm': 1.1046968698501587, 'learning_rate': 4.8101462807345166e-06, 'epoch': 1.34}
{'loss': 6.1937, 'grad_norm': 1.1164579391479492, 'learning_rate': 4.802365390600685e-06, 'epoch': 1.36}
{'loss': 6.1969, 'grad_norm': 1.2851231098175049, 'learning_rate': 4.794584500466854e-06, 'epoch': 1.37}
{'loss': 6.1906, 'grad_norm': 0.985836923122406, 'learning_rate': 4.786803610333023e-06, 'epoch': 1.39}
{'loss': 6.1813, 'grad_norm': 1.0655678510665894, 'learning_rate': 4.779022720199191e-06, 'epoch': 1.4}
{'eval_loss': 6.198784828186035, 'eval_runtime': 6.8011, 'eval_samples_per_second': 707.976, 'eval_steps_per_second': 2.794, 'epoch': 1.4}
{'loss': 6.1969, 'grad_norm': 1.4677075147628784, 'learning_rate': 4.77124183006536e-06, 'epoch': 1.41}
{'loss': 6.2125, 'grad_norm': 1.2337738275527954, 'learning_rate': 4.763460939931529e-06, 'epoch': 1.43}
{'loss': 6.1937, 'grad_norm': 1.0714932680130005, 'learning_rate': 4.7556800497976975e-06, 'epoch': 1.44}
{'loss': 6.1656, 'grad_norm': 1.3511817455291748, 'learning_rate': 4.747899159663865e-06, 'epoch': 1.46}
{'loss': 6.1594, 'grad_norm': 1.1767984628677368, 'learning_rate': 4.740118269530035e-06, 'epoch': 1.47}
{'loss': 6.1312, 'grad_norm': 1.5079623460769653, 'learning_rate': 4.732337379396204e-06, 'epoch': 1.48}
{'loss': 6.1469, 'grad_norm': 1.0423355102539062, 'learning_rate': 4.7245564892623715e-06, 'epoch': 1.5}
{'loss': 6.1625, 'grad_norm': 1.1211817264556885, 'learning_rate': 4.716775599128541e-06, 'epoch': 1.51}
{'loss': 6.1281, 'grad_norm': 1.1022168397903442, 'learning_rate': 4.708994708994709e-06, 'epoch': 1.53}
{'loss': 6.1094, 'grad_norm': 1.1642177104949951, 'learning_rate': 4.701213818860878e-06, 'epoch': 1.54}
{'loss': 6.1, 'grad_norm': 1.1281243562698364, 'learning_rate': 4.693432928727047e-06, 'epoch': 1.55}
{'loss': 6.0938, 'grad_norm': 1.0835679769515991, 'learning_rate': 4.685652038593215e-06, 'epoch': 1.57}
{'loss': 6.0906, 'grad_norm': 1.2947006225585938, 'learning_rate': 4.677871148459384e-06, 'epoch': 1.58}
{'loss': 6.0938, 'grad_norm': 1.6481021642684937, 'learning_rate': 4.670090258325553e-06, 'epoch': 1.6}
{'loss': 6.0687, 'grad_norm': 1.6168746948242188, 'learning_rate': 4.662309368191721e-06, 'epoch': 1.61}
{'loss': 6.0812, 'grad_norm': 1.2492272853851318, 'learning_rate': 4.654528478057891e-06, 'epoch': 1.62}
{'loss': 6.0938, 'grad_norm': 1.049513578414917, 'learning_rate': 4.646747587924059e-06, 'epoch': 1.64}
{'loss': 6.0563, 'grad_norm': 1.4163432121276855, 'learning_rate': 4.638966697790227e-06, 'epoch': 1.65}
{'loss': 6.075, 'grad_norm': 1.5611906051635742, 'learning_rate': 4.631185807656397e-06, 'epoch': 1.67}
{'loss': 6.0719, 'grad_norm': 1.2554010152816772, 'learning_rate': 4.623404917522565e-06, 'epoch': 1.68}
{'eval_loss': 6.066840171813965, 'eval_runtime': 6.7802, 'eval_samples_per_second': 710.159, 'eval_steps_per_second': 2.802, 'epoch': 1.68}
{'loss': 6.0625, 'grad_norm': 1.5454972982406616, 'learning_rate': 4.615624027388733e-06, 'epoch': 1.69}
{'loss': 6.0594, 'grad_norm': 1.478393316268921, 'learning_rate': 4.607843137254902e-06, 'epoch': 1.71}
{'loss': 6.0281, 'grad_norm': 1.521011233329773, 'learning_rate': 4.600062247121071e-06, 'epoch': 1.72}
{'loss': 6.0062, 'grad_norm': 1.67707097530365, 'learning_rate': 4.5922813569872395e-06, 'epoch': 1.74}
{'loss': 6.0469, 'grad_norm': 1.413948655128479, 'learning_rate': 4.584500466853408e-06, 'epoch': 1.75}
{'loss': 6.0563, 'grad_norm': 1.1719237565994263, 'learning_rate': 4.576719576719577e-06, 'epoch': 1.76}
{'loss': 6.0406, 'grad_norm': 1.8135963678359985, 'learning_rate': 4.568938686585746e-06, 'epoch': 1.78}
{'loss': 6.025, 'grad_norm': 1.227148413658142, 'learning_rate': 4.561157796451914e-06, 'epoch': 1.79}
{'loss': 5.9781, 'grad_norm': 1.1390109062194824, 'learning_rate': 4.553376906318083e-06, 'epoch': 1.81}
{'loss': 6.0281, 'grad_norm': 1.584886074066162, 'learning_rate': 4.545596016184252e-06, 'epoch': 1.82}
{'loss': 6.0281, 'grad_norm': 1.1360104084014893, 'learning_rate': 4.5378151260504205e-06, 'epoch': 1.83}
{'loss': 5.9813, 'grad_norm': 1.3732677698135376, 'learning_rate': 4.530034235916589e-06, 'epoch': 1.85}
{'loss': 6.0156, 'grad_norm': 1.584949254989624, 'learning_rate': 4.522253345782758e-06, 'epoch': 1.86}
{'loss': 5.9688, 'grad_norm': 1.3509578704833984, 'learning_rate': 4.514472455648927e-06, 'epoch': 1.88}
{'loss': 5.9875, 'grad_norm': 1.4480414390563965, 'learning_rate': 4.506691565515095e-06, 'epoch': 1.89}
{'loss': 5.9656, 'grad_norm': 1.5847173929214478, 'learning_rate': 4.498910675381264e-06, 'epoch': 1.9}
{'loss': 5.9375, 'grad_norm': 1.3219817876815796, 'learning_rate': 4.491129785247433e-06, 'epoch': 1.92}
{'loss': 5.9594, 'grad_norm': 1.4724435806274414, 'learning_rate': 4.4833488951136015e-06, 'epoch': 1.93}
{'loss': 5.9625, 'grad_norm': 1.1849764585494995, 'learning_rate': 4.47556800497977e-06, 'epoch': 1.95}
{'loss': 5.9625, 'grad_norm': 1.248660683631897, 'learning_rate': 4.467787114845939e-06, 'epoch': 1.96}
{'eval_loss': 5.963541507720947, 'eval_runtime': 6.7736, 'eval_samples_per_second': 710.85, 'eval_steps_per_second': 2.805, 'epoch': 1.96}
{'loss': 5.9562, 'grad_norm': 1.2161586284637451, 'learning_rate': 4.460006224712108e-06, 'epoch': 1.97}
{'loss': 5.9844, 'grad_norm': 2.0630321502685547, 'learning_rate': 4.452225334578276e-06, 'epoch': 1.99}
{'loss': 5.9313, 'grad_norm': 1.6425085067749023, 'learning_rate': 4.444444444444444e-06, 'epoch': 2.0}
{'loss': 5.9, 'grad_norm': 1.1815496683120728, 'learning_rate': 4.436663554310614e-06, 'epoch': 2.02}
{'loss': 5.9031, 'grad_norm': 1.142484426498413, 'learning_rate': 4.428882664176782e-06, 'epoch': 2.03}
{'loss': 5.9313, 'grad_norm': 1.4876227378845215, 'learning_rate': 4.421101774042951e-06, 'epoch': 2.04}
{'loss': 5.8812, 'grad_norm': 1.126278281211853, 'learning_rate': 4.41332088390912e-06, 'epoch': 2.06}
{'loss': 5.9, 'grad_norm': 1.1086349487304688, 'learning_rate': 4.4055399937752885e-06, 'epoch': 2.07}
{'loss': 5.8937, 'grad_norm': 1.307220458984375, 'learning_rate': 4.397759103641457e-06, 'epoch': 2.09}
{'loss': 5.8781, 'grad_norm': 1.3828920125961304, 'learning_rate': 4.389978213507626e-06, 'epoch': 2.1}
{'loss': 5.9219, 'grad_norm': 1.8505499362945557, 'learning_rate': 4.382197323373794e-06, 'epoch': 2.11}
{'loss': 5.8906, 'grad_norm': 1.413718581199646, 'learning_rate': 4.374416433239963e-06, 'epoch': 2.13}
{'loss': 5.8844, 'grad_norm': 1.5043952465057373, 'learning_rate': 4.366635543106132e-06, 'epoch': 2.14}
{'loss': 5.8625, 'grad_norm': 1.1558489799499512, 'learning_rate': 4.3588546529723e-06, 'epoch': 2.16}
{'loss': 5.8594, 'grad_norm': 2.0851149559020996, 'learning_rate': 4.3510737628384695e-06, 'epoch': 2.17}
{'loss': 5.8625, 'grad_norm': 1.7258778810501099, 'learning_rate': 4.343292872704637e-06, 'epoch': 2.18}
{'loss': 5.875, 'grad_norm': 1.6172395944595337, 'learning_rate': 4.335511982570806e-06, 'epoch': 2.2}
{'loss': 5.8812, 'grad_norm': 1.8081544637680054, 'learning_rate': 4.327731092436976e-06, 'epoch': 2.21}
{'loss': 5.85, 'grad_norm': 1.446702480316162, 'learning_rate': 4.3199502023031435e-06, 'epoch': 2.23}
{'loss': 5.8187, 'grad_norm': 1.8838225603103638, 'learning_rate': 4.312169312169312e-06, 'epoch': 2.24}
{'eval_loss': 5.878472328186035, 'eval_runtime': 6.7772, 'eval_samples_per_second': 710.475, 'eval_steps_per_second': 2.804, 'epoch': 2.24}
{'loss': 5.8469, 'grad_norm': 1.1449031829833984, 'learning_rate': 4.304388422035482e-06, 'epoch': 2.25}
{'loss': 5.8375, 'grad_norm': 1.173647165298462, 'learning_rate': 4.29660753190165e-06, 'epoch': 2.27}
{'loss': 5.7969, 'grad_norm': 1.7143917083740234, 'learning_rate': 4.288826641767818e-06, 'epoch': 2.28}
{'loss': 5.8281, 'grad_norm': 1.5329391956329346, 'learning_rate': 4.281045751633987e-06, 'epoch': 2.3}
{'loss': 5.8281, 'grad_norm': 1.4242448806762695, 'learning_rate': 4.273264861500156e-06, 'epoch': 2.31}
{'loss': 5.7938, 'grad_norm': 1.5075950622558594, 'learning_rate': 4.2654839713663244e-06, 'epoch': 2.32}
{'loss': 5.8312, 'grad_norm': 1.6010397672653198, 'learning_rate': 4.257703081232493e-06, 'epoch': 2.34}
{'loss': 5.8156, 'grad_norm': 1.3581944704055786, 'learning_rate': 4.249922191098662e-06, 'epoch': 2.35}
{'loss': 5.7875, 'grad_norm': 1.3460417985916138, 'learning_rate': 4.2421413009648306e-06, 'epoch': 2.37}
{'loss': 5.8406, 'grad_norm': 1.4244019985198975, 'learning_rate': 4.234360410830999e-06, 'epoch': 2.38}
{'loss': 5.7656, 'grad_norm': 1.52362859249115, 'learning_rate': 4.226579520697168e-06, 'epoch': 2.39}
{'loss': 5.8125, 'grad_norm': 1.2538173198699951, 'learning_rate': 4.218798630563337e-06, 'epoch': 2.41}
{'loss': 5.7906, 'grad_norm': 1.2520480155944824, 'learning_rate': 4.211017740429505e-06, 'epoch': 2.42}
{'loss': 5.7687, 'grad_norm': 1.6400359869003296, 'learning_rate': 4.203236850295674e-06, 'epoch': 2.44}
{'loss': 5.8094, 'grad_norm': 1.1766331195831299, 'learning_rate': 4.195455960161843e-06, 'epoch': 2.45}
{'loss': 5.775, 'grad_norm': 2.039839267730713, 'learning_rate': 4.1876750700280115e-06, 'epoch': 2.46}
{'loss': 5.775, 'grad_norm': 1.9327328205108643, 'learning_rate': 4.17989417989418e-06, 'epoch': 2.48}
{'loss': 5.7812, 'grad_norm': 1.9318478107452393, 'learning_rate': 4.172113289760349e-06, 'epoch': 2.49}
{'loss': 5.7969, 'grad_norm': 1.3998236656188965, 'learning_rate': 4.164332399626518e-06, 'epoch': 2.51}
{'loss': 5.75, 'grad_norm': 1.732450008392334, 'learning_rate': 4.156551509492686e-06, 'epoch': 2.52}
{'eval_loss': 5.806423664093018, 'eval_runtime': 6.7808, 'eval_samples_per_second': 710.089, 'eval_steps_per_second': 2.802, 'epoch': 2.52}
{'loss': 5.7938, 'grad_norm': 1.5130977630615234, 'learning_rate': 4.148770619358855e-06, 'epoch': 2.54}
{'loss': 5.8031, 'grad_norm': 1.5177074670791626, 'learning_rate': 4.140989729225024e-06, 'epoch': 2.55}
{'loss': 5.7219, 'grad_norm': 1.4543744325637817, 'learning_rate': 4.1332088390911925e-06, 'epoch': 2.56}
{'loss': 5.7313, 'grad_norm': 1.7046856880187988, 'learning_rate': 4.125427948957361e-06, 'epoch': 2.58}
{'loss': 5.7344, 'grad_norm': 1.6718425750732422, 'learning_rate': 4.11764705882353e-06, 'epoch': 2.59}
{'loss': 5.7719, 'grad_norm': 1.4593091011047363, 'learning_rate': 4.109866168689699e-06, 'epoch': 2.61}
{'loss': 5.7344, 'grad_norm': 1.3562071323394775, 'learning_rate': 4.102085278555867e-06, 'epoch': 2.62}
{'loss': 5.7219, 'grad_norm': 1.9534485340118408, 'learning_rate': 4.094304388422036e-06, 'epoch': 2.63}
{'loss': 5.7562, 'grad_norm': 1.5852432250976562, 'learning_rate': 4.086523498288205e-06, 'epoch': 2.65}
{'loss': 5.7094, 'grad_norm': 1.8659898042678833, 'learning_rate': 4.078742608154373e-06, 'epoch': 2.66}
{'loss': 5.7344, 'grad_norm': 1.7089786529541016, 'learning_rate': 4.070961718020542e-06, 'epoch': 2.68}
{'loss': 5.7031, 'grad_norm': 1.6820557117462158, 'learning_rate': 4.063180827886711e-06, 'epoch': 2.69}
{'loss': 5.7406, 'grad_norm': 1.6299810409545898, 'learning_rate': 4.055399937752879e-06, 'epoch': 2.7}
{'loss': 5.7438, 'grad_norm': 1.3080346584320068, 'learning_rate': 4.047619047619048e-06, 'epoch': 2.72}
{'loss': 5.7094, 'grad_norm': 1.3040837049484253, 'learning_rate': 4.039838157485217e-06, 'epoch': 2.73}
{'loss': 5.7156, 'grad_norm': 1.2872930765151978, 'learning_rate': 4.032057267351385e-06, 'epoch': 2.75}
{'loss': 5.7562, 'grad_norm': 1.827024221420288, 'learning_rate': 4.024276377217554e-06, 'epoch': 2.76}
{'loss': 5.7375, 'grad_norm': 1.326485514640808, 'learning_rate': 4.016495487083722e-06, 'epoch': 2.77}
{'loss': 5.6969, 'grad_norm': 1.2870581150054932, 'learning_rate': 4.008714596949892e-06, 'epoch': 2.79}
{'loss': 5.7125, 'grad_norm': 1.3314262628555298, 'learning_rate': 4.0009337068160605e-06, 'epoch': 2.8}
{'eval_loss': 5.74131965637207, 'eval_runtime': 6.7748, 'eval_samples_per_second': 710.726, 'eval_steps_per_second': 2.805, 'epoch': 2.8}
{'loss': 5.7188, 'grad_norm': 1.5280488729476929, 'learning_rate': 3.993152816682228e-06, 'epoch': 2.82}
{'loss': 5.6937, 'grad_norm': 1.5812186002731323, 'learning_rate': 3.985371926548398e-06, 'epoch': 2.83}
{'loss': 5.7094, 'grad_norm': 1.3680024147033691, 'learning_rate': 3.977591036414566e-06, 'epoch': 2.84}
{'loss': 5.65, 'grad_norm': 1.507941484451294, 'learning_rate': 3.9698101462807345e-06, 'epoch': 2.86}
{'loss': 5.7125, 'grad_norm': 1.9602864980697632, 'learning_rate': 3.962029256146904e-06, 'epoch': 2.87}
{'loss': 5.7156, 'grad_norm': 1.653301477432251, 'learning_rate': 3.954248366013072e-06, 'epoch': 2.89}
{'loss': 5.6875, 'grad_norm': 1.412255883216858, 'learning_rate': 3.946467475879241e-06, 'epoch': 2.9}
{'loss': 5.6781, 'grad_norm': 1.6173839569091797, 'learning_rate': 3.93868658574541e-06, 'epoch': 2.91}
{'loss': 5.6625, 'grad_norm': 1.6840999126434326, 'learning_rate': 3.930905695611578e-06, 'epoch': 2.93}
{'loss': 5.6625, 'grad_norm': 1.393735647201538, 'learning_rate': 3.923124805477747e-06, 'epoch': 2.94}
{'loss': 5.6719, 'grad_norm': 1.4802038669586182, 'learning_rate': 3.9153439153439155e-06, 'epoch': 2.96}
{'loss': 5.7, 'grad_norm': 1.8131941556930542, 'learning_rate': 3.907563025210084e-06, 'epoch': 2.97}
{'loss': 5.6406, 'grad_norm': 1.5255154371261597, 'learning_rate': 3.899782135076253e-06, 'epoch': 2.98}
{'loss': 5.6688, 'grad_norm': 1.672587513923645, 'learning_rate': 3.892001244942422e-06, 'epoch': 3.0}
{'loss': 5.6219, 'grad_norm': 1.371850848197937, 'learning_rate': 3.88422035480859e-06, 'epoch': 3.01}
{'loss': 5.6281, 'grad_norm': 2.06500506401062, 'learning_rate': 3.876439464674759e-06, 'epoch': 3.03}
{'loss': 5.6156, 'grad_norm': 1.56161630153656, 'learning_rate': 3.868658574540928e-06, 'epoch': 3.04}
{'loss': 5.6406, 'grad_norm': 1.3783668279647827, 'learning_rate': 3.8608776844070964e-06, 'epoch': 3.05}
{'loss': 5.6312, 'grad_norm': 1.7952619791030884, 'learning_rate': 3.853096794273265e-06, 'epoch': 3.07}
{'loss': 5.6, 'grad_norm': 1.528913974761963, 'learning_rate': 3.845315904139434e-06, 'epoch': 3.08}
{'eval_loss': 5.684895992279053, 'eval_runtime': 6.7539, 'eval_samples_per_second': 712.917, 'eval_steps_per_second': 2.813, 'epoch': 3.08}
{'loss': 5.6281, 'grad_norm': 1.7703402042388916, 'learning_rate': 3.8375350140056026e-06, 'epoch': 3.1}
{'loss': 5.6188, 'grad_norm': 1.4077495336532593, 'learning_rate': 3.829754123871771e-06, 'epoch': 3.11}
{'loss': 5.5938, 'grad_norm': 1.5465655326843262, 'learning_rate': 3.82197323373794e-06, 'epoch': 3.12}
{'loss': 5.6188, 'grad_norm': 1.4252989292144775, 'learning_rate': 3.8141923436041083e-06, 'epoch': 3.14}
{'loss': 5.6219, 'grad_norm': 1.5049431324005127, 'learning_rate': 3.8064114534702774e-06, 'epoch': 3.15}
{'loss': 5.6281, 'grad_norm': 1.3192236423492432, 'learning_rate': 3.798630563336446e-06, 'epoch': 3.17}
{'loss': 5.575, 'grad_norm': 1.3587219715118408, 'learning_rate': 3.7908496732026144e-06, 'epoch': 3.18}
{'loss': 5.6312, 'grad_norm': 1.5786759853363037, 'learning_rate': 3.7830687830687835e-06, 'epoch': 3.19}
{'loss': 5.6031, 'grad_norm': 2.1709933280944824, 'learning_rate': 3.775287892934952e-06, 'epoch': 3.21}
{'loss': 5.5781, 'grad_norm': 1.4175012111663818, 'learning_rate': 3.7675070028011205e-06, 'epoch': 3.22}
{'loss': 5.5875, 'grad_norm': 1.3957560062408447, 'learning_rate': 3.7597261126672896e-06, 'epoch': 3.24}
{'loss': 5.6031, 'grad_norm': 1.5799800157546997, 'learning_rate': 3.751945222533458e-06, 'epoch': 3.25}
{'loss': 5.5812, 'grad_norm': 1.695556879043579, 'learning_rate': 3.744164332399627e-06, 'epoch': 3.26}
{'loss': 5.6437, 'grad_norm': 2.1583685874938965, 'learning_rate': 3.7363834422657958e-06, 'epoch': 3.28}
{'loss': 5.6, 'grad_norm': 1.4751052856445312, 'learning_rate': 3.728602552131964e-06, 'epoch': 3.29}
{'loss': 5.6125, 'grad_norm': 1.6560826301574707, 'learning_rate': 3.720821661998133e-06, 'epoch': 3.31}
{'loss': 5.6125, 'grad_norm': 1.887303113937378, 'learning_rate': 3.7130407718643015e-06, 'epoch': 3.32}
{'loss': 5.6094, 'grad_norm': 1.7722171545028687, 'learning_rate': 3.70525988173047e-06, 'epoch': 3.33}
{'loss': 5.55, 'grad_norm': 1.709460973739624, 'learning_rate': 3.6974789915966393e-06, 'epoch': 3.35}
{'loss': 5.5344, 'grad_norm': 2.0214884281158447, 'learning_rate': 3.6896981014628076e-06, 'epoch': 3.36}
{'eval_loss': 5.635416507720947, 'eval_runtime': 6.7561, 'eval_samples_per_second': 712.691, 'eval_steps_per_second': 2.812, 'epoch': 3.36}
{'loss': 5.5656, 'grad_norm': 3.2434864044189453, 'learning_rate': 3.6819172113289763e-06, 'epoch': 3.38}
{'loss': 5.5812, 'grad_norm': 2.6385438442230225, 'learning_rate': 3.6741363211951454e-06, 'epoch': 3.39}
{'loss': 5.5625, 'grad_norm': 1.6721391677856445, 'learning_rate': 3.6663554310613137e-06, 'epoch': 3.4}
{'loss': 5.5344, 'grad_norm': 1.676207184791565, 'learning_rate': 3.6585745409274824e-06, 'epoch': 3.42}
{'loss': 5.5625, 'grad_norm': 1.5263022184371948, 'learning_rate': 3.6507936507936507e-06, 'epoch': 3.43}
{'loss': 5.6094, 'grad_norm': 1.4708516597747803, 'learning_rate': 3.64301276065982e-06, 'epoch': 3.45}
{'loss': 5.5938, 'grad_norm': 1.376067876815796, 'learning_rate': 3.6352318705259885e-06, 'epoch': 3.46}
{'loss': 5.5406, 'grad_norm': 1.8314855098724365, 'learning_rate': 3.6274509803921573e-06, 'epoch': 3.47}
{'loss': 5.5594, 'grad_norm': 2.339407444000244, 'learning_rate': 3.619670090258326e-06, 'epoch': 3.49}
{'loss': 5.5625, 'grad_norm': 1.6497043371200562, 'learning_rate': 3.6118892001244942e-06, 'epoch': 3.5}
{'loss': 5.5656, 'grad_norm': 1.8107655048370361, 'learning_rate': 3.6041083099906634e-06, 'epoch': 3.52}
{'loss': 5.5375, 'grad_norm': 1.3845386505126953, 'learning_rate': 3.596327419856832e-06, 'epoch': 3.53}
{'loss': 5.5344, 'grad_norm': 1.954674243927002, 'learning_rate': 3.5885465297230004e-06, 'epoch': 3.54}
{'loss': 5.5469, 'grad_norm': 1.2154722213745117, 'learning_rate': 3.5807656395891695e-06, 'epoch': 3.56}
{'loss': 5.5344, 'grad_norm': 1.3432292938232422, 'learning_rate': 3.572984749455338e-06, 'epoch': 3.57}
{'loss': 5.5531, 'grad_norm': 1.3556430339813232, 'learning_rate': 3.5652038593215065e-06, 'epoch': 3.59}
{'loss': 5.5406, 'grad_norm': 1.2859842777252197, 'learning_rate': 3.5574229691876756e-06, 'epoch': 3.6}
{'loss': 5.5531, 'grad_norm': 1.4321599006652832, 'learning_rate': 3.549642079053844e-06, 'epoch': 3.61}
{'loss': 5.5156, 'grad_norm': 1.7296603918075562, 'learning_rate': 3.5418611889200126e-06, 'epoch': 3.63}
{'loss': 5.5781, 'grad_norm': 1.922042965888977, 'learning_rate': 3.5340802987861818e-06, 'epoch': 3.64}
{'eval_loss': 5.591145992279053, 'eval_runtime': 6.7528, 'eval_samples_per_second': 713.036, 'eval_steps_per_second': 2.814, 'epoch': 3.64}
{'loss': 5.525, 'grad_norm': 1.8597840070724487, 'learning_rate': 3.52629940865235e-06, 'epoch': 3.66}
{'loss': 5.5156, 'grad_norm': 1.948202133178711, 'learning_rate': 3.5185185185185187e-06, 'epoch': 3.67}
{'loss': 5.4938, 'grad_norm': 1.4420303106307983, 'learning_rate': 3.510737628384687e-06, 'epoch': 3.68}
{'loss': 5.5281, 'grad_norm': 1.5869389772415161, 'learning_rate': 3.502956738250856e-06, 'epoch': 3.7}
{'loss': 5.5375, 'grad_norm': 1.5214167833328247, 'learning_rate': 3.495175848117025e-06, 'epoch': 3.71}
{'loss': 5.5469, 'grad_norm': 2.2368574142456055, 'learning_rate': 3.4873949579831936e-06, 'epoch': 3.73}
{'loss': 5.5156, 'grad_norm': 1.682629108428955, 'learning_rate': 3.4796140678493623e-06, 'epoch': 3.74}
{'loss': 5.5156, 'grad_norm': 2.2425434589385986, 'learning_rate': 3.471833177715531e-06, 'epoch': 3.75}
{'loss': 5.5156, 'grad_norm': 2.256314754486084, 'learning_rate': 3.4640522875816997e-06, 'epoch': 3.77}
{'loss': 5.5375, 'grad_norm': 1.820295810699463, 'learning_rate': 3.4562713974478684e-06, 'epoch': 3.78}
{'loss': 5.5062, 'grad_norm': 1.3828603029251099, 'learning_rate': 3.4484905073140367e-06, 'epoch': 3.8}
{'loss': 5.5531, 'grad_norm': 1.9498779773712158, 'learning_rate': 3.440709617180206e-06, 'epoch': 3.81}
{'loss': 5.525, 'grad_norm': 2.001490831375122, 'learning_rate': 3.4329287270463745e-06, 'epoch': 3.82}
{'loss': 5.5094, 'grad_norm': 1.2716070413589478, 'learning_rate': 3.425147836912543e-06, 'epoch': 3.84}
{'loss': 5.5, 'grad_norm': 1.6929750442504883, 'learning_rate': 3.417366946778712e-06, 'epoch': 3.85}
{'loss': 5.4688, 'grad_norm': 1.3594576120376587, 'learning_rate': 3.4095860566448802e-06, 'epoch': 3.87}
{'loss': 5.4813, 'grad_norm': 1.6493128538131714, 'learning_rate': 3.401805166511049e-06, 'epoch': 3.88}
{'loss': 5.4906, 'grad_norm': 1.7679113149642944, 'learning_rate': 3.394024276377218e-06, 'epoch': 3.89}
{'loss': 5.4844, 'grad_norm': 1.8925821781158447, 'learning_rate': 3.3862433862433864e-06, 'epoch': 3.91}
{'loss': 5.4938, 'grad_norm': 1.2981337308883667, 'learning_rate': 3.378462496109555e-06, 'epoch': 3.92}
{'eval_loss': 5.551215171813965, 'eval_runtime': 6.7512, 'eval_samples_per_second': 713.209, 'eval_steps_per_second': 2.814, 'epoch': 3.92}
{'loss': 5.4813, 'grad_norm': 1.4355014562606812, 'learning_rate': 3.370681605975724e-06, 'epoch': 3.94}
{'loss': 5.4938, 'grad_norm': 1.583504557609558, 'learning_rate': 3.3629007158418925e-06, 'epoch': 3.95}
{'loss': 5.4719, 'grad_norm': 1.612535834312439, 'learning_rate': 3.355119825708061e-06, 'epoch': 3.96}
{'loss': 5.4844, 'grad_norm': 1.4114158153533936, 'learning_rate': 3.34733893557423e-06, 'epoch': 3.98}
{'loss': 5.4938, 'grad_norm': 1.581780195236206, 'learning_rate': 3.3395580454403986e-06, 'epoch': 3.99}
{'loss': 5.4844, 'grad_norm': 2.6297404766082764, 'learning_rate': 3.3317771553065677e-06, 'epoch': 4.01}
{'loss': 5.4656, 'grad_norm': 2.3527228832244873, 'learning_rate': 3.323996265172736e-06, 'epoch': 4.02}
{'loss': 5.4625, 'grad_norm': 1.5140800476074219, 'learning_rate': 3.3162153750389047e-06, 'epoch': 4.03}
{'loss': 5.4562, 'grad_norm': 1.8598130941390991, 'learning_rate': 3.308434484905074e-06, 'epoch': 4.05}
{'loss': 5.475, 'grad_norm': 1.4620437622070312, 'learning_rate': 3.300653594771242e-06, 'epoch': 4.06}
{'loss': 5.4375, 'grad_norm': 1.4770076274871826, 'learning_rate': 3.292872704637411e-06, 'epoch': 4.08}
{'loss': 5.4844, 'grad_norm': 1.4090800285339355, 'learning_rate': 3.285091814503579e-06, 'epoch': 4.09}
{'loss': 5.425, 'grad_norm': 1.8107144832611084, 'learning_rate': 3.2773109243697483e-06, 'epoch': 4.1}
{'loss': 5.4375, 'grad_norm': 1.763123631477356, 'learning_rate': 3.269530034235917e-06, 'epoch': 4.12}
{'loss': 5.4344, 'grad_norm': 1.5448193550109863, 'learning_rate': 3.2617491441020853e-06, 'epoch': 4.13}
{'loss': 5.4344, 'grad_norm': 1.4255750179290771, 'learning_rate': 3.2539682539682544e-06, 'epoch': 4.15}
{'loss': 5.4594, 'grad_norm': 2.1014957427978516, 'learning_rate': 3.2461873638344227e-06, 'epoch': 4.16}
{'loss': 5.4188, 'grad_norm': 2.041201114654541, 'learning_rate': 3.2384064737005914e-06, 'epoch': 4.17}
{'loss': 5.45, 'grad_norm': 2.813659191131592, 'learning_rate': 3.2306255835667605e-06, 'epoch': 4.19}
{'loss': 5.4531, 'grad_norm': 1.404534935951233, 'learning_rate': 3.222844693432929e-06, 'epoch': 4.2}
{'eval_loss': 5.51649284362793, 'eval_runtime': 6.7802, 'eval_samples_per_second': 710.157, 'eval_steps_per_second': 2.802, 'epoch': 4.2}
{'loss': 5.4656, 'grad_norm': 1.4091306924819946, 'learning_rate': 3.2150638032990975e-06, 'epoch': 4.22}
{'loss': 5.4437, 'grad_norm': 1.4530285596847534, 'learning_rate': 3.2072829131652667e-06, 'epoch': 4.23}
{'loss': 5.4188, 'grad_norm': 1.4551523923873901, 'learning_rate': 3.199502023031435e-06, 'epoch': 4.24}
{'loss': 5.4, 'grad_norm': 1.440263271331787, 'learning_rate': 3.191721132897604e-06, 'epoch': 4.26}
{'loss': 5.4375, 'grad_norm': 2.104327440261841, 'learning_rate': 3.1839402427637724e-06, 'epoch': 4.27}
{'loss': 5.4, 'grad_norm': 2.0472288131713867, 'learning_rate': 3.176159352629941e-06, 'epoch': 4.29}
{'loss': 5.4094, 'grad_norm': 1.8138272762298584, 'learning_rate': 3.16837846249611e-06, 'epoch': 4.3}
{'loss': 5.3937, 'grad_norm': 2.017530918121338, 'learning_rate': 3.1605975723622785e-06, 'epoch': 4.31}
{'loss': 5.4281, 'grad_norm': 1.5825042724609375, 'learning_rate': 3.152816682228447e-06, 'epoch': 4.33}
{'loss': 5.425, 'grad_norm': 2.2751576900482178, 'learning_rate': 3.1450357920946155e-06, 'epoch': 4.34}
{'loss': 5.4219, 'grad_norm': 1.517650842666626, 'learning_rate': 3.1372549019607846e-06, 'epoch': 4.36}
{'loss': 5.4031, 'grad_norm': 1.5144187211990356, 'learning_rate': 3.1294740118269533e-06, 'epoch': 4.37}
{'loss': 5.4188, 'grad_norm': 1.4818637371063232, 'learning_rate': 3.1216931216931216e-06, 'epoch': 4.38}
{'loss': 5.4156, 'grad_norm': 1.8778706789016724, 'learning_rate': 3.1139122315592907e-06, 'epoch': 4.4}
{'loss': 5.4375, 'grad_norm': 1.8809247016906738, 'learning_rate': 3.1061313414254594e-06, 'epoch': 4.41}
{'loss': 5.425, 'grad_norm': 1.7790639400482178, 'learning_rate': 3.0983504512916277e-06, 'epoch': 4.43}
{'loss': 5.4188, 'grad_norm': 2.0924971103668213, 'learning_rate': 3.090569561157797e-06, 'epoch': 4.44}
{'loss': 5.4062, 'grad_norm': 1.8190182447433472, 'learning_rate': 3.082788671023965e-06, 'epoch': 4.45}
{'loss': 5.4188, 'grad_norm': 2.153367519378662, 'learning_rate': 3.0750077808901343e-06, 'epoch': 4.47}
{'loss': 5.4062, 'grad_norm': 1.39966881275177, 'learning_rate': 3.067226890756303e-06, 'epoch': 4.48}
{'eval_loss': 5.484375, 'eval_runtime': 6.7773, 'eval_samples_per_second': 710.464, 'eval_steps_per_second': 2.803, 'epoch': 4.48}
{'loss': 5.4125, 'grad_norm': 1.99333918094635, 'learning_rate': 3.0594460006224713e-06, 'epoch': 4.5}
{'loss': 5.4281, 'grad_norm': 1.7320177555084229, 'learning_rate': 3.0516651104886404e-06, 'epoch': 4.51}
{'loss': 5.4281, 'grad_norm': 1.4663095474243164, 'learning_rate': 3.0438842203548087e-06, 'epoch': 4.52}
{'loss': 5.4188, 'grad_norm': 2.062889337539673, 'learning_rate': 3.0361033302209774e-06, 'epoch': 4.54}
{'loss': 5.3563, 'grad_norm': 1.8673534393310547, 'learning_rate': 3.0283224400871465e-06, 'epoch': 4.55}
{'loss': 5.4094, 'grad_norm': 2.133782148361206, 'learning_rate': 3.020541549953315e-06, 'epoch': 4.57}
{'loss': 5.4062, 'grad_norm': 1.9427940845489502, 'learning_rate': 3.0127606598194835e-06, 'epoch': 4.58}
{'loss': 5.3969, 'grad_norm': 1.5935564041137695, 'learning_rate': 3.0049797696856526e-06, 'epoch': 4.59}
{'loss': 5.4125, 'grad_norm': 1.7578225135803223, 'learning_rate': 2.997198879551821e-06, 'epoch': 4.61}
{'loss': 5.3719, 'grad_norm': 2.057504415512085, 'learning_rate': 2.9894179894179896e-06, 'epoch': 4.62}
{'loss': 5.3781, 'grad_norm': 1.4310598373413086, 'learning_rate': 2.981637099284158e-06, 'epoch': 4.64}
{'loss': 5.3812, 'grad_norm': 1.4432685375213623, 'learning_rate': 2.973856209150327e-06, 'epoch': 4.65}
{'loss': 5.3969, 'grad_norm': 1.4536371231079102, 'learning_rate': 2.9660753190164958e-06, 'epoch': 4.66}
{'loss': 5.4062, 'grad_norm': 1.676440715789795, 'learning_rate': 2.9582944288826645e-06, 'epoch': 4.68}
{'loss': 5.3719, 'grad_norm': 2.1259665489196777, 'learning_rate': 2.950513538748833e-06, 'epoch': 4.69}
{'loss': 5.4062, 'grad_norm': 1.928048849105835, 'learning_rate': 2.942732648615002e-06, 'epoch': 4.71}
{'loss': 5.4219, 'grad_norm': 1.918848991394043, 'learning_rate': 2.9349517584811706e-06, 'epoch': 4.72}
{'loss': 5.4, 'grad_norm': 2.11289119720459, 'learning_rate': 2.9271708683473393e-06, 'epoch': 4.73}
{'loss': 5.3656, 'grad_norm': 1.4417136907577515, 'learning_rate': 2.9193899782135076e-06, 'epoch': 4.75}
{'loss': 5.3812, 'grad_norm': 2.1831700801849365, 'learning_rate': 2.9116090880796767e-06, 'epoch': 4.76}
{'eval_loss': 5.454861164093018, 'eval_runtime': 6.7805, 'eval_samples_per_second': 710.122, 'eval_steps_per_second': 2.802, 'epoch': 4.76}
{'loss': 5.3344, 'grad_norm': 1.4410088062286377, 'learning_rate': 2.9038281979458454e-06, 'epoch': 4.78}
{'loss': 5.3469, 'grad_norm': 1.9043207168579102, 'learning_rate': 2.8960473078120137e-06, 'epoch': 4.79}
{'loss': 5.3656, 'grad_norm': 1.4975403547286987, 'learning_rate': 2.888266417678183e-06, 'epoch': 4.8}
{'loss': 5.3812, 'grad_norm': 1.9598108530044556, 'learning_rate': 2.880485527544351e-06, 'epoch': 4.82}
{'loss': 5.3937, 'grad_norm': 2.172722339630127, 'learning_rate': 2.87270463741052e-06, 'epoch': 4.83}
{'loss': 5.425, 'grad_norm': 1.7432488203048706, 'learning_rate': 2.864923747276689e-06, 'epoch': 4.85}
{'loss': 5.3688, 'grad_norm': 1.496440052986145, 'learning_rate': 2.8571428571428573e-06, 'epoch': 4.86}
{'loss': 5.3531, 'grad_norm': 1.7643868923187256, 'learning_rate': 2.849361967009026e-06, 'epoch': 4.87}
{'loss': 5.3688, 'grad_norm': 1.9162636995315552, 'learning_rate': 2.841581076875195e-06, 'epoch': 4.89}
{'loss': 5.375, 'grad_norm': 1.621576189994812, 'learning_rate': 2.8338001867413634e-06, 'epoch': 4.9}
{'loss': 5.3937, 'grad_norm': 1.4436591863632202, 'learning_rate': 2.826019296607532e-06, 'epoch': 4.92}
{'loss': 5.3688, 'grad_norm': 1.5552128553390503, 'learning_rate': 2.818238406473701e-06, 'epoch': 4.93}
{'loss': 5.3531, 'grad_norm': 1.5709275007247925, 'learning_rate': 2.8104575163398695e-06, 'epoch': 4.94}
{'loss': 5.35, 'grad_norm': 1.3863877058029175, 'learning_rate': 2.8026766262060382e-06, 'epoch': 4.96}
{'loss': 5.375, 'grad_norm': 1.545267105102539, 'learning_rate': 2.794895736072207e-06, 'epoch': 4.97}
{'loss': 5.3344, 'grad_norm': 1.4627554416656494, 'learning_rate': 2.7871148459383756e-06, 'epoch': 4.99}
{'loss': 5.3563, 'grad_norm': 1.4613256454467773, 'learning_rate': 2.779333955804544e-06, 'epoch': 5.0}
{'loss': 5.3281, 'grad_norm': 3.4052460193634033, 'learning_rate': 2.771553065670713e-06, 'epoch': 5.01}
{'loss': 5.3594, 'grad_norm': 2.470461368560791, 'learning_rate': 2.7637721755368818e-06, 'epoch': 5.03}
{'loss': 5.3531, 'grad_norm': 1.7629802227020264, 'learning_rate': 2.75599128540305e-06, 'epoch': 5.04}
{'eval_loss': 5.4296875, 'eval_runtime': 6.7828, 'eval_samples_per_second': 709.88, 'eval_steps_per_second': 2.801, 'epoch': 5.04}
{'loss': 5.3281, 'grad_norm': 1.654758334159851, 'learning_rate': 2.748210395269219e-06, 'epoch': 5.06}
{'loss': 5.3469, 'grad_norm': 1.6343694925308228, 'learning_rate': 2.740429505135388e-06, 'epoch': 5.07}
{'loss': 5.3, 'grad_norm': 1.4951144456863403, 'learning_rate': 2.732648615001556e-06, 'epoch': 5.08}
{'loss': 5.3563, 'grad_norm': 1.884076714515686, 'learning_rate': 2.7248677248677253e-06, 'epoch': 5.1}
{'loss': 5.3094, 'grad_norm': 1.7672743797302246, 'learning_rate': 2.7170868347338936e-06, 'epoch': 5.11}
{'loss': 5.3156, 'grad_norm': 2.2270941734313965, 'learning_rate': 2.7093059446000623e-06, 'epoch': 5.13}
{'loss': 5.3344, 'grad_norm': 1.4836373329162598, 'learning_rate': 2.7015250544662314e-06, 'epoch': 5.14}
{'loss': 5.3219, 'grad_norm': 2.259131669998169, 'learning_rate': 2.6937441643323997e-06, 'epoch': 5.15}
{'loss': 5.3063, 'grad_norm': 1.6970082521438599, 'learning_rate': 2.6859632741985684e-06, 'epoch': 5.17}
{'loss': 5.3281, 'grad_norm': 1.6698498725891113, 'learning_rate': 2.678182384064737e-06, 'epoch': 5.18}
{'loss': 5.3219, 'grad_norm': 1.7135030031204224, 'learning_rate': 2.670401493930906e-06, 'epoch': 5.2}
{'loss': 5.3156, 'grad_norm': 2.1653597354888916, 'learning_rate': 2.662620603797075e-06, 'epoch': 5.21}
{'loss': 5.325, 'grad_norm': 1.4562208652496338, 'learning_rate': 2.6548397136632432e-06, 'epoch': 5.22}
{'loss': 5.2844, 'grad_norm': 1.4678326845169067, 'learning_rate': 2.647058823529412e-06, 'epoch': 5.24}
{'loss': 5.3344, 'grad_norm': 1.6401050090789795, 'learning_rate': 2.639277933395581e-06, 'epoch': 5.25}
{'loss': 5.3031, 'grad_norm': 1.891793131828308, 'learning_rate': 2.6314970432617494e-06, 'epoch': 5.27}
{'loss': 5.2812, 'grad_norm': 1.499874472618103, 'learning_rate': 2.623716153127918e-06, 'epoch': 5.28}
{'loss': 5.35, 'grad_norm': 1.4902079105377197, 'learning_rate': 2.6159352629940864e-06, 'epoch': 5.29}
{'loss': 5.3063, 'grad_norm': 1.933279037475586, 'learning_rate': 2.6081543728602555e-06, 'epoch': 5.31}
{'loss': 5.3031, 'grad_norm': 1.9182599782943726, 'learning_rate': 2.600373482726424e-06, 'epoch': 5.32}
{'eval_loss': 5.403645992279053, 'eval_runtime': 6.771, 'eval_samples_per_second': 711.12, 'eval_steps_per_second': 2.806, 'epoch': 5.32}
{'loss': 5.2562, 'grad_norm': 1.6448049545288086, 'learning_rate': 2.5925925925925925e-06, 'epoch': 5.34}
{'loss': 5.2781, 'grad_norm': 1.7764394283294678, 'learning_rate': 2.5848117024587616e-06, 'epoch': 5.35}
{'loss': 5.3094, 'grad_norm': 1.6815614700317383, 'learning_rate': 2.57703081232493e-06, 'epoch': 5.36}
{'loss': 5.2906, 'grad_norm': 2.0919346809387207, 'learning_rate': 2.5692499221910986e-06, 'epoch': 5.38}
{'loss': 5.3063, 'grad_norm': 1.803063154220581, 'learning_rate': 2.5614690320572677e-06, 'epoch': 5.39}
{'loss': 5.3187, 'grad_norm': 1.7354048490524292, 'learning_rate': 2.553688141923436e-06, 'epoch': 5.41}
{'loss': 5.2875, 'grad_norm': 1.9134705066680908, 'learning_rate': 2.545907251789605e-06, 'epoch': 5.42}
{'loss': 5.3219, 'grad_norm': 1.6337006092071533, 'learning_rate': 2.538126361655774e-06, 'epoch': 5.43}
{'loss': 5.2906, 'grad_norm': 2.1492700576782227, 'learning_rate': 2.530345471521942e-06, 'epoch': 5.45}
{'loss': 5.3156, 'grad_norm': 2.23370099067688, 'learning_rate': 2.5225645813881113e-06, 'epoch': 5.46}
{'loss': 5.2938, 'grad_norm': 1.7804406881332397, 'learning_rate': 2.5147836912542796e-06, 'epoch': 5.48}
{'loss': 5.3031, 'grad_norm': 1.5869964361190796, 'learning_rate': 2.5070028011204483e-06, 'epoch': 5.49}
{'loss': 5.2687, 'grad_norm': 1.5718271732330322, 'learning_rate': 2.499221910986617e-06, 'epoch': 5.5}
{'loss': 5.2875, 'grad_norm': 1.612723708152771, 'learning_rate': 2.4914410208527857e-06, 'epoch': 5.52}
{'loss': 5.2781, 'grad_norm': 1.5799578428268433, 'learning_rate': 2.4836601307189544e-06, 'epoch': 5.53}
{'loss': 5.2812, 'grad_norm': 1.5604912042617798, 'learning_rate': 2.475879240585123e-06, 'epoch': 5.55}
{'loss': 5.2938, 'grad_norm': 1.7051608562469482, 'learning_rate': 2.468098350451292e-06, 'epoch': 5.56}
{'loss': 5.2844, 'grad_norm': 1.5782701969146729, 'learning_rate': 2.4603174603174605e-06, 'epoch': 5.57}
{'loss': 5.2781, 'grad_norm': 1.8726993799209595, 'learning_rate': 2.4525365701836292e-06, 'epoch': 5.59}
{'loss': 5.3031, 'grad_norm': 1.7675634622573853, 'learning_rate': 2.444755680049798e-06, 'epoch': 5.6}
{'eval_loss': 5.38368034362793, 'eval_runtime': 6.7633, 'eval_samples_per_second': 711.927, 'eval_steps_per_second': 2.809, 'epoch': 5.6}
{'loss': 5.275, 'grad_norm': 2.052156925201416, 'learning_rate': 2.4369747899159667e-06, 'epoch': 5.62}
{'loss': 5.2812, 'grad_norm': 1.9187109470367432, 'learning_rate': 2.4291938997821354e-06, 'epoch': 5.63}
{'loss': 5.2812, 'grad_norm': 1.597975254058838, 'learning_rate': 2.421413009648304e-06, 'epoch': 5.64}
{'loss': 5.2812, 'grad_norm': 1.7376985549926758, 'learning_rate': 2.4136321195144728e-06, 'epoch': 5.66}
{'loss': 5.3, 'grad_norm': 1.985266923904419, 'learning_rate': 2.4058512293806415e-06, 'epoch': 5.67}
{'loss': 5.2906, 'grad_norm': 1.43514883518219, 'learning_rate': 2.3980703392468098e-06, 'epoch': 5.69}
{'loss': 5.3156, 'grad_norm': 1.7718459367752075, 'learning_rate': 2.390289449112979e-06, 'epoch': 5.7}
{'loss': 5.3031, 'grad_norm': 1.8228040933609009, 'learning_rate': 2.3825085589791476e-06, 'epoch': 5.71}
{'loss': 5.2906, 'grad_norm': 1.4423420429229736, 'learning_rate': 2.374727668845316e-06, 'epoch': 5.73}
{'loss': 5.2875, 'grad_norm': 1.5621347427368164, 'learning_rate': 2.3669467787114846e-06, 'epoch': 5.74}
{'loss': 5.2844, 'grad_norm': 2.0164506435394287, 'learning_rate': 2.3591658885776537e-06, 'epoch': 5.76}
{'loss': 5.2969, 'grad_norm': 1.4496021270751953, 'learning_rate': 2.351384998443822e-06, 'epoch': 5.77}
{'loss': 5.3, 'grad_norm': 1.5106016397476196, 'learning_rate': 2.3436041083099907e-06, 'epoch': 5.78}
{'loss': 5.2969, 'grad_norm': 1.720383882522583, 'learning_rate': 2.3358232181761594e-06, 'epoch': 5.8}
{'loss': 5.2687, 'grad_norm': 1.55325186252594, 'learning_rate': 2.328042328042328e-06, 'epoch': 5.81}
{'loss': 5.2812, 'grad_norm': 1.6168767213821411, 'learning_rate': 2.320261437908497e-06, 'epoch': 5.83}
{'loss': 5.2781, 'grad_norm': 1.6260267496109009, 'learning_rate': 2.3124805477746656e-06, 'epoch': 5.84}
{'loss': 5.2906, 'grad_norm': 1.4659911394119263, 'learning_rate': 2.3046996576408343e-06, 'epoch': 5.85}
{'loss': 5.2375, 'grad_norm': 1.5563480854034424, 'learning_rate': 2.296918767507003e-06, 'epoch': 5.87}
{'loss': 5.2438, 'grad_norm': 1.5391433238983154, 'learning_rate': 2.2891378773731717e-06, 'epoch': 5.88}
{'eval_loss': 5.359375, 'eval_runtime': 6.79, 'eval_samples_per_second': 709.127, 'eval_steps_per_second': 2.798, 'epoch': 5.88}
{'loss': 5.2687, 'grad_norm': 1.811264157295227, 'learning_rate': 2.2813569872393404e-06, 'epoch': 5.9}
{'loss': 5.275, 'grad_norm': 1.8201754093170166, 'learning_rate': 2.273576097105509e-06, 'epoch': 5.91}
{'loss': 5.2625, 'grad_norm': 1.8707144260406494, 'learning_rate': 2.265795206971678e-06, 'epoch': 5.92}
{'loss': 5.2562, 'grad_norm': 1.6283315420150757, 'learning_rate': 2.2580143168378465e-06, 'epoch': 5.94}
{'loss': 5.2844, 'grad_norm': 2.2222039699554443, 'learning_rate': 2.2502334267040152e-06, 'epoch': 5.95}
{'loss': 5.2469, 'grad_norm': 2.153510332107544, 'learning_rate': 2.242452536570184e-06, 'epoch': 5.97}
{'loss': 5.2438, 'grad_norm': 1.458613395690918, 'learning_rate': 2.2346716464363522e-06, 'epoch': 5.98}
{'loss': 5.2906, 'grad_norm': 1.869847059249878, 'learning_rate': 2.2268907563025214e-06, 'epoch': 5.99}
{'loss': 5.2313, 'grad_norm': 1.5694152116775513, 'learning_rate': 2.21910986616869e-06, 'epoch': 6.01}
{'loss': 5.2469, 'grad_norm': 1.9514724016189575, 'learning_rate': 2.2113289760348588e-06, 'epoch': 6.02}
{'loss': 5.2281, 'grad_norm': 1.6273056268692017, 'learning_rate': 2.203548085901027e-06, 'epoch': 6.04}
{'loss': 5.2156, 'grad_norm': 1.5762865543365479, 'learning_rate': 2.1957671957671958e-06, 'epoch': 6.05}
{'loss': 5.2438, 'grad_norm': 1.8104914426803589, 'learning_rate': 2.187986305633365e-06, 'epoch': 6.06}
{'loss': 5.2, 'grad_norm': 1.9329121112823486, 'learning_rate': 2.180205415499533e-06, 'epoch': 6.08}
{'loss': 5.2687, 'grad_norm': 1.7670913934707642, 'learning_rate': 2.172424525365702e-06, 'epoch': 6.09}
{'loss': 5.225, 'grad_norm': 1.6061475276947021, 'learning_rate': 2.1646436352318706e-06, 'epoch': 6.11}
{'loss': 5.2094, 'grad_norm': 2.036813259124756, 'learning_rate': 2.1568627450980393e-06, 'epoch': 6.12}
{'loss': 5.2344, 'grad_norm': 1.5914013385772705, 'learning_rate': 2.149081854964208e-06, 'epoch': 6.13}
{'loss': 5.1969, 'grad_norm': 1.7698103189468384, 'learning_rate': 2.1413009648303767e-06, 'epoch': 6.15}
{'loss': 5.2156, 'grad_norm': 1.6584199666976929, 'learning_rate': 2.1335200746965454e-06, 'epoch': 6.16}
{'eval_loss': 5.340277671813965, 'eval_runtime': 6.7689, 'eval_samples_per_second': 711.342, 'eval_steps_per_second': 2.807, 'epoch': 6.16}
{'loss': 5.2281, 'grad_norm': 1.9904423952102661, 'learning_rate': 2.125739184562714e-06, 'epoch': 6.18}
{'loss': 5.175, 'grad_norm': 2.2083282470703125, 'learning_rate': 2.117958294428883e-06, 'epoch': 6.19}
{'loss': 5.2469, 'grad_norm': 2.276592254638672, 'learning_rate': 2.1101774042950516e-06, 'epoch': 6.2}
{'loss': 5.2, 'grad_norm': 2.153935194015503, 'learning_rate': 2.1023965141612203e-06, 'epoch': 6.22}
{'loss': 5.2156, 'grad_norm': 1.6017029285430908, 'learning_rate': 2.094615624027389e-06, 'epoch': 6.23}
{'loss': 5.2656, 'grad_norm': 1.8037934303283691, 'learning_rate': 2.0868347338935577e-06, 'epoch': 6.25}
{'loss': 5.2125, 'grad_norm': 1.920141339302063, 'learning_rate': 2.0790538437597264e-06, 'epoch': 6.26}
{'loss': 5.2313, 'grad_norm': 1.8667036294937134, 'learning_rate': 2.071272953625895e-06, 'epoch': 6.27}
{'loss': 5.2, 'grad_norm': 1.6879328489303589, 'learning_rate': 2.0634920634920634e-06, 'epoch': 6.29}
{'loss': 5.2156, 'grad_norm': 1.6116224527359009, 'learning_rate': 2.0557111733582325e-06, 'epoch': 6.3}
{'loss': 5.2219, 'grad_norm': 1.6682496070861816, 'learning_rate': 2.0479302832244012e-06, 'epoch': 6.32}
{'loss': 5.2438, 'grad_norm': 1.5797122716903687, 'learning_rate': 2.0401493930905695e-06, 'epoch': 6.33}
{'loss': 5.2531, 'grad_norm': 1.712045431137085, 'learning_rate': 2.0323685029567382e-06, 'epoch': 6.34}
{'loss': 5.2031, 'grad_norm': 1.7685444355010986, 'learning_rate': 2.0245876128229074e-06, 'epoch': 6.36}
{'loss': 5.2281, 'grad_norm': 1.6191060543060303, 'learning_rate': 2.0168067226890756e-06, 'epoch': 6.37}
{'loss': 5.1906, 'grad_norm': 1.664283275604248, 'learning_rate': 2.0090258325552443e-06, 'epoch': 6.39}
{'loss': 5.2687, 'grad_norm': 1.6920580863952637, 'learning_rate': 2.001244942421413e-06, 'epoch': 6.4}
{'loss': 5.2156, 'grad_norm': 1.4953640699386597, 'learning_rate': 1.993464052287582e-06, 'epoch': 6.41}
{'loss': 5.2094, 'grad_norm': 1.859952449798584, 'learning_rate': 1.9856831621537505e-06, 'epoch': 6.43}
{'loss': 5.1937, 'grad_norm': 1.5076065063476562, 'learning_rate': 1.977902272019919e-06, 'epoch': 6.44}
{'eval_loss': 5.326388835906982, 'eval_runtime': 6.7787, 'eval_samples_per_second': 710.315, 'eval_steps_per_second': 2.803, 'epoch': 6.44}
{'loss': 5.2281, 'grad_norm': 1.932957649230957, 'learning_rate': 1.970121381886088e-06, 'epoch': 6.46}
{'loss': 5.2562, 'grad_norm': 2.1906566619873047, 'learning_rate': 1.9623404917522566e-06, 'epoch': 6.47}
{'loss': 5.2094, 'grad_norm': 1.5739119052886963, 'learning_rate': 1.9545596016184253e-06, 'epoch': 6.48}
{'loss': 5.1937, 'grad_norm': 2.095308780670166, 'learning_rate': 1.946778711484594e-06, 'epoch': 6.5}
{'loss': 5.2031, 'grad_norm': 1.62464439868927, 'learning_rate': 1.9389978213507627e-06, 'epoch': 6.51}
{'loss': 5.1906, 'grad_norm': 1.5952677726745605, 'learning_rate': 1.9312169312169314e-06, 'epoch': 6.53}
{'loss': 5.2156, 'grad_norm': 2.147273302078247, 'learning_rate': 1.9234360410831e-06, 'epoch': 6.54}
{'loss': 5.2125, 'grad_norm': 1.7452071905136108, 'learning_rate': 1.915655150949269e-06, 'epoch': 6.55}
{'loss': 5.2188, 'grad_norm': 1.5033546686172485, 'learning_rate': 1.9078742608154376e-06, 'epoch': 6.57}
{'loss': 5.1813, 'grad_norm': 1.5485920906066895, 'learning_rate': 1.900093370681606e-06, 'epoch': 6.58}
{'loss': 5.1969, 'grad_norm': 1.677068829536438, 'learning_rate': 1.892312480547775e-06, 'epoch': 6.6}
{'loss': 5.1937, 'grad_norm': 1.5592387914657593, 'learning_rate': 1.8845315904139435e-06, 'epoch': 6.61}
{'loss': 5.225, 'grad_norm': 1.635770559310913, 'learning_rate': 1.8767507002801122e-06, 'epoch': 6.62}
{'loss': 5.2062, 'grad_norm': 1.574822187423706, 'learning_rate': 1.8689698101462809e-06, 'epoch': 6.64}
{'loss': 5.2062, 'grad_norm': 1.5294233560562134, 'learning_rate': 1.8611889200124494e-06, 'epoch': 6.65}
{'loss': 5.1844, 'grad_norm': 1.4300956726074219, 'learning_rate': 1.8534080298786183e-06, 'epoch': 6.67}
{'loss': 5.2094, 'grad_norm': 1.869278907775879, 'learning_rate': 1.845627139744787e-06, 'epoch': 6.68}
{'loss': 5.1719, 'grad_norm': 1.5462654829025269, 'learning_rate': 1.8378462496109555e-06, 'epoch': 6.69}
{'loss': 5.2219, 'grad_norm': 1.8915296792984009, 'learning_rate': 1.8300653594771242e-06, 'epoch': 6.71}
{'loss': 5.1937, 'grad_norm': 1.637277364730835, 'learning_rate': 1.8222844693432931e-06, 'epoch': 6.72}
{'eval_loss': 5.308159828186035, 'eval_runtime': 6.7887, 'eval_samples_per_second': 709.266, 'eval_steps_per_second': 2.799, 'epoch': 6.72}
{'loss': 5.1906, 'grad_norm': 1.6143778562545776, 'learning_rate': 1.8145035792094618e-06, 'epoch': 6.74}
{'loss': 5.2156, 'grad_norm': 1.5586328506469727, 'learning_rate': 1.8067226890756303e-06, 'epoch': 6.75}
{'loss': 5.2031, 'grad_norm': 1.7761403322219849, 'learning_rate': 1.798941798941799e-06, 'epoch': 6.76}
{'loss': 5.2156, 'grad_norm': 1.826842188835144, 'learning_rate': 1.791160908807968e-06, 'epoch': 6.78}
{'loss': 5.1969, 'grad_norm': 1.9824379682540894, 'learning_rate': 1.7833800186741365e-06, 'epoch': 6.79}
{'loss': 5.2125, 'grad_norm': 1.4814177751541138, 'learning_rate': 1.7755991285403052e-06, 'epoch': 6.81}
{'loss': 5.2344, 'grad_norm': 2.136493682861328, 'learning_rate': 1.7678182384064737e-06, 'epoch': 6.82}
{'loss': 5.175, 'grad_norm': 1.5994815826416016, 'learning_rate': 1.7600373482726426e-06, 'epoch': 6.83}
{'loss': 5.1781, 'grad_norm': 1.7937421798706055, 'learning_rate': 1.7522564581388113e-06, 'epoch': 6.85}
{'loss': 5.1719, 'grad_norm': 1.5464608669281006, 'learning_rate': 1.74447556800498e-06, 'epoch': 6.86}
{'loss': 5.225, 'grad_norm': 1.7055755853652954, 'learning_rate': 1.7366946778711485e-06, 'epoch': 6.88}
{'loss': 5.2219, 'grad_norm': 1.6923848390579224, 'learning_rate': 1.7289137877373172e-06, 'epoch': 6.89}
{'loss': 5.2, 'grad_norm': 1.5831986665725708, 'learning_rate': 1.7211328976034861e-06, 'epoch': 6.9}
{'loss': 5.2281, 'grad_norm': 1.8534904718399048, 'learning_rate': 1.7133520074696546e-06, 'epoch': 6.92}
{'loss': 5.2, 'grad_norm': 1.4999942779541016, 'learning_rate': 1.7055711173358233e-06, 'epoch': 6.93}
{'loss': 5.1688, 'grad_norm': 1.7254985570907593, 'learning_rate': 1.697790227201992e-06, 'epoch': 6.95}
{'loss': 5.1937, 'grad_norm': 1.554919958114624, 'learning_rate': 1.6900093370681607e-06, 'epoch': 6.96}
{'loss': 5.1781, 'grad_norm': 1.4669468402862549, 'learning_rate': 1.6822284469343295e-06, 'epoch': 6.97}
{'loss': 5.1969, 'grad_norm': 1.5883594751358032, 'learning_rate': 1.6744475568004982e-06, 'epoch': 6.99}
{'loss': 5.2375, 'grad_norm': 1.6909220218658447, 'learning_rate': 1.6666666666666667e-06, 'epoch': 7.0}
{'eval_loss': 5.293402671813965, 'eval_runtime': 6.7995, 'eval_samples_per_second': 708.136, 'eval_steps_per_second': 2.794, 'epoch': 7.0}
{'loss': 5.1844, 'grad_norm': 1.5430407524108887, 'learning_rate': 1.6588857765328356e-06, 'epoch': 7.02}
{'loss': 5.1562, 'grad_norm': 1.6961122751235962, 'learning_rate': 1.6511048863990043e-06, 'epoch': 7.03}
{'loss': 5.1312, 'grad_norm': 2.059967279434204, 'learning_rate': 1.6433239962651728e-06, 'epoch': 7.04}
{'loss': 5.125, 'grad_norm': 1.9107900857925415, 'learning_rate': 1.6355431061313415e-06, 'epoch': 7.06}
{'loss': 5.1781, 'grad_norm': 2.3170506954193115, 'learning_rate': 1.6277622159975104e-06, 'epoch': 7.07}
{'loss': 5.1969, 'grad_norm': 1.6584244966506958, 'learning_rate': 1.619981325863679e-06, 'epoch': 7.09}
{'loss': 5.1719, 'grad_norm': 1.5474931001663208, 'learning_rate': 1.6122004357298476e-06, 'epoch': 7.1}
{'loss': 5.1688, 'grad_norm': 1.755996584892273, 'learning_rate': 1.6044195455960163e-06, 'epoch': 7.11}
{'loss': 5.2031, 'grad_norm': 2.155777931213379, 'learning_rate': 1.5966386554621848e-06, 'epoch': 7.13}
{'loss': 5.1719, 'grad_norm': 1.7573962211608887, 'learning_rate': 1.5888577653283537e-06, 'epoch': 7.14}
{'loss': 5.1375, 'grad_norm': 2.166994333267212, 'learning_rate': 1.5810768751945225e-06, 'epoch': 7.16}
{'loss': 5.1656, 'grad_norm': 2.1355724334716797, 'learning_rate': 1.573295985060691e-06, 'epoch': 7.17}
{'loss': 5.1562, 'grad_norm': 1.6884679794311523, 'learning_rate': 1.5655150949268597e-06, 'epoch': 7.18}
{'loss': 5.1562, 'grad_norm': 1.8129767179489136, 'learning_rate': 1.5577342047930286e-06, 'epoch': 7.2}
{'loss': 5.175, 'grad_norm': 1.7189679145812988, 'learning_rate': 1.5499533146591973e-06, 'epoch': 7.21}
{'loss': 5.1656, 'grad_norm': 1.6019848585128784, 'learning_rate': 1.5421724245253658e-06, 'epoch': 7.23}
{'loss': 5.1719, 'grad_norm': 1.550368309020996, 'learning_rate': 1.5343915343915345e-06, 'epoch': 7.24}
{'loss': 5.1406, 'grad_norm': 1.7339706420898438, 'learning_rate': 1.5266106442577034e-06, 'epoch': 7.25}
{'loss': 5.1625, 'grad_norm': 1.759103536605835, 'learning_rate': 1.518829754123872e-06, 'epoch': 7.27}
{'loss': 5.1844, 'grad_norm': 1.5787851810455322, 'learning_rate': 1.5110488639900406e-06, 'epoch': 7.28}
{'eval_loss': 5.28211784362793, 'eval_runtime': 6.7831, 'eval_samples_per_second': 709.857, 'eval_steps_per_second': 2.801, 'epoch': 7.28}
{'loss': 5.1875, 'grad_norm': 2.014193534851074, 'learning_rate': 1.5032679738562091e-06, 'epoch': 7.3}
{'loss': 5.1625, 'grad_norm': 1.5952893495559692, 'learning_rate': 1.4954870837223778e-06, 'epoch': 7.31}
{'loss': 5.1344, 'grad_norm': 1.9026089906692505, 'learning_rate': 1.4877061935885467e-06, 'epoch': 7.32}
{'loss': 5.1937, 'grad_norm': 1.642622470855713, 'learning_rate': 1.4799253034547154e-06, 'epoch': 7.34}
{'loss': 5.1844, 'grad_norm': 1.7641079425811768, 'learning_rate': 1.472144413320884e-06, 'epoch': 7.35}
{'loss': 5.1219, 'grad_norm': 1.6837772130966187, 'learning_rate': 1.4643635231870527e-06, 'epoch': 7.37}
{'loss': 5.1875, 'grad_norm': 1.900375247001648, 'learning_rate': 1.4565826330532216e-06, 'epoch': 7.38}
{'loss': 5.1844, 'grad_norm': 1.5314645767211914, 'learning_rate': 1.44880174291939e-06, 'epoch': 7.39}
{'loss': 5.1594, 'grad_norm': 1.6443461179733276, 'learning_rate': 1.4410208527855588e-06, 'epoch': 7.41}
{'loss': 5.1531, 'grad_norm': 1.779503583908081, 'learning_rate': 1.4332399626517273e-06, 'epoch': 7.42}
{'loss': 5.15, 'grad_norm': 1.7992068529129028, 'learning_rate': 1.4254590725178962e-06, 'epoch': 7.44}
{'loss': 5.1562, 'grad_norm': 1.7413113117218018, 'learning_rate': 1.417678182384065e-06, 'epoch': 7.45}
{'loss': 5.1094, 'grad_norm': 2.1182262897491455, 'learning_rate': 1.4098972922502336e-06, 'epoch': 7.46}
{'loss': 5.1406, 'grad_norm': 1.6569020748138428, 'learning_rate': 1.4021164021164021e-06, 'epoch': 7.48}
{'loss': 5.1656, 'grad_norm': 1.5672581195831299, 'learning_rate': 1.394335511982571e-06, 'epoch': 7.49}
{'loss': 5.1344, 'grad_norm': 1.6592885255813599, 'learning_rate': 1.3865546218487397e-06, 'epoch': 7.51}
{'loss': 5.1437, 'grad_norm': 1.6253420114517212, 'learning_rate': 1.3787737317149082e-06, 'epoch': 7.52}
{'loss': 5.1719, 'grad_norm': 2.410140037536621, 'learning_rate': 1.370992841581077e-06, 'epoch': 7.54}
{'loss': 5.1594, 'grad_norm': 1.8241633176803589, 'learning_rate': 1.3632119514472457e-06, 'epoch': 7.55}
{'loss': 5.1844, 'grad_norm': 1.5570151805877686, 'learning_rate': 1.3554310613134144e-06, 'epoch': 7.56}
{'eval_loss': 5.268229007720947, 'eval_runtime': 6.7873, 'eval_samples_per_second': 709.415, 'eval_steps_per_second': 2.799, 'epoch': 7.56}
{'loss': 5.1875, 'grad_norm': 1.725998878479004, 'learning_rate': 1.347650171179583e-06, 'epoch': 7.58}
{'loss': 5.1281, 'grad_norm': 1.670939564704895, 'learning_rate': 1.3398692810457518e-06, 'epoch': 7.59}
{'loss': 5.1437, 'grad_norm': 1.5470855236053467, 'learning_rate': 1.3320883909119203e-06, 'epoch': 7.61}
{'loss': 5.1469, 'grad_norm': 2.0026650428771973, 'learning_rate': 1.3243075007780892e-06, 'epoch': 7.62}
{'loss': 5.1562, 'grad_norm': 1.7251462936401367, 'learning_rate': 1.316526610644258e-06, 'epoch': 7.63}
{'loss': 5.1531, 'grad_norm': 1.7349143028259277, 'learning_rate': 1.3087457205104264e-06, 'epoch': 7.65}
{'loss': 5.1531, 'grad_norm': 1.4869530200958252, 'learning_rate': 1.300964830376595e-06, 'epoch': 7.66}
{'loss': 5.1406, 'grad_norm': 1.679678201675415, 'learning_rate': 1.293183940242764e-06, 'epoch': 7.68}
{'loss': 5.15, 'grad_norm': 1.5808528661727905, 'learning_rate': 1.2854030501089325e-06, 'epoch': 7.69}
{'loss': 5.1437, 'grad_norm': 1.5356703996658325, 'learning_rate': 1.2776221599751012e-06, 'epoch': 7.7}
{'loss': 5.1312, 'grad_norm': 1.6624614000320435, 'learning_rate': 1.26984126984127e-06, 'epoch': 7.72}
{'loss': 5.0938, 'grad_norm': 1.688293218612671, 'learning_rate': 1.2620603797074384e-06, 'epoch': 7.73}
{'loss': 5.1531, 'grad_norm': 1.590700387954712, 'learning_rate': 1.2542794895736074e-06, 'epoch': 7.75}
{'loss': 5.1219, 'grad_norm': 1.7174752950668335, 'learning_rate': 1.246498599439776e-06, 'epoch': 7.76}
{'loss': 5.1469, 'grad_norm': 1.5218881368637085, 'learning_rate': 1.2387177093059446e-06, 'epoch': 7.77}
{'loss': 5.1562, 'grad_norm': 1.485176682472229, 'learning_rate': 1.2309368191721135e-06, 'epoch': 7.79}
{'loss': 5.1281, 'grad_norm': 1.7202268838882446, 'learning_rate': 1.223155929038282e-06, 'epoch': 7.8}
{'loss': 5.1375, 'grad_norm': 1.6410374641418457, 'learning_rate': 1.215375038904451e-06, 'epoch': 7.82}
{'loss': 5.1344, 'grad_norm': 1.6714900732040405, 'learning_rate': 1.2075941487706194e-06, 'epoch': 7.83}
{'loss': 5.1063, 'grad_norm': 1.634561538696289, 'learning_rate': 1.199813258636788e-06, 'epoch': 7.84}
{'eval_loss': 5.260416507720947, 'eval_runtime': 6.7941, 'eval_samples_per_second': 708.705, 'eval_steps_per_second': 2.797, 'epoch': 7.84}
{'loss': 5.1312, 'grad_norm': 1.6821058988571167, 'learning_rate': 1.1920323685029568e-06, 'epoch': 7.86}
{'loss': 5.1562, 'grad_norm': 1.6409770250320435, 'learning_rate': 1.1842514783691255e-06, 'epoch': 7.87}
{'loss': 5.1531, 'grad_norm': 1.588059663772583, 'learning_rate': 1.1764705882352942e-06, 'epoch': 7.89}
{'loss': 5.0719, 'grad_norm': 1.5837410688400269, 'learning_rate': 1.168689698101463e-06, 'epoch': 7.9}
{'loss': 5.125, 'grad_norm': 1.5678342580795288, 'learning_rate': 1.1609088079676316e-06, 'epoch': 7.91}
{'loss': 5.1437, 'grad_norm': 1.5697699785232544, 'learning_rate': 1.1531279178338004e-06, 'epoch': 7.93}
{'loss': 5.1219, 'grad_norm': 1.711618423461914, 'learning_rate': 1.145347027699969e-06, 'epoch': 7.94}
{'loss': 5.1594, 'grad_norm': 1.7183542251586914, 'learning_rate': 1.1375661375661376e-06, 'epoch': 7.96}
{'loss': 5.1125, 'grad_norm': 2.3993113040924072, 'learning_rate': 1.1297852474323063e-06, 'epoch': 7.97}
{'loss': 5.1437, 'grad_norm': 1.6237190961837769, 'learning_rate': 1.122004357298475e-06, 'epoch': 7.98}
{'loss': 5.1375, 'grad_norm': 1.5661303997039795, 'learning_rate': 1.1142234671646437e-06, 'epoch': 8.0}
{'loss': 5.125, 'grad_norm': 1.8814069032669067, 'learning_rate': 1.1064425770308124e-06, 'epoch': 8.01}
{'loss': 5.1, 'grad_norm': 1.7839242219924927, 'learning_rate': 1.098661686896981e-06, 'epoch': 8.03}
{'loss': 5.1531, 'grad_norm': 1.950502872467041, 'learning_rate': 1.0908807967631498e-06, 'epoch': 8.04}
{'loss': 5.1281, 'grad_norm': 1.6293866634368896, 'learning_rate': 1.0830999066293185e-06, 'epoch': 8.05}
{'loss': 5.1156, 'grad_norm': 1.775679111480713, 'learning_rate': 1.0753190164954872e-06, 'epoch': 8.07}
{'loss': 5.0938, 'grad_norm': 1.4692918062210083, 'learning_rate': 1.067538126361656e-06, 'epoch': 8.08}
{'loss': 5.1094, 'grad_norm': 1.6032233238220215, 'learning_rate': 1.0597572362278244e-06, 'epoch': 8.1}
{'loss': 5.125, 'grad_norm': 1.5137120485305786, 'learning_rate': 1.0519763460939933e-06, 'epoch': 8.11}
{'loss': 5.1406, 'grad_norm': 1.5509968996047974, 'learning_rate': 1.0441954559601618e-06, 'epoch': 8.12}
{'eval_loss': 5.251736164093018, 'eval_runtime': 6.7818, 'eval_samples_per_second': 709.992, 'eval_steps_per_second': 2.802, 'epoch': 8.12}
{'loss': 5.0875, 'grad_norm': 1.9048250913619995, 'learning_rate': 1.0364145658263308e-06, 'epoch': 8.14}
{'loss': 5.1063, 'grad_norm': 1.5792241096496582, 'learning_rate': 1.0286336756924993e-06, 'epoch': 8.15}
{'loss': 5.1, 'grad_norm': 1.6477298736572266, 'learning_rate': 1.020852785558668e-06, 'epoch': 8.17}
{'loss': 5.1094, 'grad_norm': 1.7631479501724243, 'learning_rate': 1.0130718954248367e-06, 'epoch': 8.18}
{'loss': 5.1406, 'grad_norm': 1.9153553247451782, 'learning_rate': 1.0052910052910054e-06, 'epoch': 8.19}
{'loss': 5.1219, 'grad_norm': 1.6558681726455688, 'learning_rate': 9.97510115157174e-07, 'epoch': 8.21}
{'loss': 5.1312, 'grad_norm': 1.6304301023483276, 'learning_rate': 9.897292250233428e-07, 'epoch': 8.22}
{'loss': 5.1188, 'grad_norm': 1.5649036169052124, 'learning_rate': 9.819483348895115e-07, 'epoch': 8.24}
{'loss': 5.0906, 'grad_norm': 1.915303349494934, 'learning_rate': 9.7416744475568e-07, 'epoch': 8.25}
{'loss': 5.1469, 'grad_norm': 1.6567118167877197, 'learning_rate': 9.66386554621849e-07, 'epoch': 8.26}
{'loss': 5.1063, 'grad_norm': 1.6085678339004517, 'learning_rate': 9.586056644880174e-07, 'epoch': 8.28}
{'loss': 5.1125, 'grad_norm': 1.566239356994629, 'learning_rate': 9.508247743541862e-07, 'epoch': 8.29}
{'loss': 5.125, 'grad_norm': 1.618388056755066, 'learning_rate': 9.430438842203548e-07, 'epoch': 8.31}
{'loss': 5.1156, 'grad_norm': 1.5539793968200684, 'learning_rate': 9.352629940865237e-07, 'epoch': 8.32}
{'loss': 5.1, 'grad_norm': 1.5807101726531982, 'learning_rate': 9.274821039526923e-07, 'epoch': 8.33}
{'loss': 5.0812, 'grad_norm': 1.5918405055999756, 'learning_rate': 9.19701213818861e-07, 'epoch': 8.35}
{'loss': 5.0938, 'grad_norm': 1.5197604894638062, 'learning_rate': 9.119203236850297e-07, 'epoch': 8.36}
{'loss': 5.1063, 'grad_norm': 1.6698458194732666, 'learning_rate': 9.041394335511983e-07, 'epoch': 8.38}
{'loss': 5.1219, 'grad_norm': 1.8187862634658813, 'learning_rate': 8.96358543417367e-07, 'epoch': 8.39}
{'loss': 5.1156, 'grad_norm': 1.5510542392730713, 'learning_rate': 8.885776532835357e-07, 'epoch': 8.4}
{'eval_loss': 5.240451335906982, 'eval_runtime': 6.7827, 'eval_samples_per_second': 709.89, 'eval_steps_per_second': 2.801, 'epoch': 8.4}
{'loss': 5.1031, 'grad_norm': 1.5907725095748901, 'learning_rate': 8.807967631497044e-07, 'epoch': 8.42}
{'loss': 5.0719, 'grad_norm': 1.5556237697601318, 'learning_rate': 8.73015873015873e-07, 'epoch': 8.43}
{'loss': 5.1375, 'grad_norm': 1.716431975364685, 'learning_rate': 8.652349828820418e-07, 'epoch': 8.45}
{'loss': 5.1219, 'grad_norm': 1.6084734201431274, 'learning_rate': 8.574540927482104e-07, 'epoch': 8.46}
{'loss': 5.1031, 'grad_norm': 1.6393945217132568, 'learning_rate': 8.496732026143792e-07, 'epoch': 8.47}
{'loss': 5.1375, 'grad_norm': 1.5564926862716675, 'learning_rate': 8.418923124805478e-07, 'epoch': 8.49}
{'loss': 5.0812, 'grad_norm': 1.5739797353744507, 'learning_rate': 8.341114223467165e-07, 'epoch': 8.5}
{'loss': 5.0875, 'grad_norm': 1.921851634979248, 'learning_rate': 8.263305322128853e-07, 'epoch': 8.52}
{'loss': 5.0938, 'grad_norm': 1.697489857673645, 'learning_rate': 8.18549642079054e-07, 'epoch': 8.53}
{'loss': 5.1312, 'grad_norm': 1.5964691638946533, 'learning_rate': 8.107687519452226e-07, 'epoch': 8.54}
{'loss': 5.0656, 'grad_norm': 1.6786128282546997, 'learning_rate': 8.029878618113914e-07, 'epoch': 8.56}
{'loss': 5.1375, 'grad_norm': 1.5512073040008545, 'learning_rate': 7.9520697167756e-07, 'epoch': 8.57}
{'loss': 5.0875, 'grad_norm': 1.5764551162719727, 'learning_rate': 7.874260815437286e-07, 'epoch': 8.59}
{'loss': 5.1031, 'grad_norm': 1.8240300416946411, 'learning_rate': 7.796451914098974e-07, 'epoch': 8.6}
{'loss': 5.0906, 'grad_norm': 1.917432427406311, 'learning_rate': 7.71864301276066e-07, 'epoch': 8.61}
{'loss': 5.1469, 'grad_norm': 1.6487786769866943, 'learning_rate': 7.640834111422347e-07, 'epoch': 8.63}
{'loss': 5.1031, 'grad_norm': 1.6495181322097778, 'learning_rate': 7.563025210084034e-07, 'epoch': 8.64}
{'loss': 5.1, 'grad_norm': 1.6480685472488403, 'learning_rate': 7.485216308745721e-07, 'epoch': 8.66}
{'loss': 5.1063, 'grad_norm': 1.709581971168518, 'learning_rate': 7.407407407407407e-07, 'epoch': 8.67}
{'loss': 5.0844, 'grad_norm': 1.6094285249710083, 'learning_rate': 7.329598506069095e-07, 'epoch': 8.68}
{'eval_loss': 5.236111164093018, 'eval_runtime': 6.7829, 'eval_samples_per_second': 709.876, 'eval_steps_per_second': 2.801, 'epoch': 8.68}
{'loss': 5.0781, 'grad_norm': 1.5742864608764648, 'learning_rate': 7.251789604730781e-07, 'epoch': 8.7}
{'loss': 5.1344, 'grad_norm': 1.9989196062088013, 'learning_rate': 7.17398070339247e-07, 'epoch': 8.71}
{'loss': 5.1219, 'grad_norm': 1.5490176677703857, 'learning_rate': 7.096171802054156e-07, 'epoch': 8.73}
{'loss': 5.1219, 'grad_norm': 1.6209020614624023, 'learning_rate': 7.018362900715843e-07, 'epoch': 8.74}
{'loss': 5.1219, 'grad_norm': 1.8514312505722046, 'learning_rate': 6.940553999377529e-07, 'epoch': 8.75}
{'loss': 5.1125, 'grad_norm': 1.4880315065383911, 'learning_rate': 6.862745098039217e-07, 'epoch': 8.77}
{'loss': 5.1125, 'grad_norm': 1.7527886629104614, 'learning_rate': 6.784936196700903e-07, 'epoch': 8.78}
{'loss': 5.1094, 'grad_norm': 1.718836784362793, 'learning_rate': 6.707127295362591e-07, 'epoch': 8.8}
{'loss': 5.1, 'grad_norm': 1.6805486679077148, 'learning_rate': 6.629318394024277e-07, 'epoch': 8.81}
{'loss': 5.1344, 'grad_norm': 1.7758150100708008, 'learning_rate': 6.551509492685963e-07, 'epoch': 8.82}
{'loss': 5.0938, 'grad_norm': 1.5199414491653442, 'learning_rate': 6.473700591347651e-07, 'epoch': 8.84}
{'loss': 5.1281, 'grad_norm': 1.5071523189544678, 'learning_rate': 6.395891690009337e-07, 'epoch': 8.85}
{'loss': 5.0875, 'grad_norm': 1.5325820446014404, 'learning_rate': 6.318082788671024e-07, 'epoch': 8.87}
{'loss': 5.0406, 'grad_norm': 1.6573199033737183, 'learning_rate': 6.240273887332711e-07, 'epoch': 8.88}
{'loss': 5.0844, 'grad_norm': 1.629402995109558, 'learning_rate': 6.162464985994398e-07, 'epoch': 8.89}
{'loss': 5.1312, 'grad_norm': 1.6947669982910156, 'learning_rate': 6.084656084656085e-07, 'epoch': 8.91}
{'loss': 5.0969, 'grad_norm': 1.447441577911377, 'learning_rate': 6.006847183317772e-07, 'epoch': 8.92}
{'loss': 5.1094, 'grad_norm': 1.5842355489730835, 'learning_rate': 5.929038281979459e-07, 'epoch': 8.94}
{'loss': 5.1344, 'grad_norm': 1.5081907510757446, 'learning_rate': 5.851229380641146e-07, 'epoch': 8.95}
{'loss': 5.1063, 'grad_norm': 1.5195248126983643, 'learning_rate': 5.773420479302833e-07, 'epoch': 8.96}
{'eval_loss': 5.230034828186035, 'eval_runtime': 6.7874, 'eval_samples_per_second': 709.407, 'eval_steps_per_second': 2.799, 'epoch': 8.96}
{'loss': 5.1156, 'grad_norm': 1.7215313911437988, 'learning_rate': 5.69561157796452e-07, 'epoch': 8.98}
{'loss': 5.1, 'grad_norm': 2.173131227493286, 'learning_rate': 5.617802676626206e-07, 'epoch': 8.99}
{'loss': 5.0656, 'grad_norm': 1.532645344734192, 'learning_rate': 5.539993775287893e-07, 'epoch': 9.01}
{'loss': 5.0875, 'grad_norm': 1.528376817703247, 'learning_rate': 5.46218487394958e-07, 'epoch': 9.02}
{'loss': 5.075, 'grad_norm': 1.9086490869522095, 'learning_rate': 5.384375972611267e-07, 'epoch': 9.03}
{'loss': 5.1063, 'grad_norm': 1.6142686605453491, 'learning_rate': 5.306567071272954e-07, 'epoch': 9.05}
{'loss': 5.0781, 'grad_norm': 1.6103063821792603, 'learning_rate': 5.228758169934641e-07, 'epoch': 9.06}
{'loss': 5.1094, 'grad_norm': 1.6022400856018066, 'learning_rate': 5.150949268596328e-07, 'epoch': 9.08}
{'loss': 5.075, 'grad_norm': 1.5367628335952759, 'learning_rate': 5.073140367258014e-07, 'epoch': 9.09}
{'loss': 5.0656, 'grad_norm': 1.7166821956634521, 'learning_rate': 4.995331465919702e-07, 'epoch': 9.1}
{'loss': 5.0656, 'grad_norm': 1.668285846710205, 'learning_rate': 4.917522564581389e-07, 'epoch': 9.12}
{'loss': 5.0812, 'grad_norm': 1.7447162866592407, 'learning_rate': 4.839713663243075e-07, 'epoch': 9.13}
{'loss': 5.0687, 'grad_norm': 1.7981199026107788, 'learning_rate': 4.7619047619047623e-07, 'epoch': 9.15}
{'loss': 5.1, 'grad_norm': 1.6383452415466309, 'learning_rate': 4.684095860566449e-07, 'epoch': 9.16}
{'loss': 5.075, 'grad_norm': 1.501965045928955, 'learning_rate': 4.606286959228136e-07, 'epoch': 9.17}
{'loss': 5.1063, 'grad_norm': 1.7434680461883545, 'learning_rate': 4.528478057889823e-07, 'epoch': 9.19}
{'loss': 5.0812, 'grad_norm': 1.6041148900985718, 'learning_rate': 4.4506691565515095e-07, 'epoch': 9.2}
{'loss': 5.0781, 'grad_norm': 1.8364278078079224, 'learning_rate': 4.3728602552131966e-07, 'epoch': 9.22}
{'loss': 5.0875, 'grad_norm': 1.5686802864074707, 'learning_rate': 4.2950513538748837e-07, 'epoch': 9.23}
{'loss': 5.0469, 'grad_norm': 1.5360137224197388, 'learning_rate': 4.217242452536571e-07, 'epoch': 9.24}
{'eval_loss': 5.22743034362793, 'eval_runtime': 6.7881, 'eval_samples_per_second': 709.325, 'eval_steps_per_second': 2.799, 'epoch': 9.24}
{'loss': 5.0531, 'grad_norm': 1.6193878650665283, 'learning_rate': 4.1394335511982573e-07, 'epoch': 9.26}
{'loss': 5.0687, 'grad_norm': 1.5438361167907715, 'learning_rate': 4.0616246498599444e-07, 'epoch': 9.27}
{'loss': 5.0812, 'grad_norm': 1.485077977180481, 'learning_rate': 3.9838157485216315e-07, 'epoch': 9.29}
{'loss': 5.1094, 'grad_norm': 1.6243692636489868, 'learning_rate': 3.906006847183318e-07, 'epoch': 9.3}
{'loss': 5.0938, 'grad_norm': 1.7912501096725464, 'learning_rate': 3.828197945845005e-07, 'epoch': 9.31}
{'loss': 5.075, 'grad_norm': 1.7569373846054077, 'learning_rate': 3.750389044506692e-07, 'epoch': 9.33}
{'loss': 5.0687, 'grad_norm': 1.6290637254714966, 'learning_rate': 3.672580143168378e-07, 'epoch': 9.34}
{'loss': 5.0781, 'grad_norm': 1.827938199043274, 'learning_rate': 3.5947712418300653e-07, 'epoch': 9.36}
{'loss': 5.1156, 'grad_norm': 1.6872042417526245, 'learning_rate': 3.5169623404917524e-07, 'epoch': 9.37}
{'loss': 5.0781, 'grad_norm': 1.666663408279419, 'learning_rate': 3.4391534391534395e-07, 'epoch': 9.38}
{'loss': 5.0781, 'grad_norm': 1.4707534313201904, 'learning_rate': 3.361344537815126e-07, 'epoch': 9.4}
{'loss': 5.1094, 'grad_norm': 1.6509151458740234, 'learning_rate': 3.283535636476813e-07, 'epoch': 9.41}
{'loss': 5.1094, 'grad_norm': 1.5351181030273438, 'learning_rate': 3.2057267351385e-07, 'epoch': 9.43}
{'loss': 5.0969, 'grad_norm': 1.5051716566085815, 'learning_rate': 3.127917833800187e-07, 'epoch': 9.44}
{'loss': 5.075, 'grad_norm': 1.4943655729293823, 'learning_rate': 3.050108932461874e-07, 'epoch': 9.45}
{'loss': 5.1031, 'grad_norm': 1.518691062927246, 'learning_rate': 2.972300031123561e-07, 'epoch': 9.47}
{'loss': 5.1031, 'grad_norm': 1.5281975269317627, 'learning_rate': 2.894491129785248e-07, 'epoch': 9.48}
{'loss': 5.1188, 'grad_norm': 1.5496031045913696, 'learning_rate': 2.8166822284469346e-07, 'epoch': 9.5}
{'loss': 5.1094, 'grad_norm': 1.5152029991149902, 'learning_rate': 2.738873327108621e-07, 'epoch': 9.51}
{'loss': 5.075, 'grad_norm': 1.5088934898376465, 'learning_rate': 2.661064425770308e-07, 'epoch': 9.52}
{'eval_loss': 5.223958492279053, 'eval_runtime': 6.7777, 'eval_samples_per_second': 710.42, 'eval_steps_per_second': 2.803, 'epoch': 9.52}
{'loss': 5.1031, 'grad_norm': 1.520347237586975, 'learning_rate': 2.5832555244319953e-07, 'epoch': 9.54}
{'loss': 5.0687, 'grad_norm': 1.5086442232131958, 'learning_rate': 2.5054466230936824e-07, 'epoch': 9.55}
{'loss': 5.0906, 'grad_norm': 1.5005075931549072, 'learning_rate': 2.427637721755369e-07, 'epoch': 9.57}
{'loss': 5.0938, 'grad_norm': 1.4689313173294067, 'learning_rate': 2.349828820417056e-07, 'epoch': 9.58}
{'loss': 5.0656, 'grad_norm': 1.5380432605743408, 'learning_rate': 2.2720199190787428e-07, 'epoch': 9.59}
{'loss': 5.0781, 'grad_norm': 1.5354541540145874, 'learning_rate': 2.1942110177404294e-07, 'epoch': 9.61}
{'loss': 5.1063, 'grad_norm': 1.5760033130645752, 'learning_rate': 2.1164021164021165e-07, 'epoch': 9.62}
{'loss': 5.0656, 'grad_norm': 1.622201681137085, 'learning_rate': 2.0385932150638033e-07, 'epoch': 9.64}
{'loss': 5.075, 'grad_norm': 1.4750486612319946, 'learning_rate': 1.9607843137254904e-07, 'epoch': 9.65}
{'loss': 5.0781, 'grad_norm': 1.4260005950927734, 'learning_rate': 1.8829754123871772e-07, 'epoch': 9.66}
{'loss': 5.1, 'grad_norm': 1.5337178707122803, 'learning_rate': 1.8051665110488643e-07, 'epoch': 9.68}
{'loss': 5.0687, 'grad_norm': 1.5226593017578125, 'learning_rate': 1.727357609710551e-07, 'epoch': 9.69}
{'loss': 5.1, 'grad_norm': 1.612418532371521, 'learning_rate': 1.6495487083722382e-07, 'epoch': 9.71}
{'loss': 5.0906, 'grad_norm': 1.6261881589889526, 'learning_rate': 1.5717398070339247e-07, 'epoch': 9.72}
{'loss': 5.0844, 'grad_norm': 1.4133261442184448, 'learning_rate': 1.4939309056956118e-07, 'epoch': 9.73}
{'loss': 5.1031, 'grad_norm': 1.5565189123153687, 'learning_rate': 1.4161220043572986e-07, 'epoch': 9.75}
{'loss': 5.0844, 'grad_norm': 1.4860962629318237, 'learning_rate': 1.3383131030189855e-07, 'epoch': 9.76}
{'loss': 5.1063, 'grad_norm': 1.5049467086791992, 'learning_rate': 1.2605042016806723e-07, 'epoch': 9.78}
{'loss': 5.075, 'grad_norm': 1.5228686332702637, 'learning_rate': 1.1826953003423594e-07, 'epoch': 9.79}
{'loss': 5.0812, 'grad_norm': 1.5180269479751587, 'learning_rate': 1.104886399004046e-07, 'epoch': 9.8}
{'eval_loss': 5.222222328186035, 'eval_runtime': 6.7849, 'eval_samples_per_second': 709.665, 'eval_steps_per_second': 2.8, 'epoch': 9.8}
{'loss': 5.0719, 'grad_norm': 1.567405104637146, 'learning_rate': 1.027077497665733e-07, 'epoch': 9.82}
{'loss': 5.1031, 'grad_norm': 1.4681439399719238, 'learning_rate': 9.4926859632742e-08, 'epoch': 9.83}
{'loss': 5.1, 'grad_norm': 1.711256980895996, 'learning_rate': 8.714596949891069e-08, 'epoch': 9.85}
{'loss': 5.075, 'grad_norm': 1.622576355934143, 'learning_rate': 7.936507936507937e-08, 'epoch': 9.86}
{'loss': 5.0687, 'grad_norm': 1.5168688297271729, 'learning_rate': 7.158418923124807e-08, 'epoch': 9.87}
{'loss': 5.0563, 'grad_norm': 1.6912668943405151, 'learning_rate': 6.380329909741675e-08, 'epoch': 9.89}
{'loss': 5.0719, 'grad_norm': 1.4324318170547485, 'learning_rate': 5.6022408963585437e-08, 'epoch': 9.9}
{'loss': 5.0687, 'grad_norm': 1.531908631324768, 'learning_rate': 4.8241518829754125e-08, 'epoch': 9.92}
{'loss': 5.0938, 'grad_norm': 1.7324168682098389, 'learning_rate': 4.046062869592282e-08, 'epoch': 9.93}
{'loss': 5.0781, 'grad_norm': 1.441457748413086, 'learning_rate': 3.267973856209151e-08, 'epoch': 9.94}
{'loss': 5.0438, 'grad_norm': 1.5560060739517212, 'learning_rate': 2.4898848428260197e-08, 'epoch': 9.96}
{'loss': 5.1, 'grad_norm': 1.5235759019851685, 'learning_rate': 1.7117958294428882e-08, 'epoch': 9.97}
{'loss': 5.0625, 'grad_norm': 1.5029489994049072, 'learning_rate': 9.337068160597574e-09, 'epoch': 9.99}
{'loss': 5.0812, 'grad_norm': 1.577651858329773, 'learning_rate': 1.5561780267662623e-09, 'epoch': 10.0}
{'train_runtime': 9473.3332, 'train_samples_per_second': 96.551, 'train_steps_per_second': 0.377, 'train_loss': 5.62796306022409, 'epoch': 10.0}
[1;34mwandb[0m: 🚀 View run [33m/data/user_data/jingyuah/LLARA/checkpoints/amazon_books_pythia_1b_lr_5e-6_scratch[0m at: [34mhttps://wandb.ai/jingyuanhe1222/LLARA_pretrain/runs/d0pdieut[0m
[1;34mwandb[0m: Find logs at: [1;35mwandb/run-20241129_154355-d0pdieut/logs[0m
