[2024-11-29 15:44:26,195] [INFO] [real_accelerator.py:203:get_accelerator] Setting ds_accelerator to cuda (auto detect)
[2024-11-29 15:44:26,195] [INFO] [real_accelerator.py:203:get_accelerator] Setting ds_accelerator to cuda (auto detect)
Warning: The default cache directory for DeepSpeed Triton autotune, /home/jingyuah/.triton/autotune, appears to be on an NFS system. While this is generally acceptable, if you experience slowdowns or hanging when DeepSpeed exits, it is recommended to set the TRITON_CACHE_DIR environment variable to a non-NFS path.Warning: The default cache directory for DeepSpeed Triton autotune, /home/jingyuah/.triton/autotune, appears to be on an NFS system. While this is generally acceptable, if you experience slowdowns or hanging when DeepSpeed exits, it is recommended to set the TRITON_CACHE_DIR environment variable to a non-NFS path.

[93m [WARNING] [0m async_io requires the dev libaio .so object and headers but these were not found.
[93m [WARNING] [0m async_io requires the dev libaio .so object and headers but these were not found.
[93m [WARNING] [0m If libaio is already installed (perhaps from source), try setting the CFLAGS and LDFLAGS environment variables to where it can be found.[93m [WARNING] [0m If libaio is already installed (perhaps from source), try setting the CFLAGS and LDFLAGS environment variables to where it can be found.

[93m [WARNING] [0m Please specify the CUTLASS repo directory as environment variable $CUTLASS_PATH[93m [WARNING] [0m Please specify the CUTLASS repo directory as environment variable $CUTLASS_PATH

[93m [WARNING] [0m sparse_attn requires a torch version >= 1.5 and < 2.0 but detected 2.1[93m [WARNING] [0m sparse_attn requires a torch version >= 1.5 and < 2.0 but detected 2.1

[93m [WARNING] [0m using untested triton version (2.1.0), only 1.0.0 is known to be compatible[93m [WARNING] [0m using untested triton version (2.1.0), only 1.0.0 is known to be compatible

[2024-11-29 15:44:28,086] [INFO] [comm.py:637:init_distributed] cdb=None
[2024-11-29 15:44:28,086] [INFO] [comm.py:637:init_distributed] cdb=None
[2024-11-29 15:44:28,086] [INFO] [comm.py:668:init_distributed] Initializing TorchBackend in DeepSpeed with backend nccl
{'loss': 3.3094, 'grad_norm': 6.207696914672852, 'learning_rate': 1.369096853097062e-06, 'epoch': 0.01}
{'loss': 3.2328, 'grad_norm': 4.479305744171143, 'learning_rate': 1.9587347734580185e-06, 'epoch': 0.03}
{'loss': 3.1297, 'grad_norm': 3.0382308959960938, 'learning_rate': 2.3036508458723854e-06, 'epoch': 0.04}
{'loss': 3.0391, 'grad_norm': 3.072432041168213, 'learning_rate': 2.5483726938189745e-06, 'epoch': 0.06}
{'loss': 3.0094, 'grad_norm': 1.9257973432540894, 'learning_rate': 2.738193706194124e-06, 'epoch': 0.07}
{'loss': 3.0109, 'grad_norm': 1.5323987007141113, 'learning_rate': 2.893288766233342e-06, 'epoch': 0.08}
{'loss': 2.9937, 'grad_norm': 1.4884605407714844, 'learning_rate': 3.024419771054202e-06, 'epoch': 0.1}
{'loss': 2.9844, 'grad_norm': 1.4326744079589844, 'learning_rate': 3.138010614179931e-06, 'epoch': 0.11}
{'loss': 2.9797, 'grad_norm': 1.4268534183502197, 'learning_rate': 3.238204838647709e-06, 'epoch': 0.13}
{'loss': 2.95, 'grad_norm': 1.3977035284042358, 'learning_rate': 3.3278316265550805e-06, 'epoch': 0.14}
{'loss': 2.9453, 'grad_norm': 1.3733404874801636, 'learning_rate': 3.4089089183412955e-06, 'epoch': 0.15}
{'loss': 2.9312, 'grad_norm': 1.371503472328186, 'learning_rate': 3.482926686594298e-06, 'epoch': 0.17}
{'loss': 2.9266, 'grad_norm': 1.4015576839447021, 'learning_rate': 3.551016432922859e-06, 'epoch': 0.18}
{'loss': 2.9266, 'grad_norm': 1.331952452659607, 'learning_rate': 3.6140576914151594e-06, 'epoch': 0.2}
{'loss': 2.9469, 'grad_norm': 1.3679661750793457, 'learning_rate': 3.672747698969447e-06, 'epoch': 0.21}
{'loss': 2.9297, 'grad_norm': 1.3459421396255493, 'learning_rate': 3.7276485345408875e-06, 'epoch': 0.22}
{'loss': 2.8984, 'grad_norm': 1.3830454349517822, 'learning_rate': 3.779219942364599e-06, 'epoch': 0.24}
{'loss': 2.9281, 'grad_norm': 1.366241455078125, 'learning_rate': 3.827842759008665e-06, 'epoch': 0.25}
{'loss': 2.8984, 'grad_norm': 1.3459725379943848, 'learning_rate': 3.873835997968027e-06, 'epoch': 0.27}
{'loss': 2.9141, 'grad_norm': 1.3539828062057495, 'learning_rate': 3.917469546916037e-06, 'epoch': 0.28}
{'eval_loss': 2.8962674140930176, 'eval_runtime': 6.9583, 'eval_samples_per_second': 691.984, 'eval_steps_per_second': 2.731, 'epoch': 0.28}
{'loss': 2.8922, 'grad_norm': 1.382054090499878, 'learning_rate': 3.958973763829526e-06, 'epoch': 0.29}
{'loss': 2.8922, 'grad_norm': 1.356726884841919, 'learning_rate': 3.998546838702252e-06, 'epoch': 0.31}
{'loss': 2.8844, 'grad_norm': 1.3586641550064087, 'learning_rate': 4.036360517490459e-06, 'epoch': 0.32}
{'loss': 2.9047, 'grad_norm': 1.3428102731704712, 'learning_rate': 4.0725646069552544e-06, 'epoch': 0.34}
{'loss': 2.9125, 'grad_norm': 1.348968505859375, 'learning_rate': 4.107290559291186e-06, 'epoch': 0.35}
{'loss': 2.8859, 'grad_norm': 1.3528419733047485, 'learning_rate': 4.140654353283815e-06, 'epoch': 0.36}
{'loss': 2.8969, 'grad_norm': 1.3200881481170654, 'learning_rate': 4.172758831423032e-06, 'epoch': 0.38}
{'loss': 2.9016, 'grad_norm': 1.344772219657898, 'learning_rate': 4.2036956117761155e-06, 'epoch': 0.39}
{'loss': 2.9016, 'grad_norm': 1.3500622510910034, 'learning_rate': 4.233546664217133e-06, 'epoch': 0.41}
{'loss': 2.9078, 'grad_norm': 1.3671088218688965, 'learning_rate': 4.2623856193304035e-06, 'epoch': 0.42}
{'loss': 2.8922, 'grad_norm': 1.3792601823806763, 'learning_rate': 4.290278862613503e-06, 'epoch': 0.43}
{'loss': 2.8813, 'grad_norm': 1.3386307954788208, 'learning_rate': 4.317286454901844e-06, 'epoch': 0.45}
{'loss': 2.8766, 'grad_norm': 1.3493345975875854, 'learning_rate': 4.3434629111166185e-06, 'epoch': 0.46}
{'loss': 2.8797, 'grad_norm': 1.4589154720306396, 'learning_rate': 4.368857862725555e-06, 'epoch': 0.48}
{'loss': 2.8844, 'grad_norm': 1.3722636699676514, 'learning_rate': 4.393516624151265e-06, 'epoch': 0.49}
{'loss': 2.8922, 'grad_norm': 1.3663170337677002, 'learning_rate': 4.417480679369622e-06, 'epoch': 0.5}
{'loss': 2.8687, 'grad_norm': 1.3902981281280518, 'learning_rate': 4.440788101823901e-06, 'epoch': 0.52}
{'loss': 2.8937, 'grad_norm': 1.321071743965149, 'learning_rate': 4.4634739183289835e-06, 'epoch': 0.53}
{'loss': 2.8859, 'grad_norm': 1.3674397468566895, 'learning_rate': 4.485570425698183e-06, 'epoch': 0.55}
{'loss': 2.8766, 'grad_norm': 1.4129585027694702, 'learning_rate': 4.507107467276993e-06, 'epoch': 0.56}
{'eval_loss': 2.862413167953491, 'eval_runtime': 6.9774, 'eval_samples_per_second': 690.087, 'eval_steps_per_second': 2.723, 'epoch': 0.56}
{'loss': 2.85, 'grad_norm': 1.2931408882141113, 'learning_rate': 4.528112675325743e-06, 'epoch': 0.57}
{'loss': 2.8563, 'grad_norm': 1.341732144355774, 'learning_rate': 4.548611684190483e-06, 'epoch': 0.59}
{'loss': 2.875, 'grad_norm': 1.3484039306640625, 'learning_rate': 4.568628318387563e-06, 'epoch': 0.6}
{'loss': 2.8781, 'grad_norm': 1.4149329662322998, 'learning_rate': 4.588184759063208e-06, 'epoch': 0.62}
{'loss': 2.8859, 'grad_norm': 1.3824584484100342, 'learning_rate': 4.607301691744771e-06, 'epoch': 0.63}
{'loss': 2.8672, 'grad_norm': 1.3582282066345215, 'learning_rate': 4.625998437851416e-06, 'epoch': 0.64}
{'loss': 2.8734, 'grad_norm': 1.3476390838623047, 'learning_rate': 4.644293072060417e-06, 'epoch': 0.66}
{'loss': 2.8578, 'grad_norm': 1.3400508165359497, 'learning_rate': 4.662202527316211e-06, 'epoch': 0.67}
{'loss': 2.8563, 'grad_norm': 1.368141770362854, 'learning_rate': 4.679742689011343e-06, 'epoch': 0.69}
{'loss': 2.8734, 'grad_norm': 1.341749906539917, 'learning_rate': 4.696928479652142e-06, 'epoch': 0.7}
{'loss': 2.8766, 'grad_norm': 1.3860979080200195, 'learning_rate': 4.713773935139921e-06, 'epoch': 0.71}
{'loss': 2.875, 'grad_norm': 1.3680651187896729, 'learning_rate': 4.730292273644772e-06, 'epoch': 0.73}
{'loss': 2.8594, 'grad_norm': 1.3697843551635742, 'learning_rate': 4.746495957918691e-06, 'epoch': 0.74}
{'loss': 2.8797, 'grad_norm': 1.384932041168213, 'learning_rate': 4.762396751783989e-06, 'epoch': 0.76}
{'loss': 2.8531, 'grad_norm': 1.382729411125183, 'learning_rate': 4.778005771438358e-06, 'epoch': 0.77}
{'loss': 2.85, 'grad_norm': 1.4037549495697021, 'learning_rate': 4.7933335321370715e-06, 'epoch': 0.78}
{'loss': 2.8391, 'grad_norm': 1.40248703956604, 'learning_rate': 4.80838999074335e-06, 'epoch': 0.8}
{'loss': 2.8484, 'grad_norm': 1.3434680700302124, 'learning_rate': 4.82318458457809e-06, 'epoch': 0.81}
{'loss': 2.8531, 'grad_norm': 1.3379707336425781, 'learning_rate': 4.837726266948614e-06, 'epoch': 0.83}
{'loss': 2.8375, 'grad_norm': 1.3365012407302856, 'learning_rate': 4.85202353969136e-06, 'epoch': 0.84}
{'eval_loss': 2.843316078186035, 'eval_runtime': 6.9931, 'eval_samples_per_second': 688.533, 'eval_steps_per_second': 2.717, 'epoch': 0.84}
{'loss': 2.8656, 'grad_norm': 1.3016518354415894, 'learning_rate': 4.8660844830247186e-06, 'epoch': 0.85}
{'loss': 2.8719, 'grad_norm': 1.391007661819458, 'learning_rate': 4.8799167829744595e-06, 'epoch': 0.87}
{'loss': 2.8844, 'grad_norm': 1.4136404991149902, 'learning_rate': 4.893527756604849e-06, 'epoch': 0.88}
{'loss': 2.825, 'grad_norm': 1.3193860054016113, 'learning_rate': 4.9069243752628e-06, 'epoch': 0.9}
{'loss': 2.8516, 'grad_norm': 1.3555291891098022, 'learning_rate': 4.920113286019921e-06, 'epoch': 0.91}
{'loss': 2.8453, 'grad_norm': 1.3606566190719604, 'learning_rate': 4.933100831477575e-06, 'epoch': 0.92}
{'loss': 2.8578, 'grad_norm': 1.3384912014007568, 'learning_rate': 4.9458930680826605e-06, 'epoch': 0.94}
{'loss': 2.85, 'grad_norm': 1.3375930786132812, 'learning_rate': 4.958495783086511e-06, 'epoch': 0.95}
{'loss': 2.8438, 'grad_norm': 1.3609004020690918, 'learning_rate': 4.970914510265783e-06, 'epoch': 0.97}
{'loss': 2.8359, 'grad_norm': 1.3549004793167114, 'learning_rate': 4.983154544512221e-06, 'epoch': 0.98}
{'loss': 2.8563, 'grad_norm': 1.3973772525787354, 'learning_rate': 4.995220955387585e-06, 'epoch': 0.99}
{'loss': 2.8219, 'grad_norm': 1.4075846672058105, 'learning_rate': 4.996887643946468e-06, 'epoch': 1.01}
{'loss': 2.7797, 'grad_norm': 1.404631495475769, 'learning_rate': 4.989106753812636e-06, 'epoch': 1.02}
{'loss': 2.7687, 'grad_norm': 1.3591557741165161, 'learning_rate': 4.981325863678805e-06, 'epoch': 1.04}
{'loss': 2.7625, 'grad_norm': 1.3374203443527222, 'learning_rate': 4.973544973544974e-06, 'epoch': 1.05}
{'loss': 2.775, 'grad_norm': 1.3721868991851807, 'learning_rate': 4.965764083411142e-06, 'epoch': 1.06}
{'loss': 2.7719, 'grad_norm': 1.369753122329712, 'learning_rate': 4.957983193277311e-06, 'epoch': 1.08}
{'loss': 2.7672, 'grad_norm': 1.3611562252044678, 'learning_rate': 4.95020230314348e-06, 'epoch': 1.09}
{'loss': 2.7453, 'grad_norm': 1.3568023443222046, 'learning_rate': 4.9424214130096485e-06, 'epoch': 1.11}
{'loss': 2.7734, 'grad_norm': 1.4337260723114014, 'learning_rate': 4.934640522875817e-06, 'epoch': 1.12}
{'eval_loss': 2.8359375, 'eval_runtime': 6.9865, 'eval_samples_per_second': 689.184, 'eval_steps_per_second': 2.72, 'epoch': 1.12}
{'loss': 2.7672, 'grad_norm': 1.3668407201766968, 'learning_rate': 4.926859632741986e-06, 'epoch': 1.13}
{'loss': 2.7672, 'grad_norm': 1.4137173891067505, 'learning_rate': 4.919078742608155e-06, 'epoch': 1.15}
{'loss': 2.7641, 'grad_norm': 1.3781311511993408, 'learning_rate': 4.911297852474323e-06, 'epoch': 1.16}
{'loss': 2.7734, 'grad_norm': 1.3968240022659302, 'learning_rate': 4.903516962340492e-06, 'epoch': 1.18}
{'loss': 2.7703, 'grad_norm': 1.3526279926300049, 'learning_rate': 4.895736072206661e-06, 'epoch': 1.19}
{'loss': 2.7766, 'grad_norm': 1.3942724466323853, 'learning_rate': 4.8879551820728295e-06, 'epoch': 1.2}
{'loss': 2.7375, 'grad_norm': 1.374669075012207, 'learning_rate': 4.880174291938998e-06, 'epoch': 1.22}
{'loss': 2.775, 'grad_norm': 1.4093623161315918, 'learning_rate': 4.872393401805167e-06, 'epoch': 1.23}
{'loss': 2.7547, 'grad_norm': 1.4017460346221924, 'learning_rate': 4.864612511671336e-06, 'epoch': 1.25}
{'loss': 2.7828, 'grad_norm': 1.4166380167007446, 'learning_rate': 4.856831621537504e-06, 'epoch': 1.26}
{'loss': 2.7437, 'grad_norm': 1.4121865034103394, 'learning_rate': 4.849050731403673e-06, 'epoch': 1.27}
{'loss': 2.7656, 'grad_norm': 1.3968948125839233, 'learning_rate': 4.841269841269842e-06, 'epoch': 1.29}
{'loss': 2.7687, 'grad_norm': 1.4341015815734863, 'learning_rate': 4.8334889511360104e-06, 'epoch': 1.3}
{'loss': 2.7734, 'grad_norm': 1.3950663805007935, 'learning_rate': 4.825708061002179e-06, 'epoch': 1.32}
{'loss': 2.7781, 'grad_norm': 1.3625073432922363, 'learning_rate': 4.817927170868348e-06, 'epoch': 1.33}
{'loss': 2.7703, 'grad_norm': 1.3844516277313232, 'learning_rate': 4.8101462807345166e-06, 'epoch': 1.34}
{'loss': 2.7422, 'grad_norm': 1.3685308694839478, 'learning_rate': 4.802365390600685e-06, 'epoch': 1.36}
{'loss': 2.7359, 'grad_norm': 1.4490463733673096, 'learning_rate': 4.794584500466854e-06, 'epoch': 1.37}
{'loss': 2.7484, 'grad_norm': 1.376128077507019, 'learning_rate': 4.786803610333023e-06, 'epoch': 1.39}
{'loss': 2.7656, 'grad_norm': 1.3363300561904907, 'learning_rate': 4.779022720199191e-06, 'epoch': 1.4}
{'eval_loss': 2.823784828186035, 'eval_runtime': 6.9876, 'eval_samples_per_second': 689.078, 'eval_steps_per_second': 2.719, 'epoch': 1.4}
{'loss': 2.7578, 'grad_norm': 1.38888418674469, 'learning_rate': 4.77124183006536e-06, 'epoch': 1.41}
{'loss': 2.7672, 'grad_norm': 1.374780297279358, 'learning_rate': 4.763460939931529e-06, 'epoch': 1.43}
{'loss': 2.7766, 'grad_norm': 1.3541125059127808, 'learning_rate': 4.7556800497976975e-06, 'epoch': 1.44}
{'loss': 2.7594, 'grad_norm': 1.3474076986312866, 'learning_rate': 4.747899159663865e-06, 'epoch': 1.46}
{'loss': 2.7703, 'grad_norm': 1.4479694366455078, 'learning_rate': 4.740118269530035e-06, 'epoch': 1.47}
{'loss': 2.7547, 'grad_norm': 1.4191617965698242, 'learning_rate': 4.732337379396204e-06, 'epoch': 1.48}
{'loss': 2.7594, 'grad_norm': 1.4013257026672363, 'learning_rate': 4.7245564892623715e-06, 'epoch': 1.5}
{'loss': 2.7547, 'grad_norm': 1.477813482284546, 'learning_rate': 4.716775599128541e-06, 'epoch': 1.51}
{'loss': 2.7594, 'grad_norm': 1.3483896255493164, 'learning_rate': 4.708994708994709e-06, 'epoch': 1.53}
{'loss': 2.7563, 'grad_norm': 1.4139469861984253, 'learning_rate': 4.701213818860878e-06, 'epoch': 1.54}
{'loss': 2.7484, 'grad_norm': 1.363026738166809, 'learning_rate': 4.693432928727047e-06, 'epoch': 1.55}
{'loss': 2.7625, 'grad_norm': 1.3994780778884888, 'learning_rate': 4.685652038593215e-06, 'epoch': 1.57}
{'loss': 2.7437, 'grad_norm': 1.396866798400879, 'learning_rate': 4.677871148459384e-06, 'epoch': 1.58}
{'loss': 2.7484, 'grad_norm': 1.3446931838989258, 'learning_rate': 4.670090258325553e-06, 'epoch': 1.6}
{'loss': 2.7641, 'grad_norm': 1.3388794660568237, 'learning_rate': 4.662309368191721e-06, 'epoch': 1.61}
{'loss': 2.7563, 'grad_norm': 1.3411873579025269, 'learning_rate': 4.654528478057891e-06, 'epoch': 1.62}
{'loss': 2.7547, 'grad_norm': 1.4021064043045044, 'learning_rate': 4.646747587924059e-06, 'epoch': 1.64}
{'loss': 2.7656, 'grad_norm': 1.390942096710205, 'learning_rate': 4.638966697790227e-06, 'epoch': 1.65}
{'loss': 2.7781, 'grad_norm': 1.3725357055664062, 'learning_rate': 4.631185807656397e-06, 'epoch': 1.67}
{'loss': 2.7406, 'grad_norm': 1.415427327156067, 'learning_rate': 4.623404917522565e-06, 'epoch': 1.68}
{'eval_loss': 2.817274332046509, 'eval_runtime': 6.985, 'eval_samples_per_second': 689.334, 'eval_steps_per_second': 2.72, 'epoch': 1.68}
{'loss': 2.7641, 'grad_norm': 1.386625051498413, 'learning_rate': 4.615624027388733e-06, 'epoch': 1.69}
{'loss': 2.7437, 'grad_norm': 1.3364301919937134, 'learning_rate': 4.607843137254902e-06, 'epoch': 1.71}
{'loss': 2.7484, 'grad_norm': 1.3942608833312988, 'learning_rate': 4.600062247121071e-06, 'epoch': 1.72}
{'loss': 2.7344, 'grad_norm': 1.406256079673767, 'learning_rate': 4.5922813569872395e-06, 'epoch': 1.74}
{'loss': 2.7516, 'grad_norm': 1.3627880811691284, 'learning_rate': 4.584500466853408e-06, 'epoch': 1.75}
{'loss': 2.7687, 'grad_norm': 1.3819180727005005, 'learning_rate': 4.576719576719577e-06, 'epoch': 1.76}
{'loss': 2.7453, 'grad_norm': 1.3600515127182007, 'learning_rate': 4.568938686585746e-06, 'epoch': 1.78}
{'loss': 2.7781, 'grad_norm': 1.3849836587905884, 'learning_rate': 4.561157796451914e-06, 'epoch': 1.79}
{'loss': 2.7359, 'grad_norm': 1.3656419515609741, 'learning_rate': 4.553376906318083e-06, 'epoch': 1.81}
{'loss': 2.7578, 'grad_norm': 1.3698675632476807, 'learning_rate': 4.545596016184252e-06, 'epoch': 1.82}
{'loss': 2.7547, 'grad_norm': 1.3945192098617554, 'learning_rate': 4.5378151260504205e-06, 'epoch': 1.83}
{'loss': 2.7266, 'grad_norm': 1.3636325597763062, 'learning_rate': 4.530034235916589e-06, 'epoch': 1.85}
{'loss': 2.7656, 'grad_norm': 1.4278061389923096, 'learning_rate': 4.522253345782758e-06, 'epoch': 1.86}
{'loss': 2.7437, 'grad_norm': 1.3874855041503906, 'learning_rate': 4.514472455648927e-06, 'epoch': 1.88}
{'loss': 2.7687, 'grad_norm': 1.3468573093414307, 'learning_rate': 4.506691565515095e-06, 'epoch': 1.89}
{'loss': 2.7563, 'grad_norm': 1.3569731712341309, 'learning_rate': 4.498910675381264e-06, 'epoch': 1.9}
{'loss': 2.7234, 'grad_norm': 1.3944495916366577, 'learning_rate': 4.491129785247433e-06, 'epoch': 1.92}
{'loss': 2.75, 'grad_norm': 1.3770793676376343, 'learning_rate': 4.4833488951136015e-06, 'epoch': 1.93}
{'loss': 2.7578, 'grad_norm': 1.4130325317382812, 'learning_rate': 4.47556800497977e-06, 'epoch': 1.95}
{'loss': 2.7547, 'grad_norm': 1.442427158355713, 'learning_rate': 4.467787114845939e-06, 'epoch': 1.96}
{'eval_loss': 2.8103299140930176, 'eval_runtime': 6.9883, 'eval_samples_per_second': 689.009, 'eval_steps_per_second': 2.719, 'epoch': 1.96}
{'loss': 2.7625, 'grad_norm': 1.3863035440444946, 'learning_rate': 4.460006224712108e-06, 'epoch': 1.97}
{'loss': 2.7703, 'grad_norm': 1.4233940839767456, 'learning_rate': 4.452225334578276e-06, 'epoch': 1.99}
{'loss': 2.7313, 'grad_norm': 1.5500612258911133, 'learning_rate': 4.444444444444444e-06, 'epoch': 2.0}
{'loss': 2.6812, 'grad_norm': 1.4485002756118774, 'learning_rate': 4.436663554310614e-06, 'epoch': 2.02}
{'loss': 2.6547, 'grad_norm': 1.3776739835739136, 'learning_rate': 4.428882664176782e-06, 'epoch': 2.03}
{'loss': 2.6641, 'grad_norm': 1.4005541801452637, 'learning_rate': 4.421101774042951e-06, 'epoch': 2.04}
{'loss': 2.6641, 'grad_norm': 1.4422160387039185, 'learning_rate': 4.41332088390912e-06, 'epoch': 2.06}
{'loss': 2.6688, 'grad_norm': 1.3882181644439697, 'learning_rate': 4.4055399937752885e-06, 'epoch': 2.07}
{'loss': 2.6734, 'grad_norm': 1.4321362972259521, 'learning_rate': 4.397759103641457e-06, 'epoch': 2.09}
{'loss': 2.6781, 'grad_norm': 1.5181159973144531, 'learning_rate': 4.389978213507626e-06, 'epoch': 2.1}
{'loss': 2.6906, 'grad_norm': 1.451770305633545, 'learning_rate': 4.382197323373794e-06, 'epoch': 2.11}
{'loss': 2.6859, 'grad_norm': 1.4324334859848022, 'learning_rate': 4.374416433239963e-06, 'epoch': 2.13}
{'loss': 2.6609, 'grad_norm': 1.4171206951141357, 'learning_rate': 4.366635543106132e-06, 'epoch': 2.14}
{'loss': 2.6641, 'grad_norm': 1.4038078784942627, 'learning_rate': 4.3588546529723e-06, 'epoch': 2.16}
{'loss': 2.6781, 'grad_norm': 1.4786230325698853, 'learning_rate': 4.3510737628384695e-06, 'epoch': 2.17}
{'loss': 2.6781, 'grad_norm': 1.4137505292892456, 'learning_rate': 4.343292872704637e-06, 'epoch': 2.18}
{'loss': 2.6719, 'grad_norm': 1.4661363363265991, 'learning_rate': 4.335511982570806e-06, 'epoch': 2.2}
{'loss': 2.6641, 'grad_norm': 1.4426628351211548, 'learning_rate': 4.327731092436976e-06, 'epoch': 2.21}
{'loss': 2.6688, 'grad_norm': 1.4282622337341309, 'learning_rate': 4.3199502023031435e-06, 'epoch': 2.23}
{'loss': 2.6391, 'grad_norm': 1.4251224994659424, 'learning_rate': 4.312169312169312e-06, 'epoch': 2.24}
{'eval_loss': 2.812066078186035, 'eval_runtime': 7.2191, 'eval_samples_per_second': 666.983, 'eval_steps_per_second': 2.632, 'epoch': 2.24}
{'loss': 2.6859, 'grad_norm': 1.4368479251861572, 'learning_rate': 4.304388422035482e-06, 'epoch': 2.25}
{'loss': 2.6531, 'grad_norm': 1.4669716358184814, 'learning_rate': 4.29660753190165e-06, 'epoch': 2.27}
{'loss': 2.6547, 'grad_norm': 1.4213794469833374, 'learning_rate': 4.288826641767818e-06, 'epoch': 2.28}
{'loss': 2.6516, 'grad_norm': 1.4538394212722778, 'learning_rate': 4.281045751633987e-06, 'epoch': 2.3}
{'loss': 2.6594, 'grad_norm': 1.4045411348342896, 'learning_rate': 4.273264861500156e-06, 'epoch': 2.31}
{'loss': 2.6641, 'grad_norm': 1.4041842222213745, 'learning_rate': 4.2654839713663244e-06, 'epoch': 2.32}
{'loss': 2.6719, 'grad_norm': 1.4207346439361572, 'learning_rate': 4.257703081232493e-06, 'epoch': 2.34}
{'loss': 2.6375, 'grad_norm': 1.4046368598937988, 'learning_rate': 4.249922191098662e-06, 'epoch': 2.35}
{'loss': 2.6562, 'grad_norm': 1.4565240144729614, 'learning_rate': 4.2421413009648306e-06, 'epoch': 2.37}
{'loss': 2.6719, 'grad_norm': 1.3950997591018677, 'learning_rate': 4.234360410830999e-06, 'epoch': 2.38}
{'loss': 2.6406, 'grad_norm': 1.4673329591751099, 'learning_rate': 4.226579520697168e-06, 'epoch': 2.39}
{'loss': 2.6562, 'grad_norm': 1.4584345817565918, 'learning_rate': 4.218798630563337e-06, 'epoch': 2.41}
{'loss': 2.6562, 'grad_norm': 1.4609949588775635, 'learning_rate': 4.211017740429505e-06, 'epoch': 2.42}
{'loss': 2.65, 'grad_norm': 1.3895796537399292, 'learning_rate': 4.203236850295674e-06, 'epoch': 2.44}
{'loss': 2.6625, 'grad_norm': 1.4097007513046265, 'learning_rate': 4.195455960161843e-06, 'epoch': 2.45}
{'loss': 2.6531, 'grad_norm': 1.4499434232711792, 'learning_rate': 4.1876750700280115e-06, 'epoch': 2.46}
{'loss': 2.6672, 'grad_norm': 1.4987919330596924, 'learning_rate': 4.17989417989418e-06, 'epoch': 2.48}
{'loss': 2.6672, 'grad_norm': 1.5076295137405396, 'learning_rate': 4.172113289760349e-06, 'epoch': 2.49}
{'loss': 2.6828, 'grad_norm': 1.4714196920394897, 'learning_rate': 4.164332399626518e-06, 'epoch': 2.51}
{'loss': 2.6391, 'grad_norm': 1.4830024242401123, 'learning_rate': 4.156551509492686e-06, 'epoch': 2.52}
{'eval_loss': 2.809461832046509, 'eval_runtime': 7.1787, 'eval_samples_per_second': 670.733, 'eval_steps_per_second': 2.647, 'epoch': 2.52}
{'loss': 2.6781, 'grad_norm': 1.4478416442871094, 'learning_rate': 4.148770619358855e-06, 'epoch': 2.54}
{'loss': 2.6625, 'grad_norm': 1.4207972288131714, 'learning_rate': 4.140989729225024e-06, 'epoch': 2.55}
{'loss': 2.6281, 'grad_norm': 1.3958178758621216, 'learning_rate': 4.1332088390911925e-06, 'epoch': 2.56}
{'loss': 2.6531, 'grad_norm': 1.4419418573379517, 'learning_rate': 4.125427948957361e-06, 'epoch': 2.58}
{'loss': 2.6406, 'grad_norm': 1.387290120124817, 'learning_rate': 4.11764705882353e-06, 'epoch': 2.59}
{'loss': 2.6672, 'grad_norm': 1.4585461616516113, 'learning_rate': 4.109866168689699e-06, 'epoch': 2.61}
{'loss': 2.6656, 'grad_norm': 1.392354130744934, 'learning_rate': 4.102085278555867e-06, 'epoch': 2.62}
{'loss': 2.6297, 'grad_norm': 1.420677900314331, 'learning_rate': 4.094304388422036e-06, 'epoch': 2.63}
{'loss': 2.6547, 'grad_norm': 1.4795855283737183, 'learning_rate': 4.086523498288205e-06, 'epoch': 2.65}
{'loss': 2.6375, 'grad_norm': 1.4155666828155518, 'learning_rate': 4.078742608154373e-06, 'epoch': 2.66}
{'loss': 2.65, 'grad_norm': 1.4724831581115723, 'learning_rate': 4.070961718020542e-06, 'epoch': 2.68}
{'loss': 2.6516, 'grad_norm': 1.4472609758377075, 'learning_rate': 4.063180827886711e-06, 'epoch': 2.69}
{'loss': 2.6469, 'grad_norm': 1.4288105964660645, 'learning_rate': 4.055399937752879e-06, 'epoch': 2.7}
{'loss': 2.6719, 'grad_norm': 1.4288671016693115, 'learning_rate': 4.047619047619048e-06, 'epoch': 2.72}
{'loss': 2.6578, 'grad_norm': 1.446399450302124, 'learning_rate': 4.039838157485217e-06, 'epoch': 2.73}
{'loss': 2.6453, 'grad_norm': 1.4432379007339478, 'learning_rate': 4.032057267351385e-06, 'epoch': 2.75}
{'loss': 2.6656, 'grad_norm': 1.4329081773757935, 'learning_rate': 4.024276377217554e-06, 'epoch': 2.76}
{'loss': 2.6656, 'grad_norm': 1.4213542938232422, 'learning_rate': 4.016495487083722e-06, 'epoch': 2.77}
{'loss': 2.6453, 'grad_norm': 1.4211338758468628, 'learning_rate': 4.008714596949892e-06, 'epoch': 2.79}
{'loss': 2.675, 'grad_norm': 1.4565421342849731, 'learning_rate': 4.0009337068160605e-06, 'epoch': 2.8}
{'eval_loss': 2.804253578186035, 'eval_runtime': 7.2076, 'eval_samples_per_second': 668.047, 'eval_steps_per_second': 2.636, 'epoch': 2.8}
{'loss': 2.675, 'grad_norm': 1.4731711149215698, 'learning_rate': 3.993152816682228e-06, 'epoch': 2.82}
{'loss': 2.6484, 'grad_norm': 1.454203486442566, 'learning_rate': 3.985371926548398e-06, 'epoch': 2.83}
{'loss': 2.6688, 'grad_norm': 1.509884238243103, 'learning_rate': 3.977591036414566e-06, 'epoch': 2.84}
{'loss': 2.6422, 'grad_norm': 1.4447214603424072, 'learning_rate': 3.9698101462807345e-06, 'epoch': 2.86}
{'loss': 2.675, 'grad_norm': 1.4461860656738281, 'learning_rate': 3.962029256146904e-06, 'epoch': 2.87}
{'loss': 2.6766, 'grad_norm': 1.4122657775878906, 'learning_rate': 3.954248366013072e-06, 'epoch': 2.89}
{'loss': 2.6531, 'grad_norm': 1.4427083730697632, 'learning_rate': 3.946467475879241e-06, 'epoch': 2.9}
{'loss': 2.6391, 'grad_norm': 1.439367651939392, 'learning_rate': 3.93868658574541e-06, 'epoch': 2.91}
{'loss': 2.6719, 'grad_norm': 1.4496210813522339, 'learning_rate': 3.930905695611578e-06, 'epoch': 2.93}
{'loss': 2.6344, 'grad_norm': 1.4022433757781982, 'learning_rate': 3.923124805477747e-06, 'epoch': 2.94}
{'loss': 2.6406, 'grad_norm': 1.4011807441711426, 'learning_rate': 3.9153439153439155e-06, 'epoch': 2.96}
{'loss': 2.675, 'grad_norm': 1.4071201086044312, 'learning_rate': 3.907563025210084e-06, 'epoch': 2.97}
{'loss': 2.6484, 'grad_norm': 1.4602526426315308, 'learning_rate': 3.899782135076253e-06, 'epoch': 2.98}
{'loss': 2.6469, 'grad_norm': 1.4219712018966675, 'learning_rate': 3.892001244942422e-06, 'epoch': 3.0}
{'loss': 2.5891, 'grad_norm': 1.4378830194473267, 'learning_rate': 3.88422035480859e-06, 'epoch': 3.01}
{'loss': 2.5828, 'grad_norm': 1.4797145128250122, 'learning_rate': 3.876439464674759e-06, 'epoch': 3.03}
{'loss': 2.5641, 'grad_norm': 1.495040774345398, 'learning_rate': 3.868658574540928e-06, 'epoch': 3.04}
{'loss': 2.5938, 'grad_norm': 1.4880503416061401, 'learning_rate': 3.8608776844070964e-06, 'epoch': 3.05}
{'loss': 2.5656, 'grad_norm': 1.5557057857513428, 'learning_rate': 3.853096794273265e-06, 'epoch': 3.07}
{'loss': 2.5672, 'grad_norm': 1.5370160341262817, 'learning_rate': 3.845315904139434e-06, 'epoch': 3.08}
{'eval_loss': 2.8146700859069824, 'eval_runtime': 7.0466, 'eval_samples_per_second': 683.311, 'eval_steps_per_second': 2.696, 'epoch': 3.08}
{'loss': 2.5594, 'grad_norm': 1.4838708639144897, 'learning_rate': 3.8375350140056026e-06, 'epoch': 3.1}
{'loss': 2.5625, 'grad_norm': 1.4874045848846436, 'learning_rate': 3.829754123871771e-06, 'epoch': 3.11}
{'loss': 2.5562, 'grad_norm': 1.495844841003418, 'learning_rate': 3.82197323373794e-06, 'epoch': 3.12}
{'loss': 2.5797, 'grad_norm': 1.4685033559799194, 'learning_rate': 3.8141923436041083e-06, 'epoch': 3.14}
{'loss': 2.5703, 'grad_norm': 1.5303455591201782, 'learning_rate': 3.8064114534702774e-06, 'epoch': 3.15}
{'loss': 2.6, 'grad_norm': 1.5023064613342285, 'learning_rate': 3.798630563336446e-06, 'epoch': 3.17}
{'loss': 2.5516, 'grad_norm': 1.5088194608688354, 'learning_rate': 3.7908496732026144e-06, 'epoch': 3.18}
{'loss': 2.5828, 'grad_norm': 1.4655098915100098, 'learning_rate': 3.7830687830687835e-06, 'epoch': 3.19}
{'loss': 2.5719, 'grad_norm': 1.4519903659820557, 'learning_rate': 3.775287892934952e-06, 'epoch': 3.21}
{'loss': 2.5797, 'grad_norm': 1.5775213241577148, 'learning_rate': 3.7675070028011205e-06, 'epoch': 3.22}
{'loss': 2.5734, 'grad_norm': 1.5089032649993896, 'learning_rate': 3.7597261126672896e-06, 'epoch': 3.24}
{'loss': 2.5688, 'grad_norm': 1.4827240705490112, 'learning_rate': 3.751945222533458e-06, 'epoch': 3.25}
{'loss': 2.5906, 'grad_norm': 1.4806861877441406, 'learning_rate': 3.744164332399627e-06, 'epoch': 3.26}
{'loss': 2.5875, 'grad_norm': 1.5129200220108032, 'learning_rate': 3.7363834422657958e-06, 'epoch': 3.28}
{'loss': 2.5703, 'grad_norm': 1.5211914777755737, 'learning_rate': 3.728602552131964e-06, 'epoch': 3.29}
{'loss': 2.575, 'grad_norm': 1.5114977359771729, 'learning_rate': 3.720821661998133e-06, 'epoch': 3.31}
{'loss': 2.5781, 'grad_norm': 1.492600679397583, 'learning_rate': 3.7130407718643015e-06, 'epoch': 3.32}
{'loss': 2.5984, 'grad_norm': 1.457141637802124, 'learning_rate': 3.70525988173047e-06, 'epoch': 3.33}
{'loss': 2.5578, 'grad_norm': 1.4898322820663452, 'learning_rate': 3.6974789915966393e-06, 'epoch': 3.35}
{'loss': 2.5641, 'grad_norm': 1.4854780435562134, 'learning_rate': 3.6896981014628076e-06, 'epoch': 3.36}
{'eval_loss': 2.8142361640930176, 'eval_runtime': 7.1609, 'eval_samples_per_second': 672.4, 'eval_steps_per_second': 2.653, 'epoch': 3.36}
{'loss': 2.5766, 'grad_norm': 1.4852312803268433, 'learning_rate': 3.6819172113289763e-06, 'epoch': 3.38}
{'loss': 2.5953, 'grad_norm': 1.4568655490875244, 'learning_rate': 3.6741363211951454e-06, 'epoch': 3.39}
{'loss': 2.5656, 'grad_norm': 1.4833909273147583, 'learning_rate': 3.6663554310613137e-06, 'epoch': 3.4}
{'loss': 2.5484, 'grad_norm': 1.489769697189331, 'learning_rate': 3.6585745409274824e-06, 'epoch': 3.42}
{'loss': 2.5797, 'grad_norm': 1.4999557733535767, 'learning_rate': 3.6507936507936507e-06, 'epoch': 3.43}
{'loss': 2.5938, 'grad_norm': 1.4891363382339478, 'learning_rate': 3.64301276065982e-06, 'epoch': 3.45}
{'loss': 2.6016, 'grad_norm': 1.54926598072052, 'learning_rate': 3.6352318705259885e-06, 'epoch': 3.46}
{'loss': 2.5781, 'grad_norm': 1.5132232904434204, 'learning_rate': 3.6274509803921573e-06, 'epoch': 3.47}
{'loss': 2.5656, 'grad_norm': 1.4873559474945068, 'learning_rate': 3.619670090258326e-06, 'epoch': 3.49}
{'loss': 2.5891, 'grad_norm': 1.5032241344451904, 'learning_rate': 3.6118892001244942e-06, 'epoch': 3.5}
{'loss': 2.5938, 'grad_norm': 1.5078096389770508, 'learning_rate': 3.6041083099906634e-06, 'epoch': 3.52}
{'loss': 2.5828, 'grad_norm': 1.5073448419570923, 'learning_rate': 3.596327419856832e-06, 'epoch': 3.53}
{'loss': 2.5734, 'grad_norm': 1.5149859189987183, 'learning_rate': 3.5885465297230004e-06, 'epoch': 3.54}
{'loss': 2.5688, 'grad_norm': 1.5235415697097778, 'learning_rate': 3.5807656395891695e-06, 'epoch': 3.56}
{'loss': 2.5828, 'grad_norm': 1.4751590490341187, 'learning_rate': 3.572984749455338e-06, 'epoch': 3.57}
{'loss': 2.5906, 'grad_norm': 1.587351679801941, 'learning_rate': 3.5652038593215065e-06, 'epoch': 3.59}
{'loss': 2.5922, 'grad_norm': 1.4750896692276, 'learning_rate': 3.5574229691876756e-06, 'epoch': 3.6}
{'loss': 2.5641, 'grad_norm': 1.4617315530776978, 'learning_rate': 3.549642079053844e-06, 'epoch': 3.61}
{'loss': 2.5672, 'grad_norm': 1.5048617124557495, 'learning_rate': 3.5418611889200126e-06, 'epoch': 3.63}
{'loss': 2.6078, 'grad_norm': 1.4889469146728516, 'learning_rate': 3.5340802987861818e-06, 'epoch': 3.64}
{'eval_loss': 2.8103299140930176, 'eval_runtime': 7.212, 'eval_samples_per_second': 667.636, 'eval_steps_per_second': 2.634, 'epoch': 3.64}
{'loss': 2.5859, 'grad_norm': 1.478888988494873, 'learning_rate': 3.52629940865235e-06, 'epoch': 3.66}
{'loss': 2.5641, 'grad_norm': 1.4498066902160645, 'learning_rate': 3.5185185185185187e-06, 'epoch': 3.67}
{'loss': 2.5594, 'grad_norm': 1.4914458990097046, 'learning_rate': 3.510737628384687e-06, 'epoch': 3.68}
{'loss': 2.5734, 'grad_norm': 1.5009608268737793, 'learning_rate': 3.502956738250856e-06, 'epoch': 3.7}
{'loss': 2.5891, 'grad_norm': 1.4851330518722534, 'learning_rate': 3.495175848117025e-06, 'epoch': 3.71}
{'loss': 2.5703, 'grad_norm': 1.5004571676254272, 'learning_rate': 3.4873949579831936e-06, 'epoch': 3.73}
{'loss': 2.5688, 'grad_norm': 1.5272122621536255, 'learning_rate': 3.4796140678493623e-06, 'epoch': 3.74}
{'loss': 2.5734, 'grad_norm': 1.489686369895935, 'learning_rate': 3.471833177715531e-06, 'epoch': 3.75}
{'loss': 2.5469, 'grad_norm': 1.4640743732452393, 'learning_rate': 3.4640522875816997e-06, 'epoch': 3.77}
{'loss': 2.5906, 'grad_norm': 1.5400640964508057, 'learning_rate': 3.4562713974478684e-06, 'epoch': 3.78}
{'loss': 2.5766, 'grad_norm': 1.4439619779586792, 'learning_rate': 3.4484905073140367e-06, 'epoch': 3.8}
{'loss': 2.5875, 'grad_norm': 1.4974474906921387, 'learning_rate': 3.440709617180206e-06, 'epoch': 3.81}
{'loss': 2.5766, 'grad_norm': 1.4915210008621216, 'learning_rate': 3.4329287270463745e-06, 'epoch': 3.82}
{'loss': 2.5844, 'grad_norm': 1.4888659715652466, 'learning_rate': 3.425147836912543e-06, 'epoch': 3.84}
{'loss': 2.5828, 'grad_norm': 1.4907019138336182, 'learning_rate': 3.417366946778712e-06, 'epoch': 3.85}
{'loss': 2.5719, 'grad_norm': 1.4851068258285522, 'learning_rate': 3.4095860566448802e-06, 'epoch': 3.87}
{'loss': 2.5828, 'grad_norm': 1.4668450355529785, 'learning_rate': 3.401805166511049e-06, 'epoch': 3.88}
{'loss': 2.5484, 'grad_norm': 1.4818952083587646, 'learning_rate': 3.394024276377218e-06, 'epoch': 3.89}
{'loss': 2.5609, 'grad_norm': 1.4872580766677856, 'learning_rate': 3.3862433862433864e-06, 'epoch': 3.91}
{'loss': 2.5906, 'grad_norm': 1.4989014863967896, 'learning_rate': 3.378462496109555e-06, 'epoch': 3.92}
{'eval_loss': 2.804253578186035, 'eval_runtime': 7.1077, 'eval_samples_per_second': 677.433, 'eval_steps_per_second': 2.673, 'epoch': 3.92}
{'loss': 2.5703, 'grad_norm': 1.5175870656967163, 'learning_rate': 3.370681605975724e-06, 'epoch': 3.94}
{'loss': 2.5734, 'grad_norm': 1.5142159461975098, 'learning_rate': 3.3629007158418925e-06, 'epoch': 3.95}
{'loss': 2.5734, 'grad_norm': 1.490296483039856, 'learning_rate': 3.355119825708061e-06, 'epoch': 3.96}
{'loss': 2.5609, 'grad_norm': 1.484471321105957, 'learning_rate': 3.34733893557423e-06, 'epoch': 3.98}
{'loss': 2.5828, 'grad_norm': 1.4640777111053467, 'learning_rate': 3.3395580454403986e-06, 'epoch': 3.99}
{'loss': 2.5531, 'grad_norm': 1.6159436702728271, 'learning_rate': 3.3317771553065677e-06, 'epoch': 4.01}
{'loss': 2.4875, 'grad_norm': 1.5172291994094849, 'learning_rate': 3.323996265172736e-06, 'epoch': 4.02}
{'loss': 2.4969, 'grad_norm': 1.7146440744400024, 'learning_rate': 3.3162153750389047e-06, 'epoch': 4.03}
{'loss': 2.4859, 'grad_norm': 1.5612939596176147, 'learning_rate': 3.308434484905074e-06, 'epoch': 4.05}
{'loss': 2.5141, 'grad_norm': 1.5620824098587036, 'learning_rate': 3.300653594771242e-06, 'epoch': 4.06}
{'loss': 2.4937, 'grad_norm': 1.5297918319702148, 'learning_rate': 3.292872704637411e-06, 'epoch': 4.08}
{'loss': 2.5219, 'grad_norm': 1.5524097681045532, 'learning_rate': 3.285091814503579e-06, 'epoch': 4.09}
{'loss': 2.4953, 'grad_norm': 1.5466244220733643, 'learning_rate': 3.2773109243697483e-06, 'epoch': 4.1}
{'loss': 2.4969, 'grad_norm': 1.5052322149276733, 'learning_rate': 3.269530034235917e-06, 'epoch': 4.12}
{'loss': 2.5047, 'grad_norm': 1.5618126392364502, 'learning_rate': 3.2617491441020853e-06, 'epoch': 4.13}
{'loss': 2.4953, 'grad_norm': 1.5688552856445312, 'learning_rate': 3.2539682539682544e-06, 'epoch': 4.15}
{'loss': 2.5016, 'grad_norm': 1.5674480199813843, 'learning_rate': 3.2461873638344227e-06, 'epoch': 4.16}
{'loss': 2.4906, 'grad_norm': 1.5914520025253296, 'learning_rate': 3.2384064737005914e-06, 'epoch': 4.17}
{'loss': 2.4781, 'grad_norm': 1.5670357942581177, 'learning_rate': 3.2306255835667605e-06, 'epoch': 4.19}
{'loss': 2.5, 'grad_norm': 1.5406134128570557, 'learning_rate': 3.222844693432929e-06, 'epoch': 4.2}
{'eval_loss': 2.82421875, 'eval_runtime': 7.2074, 'eval_samples_per_second': 668.061, 'eval_steps_per_second': 2.636, 'epoch': 4.2}
{'loss': 2.5172, 'grad_norm': 1.524794340133667, 'learning_rate': 3.2150638032990975e-06, 'epoch': 4.22}
{'loss': 2.5094, 'grad_norm': 1.547317385673523, 'learning_rate': 3.2072829131652667e-06, 'epoch': 4.23}
{'loss': 2.4969, 'grad_norm': 1.5923221111297607, 'learning_rate': 3.199502023031435e-06, 'epoch': 4.24}
{'loss': 2.4891, 'grad_norm': 1.55595862865448, 'learning_rate': 3.191721132897604e-06, 'epoch': 4.26}
{'loss': 2.4891, 'grad_norm': 1.5818910598754883, 'learning_rate': 3.1839402427637724e-06, 'epoch': 4.27}
{'loss': 2.4891, 'grad_norm': 1.5751135349273682, 'learning_rate': 3.176159352629941e-06, 'epoch': 4.29}
{'loss': 2.4875, 'grad_norm': 1.5702545642852783, 'learning_rate': 3.16837846249611e-06, 'epoch': 4.3}
{'loss': 2.4813, 'grad_norm': 1.5199623107910156, 'learning_rate': 3.1605975723622785e-06, 'epoch': 4.31}
{'loss': 2.5047, 'grad_norm': 1.6042520999908447, 'learning_rate': 3.152816682228447e-06, 'epoch': 4.33}
{'loss': 2.4969, 'grad_norm': 1.5795509815216064, 'learning_rate': 3.1450357920946155e-06, 'epoch': 4.34}
{'loss': 2.4969, 'grad_norm': 1.5521975755691528, 'learning_rate': 3.1372549019607846e-06, 'epoch': 4.36}
{'loss': 2.4828, 'grad_norm': 1.5716898441314697, 'learning_rate': 3.1294740118269533e-06, 'epoch': 4.37}
{'loss': 2.4813, 'grad_norm': 1.5130149126052856, 'learning_rate': 3.1216931216931216e-06, 'epoch': 4.38}
{'loss': 2.5047, 'grad_norm': 1.573623776435852, 'learning_rate': 3.1139122315592907e-06, 'epoch': 4.4}
{'loss': 2.4906, 'grad_norm': 1.5445542335510254, 'learning_rate': 3.1061313414254594e-06, 'epoch': 4.41}
{'loss': 2.5172, 'grad_norm': 1.5883266925811768, 'learning_rate': 3.0983504512916277e-06, 'epoch': 4.43}
{'loss': 2.4969, 'grad_norm': 1.5530422925949097, 'learning_rate': 3.090569561157797e-06, 'epoch': 4.44}
{'loss': 2.5078, 'grad_norm': 1.5708205699920654, 'learning_rate': 3.082788671023965e-06, 'epoch': 4.45}
{'loss': 2.4844, 'grad_norm': 1.5691980123519897, 'learning_rate': 3.0750077808901343e-06, 'epoch': 4.47}
{'loss': 2.5094, 'grad_norm': 1.6027984619140625, 'learning_rate': 3.067226890756303e-06, 'epoch': 4.48}
{'eval_loss': 2.8224825859069824, 'eval_runtime': 7.1981, 'eval_samples_per_second': 668.925, 'eval_steps_per_second': 2.64, 'epoch': 4.48}
{'loss': 2.5125, 'grad_norm': 1.5528998374938965, 'learning_rate': 3.0594460006224713e-06, 'epoch': 4.5}
{'loss': 2.5094, 'grad_norm': 1.5960856676101685, 'learning_rate': 3.0516651104886404e-06, 'epoch': 4.51}
{'loss': 2.5094, 'grad_norm': 1.6377617120742798, 'learning_rate': 3.0438842203548087e-06, 'epoch': 4.52}
{'loss': 2.5234, 'grad_norm': 1.6943144798278809, 'learning_rate': 3.0361033302209774e-06, 'epoch': 4.54}
{'loss': 2.4906, 'grad_norm': 1.5718564987182617, 'learning_rate': 3.0283224400871465e-06, 'epoch': 4.55}
{'loss': 2.5047, 'grad_norm': 1.603421688079834, 'learning_rate': 3.020541549953315e-06, 'epoch': 4.57}
{'loss': 2.5047, 'grad_norm': 1.583688735961914, 'learning_rate': 3.0127606598194835e-06, 'epoch': 4.58}
{'loss': 2.4891, 'grad_norm': 1.5650935173034668, 'learning_rate': 3.0049797696856526e-06, 'epoch': 4.59}
{'loss': 2.5, 'grad_norm': 1.5274325609207153, 'learning_rate': 2.997198879551821e-06, 'epoch': 4.61}
{'loss': 2.4844, 'grad_norm': 1.5816453695297241, 'learning_rate': 2.9894179894179896e-06, 'epoch': 4.62}
{'loss': 2.5125, 'grad_norm': 1.5625537633895874, 'learning_rate': 2.981637099284158e-06, 'epoch': 4.64}
{'loss': 2.4922, 'grad_norm': 1.5579440593719482, 'learning_rate': 2.973856209150327e-06, 'epoch': 4.65}
{'loss': 2.5094, 'grad_norm': 1.5689600706100464, 'learning_rate': 2.9660753190164958e-06, 'epoch': 4.66}
{'loss': 2.5109, 'grad_norm': 1.6260672807693481, 'learning_rate': 2.9582944288826645e-06, 'epoch': 4.68}
{'loss': 2.4844, 'grad_norm': 1.597941279411316, 'learning_rate': 2.950513538748833e-06, 'epoch': 4.69}
{'loss': 2.5219, 'grad_norm': 1.6617815494537354, 'learning_rate': 2.942732648615002e-06, 'epoch': 4.71}
{'loss': 2.5172, 'grad_norm': 1.5879113674163818, 'learning_rate': 2.9349517584811706e-06, 'epoch': 4.72}
{'loss': 2.5109, 'grad_norm': 1.645108699798584, 'learning_rate': 2.9271708683473393e-06, 'epoch': 4.73}
{'loss': 2.4937, 'grad_norm': 1.5689723491668701, 'learning_rate': 2.9193899782135076e-06, 'epoch': 4.75}
{'loss': 2.5, 'grad_norm': 1.601686954498291, 'learning_rate': 2.9116090880796767e-06, 'epoch': 4.76}
{'eval_loss': 2.820746421813965, 'eval_runtime': 7.1943, 'eval_samples_per_second': 669.278, 'eval_steps_per_second': 2.641, 'epoch': 4.76}
{'loss': 2.4984, 'grad_norm': 1.690665602684021, 'learning_rate': 2.9038281979458454e-06, 'epoch': 4.78}
{'loss': 2.4813, 'grad_norm': 1.6128454208374023, 'learning_rate': 2.8960473078120137e-06, 'epoch': 4.79}
{'loss': 2.5031, 'grad_norm': 1.5657014846801758, 'learning_rate': 2.888266417678183e-06, 'epoch': 4.8}
{'loss': 2.5187, 'grad_norm': 1.5667845010757446, 'learning_rate': 2.880485527544351e-06, 'epoch': 4.82}
{'loss': 2.5187, 'grad_norm': 1.5778257846832275, 'learning_rate': 2.87270463741052e-06, 'epoch': 4.83}
{'loss': 2.525, 'grad_norm': 1.606869101524353, 'learning_rate': 2.864923747276689e-06, 'epoch': 4.85}
{'loss': 2.5031, 'grad_norm': 1.5777406692504883, 'learning_rate': 2.8571428571428573e-06, 'epoch': 4.86}
{'loss': 2.5063, 'grad_norm': 1.6183528900146484, 'learning_rate': 2.849361967009026e-06, 'epoch': 4.87}
{'loss': 2.5047, 'grad_norm': 1.5760575532913208, 'learning_rate': 2.841581076875195e-06, 'epoch': 4.89}
{'loss': 2.5141, 'grad_norm': 1.5563881397247314, 'learning_rate': 2.8338001867413634e-06, 'epoch': 4.9}
{'loss': 2.4969, 'grad_norm': 1.6251698732376099, 'learning_rate': 2.826019296607532e-06, 'epoch': 4.92}
{'loss': 2.5, 'grad_norm': 1.5830600261688232, 'learning_rate': 2.818238406473701e-06, 'epoch': 4.93}
{'loss': 2.4953, 'grad_norm': 1.5375571250915527, 'learning_rate': 2.8104575163398695e-06, 'epoch': 4.94}
{'loss': 2.5094, 'grad_norm': 1.58162522315979, 'learning_rate': 2.8026766262060382e-06, 'epoch': 4.96}
{'loss': 2.525, 'grad_norm': 1.5937281847000122, 'learning_rate': 2.794895736072207e-06, 'epoch': 4.97}
{'loss': 2.4984, 'grad_norm': 1.5096503496170044, 'learning_rate': 2.7871148459383756e-06, 'epoch': 4.99}
{'loss': 2.5, 'grad_norm': 1.5580804347991943, 'learning_rate': 2.779333955804544e-06, 'epoch': 5.0}
{'loss': 2.4438, 'grad_norm': 1.5729683637619019, 'learning_rate': 2.771553065670713e-06, 'epoch': 5.01}
{'loss': 2.4375, 'grad_norm': 1.6371371746063232, 'learning_rate': 2.7637721755368818e-06, 'epoch': 5.03}
{'loss': 2.4422, 'grad_norm': 1.6369847059249878, 'learning_rate': 2.75599128540305e-06, 'epoch': 5.04}
{'eval_loss': 2.839409828186035, 'eval_runtime': 7.0578, 'eval_samples_per_second': 682.222, 'eval_steps_per_second': 2.692, 'epoch': 5.04}
{'loss': 2.4031, 'grad_norm': 1.639998435974121, 'learning_rate': 2.748210395269219e-06, 'epoch': 5.06}
{'loss': 2.4406, 'grad_norm': 1.672300100326538, 'learning_rate': 2.740429505135388e-06, 'epoch': 5.07}
{'loss': 2.4062, 'grad_norm': 1.6375689506530762, 'learning_rate': 2.732648615001556e-06, 'epoch': 5.08}
{'loss': 2.4469, 'grad_norm': 1.6659177541732788, 'learning_rate': 2.7248677248677253e-06, 'epoch': 5.1}
{'loss': 2.4062, 'grad_norm': 1.6513274908065796, 'learning_rate': 2.7170868347338936e-06, 'epoch': 5.11}
{'loss': 2.4312, 'grad_norm': 1.5979259014129639, 'learning_rate': 2.7093059446000623e-06, 'epoch': 5.13}
{'loss': 2.4406, 'grad_norm': 1.6381804943084717, 'learning_rate': 2.7015250544662314e-06, 'epoch': 5.14}
{'loss': 2.4172, 'grad_norm': 1.625896692276001, 'learning_rate': 2.6937441643323997e-06, 'epoch': 5.15}
{'loss': 2.4438, 'grad_norm': 1.655120611190796, 'learning_rate': 2.6859632741985684e-06, 'epoch': 5.17}
{'loss': 2.4453, 'grad_norm': 1.599937081336975, 'learning_rate': 2.678182384064737e-06, 'epoch': 5.18}
{'loss': 2.4281, 'grad_norm': 1.6476640701293945, 'learning_rate': 2.670401493930906e-06, 'epoch': 5.2}
{'loss': 2.4266, 'grad_norm': 1.616464376449585, 'learning_rate': 2.662620603797075e-06, 'epoch': 5.21}
{'loss': 2.4281, 'grad_norm': 1.6376787424087524, 'learning_rate': 2.6548397136632432e-06, 'epoch': 5.22}
{'loss': 2.4266, 'grad_norm': 1.6348086595535278, 'learning_rate': 2.647058823529412e-06, 'epoch': 5.24}
{'loss': 2.4406, 'grad_norm': 1.6357920169830322, 'learning_rate': 2.639277933395581e-06, 'epoch': 5.25}
{'loss': 2.4188, 'grad_norm': 1.6157519817352295, 'learning_rate': 2.6314970432617494e-06, 'epoch': 5.27}
{'loss': 2.4125, 'grad_norm': 1.6391956806182861, 'learning_rate': 2.623716153127918e-06, 'epoch': 5.28}
{'loss': 2.4391, 'grad_norm': 1.6547435522079468, 'learning_rate': 2.6159352629940864e-06, 'epoch': 5.29}
{'loss': 2.4359, 'grad_norm': 1.6532787084579468, 'learning_rate': 2.6081543728602555e-06, 'epoch': 5.31}
{'loss': 2.4375, 'grad_norm': 1.659067988395691, 'learning_rate': 2.600373482726424e-06, 'epoch': 5.32}
{'eval_loss': 2.83984375, 'eval_runtime': 7.1368, 'eval_samples_per_second': 674.67, 'eval_steps_per_second': 2.662, 'epoch': 5.32}
{'loss': 2.4312, 'grad_norm': 1.638180136680603, 'learning_rate': 2.5925925925925925e-06, 'epoch': 5.34}
{'loss': 2.4219, 'grad_norm': 1.6276729106903076, 'learning_rate': 2.5848117024587616e-06, 'epoch': 5.35}
{'loss': 2.4547, 'grad_norm': 1.6016486883163452, 'learning_rate': 2.57703081232493e-06, 'epoch': 5.36}
{'loss': 2.425, 'grad_norm': 1.668364405632019, 'learning_rate': 2.5692499221910986e-06, 'epoch': 5.38}
{'loss': 2.4344, 'grad_norm': 1.596182942390442, 'learning_rate': 2.5614690320572677e-06, 'epoch': 5.39}
{'loss': 2.4359, 'grad_norm': 1.6710443496704102, 'learning_rate': 2.553688141923436e-06, 'epoch': 5.41}
{'loss': 2.45, 'grad_norm': 1.6582872867584229, 'learning_rate': 2.545907251789605e-06, 'epoch': 5.42}
{'loss': 2.4422, 'grad_norm': 1.670786738395691, 'learning_rate': 2.538126361655774e-06, 'epoch': 5.43}
{'loss': 2.4234, 'grad_norm': 1.6424763202667236, 'learning_rate': 2.530345471521942e-06, 'epoch': 5.45}
{'loss': 2.4578, 'grad_norm': 1.682747721672058, 'learning_rate': 2.5225645813881113e-06, 'epoch': 5.46}
{'loss': 2.4156, 'grad_norm': 1.6208860874176025, 'learning_rate': 2.5147836912542796e-06, 'epoch': 5.48}
{'loss': 2.4281, 'grad_norm': 1.6506545543670654, 'learning_rate': 2.5070028011204483e-06, 'epoch': 5.49}
{'loss': 2.4234, 'grad_norm': 1.6223316192626953, 'learning_rate': 2.499221910986617e-06, 'epoch': 5.5}
{'loss': 2.4625, 'grad_norm': 1.6510199308395386, 'learning_rate': 2.4914410208527857e-06, 'epoch': 5.52}
{'loss': 2.4469, 'grad_norm': 1.7187838554382324, 'learning_rate': 2.4836601307189544e-06, 'epoch': 5.53}
{'loss': 2.4188, 'grad_norm': 1.6157842874526978, 'learning_rate': 2.475879240585123e-06, 'epoch': 5.55}
{'loss': 2.4484, 'grad_norm': 1.6415079832077026, 'learning_rate': 2.468098350451292e-06, 'epoch': 5.56}
{'loss': 2.45, 'grad_norm': 1.687122106552124, 'learning_rate': 2.4603174603174605e-06, 'epoch': 5.57}
{'loss': 2.4234, 'grad_norm': 1.6821837425231934, 'learning_rate': 2.4525365701836292e-06, 'epoch': 5.59}
{'loss': 2.4547, 'grad_norm': 1.6564708948135376, 'learning_rate': 2.444755680049798e-06, 'epoch': 5.6}
{'eval_loss': 2.83984375, 'eval_runtime': 7.1963, 'eval_samples_per_second': 669.09, 'eval_steps_per_second': 2.64, 'epoch': 5.6}
{'loss': 2.4281, 'grad_norm': 1.63682222366333, 'learning_rate': 2.4369747899159667e-06, 'epoch': 5.62}
{'loss': 2.4281, 'grad_norm': 1.631495714187622, 'learning_rate': 2.4291938997821354e-06, 'epoch': 5.63}
{'loss': 2.4281, 'grad_norm': 1.6599456071853638, 'learning_rate': 2.421413009648304e-06, 'epoch': 5.64}
{'loss': 2.4359, 'grad_norm': 1.6384366750717163, 'learning_rate': 2.4136321195144728e-06, 'epoch': 5.66}
{'loss': 2.425, 'grad_norm': 1.63743257522583, 'learning_rate': 2.4058512293806415e-06, 'epoch': 5.67}
{'loss': 2.4469, 'grad_norm': 1.6067758798599243, 'learning_rate': 2.3980703392468098e-06, 'epoch': 5.69}
{'loss': 2.4484, 'grad_norm': 1.668167233467102, 'learning_rate': 2.390289449112979e-06, 'epoch': 5.7}
{'loss': 2.4562, 'grad_norm': 1.6380587816238403, 'learning_rate': 2.3825085589791476e-06, 'epoch': 5.71}
{'loss': 2.425, 'grad_norm': 1.6555075645446777, 'learning_rate': 2.374727668845316e-06, 'epoch': 5.73}
{'loss': 2.4469, 'grad_norm': 1.6701325178146362, 'learning_rate': 2.3669467787114846e-06, 'epoch': 5.74}
{'loss': 2.4594, 'grad_norm': 1.6362115144729614, 'learning_rate': 2.3591658885776537e-06, 'epoch': 5.76}
{'loss': 2.4578, 'grad_norm': 1.618753433227539, 'learning_rate': 2.351384998443822e-06, 'epoch': 5.77}
{'loss': 2.4375, 'grad_norm': 1.6466679573059082, 'learning_rate': 2.3436041083099907e-06, 'epoch': 5.78}
{'loss': 2.4484, 'grad_norm': 1.622964859008789, 'learning_rate': 2.3358232181761594e-06, 'epoch': 5.8}
{'loss': 2.4297, 'grad_norm': 1.6960996389389038, 'learning_rate': 2.328042328042328e-06, 'epoch': 5.81}
{'loss': 2.4391, 'grad_norm': 1.657909870147705, 'learning_rate': 2.320261437908497e-06, 'epoch': 5.83}
{'loss': 2.4359, 'grad_norm': 1.726751685142517, 'learning_rate': 2.3124805477746656e-06, 'epoch': 5.84}
{'loss': 2.4266, 'grad_norm': 1.643822193145752, 'learning_rate': 2.3046996576408343e-06, 'epoch': 5.85}
{'loss': 2.4266, 'grad_norm': 1.6281342506408691, 'learning_rate': 2.296918767507003e-06, 'epoch': 5.87}
{'loss': 2.425, 'grad_norm': 1.6377934217453003, 'learning_rate': 2.2891378773731717e-06, 'epoch': 5.88}
{'eval_loss': 2.838975667953491, 'eval_runtime': 7.0481, 'eval_samples_per_second': 683.167, 'eval_steps_per_second': 2.696, 'epoch': 5.88}
{'loss': 2.4328, 'grad_norm': 1.6467396020889282, 'learning_rate': 2.2813569872393404e-06, 'epoch': 5.9}
{'loss': 2.4297, 'grad_norm': 1.6800117492675781, 'learning_rate': 2.273576097105509e-06, 'epoch': 5.91}
{'loss': 2.4359, 'grad_norm': 1.6371335983276367, 'learning_rate': 2.265795206971678e-06, 'epoch': 5.92}
{'loss': 2.4328, 'grad_norm': 1.6305489540100098, 'learning_rate': 2.2580143168378465e-06, 'epoch': 5.94}
{'loss': 2.4422, 'grad_norm': 1.6323133707046509, 'learning_rate': 2.2502334267040152e-06, 'epoch': 5.95}
{'loss': 2.4375, 'grad_norm': 1.6269835233688354, 'learning_rate': 2.242452536570184e-06, 'epoch': 5.97}
{'loss': 2.4297, 'grad_norm': 1.6370524168014526, 'learning_rate': 2.2346716464363522e-06, 'epoch': 5.98}
{'loss': 2.4344, 'grad_norm': 1.6320767402648926, 'learning_rate': 2.2268907563025214e-06, 'epoch': 5.99}
{'loss': 2.4094, 'grad_norm': 1.649573802947998, 'learning_rate': 2.21910986616869e-06, 'epoch': 6.01}
{'loss': 2.3797, 'grad_norm': 1.704992413520813, 'learning_rate': 2.2113289760348588e-06, 'epoch': 6.02}
{'loss': 2.3594, 'grad_norm': 1.719719648361206, 'learning_rate': 2.203548085901027e-06, 'epoch': 6.04}
{'loss': 2.3578, 'grad_norm': 1.6956565380096436, 'learning_rate': 2.1957671957671958e-06, 'epoch': 6.05}
{'loss': 2.3687, 'grad_norm': 1.6675947904586792, 'learning_rate': 2.187986305633365e-06, 'epoch': 6.06}
{'loss': 2.35, 'grad_norm': 1.6524028778076172, 'learning_rate': 2.180205415499533e-06, 'epoch': 6.08}
{'loss': 2.4031, 'grad_norm': 1.643843650817871, 'learning_rate': 2.172424525365702e-06, 'epoch': 6.09}
{'loss': 2.3703, 'grad_norm': 1.6860570907592773, 'learning_rate': 2.1646436352318706e-06, 'epoch': 6.11}
{'loss': 2.3594, 'grad_norm': 1.699604868888855, 'learning_rate': 2.1568627450980393e-06, 'epoch': 6.12}
{'loss': 2.3672, 'grad_norm': 1.7015478610992432, 'learning_rate': 2.149081854964208e-06, 'epoch': 6.13}
{'loss': 2.3484, 'grad_norm': 1.674759864807129, 'learning_rate': 2.1413009648303767e-06, 'epoch': 6.15}
{'loss': 2.3703, 'grad_norm': 1.6668227910995483, 'learning_rate': 2.1335200746965454e-06, 'epoch': 6.16}
{'eval_loss': 2.8576388359069824, 'eval_runtime': 7.1988, 'eval_samples_per_second': 668.86, 'eval_steps_per_second': 2.639, 'epoch': 6.16}
{'loss': 2.3719, 'grad_norm': 1.6770693063735962, 'learning_rate': 2.125739184562714e-06, 'epoch': 6.18}
{'loss': 2.3594, 'grad_norm': 1.6886627674102783, 'learning_rate': 2.117958294428883e-06, 'epoch': 6.19}
{'loss': 2.3781, 'grad_norm': 1.7083581686019897, 'learning_rate': 2.1101774042950516e-06, 'epoch': 6.2}
{'loss': 2.3766, 'grad_norm': 1.6665338277816772, 'learning_rate': 2.1023965141612203e-06, 'epoch': 6.22}
{'loss': 2.3844, 'grad_norm': 1.719180703163147, 'learning_rate': 2.094615624027389e-06, 'epoch': 6.23}
{'loss': 2.3813, 'grad_norm': 1.7043789625167847, 'learning_rate': 2.0868347338935577e-06, 'epoch': 6.25}
{'loss': 2.3719, 'grad_norm': 1.6989023685455322, 'learning_rate': 2.0790538437597264e-06, 'epoch': 6.26}
{'loss': 2.3813, 'grad_norm': 1.6659735441207886, 'learning_rate': 2.071272953625895e-06, 'epoch': 6.27}
{'loss': 2.3563, 'grad_norm': 1.7286227941513062, 'learning_rate': 2.0634920634920634e-06, 'epoch': 6.29}
{'loss': 2.3625, 'grad_norm': 1.7475073337554932, 'learning_rate': 2.0557111733582325e-06, 'epoch': 6.3}
{'loss': 2.3859, 'grad_norm': 1.7565631866455078, 'learning_rate': 2.0479302832244012e-06, 'epoch': 6.32}
{'loss': 2.3953, 'grad_norm': 1.738850474357605, 'learning_rate': 2.0401493930905695e-06, 'epoch': 6.33}
{'loss': 2.3953, 'grad_norm': 1.6540578603744507, 'learning_rate': 2.0323685029567382e-06, 'epoch': 6.34}
{'loss': 2.3547, 'grad_norm': 1.6818549633026123, 'learning_rate': 2.0245876128229074e-06, 'epoch': 6.36}
{'loss': 2.3937, 'grad_norm': 1.711345911026001, 'learning_rate': 2.0168067226890756e-06, 'epoch': 6.37}
{'loss': 2.3594, 'grad_norm': 1.690637230873108, 'learning_rate': 2.0090258325552443e-06, 'epoch': 6.39}
{'loss': 2.4125, 'grad_norm': 1.6702038049697876, 'learning_rate': 2.001244942421413e-06, 'epoch': 6.4}
{'loss': 2.3703, 'grad_norm': 1.7123881578445435, 'learning_rate': 1.993464052287582e-06, 'epoch': 6.41}
{'loss': 2.3828, 'grad_norm': 1.7535959482192993, 'learning_rate': 1.9856831621537505e-06, 'epoch': 6.43}
{'loss': 2.3609, 'grad_norm': 1.7079386711120605, 'learning_rate': 1.977902272019919e-06, 'epoch': 6.44}
{'eval_loss': 2.8572049140930176, 'eval_runtime': 7.2216, 'eval_samples_per_second': 666.748, 'eval_steps_per_second': 2.631, 'epoch': 6.44}
{'loss': 2.3781, 'grad_norm': 1.7155271768569946, 'learning_rate': 1.970121381886088e-06, 'epoch': 6.46}
{'loss': 2.3906, 'grad_norm': 1.6796106100082397, 'learning_rate': 1.9623404917522566e-06, 'epoch': 6.47}
{'loss': 2.4031, 'grad_norm': 1.757986068725586, 'learning_rate': 1.9545596016184253e-06, 'epoch': 6.48}
{'loss': 2.3578, 'grad_norm': 1.7073843479156494, 'learning_rate': 1.946778711484594e-06, 'epoch': 6.5}
{'loss': 2.3859, 'grad_norm': 1.716260552406311, 'learning_rate': 1.9389978213507627e-06, 'epoch': 6.51}
{'loss': 2.3641, 'grad_norm': 1.7324203252792358, 'learning_rate': 1.9312169312169314e-06, 'epoch': 6.53}
{'loss': 2.3781, 'grad_norm': 1.7113683223724365, 'learning_rate': 1.9234360410831e-06, 'epoch': 6.54}
{'loss': 2.3594, 'grad_norm': 1.7433491945266724, 'learning_rate': 1.915655150949269e-06, 'epoch': 6.55}
{'loss': 2.375, 'grad_norm': 1.7098292112350464, 'learning_rate': 1.9078742608154376e-06, 'epoch': 6.57}
{'loss': 2.3641, 'grad_norm': 1.7296273708343506, 'learning_rate': 1.900093370681606e-06, 'epoch': 6.58}
{'loss': 2.3844, 'grad_norm': 1.7170292139053345, 'learning_rate': 1.892312480547775e-06, 'epoch': 6.6}
{'loss': 2.3984, 'grad_norm': 1.734872817993164, 'learning_rate': 1.8845315904139435e-06, 'epoch': 6.61}
{'loss': 2.3641, 'grad_norm': 1.7249820232391357, 'learning_rate': 1.8767507002801122e-06, 'epoch': 6.62}
{'loss': 2.3797, 'grad_norm': 1.7076739072799683, 'learning_rate': 1.8689698101462809e-06, 'epoch': 6.64}
{'loss': 2.3781, 'grad_norm': 1.7018523216247559, 'learning_rate': 1.8611889200124494e-06, 'epoch': 6.65}
{'loss': 2.3766, 'grad_norm': 1.7034695148468018, 'learning_rate': 1.8534080298786183e-06, 'epoch': 6.67}
{'loss': 2.3891, 'grad_norm': 1.6923059225082397, 'learning_rate': 1.845627139744787e-06, 'epoch': 6.68}
{'loss': 2.3687, 'grad_norm': 1.6832373142242432, 'learning_rate': 1.8378462496109555e-06, 'epoch': 6.69}
{'loss': 2.4016, 'grad_norm': 1.6956993341445923, 'learning_rate': 1.8300653594771242e-06, 'epoch': 6.71}
{'loss': 2.3766, 'grad_norm': 1.706790566444397, 'learning_rate': 1.8222844693432931e-06, 'epoch': 6.72}
{'eval_loss': 2.8572049140930176, 'eval_runtime': 7.0165, 'eval_samples_per_second': 686.236, 'eval_steps_per_second': 2.708, 'epoch': 6.72}
{'loss': 2.375, 'grad_norm': 1.702160358428955, 'learning_rate': 1.8145035792094618e-06, 'epoch': 6.74}
{'loss': 2.3984, 'grad_norm': 1.743140697479248, 'learning_rate': 1.8067226890756303e-06, 'epoch': 6.75}
{'loss': 2.3937, 'grad_norm': 1.7451019287109375, 'learning_rate': 1.798941798941799e-06, 'epoch': 6.76}
{'loss': 2.3734, 'grad_norm': 1.7152109146118164, 'learning_rate': 1.791160908807968e-06, 'epoch': 6.78}
{'loss': 2.3625, 'grad_norm': 1.6770849227905273, 'learning_rate': 1.7833800186741365e-06, 'epoch': 6.79}
{'loss': 2.3813, 'grad_norm': 1.7360947132110596, 'learning_rate': 1.7755991285403052e-06, 'epoch': 6.81}
{'loss': 2.3969, 'grad_norm': 1.7519232034683228, 'learning_rate': 1.7678182384064737e-06, 'epoch': 6.82}
{'loss': 2.3641, 'grad_norm': 1.7510325908660889, 'learning_rate': 1.7600373482726426e-06, 'epoch': 6.83}
{'loss': 2.3563, 'grad_norm': 1.7243458032608032, 'learning_rate': 1.7522564581388113e-06, 'epoch': 6.85}
{'loss': 2.3719, 'grad_norm': 1.6945877075195312, 'learning_rate': 1.74447556800498e-06, 'epoch': 6.86}
{'loss': 2.4141, 'grad_norm': 1.7319360971450806, 'learning_rate': 1.7366946778711485e-06, 'epoch': 6.88}
{'loss': 2.3906, 'grad_norm': 1.6860402822494507, 'learning_rate': 1.7289137877373172e-06, 'epoch': 6.89}
{'loss': 2.4016, 'grad_norm': 1.7226886749267578, 'learning_rate': 1.7211328976034861e-06, 'epoch': 6.9}
{'loss': 2.3828, 'grad_norm': 1.7021018266677856, 'learning_rate': 1.7133520074696546e-06, 'epoch': 6.92}
{'loss': 2.3859, 'grad_norm': 1.7392507791519165, 'learning_rate': 1.7055711173358233e-06, 'epoch': 6.93}
{'loss': 2.3672, 'grad_norm': 1.681341290473938, 'learning_rate': 1.697790227201992e-06, 'epoch': 6.95}
{'loss': 2.3922, 'grad_norm': 1.7238315343856812, 'learning_rate': 1.6900093370681607e-06, 'epoch': 6.96}
{'loss': 2.3656, 'grad_norm': 1.669664978981018, 'learning_rate': 1.6822284469343295e-06, 'epoch': 6.97}
{'loss': 2.3813, 'grad_norm': 1.7015317678451538, 'learning_rate': 1.6744475568004982e-06, 'epoch': 6.99}
{'loss': 2.3891, 'grad_norm': 1.7201789617538452, 'learning_rate': 1.6666666666666667e-06, 'epoch': 7.0}
{'eval_loss': 2.8572049140930176, 'eval_runtime': 7.2254, 'eval_samples_per_second': 666.399, 'eval_steps_per_second': 2.63, 'epoch': 7.0}
{'loss': 2.3188, 'grad_norm': 1.6809674501419067, 'learning_rate': 1.6588857765328356e-06, 'epoch': 7.02}
{'loss': 2.3172, 'grad_norm': 1.7959434986114502, 'learning_rate': 1.6511048863990043e-06, 'epoch': 7.03}
{'loss': 2.3188, 'grad_norm': 1.727187156677246, 'learning_rate': 1.6433239962651728e-06, 'epoch': 7.04}
{'loss': 2.3062, 'grad_norm': 1.7246233224868774, 'learning_rate': 1.6355431061313415e-06, 'epoch': 7.06}
{'loss': 2.3328, 'grad_norm': 1.7772216796875, 'learning_rate': 1.6277622159975104e-06, 'epoch': 7.07}
{'loss': 2.3594, 'grad_norm': 1.7364753484725952, 'learning_rate': 1.619981325863679e-06, 'epoch': 7.09}
{'loss': 2.3312, 'grad_norm': 1.7496165037155151, 'learning_rate': 1.6122004357298476e-06, 'epoch': 7.1}
{'loss': 2.3156, 'grad_norm': 1.748212218284607, 'learning_rate': 1.6044195455960163e-06, 'epoch': 7.11}
{'loss': 2.3516, 'grad_norm': 1.7819266319274902, 'learning_rate': 1.5966386554621848e-06, 'epoch': 7.13}
{'loss': 2.3172, 'grad_norm': 1.7335838079452515, 'learning_rate': 1.5888577653283537e-06, 'epoch': 7.14}
{'loss': 2.3078, 'grad_norm': 1.7833207845687866, 'learning_rate': 1.5810768751945225e-06, 'epoch': 7.16}
{'loss': 2.3219, 'grad_norm': 1.7576379776000977, 'learning_rate': 1.573295985060691e-06, 'epoch': 7.17}
{'loss': 2.3188, 'grad_norm': 1.80360746383667, 'learning_rate': 1.5655150949268597e-06, 'epoch': 7.18}
{'loss': 2.3062, 'grad_norm': 1.8035539388656616, 'learning_rate': 1.5577342047930286e-06, 'epoch': 7.2}
{'loss': 2.3375, 'grad_norm': 1.7291902303695679, 'learning_rate': 1.5499533146591973e-06, 'epoch': 7.21}
{'loss': 2.3234, 'grad_norm': 1.776179313659668, 'learning_rate': 1.5421724245253658e-06, 'epoch': 7.23}
{'loss': 2.3328, 'grad_norm': 1.7920153141021729, 'learning_rate': 1.5343915343915345e-06, 'epoch': 7.24}
{'loss': 2.3188, 'grad_norm': 1.7655643224716187, 'learning_rate': 1.5266106442577034e-06, 'epoch': 7.25}
{'loss': 2.3266, 'grad_norm': 1.7750664949417114, 'learning_rate': 1.518829754123872e-06, 'epoch': 7.27}
{'loss': 2.3359, 'grad_norm': 1.7396384477615356, 'learning_rate': 1.5110488639900406e-06, 'epoch': 7.28}
{'eval_loss': 2.8776042461395264, 'eval_runtime': 7.2119, 'eval_samples_per_second': 667.647, 'eval_steps_per_second': 2.635, 'epoch': 7.28}
{'loss': 2.3438, 'grad_norm': 1.754273533821106, 'learning_rate': 1.5032679738562091e-06, 'epoch': 7.3}
{'loss': 2.3359, 'grad_norm': 1.7700626850128174, 'learning_rate': 1.4954870837223778e-06, 'epoch': 7.31}
{'loss': 2.325, 'grad_norm': 1.781433343887329, 'learning_rate': 1.4877061935885467e-06, 'epoch': 7.32}
{'loss': 2.3359, 'grad_norm': 1.8190518617630005, 'learning_rate': 1.4799253034547154e-06, 'epoch': 7.34}
{'loss': 2.35, 'grad_norm': 1.7570186853408813, 'learning_rate': 1.472144413320884e-06, 'epoch': 7.35}
{'loss': 2.3125, 'grad_norm': 1.7936264276504517, 'learning_rate': 1.4643635231870527e-06, 'epoch': 7.37}
{'loss': 2.3391, 'grad_norm': 1.7767120599746704, 'learning_rate': 1.4565826330532216e-06, 'epoch': 7.38}
{'loss': 2.3563, 'grad_norm': 1.801645278930664, 'learning_rate': 1.44880174291939e-06, 'epoch': 7.39}
{'loss': 2.3281, 'grad_norm': 1.826420545578003, 'learning_rate': 1.4410208527855588e-06, 'epoch': 7.41}
{'loss': 2.3312, 'grad_norm': 1.7820007801055908, 'learning_rate': 1.4332399626517273e-06, 'epoch': 7.42}
{'loss': 2.3391, 'grad_norm': 1.8028790950775146, 'learning_rate': 1.4254590725178962e-06, 'epoch': 7.44}
{'loss': 2.3156, 'grad_norm': 1.7815250158309937, 'learning_rate': 1.417678182384065e-06, 'epoch': 7.45}
{'loss': 2.3188, 'grad_norm': 1.7591043710708618, 'learning_rate': 1.4098972922502336e-06, 'epoch': 7.46}
{'loss': 2.3359, 'grad_norm': 1.7735041379928589, 'learning_rate': 1.4021164021164021e-06, 'epoch': 7.48}
{'loss': 2.3422, 'grad_norm': 1.7921489477157593, 'learning_rate': 1.394335511982571e-06, 'epoch': 7.49}
{'loss': 2.3297, 'grad_norm': 1.801303744316101, 'learning_rate': 1.3865546218487397e-06, 'epoch': 7.51}
{'loss': 2.3563, 'grad_norm': 1.8082937002182007, 'learning_rate': 1.3787737317149082e-06, 'epoch': 7.52}
{'loss': 2.3406, 'grad_norm': 1.7947407960891724, 'learning_rate': 1.370992841581077e-06, 'epoch': 7.54}
{'loss': 2.3328, 'grad_norm': 1.7708364725112915, 'learning_rate': 1.3632119514472457e-06, 'epoch': 7.55}
{'loss': 2.35, 'grad_norm': 1.8137434720993042, 'learning_rate': 1.3554310613134144e-06, 'epoch': 7.56}
{'eval_loss': 2.875, 'eval_runtime': 7.2111, 'eval_samples_per_second': 667.722, 'eval_steps_per_second': 2.635, 'epoch': 7.56}
{'loss': 2.3375, 'grad_norm': 1.7469522953033447, 'learning_rate': 1.347650171179583e-06, 'epoch': 7.58}
{'loss': 2.3344, 'grad_norm': 1.7864354848861694, 'learning_rate': 1.3398692810457518e-06, 'epoch': 7.59}
{'loss': 2.3219, 'grad_norm': 1.7939977645874023, 'learning_rate': 1.3320883909119203e-06, 'epoch': 7.61}
{'loss': 2.3281, 'grad_norm': 1.703716516494751, 'learning_rate': 1.3243075007780892e-06, 'epoch': 7.62}
{'loss': 2.325, 'grad_norm': 1.7816210985183716, 'learning_rate': 1.316526610644258e-06, 'epoch': 7.63}
{'loss': 2.3469, 'grad_norm': 1.7275564670562744, 'learning_rate': 1.3087457205104264e-06, 'epoch': 7.65}
{'loss': 2.325, 'grad_norm': 1.769687533378601, 'learning_rate': 1.300964830376595e-06, 'epoch': 7.66}
{'loss': 2.3156, 'grad_norm': 1.7974801063537598, 'learning_rate': 1.293183940242764e-06, 'epoch': 7.68}
{'loss': 2.3422, 'grad_norm': 1.7317004203796387, 'learning_rate': 1.2854030501089325e-06, 'epoch': 7.69}
{'loss': 2.325, 'grad_norm': 1.7976815700531006, 'learning_rate': 1.2776221599751012e-06, 'epoch': 7.7}
{'loss': 2.3234, 'grad_norm': 1.7788070440292358, 'learning_rate': 1.26984126984127e-06, 'epoch': 7.72}
{'loss': 2.2875, 'grad_norm': 1.7491116523742676, 'learning_rate': 1.2620603797074384e-06, 'epoch': 7.73}
{'loss': 2.3328, 'grad_norm': 1.7823553085327148, 'learning_rate': 1.2542794895736074e-06, 'epoch': 7.75}
{'loss': 2.3375, 'grad_norm': 1.7310731410980225, 'learning_rate': 1.246498599439776e-06, 'epoch': 7.76}
{'loss': 2.3172, 'grad_norm': 1.7282673120498657, 'learning_rate': 1.2387177093059446e-06, 'epoch': 7.77}
{'loss': 2.3359, 'grad_norm': 1.7599462270736694, 'learning_rate': 1.2309368191721135e-06, 'epoch': 7.79}
{'loss': 2.3156, 'grad_norm': 1.7894223928451538, 'learning_rate': 1.223155929038282e-06, 'epoch': 7.8}
{'loss': 2.3266, 'grad_norm': 1.8093385696411133, 'learning_rate': 1.215375038904451e-06, 'epoch': 7.82}
{'loss': 2.325, 'grad_norm': 1.7575122117996216, 'learning_rate': 1.2075941487706194e-06, 'epoch': 7.83}
{'loss': 2.3234, 'grad_norm': 1.7762365341186523, 'learning_rate': 1.199813258636788e-06, 'epoch': 7.84}
{'eval_loss': 2.874131917953491, 'eval_runtime': 7.2072, 'eval_samples_per_second': 668.084, 'eval_steps_per_second': 2.636, 'epoch': 7.84}
{'loss': 2.3438, 'grad_norm': 1.7952179908752441, 'learning_rate': 1.1920323685029568e-06, 'epoch': 7.86}
{'loss': 2.3312, 'grad_norm': 1.7836978435516357, 'learning_rate': 1.1842514783691255e-06, 'epoch': 7.87}
{'loss': 2.3531, 'grad_norm': 1.7614948749542236, 'learning_rate': 1.1764705882352942e-06, 'epoch': 7.89}
{'loss': 2.3219, 'grad_norm': 1.8161392211914062, 'learning_rate': 1.168689698101463e-06, 'epoch': 7.9}
{'loss': 2.3266, 'grad_norm': 1.7644227743148804, 'learning_rate': 1.1609088079676316e-06, 'epoch': 7.91}
{'loss': 2.3531, 'grad_norm': 1.7857781648635864, 'learning_rate': 1.1531279178338004e-06, 'epoch': 7.93}
{'loss': 2.3297, 'grad_norm': 1.7843269109725952, 'learning_rate': 1.145347027699969e-06, 'epoch': 7.94}
{'loss': 2.3297, 'grad_norm': 1.808022379875183, 'learning_rate': 1.1375661375661376e-06, 'epoch': 7.96}
{'loss': 2.3109, 'grad_norm': 1.8209309577941895, 'learning_rate': 1.1297852474323063e-06, 'epoch': 7.97}
{'loss': 2.3391, 'grad_norm': 1.7753890752792358, 'learning_rate': 1.122004357298475e-06, 'epoch': 7.98}
{'loss': 2.3438, 'grad_norm': 1.7946398258209229, 'learning_rate': 1.1142234671646437e-06, 'epoch': 8.0}
{'loss': 2.3141, 'grad_norm': 1.80063796043396, 'learning_rate': 1.1064425770308124e-06, 'epoch': 8.01}
{'loss': 2.2938, 'grad_norm': 1.7743719816207886, 'learning_rate': 1.098661686896981e-06, 'epoch': 8.03}
{'loss': 2.3281, 'grad_norm': 1.763327717781067, 'learning_rate': 1.0908807967631498e-06, 'epoch': 8.04}
{'loss': 2.3016, 'grad_norm': 1.786940574645996, 'learning_rate': 1.0830999066293185e-06, 'epoch': 8.05}
{'loss': 2.275, 'grad_norm': 1.823112964630127, 'learning_rate': 1.0753190164954872e-06, 'epoch': 8.07}
{'loss': 2.2734, 'grad_norm': 1.8157745599746704, 'learning_rate': 1.067538126361656e-06, 'epoch': 8.08}
{'loss': 2.2891, 'grad_norm': 1.800716519355774, 'learning_rate': 1.0597572362278244e-06, 'epoch': 8.1}
{'loss': 2.2906, 'grad_norm': 1.8678014278411865, 'learning_rate': 1.0519763460939933e-06, 'epoch': 8.11}
{'loss': 2.3094, 'grad_norm': 1.8284648656845093, 'learning_rate': 1.0441954559601618e-06, 'epoch': 8.12}
{'eval_loss': 2.8927950859069824, 'eval_runtime': 7.2135, 'eval_samples_per_second': 667.501, 'eval_steps_per_second': 2.634, 'epoch': 8.12}
{'loss': 2.2828, 'grad_norm': 1.7836867570877075, 'learning_rate': 1.0364145658263308e-06, 'epoch': 8.14}
{'loss': 2.2672, 'grad_norm': 1.8343539237976074, 'learning_rate': 1.0286336756924993e-06, 'epoch': 8.15}
{'loss': 2.3047, 'grad_norm': 1.8437647819519043, 'learning_rate': 1.020852785558668e-06, 'epoch': 8.17}
{'loss': 2.2703, 'grad_norm': 1.7905412912368774, 'learning_rate': 1.0130718954248367e-06, 'epoch': 8.18}
{'loss': 2.3141, 'grad_norm': 1.8416762351989746, 'learning_rate': 1.0052910052910054e-06, 'epoch': 8.19}
{'loss': 2.2953, 'grad_norm': 1.8252367973327637, 'learning_rate': 9.97510115157174e-07, 'epoch': 8.21}
{'loss': 2.325, 'grad_norm': 1.8441243171691895, 'learning_rate': 9.897292250233428e-07, 'epoch': 8.22}
{'loss': 2.3031, 'grad_norm': 1.8205329179763794, 'learning_rate': 9.819483348895115e-07, 'epoch': 8.24}
{'loss': 2.3, 'grad_norm': 1.8364924192428589, 'learning_rate': 9.7416744475568e-07, 'epoch': 8.25}
{'loss': 2.2812, 'grad_norm': 1.849528431892395, 'learning_rate': 9.66386554621849e-07, 'epoch': 8.26}
{'loss': 2.2969, 'grad_norm': 1.873246192932129, 'learning_rate': 9.586056644880174e-07, 'epoch': 8.28}
{'loss': 2.2953, 'grad_norm': 1.7712844610214233, 'learning_rate': 9.508247743541862e-07, 'epoch': 8.29}
{'loss': 2.2891, 'grad_norm': 1.8161811828613281, 'learning_rate': 9.430438842203548e-07, 'epoch': 8.31}
{'loss': 2.2891, 'grad_norm': 1.8643628358840942, 'learning_rate': 9.352629940865237e-07, 'epoch': 8.32}
{'loss': 2.2812, 'grad_norm': 1.814711332321167, 'learning_rate': 9.274821039526923e-07, 'epoch': 8.33}
{'loss': 2.2844, 'grad_norm': 1.7739226818084717, 'learning_rate': 9.19701213818861e-07, 'epoch': 8.35}
{'loss': 2.2844, 'grad_norm': 1.781914472579956, 'learning_rate': 9.119203236850297e-07, 'epoch': 8.36}
{'loss': 2.2953, 'grad_norm': 1.812436580657959, 'learning_rate': 9.041394335511983e-07, 'epoch': 8.38}
{'loss': 2.2969, 'grad_norm': 1.7897346019744873, 'learning_rate': 8.96358543417367e-07, 'epoch': 8.39}
{'loss': 2.3047, 'grad_norm': 1.8593000173568726, 'learning_rate': 8.885776532835357e-07, 'epoch': 8.4}
{'eval_loss': 2.89453125, 'eval_runtime': 7.209, 'eval_samples_per_second': 667.918, 'eval_steps_per_second': 2.636, 'epoch': 8.4}
{'loss': 2.2969, 'grad_norm': 1.7750461101531982, 'learning_rate': 8.807967631497044e-07, 'epoch': 8.42}
{'loss': 2.2797, 'grad_norm': 1.8375333547592163, 'learning_rate': 8.73015873015873e-07, 'epoch': 8.43}
{'loss': 2.3047, 'grad_norm': 1.763466238975525, 'learning_rate': 8.652349828820418e-07, 'epoch': 8.45}
{'loss': 2.2891, 'grad_norm': 1.8188400268554688, 'learning_rate': 8.574540927482104e-07, 'epoch': 8.46}
{'loss': 2.2766, 'grad_norm': 1.8543444871902466, 'learning_rate': 8.496732026143792e-07, 'epoch': 8.47}
{'loss': 2.3062, 'grad_norm': 1.8720853328704834, 'learning_rate': 8.418923124805478e-07, 'epoch': 8.49}
{'loss': 2.2859, 'grad_norm': 1.797408103942871, 'learning_rate': 8.341114223467165e-07, 'epoch': 8.5}
{'loss': 2.2672, 'grad_norm': 1.8025084733963013, 'learning_rate': 8.263305322128853e-07, 'epoch': 8.52}
{'loss': 2.2922, 'grad_norm': 1.831282615661621, 'learning_rate': 8.18549642079054e-07, 'epoch': 8.53}
{'loss': 2.2812, 'grad_norm': 1.8133426904678345, 'learning_rate': 8.107687519452226e-07, 'epoch': 8.54}
{'loss': 2.2781, 'grad_norm': 1.817566156387329, 'learning_rate': 8.029878618113914e-07, 'epoch': 8.56}
{'loss': 2.3297, 'grad_norm': 1.837864637374878, 'learning_rate': 7.9520697167756e-07, 'epoch': 8.57}
{'loss': 2.2844, 'grad_norm': 1.840192198753357, 'learning_rate': 7.874260815437286e-07, 'epoch': 8.59}
{'loss': 2.2922, 'grad_norm': 1.8532261848449707, 'learning_rate': 7.796451914098974e-07, 'epoch': 8.6}
{'loss': 2.2984, 'grad_norm': 1.8455450534820557, 'learning_rate': 7.71864301276066e-07, 'epoch': 8.61}
{'loss': 2.3281, 'grad_norm': 1.8316848278045654, 'learning_rate': 7.640834111422347e-07, 'epoch': 8.63}
{'loss': 2.2984, 'grad_norm': 1.7984869480133057, 'learning_rate': 7.563025210084034e-07, 'epoch': 8.64}
{'loss': 2.3062, 'grad_norm': 1.8689409494400024, 'learning_rate': 7.485216308745721e-07, 'epoch': 8.66}
{'loss': 2.2859, 'grad_norm': 1.8411232233047485, 'learning_rate': 7.407407407407407e-07, 'epoch': 8.67}
{'loss': 2.2875, 'grad_norm': 1.7984284162521362, 'learning_rate': 7.329598506069095e-07, 'epoch': 8.68}
{'eval_loss': 2.8962674140930176, 'eval_runtime': 7.2242, 'eval_samples_per_second': 666.513, 'eval_steps_per_second': 2.63, 'epoch': 8.68}
{'loss': 2.2797, 'grad_norm': 1.833376169204712, 'learning_rate': 7.251789604730781e-07, 'epoch': 8.7}
{'loss': 2.3156, 'grad_norm': 1.8988333940505981, 'learning_rate': 7.17398070339247e-07, 'epoch': 8.71}
{'loss': 2.3109, 'grad_norm': 1.7884199619293213, 'learning_rate': 7.096171802054156e-07, 'epoch': 8.73}
{'loss': 2.3125, 'grad_norm': 1.8597047328948975, 'learning_rate': 7.018362900715843e-07, 'epoch': 8.74}
{'loss': 2.3047, 'grad_norm': 1.8626788854599, 'learning_rate': 6.940553999377529e-07, 'epoch': 8.75}
{'loss': 2.2906, 'grad_norm': 1.7866320610046387, 'learning_rate': 6.862745098039217e-07, 'epoch': 8.77}
{'loss': 2.2969, 'grad_norm': 1.8456286191940308, 'learning_rate': 6.784936196700903e-07, 'epoch': 8.78}
{'loss': 2.3, 'grad_norm': 1.846753716468811, 'learning_rate': 6.707127295362591e-07, 'epoch': 8.8}
{'loss': 2.2984, 'grad_norm': 1.8186405897140503, 'learning_rate': 6.629318394024277e-07, 'epoch': 8.81}
{'loss': 2.2953, 'grad_norm': 1.8316344022750854, 'learning_rate': 6.551509492685963e-07, 'epoch': 8.82}
{'loss': 2.2766, 'grad_norm': 1.8516937494277954, 'learning_rate': 6.473700591347651e-07, 'epoch': 8.84}
{'loss': 2.3062, 'grad_norm': 1.8112410306930542, 'learning_rate': 6.395891690009337e-07, 'epoch': 8.85}
{'loss': 2.2859, 'grad_norm': 1.8159027099609375, 'learning_rate': 6.318082788671024e-07, 'epoch': 8.87}
{'loss': 2.2609, 'grad_norm': 1.8857747316360474, 'learning_rate': 6.240273887332711e-07, 'epoch': 8.88}
{'loss': 2.3016, 'grad_norm': 1.833372712135315, 'learning_rate': 6.162464985994398e-07, 'epoch': 8.89}
{'loss': 2.3078, 'grad_norm': 1.8748215436935425, 'learning_rate': 6.084656084656085e-07, 'epoch': 8.91}
{'loss': 2.3016, 'grad_norm': 1.8469502925872803, 'learning_rate': 6.006847183317772e-07, 'epoch': 8.92}
{'loss': 2.2938, 'grad_norm': 1.81232488155365, 'learning_rate': 5.929038281979459e-07, 'epoch': 8.94}
{'loss': 2.3156, 'grad_norm': 1.843891978263855, 'learning_rate': 5.851229380641146e-07, 'epoch': 8.95}
{'loss': 2.2734, 'grad_norm': 1.8528375625610352, 'learning_rate': 5.773420479302833e-07, 'epoch': 8.96}
{'eval_loss': 2.8923611640930176, 'eval_runtime': 7.134, 'eval_samples_per_second': 674.935, 'eval_steps_per_second': 2.663, 'epoch': 8.96}
{'loss': 2.2906, 'grad_norm': 1.8583300113677979, 'learning_rate': 5.69561157796452e-07, 'epoch': 8.98}
{'loss': 2.2984, 'grad_norm': 1.8228800296783447, 'learning_rate': 5.617802676626206e-07, 'epoch': 8.99}
{'loss': 2.2922, 'grad_norm': 1.8272171020507812, 'learning_rate': 5.539993775287893e-07, 'epoch': 9.01}
{'loss': 2.2594, 'grad_norm': 1.8301132917404175, 'learning_rate': 5.46218487394958e-07, 'epoch': 9.02}
{'loss': 2.2844, 'grad_norm': 1.7863959074020386, 'learning_rate': 5.384375972611267e-07, 'epoch': 9.03}
{'loss': 2.2797, 'grad_norm': 1.8382529020309448, 'learning_rate': 5.306567071272954e-07, 'epoch': 9.05}
{'loss': 2.2437, 'grad_norm': 1.8380767107009888, 'learning_rate': 5.228758169934641e-07, 'epoch': 9.06}
{'loss': 2.2703, 'grad_norm': 1.8508691787719727, 'learning_rate': 5.150949268596328e-07, 'epoch': 9.08}
{'loss': 2.2609, 'grad_norm': 1.8648265600204468, 'learning_rate': 5.073140367258014e-07, 'epoch': 9.09}
{'loss': 2.2703, 'grad_norm': 1.8233258724212646, 'learning_rate': 4.995331465919702e-07, 'epoch': 9.1}
{'loss': 2.275, 'grad_norm': 1.8406238555908203, 'learning_rate': 4.917522564581389e-07, 'epoch': 9.12}
{'loss': 2.2734, 'grad_norm': 1.8180346488952637, 'learning_rate': 4.839713663243075e-07, 'epoch': 9.13}
{'loss': 2.2859, 'grad_norm': 1.8154356479644775, 'learning_rate': 4.7619047619047623e-07, 'epoch': 9.15}
{'loss': 2.2781, 'grad_norm': 1.8520832061767578, 'learning_rate': 4.684095860566449e-07, 'epoch': 9.16}
{'loss': 2.2781, 'grad_norm': 1.8518184423446655, 'learning_rate': 4.606286959228136e-07, 'epoch': 9.17}
{'loss': 2.2703, 'grad_norm': 1.8191510438919067, 'learning_rate': 4.528478057889823e-07, 'epoch': 9.19}
{'loss': 2.2625, 'grad_norm': 1.7622815370559692, 'learning_rate': 4.4506691565515095e-07, 'epoch': 9.2}
{'loss': 2.2563, 'grad_norm': 1.8678553104400635, 'learning_rate': 4.3728602552131966e-07, 'epoch': 9.22}
{'loss': 2.2859, 'grad_norm': 1.8651612997055054, 'learning_rate': 4.2950513538748837e-07, 'epoch': 9.23}
{'loss': 2.2547, 'grad_norm': 1.809083104133606, 'learning_rate': 4.217242452536571e-07, 'epoch': 9.24}
{'eval_loss': 2.9040799140930176, 'eval_runtime': 7.1159, 'eval_samples_per_second': 676.654, 'eval_steps_per_second': 2.67, 'epoch': 9.24}
{'loss': 2.2359, 'grad_norm': 1.8653888702392578, 'learning_rate': 4.1394335511982573e-07, 'epoch': 9.26}
{'loss': 2.2812, 'grad_norm': 1.8365187644958496, 'learning_rate': 4.0616246498599444e-07, 'epoch': 9.27}
{'loss': 2.2734, 'grad_norm': 1.8733257055282593, 'learning_rate': 3.9838157485216315e-07, 'epoch': 9.29}
{'loss': 2.2531, 'grad_norm': 1.8546336889266968, 'learning_rate': 3.906006847183318e-07, 'epoch': 9.3}
{'loss': 2.2812, 'grad_norm': 1.9065049886703491, 'learning_rate': 3.828197945845005e-07, 'epoch': 9.31}
{'loss': 2.2844, 'grad_norm': 1.825669765472412, 'learning_rate': 3.750389044506692e-07, 'epoch': 9.33}
{'loss': 2.2687, 'grad_norm': 1.8748760223388672, 'learning_rate': 3.672580143168378e-07, 'epoch': 9.34}
{'loss': 2.2625, 'grad_norm': 1.8132551908493042, 'learning_rate': 3.5947712418300653e-07, 'epoch': 9.36}
{'loss': 2.2844, 'grad_norm': 1.855578064918518, 'learning_rate': 3.5169623404917524e-07, 'epoch': 9.37}
{'loss': 2.2547, 'grad_norm': 1.821166753768921, 'learning_rate': 3.4391534391534395e-07, 'epoch': 9.38}
{'loss': 2.2828, 'grad_norm': 1.882819414138794, 'learning_rate': 3.361344537815126e-07, 'epoch': 9.4}
{'loss': 2.2984, 'grad_norm': 1.849927306175232, 'learning_rate': 3.283535636476813e-07, 'epoch': 9.41}
{'loss': 2.2812, 'grad_norm': 1.8336173295974731, 'learning_rate': 3.2057267351385e-07, 'epoch': 9.43}
{'loss': 2.2703, 'grad_norm': 1.8375368118286133, 'learning_rate': 3.127917833800187e-07, 'epoch': 9.44}
{'loss': 2.2563, 'grad_norm': 1.8374295234680176, 'learning_rate': 3.050108932461874e-07, 'epoch': 9.45}
{'loss': 2.2719, 'grad_norm': 1.835585117340088, 'learning_rate': 2.972300031123561e-07, 'epoch': 9.47}
{'loss': 2.2781, 'grad_norm': 1.864251732826233, 'learning_rate': 2.894491129785248e-07, 'epoch': 9.48}
{'loss': 2.275, 'grad_norm': 1.8686292171478271, 'learning_rate': 2.8166822284469346e-07, 'epoch': 9.5}
{'loss': 2.2797, 'grad_norm': 1.849433183670044, 'learning_rate': 2.738873327108621e-07, 'epoch': 9.51}
{'loss': 2.2703, 'grad_norm': 1.8579380512237549, 'learning_rate': 2.661064425770308e-07, 'epoch': 9.52}
{'eval_loss': 2.9040799140930176, 'eval_runtime': 7.1212, 'eval_samples_per_second': 676.15, 'eval_steps_per_second': 2.668, 'epoch': 9.52}
{'loss': 2.275, 'grad_norm': 1.8619650602340698, 'learning_rate': 2.5832555244319953e-07, 'epoch': 9.54}
{'loss': 2.2812, 'grad_norm': 1.838638424873352, 'learning_rate': 2.5054466230936824e-07, 'epoch': 9.55}
{'loss': 2.2859, 'grad_norm': 1.8554595708847046, 'learning_rate': 2.427637721755369e-07, 'epoch': 9.57}
{'loss': 2.2609, 'grad_norm': 1.8229244947433472, 'learning_rate': 2.349828820417056e-07, 'epoch': 9.58}
{'loss': 2.2891, 'grad_norm': 1.832393765449524, 'learning_rate': 2.2720199190787428e-07, 'epoch': 9.59}
{'loss': 2.2437, 'grad_norm': 1.8395185470581055, 'learning_rate': 2.1942110177404294e-07, 'epoch': 9.61}
{'loss': 2.2734, 'grad_norm': 1.8414897918701172, 'learning_rate': 2.1164021164021165e-07, 'epoch': 9.62}
{'loss': 2.2547, 'grad_norm': 1.8242782354354858, 'learning_rate': 2.0385932150638033e-07, 'epoch': 9.64}
{'loss': 2.2734, 'grad_norm': 1.8937355279922485, 'learning_rate': 1.9607843137254904e-07, 'epoch': 9.65}
{'loss': 2.2766, 'grad_norm': 1.8141604661941528, 'learning_rate': 1.8829754123871772e-07, 'epoch': 9.66}
{'loss': 2.2875, 'grad_norm': 1.8569589853286743, 'learning_rate': 1.8051665110488643e-07, 'epoch': 9.68}
{'loss': 2.2547, 'grad_norm': 1.8560084104537964, 'learning_rate': 1.727357609710551e-07, 'epoch': 9.69}
{'loss': 2.2703, 'grad_norm': 1.8885271549224854, 'learning_rate': 1.6495487083722382e-07, 'epoch': 9.71}
{'loss': 2.2812, 'grad_norm': 1.834742546081543, 'learning_rate': 1.5717398070339247e-07, 'epoch': 9.72}
{'loss': 2.3, 'grad_norm': 1.8373382091522217, 'learning_rate': 1.4939309056956118e-07, 'epoch': 9.73}
{'loss': 2.2594, 'grad_norm': 1.9080750942230225, 'learning_rate': 1.4161220043572986e-07, 'epoch': 9.75}
{'loss': 2.2734, 'grad_norm': 1.7797203063964844, 'learning_rate': 1.3383131030189855e-07, 'epoch': 9.76}
{'loss': 2.2828, 'grad_norm': 1.8620221614837646, 'learning_rate': 1.2605042016806723e-07, 'epoch': 9.78}
{'loss': 2.2703, 'grad_norm': 1.8398356437683105, 'learning_rate': 1.1826953003423594e-07, 'epoch': 9.79}
{'loss': 2.2641, 'grad_norm': 1.8145476579666138, 'learning_rate': 1.104886399004046e-07, 'epoch': 9.8}
{'eval_loss': 2.9040799140930176, 'eval_runtime': 7.1368, 'eval_samples_per_second': 674.675, 'eval_steps_per_second': 2.662, 'epoch': 9.8}
{'loss': 2.2703, 'grad_norm': 1.8391613960266113, 'learning_rate': 1.027077497665733e-07, 'epoch': 9.82}
{'loss': 2.2734, 'grad_norm': 1.854995846748352, 'learning_rate': 9.4926859632742e-08, 'epoch': 9.83}
{'loss': 2.2734, 'grad_norm': 1.8502177000045776, 'learning_rate': 8.714596949891069e-08, 'epoch': 9.85}
{'loss': 2.2922, 'grad_norm': 1.868615746498108, 'learning_rate': 7.936507936507937e-08, 'epoch': 9.86}
{'loss': 2.2641, 'grad_norm': 1.7946909666061401, 'learning_rate': 7.158418923124807e-08, 'epoch': 9.87}
{'loss': 2.2609, 'grad_norm': 1.8418992757797241, 'learning_rate': 6.380329909741675e-08, 'epoch': 9.89}
{'loss': 2.2719, 'grad_norm': 1.8153800964355469, 'learning_rate': 5.6022408963585437e-08, 'epoch': 9.9}
{'loss': 2.2703, 'grad_norm': 1.892281413078308, 'learning_rate': 4.8241518829754125e-08, 'epoch': 9.92}
{'loss': 2.2563, 'grad_norm': 1.8726751804351807, 'learning_rate': 4.046062869592282e-08, 'epoch': 9.93}
{'loss': 2.2859, 'grad_norm': 1.7965092658996582, 'learning_rate': 3.267973856209151e-08, 'epoch': 9.94}
{'loss': 2.2484, 'grad_norm': 1.8345383405685425, 'learning_rate': 2.4898848428260197e-08, 'epoch': 9.96}
{'loss': 2.2656, 'grad_norm': 1.867645502090454, 'learning_rate': 1.7117958294428882e-08, 'epoch': 9.97}
{'loss': 2.2594, 'grad_norm': 1.8771394491195679, 'learning_rate': 9.337068160597574e-09, 'epoch': 9.99}
{'loss': 2.2609, 'grad_norm': 1.837947130203247, 'learning_rate': 1.5561780267662623e-09, 'epoch': 10.0}
{'train_runtime': 14156.593, 'train_samples_per_second': 64.61, 'train_steps_per_second': 0.252, 'train_loss': 2.5110206582633054, 'epoch': 10.0}
[1;34mwandb[0m: 🚀 View run [33m/data/user_data/jingyuah/LLARA/checkpoints/amazon_books_pythia_1b_lr_5e-6[0m at: [34mhttps://wandb.ai/jingyuanhe1222/LLARA_pretrain/runs/tw2qnnzj[0m
[1;34mwandb[0m: Find logs at: [1;35mwandb/run-20241129_154736-tw2qnnzj/logs[0m
