W1130 19:12:02.183000 140216540886016 torch/distributed/run.py:779] 
W1130 19:12:02.183000 140216540886016 torch/distributed/run.py:779] *****************************************
W1130 19:12:02.183000 140216540886016 torch/distributed/run.py:779] Setting OMP_NUM_THREADS environment variable for each process to be 1 in default, to avoid your system being overloaded, please further tune the variable for optimal performance in your application as needed. 
W1130 19:12:02.183000 140216540886016 torch/distributed/run.py:779] *****************************************
/home/jingyuah/miniconda3/envs/llara/lib/python3.10/site-packages/transformers/training_args.py:1525: FutureWarning: `evaluation_strategy` is deprecated and will be removed in version 4.46 of 🤗 Transformers. Use `eval_strategy` instead
  warnings.warn(
/home/jingyuah/miniconda3/envs/llara/lib/python3.10/site-packages/transformers/training_args.py:1525: FutureWarning: `evaluation_strategy` is deprecated and will be removed in version 4.46 of 🤗 Transformers. Use `eval_strategy` instead
  warnings.warn(
/home/jingyuah/miniconda3/envs/llara/lib/python3.10/site-packages/deepspeed/runtime/zero/linear.py:49: FutureWarning: `torch.cuda.amp.custom_fwd(args...)` is deprecated. Please use `torch.amp.custom_fwd(args..., device_type='cuda')` instead.
  def forward(ctx, input, weight, bias=None):
/home/jingyuah/miniconda3/envs/llara/lib/python3.10/site-packages/deepspeed/runtime/zero/linear.py:49: FutureWarning: `torch.cuda.amp.custom_fwd(args...)` is deprecated. Please use `torch.amp.custom_fwd(args..., device_type='cuda')` instead.
  def forward(ctx, input, weight, bias=None):
/home/jingyuah/miniconda3/envs/llara/lib/python3.10/site-packages/deepspeed/runtime/zero/linear.py:67: FutureWarning: `torch.cuda.amp.custom_bwd(args...)` is deprecated. Please use `torch.amp.custom_bwd(args..., device_type='cuda')` instead.
  def backward(ctx, grad_output):
/home/jingyuah/miniconda3/envs/llara/lib/python3.10/site-packages/deepspeed/runtime/zero/linear.py:67: FutureWarning: `torch.cuda.amp.custom_bwd(args...)` is deprecated. Please use `torch.amp.custom_bwd(args..., device_type='cuda')` instead.
  def backward(ctx, grad_output):
Traceback (most recent call last):
  File "/home/jingyuah/FlagEmbedding/research/LLARA/pretrain/ntp_run.py", line 181, in <module>
Traceback (most recent call last):
  File "/home/jingyuah/FlagEmbedding/research/LLARA/pretrain/ntp_run.py", line 181, in <module>
    main(); 
  File "/home/jingyuah/FlagEmbedding/research/LLARA/pretrain/ntp_run.py", line 56, in main
    main();     
model_args, data_args, training_args = parser.parse_args_into_dataclasses()
  File "/home/jingyuah/FlagEmbedding/research/LLARA/pretrain/ntp_run.py", line 56, in main
  File "/home/jingyuah/miniconda3/envs/llara/lib/python3.10/site-packages/transformers/hf_argparser.py", line 339, in parse_args_into_dataclasses
    model_args, data_args, training_args = parser.parse_args_into_dataclasses()
  File "/home/jingyuah/miniconda3/envs/llara/lib/python3.10/site-packages/transformers/hf_argparser.py", line 339, in parse_args_into_dataclasses
    obj = dtype(**inputs)
  File "<string>", line 132, in __init__
    obj = dtype(**inputs)
  File "<string>", line 132, in __init__
  File "/home/jingyuah/miniconda3/envs/llara/lib/python3.10/site-packages/transformers/training_args.py", line 1730, in __post_init__
  File "/home/jingyuah/miniconda3/envs/llara/lib/python3.10/site-packages/transformers/training_args.py", line 1730, in __post_init__
    self.device
  File "/home/jingyuah/miniconda3/envs/llara/lib/python3.10/site-packages/transformers/training_args.py", line 2227, in device
    self.device
  File "/home/jingyuah/miniconda3/envs/llara/lib/python3.10/site-packages/transformers/training_args.py", line 2227, in device
    return self._setup_devices
  File "/home/jingyuah/miniconda3/envs/llara/lib/python3.10/site-packages/transformers/utils/generic.py", line 60, in __get__
    return self._setup_devices
  File "/home/jingyuah/miniconda3/envs/llara/lib/python3.10/site-packages/transformers/utils/generic.py", line 60, in __get__
        cached = self.fget(obj)cached = self.fget(obj)

  File "/home/jingyuah/miniconda3/envs/llara/lib/python3.10/site-packages/transformers/training_args.py", line 2160, in _setup_devices
  File "/home/jingyuah/miniconda3/envs/llara/lib/python3.10/site-packages/transformers/training_args.py", line 2160, in _setup_devices
        self.distributed_state = PartialState(**accelerator_state_kwargs)self.distributed_state = PartialState(**accelerator_state_kwargs)

  File "/home/jingyuah/miniconda3/envs/llara/lib/python3.10/site-packages/accelerate/state.py", line 201, in __init__
  File "/home/jingyuah/miniconda3/envs/llara/lib/python3.10/site-packages/accelerate/state.py", line 201, in __init__
        from deepspeed import comm as distfrom deepspeed import comm as dist

  File "/home/jingyuah/miniconda3/envs/llara/lib/python3.10/site-packages/deepspeed/__init__.py", line 26, in <module>
  File "/home/jingyuah/miniconda3/envs/llara/lib/python3.10/site-packages/deepspeed/__init__.py", line 26, in <module>
        from . import module_injectfrom . import module_inject

  File "/home/jingyuah/miniconda3/envs/llara/lib/python3.10/site-packages/deepspeed/module_inject/__init__.py", line 6, in <module>
  File "/home/jingyuah/miniconda3/envs/llara/lib/python3.10/site-packages/deepspeed/module_inject/__init__.py", line 6, in <module>
        from .replace_module import replace_transformer_layer, revert_transformer_layer, ReplaceWithTensorSlicing, GroupQuantizer, generic_injectionfrom .replace_module import replace_transformer_layer, revert_transformer_layer, ReplaceWithTensorSlicing, GroupQuantizer, generic_injection

  File "/home/jingyuah/miniconda3/envs/llara/lib/python3.10/site-packages/deepspeed/module_inject/replace_module.py", line 607, in <module>
  File "/home/jingyuah/miniconda3/envs/llara/lib/python3.10/site-packages/deepspeed/module_inject/replace_module.py", line 607, in <module>
        from ..pipe import PipelineModulefrom ..pipe import PipelineModule

  File "/home/jingyuah/miniconda3/envs/llara/lib/python3.10/site-packages/deepspeed/pipe/__init__.py", line 6, in <module>
  File "/home/jingyuah/miniconda3/envs/llara/lib/python3.10/site-packages/deepspeed/pipe/__init__.py", line 6, in <module>
        from ..runtime.pipe import PipelineModule, LayerSpec, TiedLayerSpecfrom ..runtime.pipe import PipelineModule, LayerSpec, TiedLayerSpec

  File "/home/jingyuah/miniconda3/envs/llara/lib/python3.10/site-packages/deepspeed/runtime/pipe/__init__.py", line 6, in <module>
  File "/home/jingyuah/miniconda3/envs/llara/lib/python3.10/site-packages/deepspeed/runtime/pipe/__init__.py", line 6, in <module>
        from .module import PipelineModule, LayerSpec, TiedLayerSpecfrom .module import PipelineModule, LayerSpec, TiedLayerSpec

  File "/home/jingyuah/miniconda3/envs/llara/lib/python3.10/site-packages/deepspeed/runtime/pipe/module.py", line 19, in <module>
  File "/home/jingyuah/miniconda3/envs/llara/lib/python3.10/site-packages/deepspeed/runtime/pipe/module.py", line 19, in <module>
        from ..activation_checkpointing import checkpointingfrom ..activation_checkpointing import checkpointing

  File "/home/jingyuah/miniconda3/envs/llara/lib/python3.10/site-packages/deepspeed/runtime/activation_checkpointing/checkpointing.py", line 26, in <module>
  File "/home/jingyuah/miniconda3/envs/llara/lib/python3.10/site-packages/deepspeed/runtime/activation_checkpointing/checkpointing.py", line 26, in <module>
        from deepspeed.runtime.config import DeepSpeedConfigfrom deepspeed.runtime.config import DeepSpeedConfig

  File "/home/jingyuah/miniconda3/envs/llara/lib/python3.10/site-packages/deepspeed/runtime/config.py", line 42, in <module>
  File "/home/jingyuah/miniconda3/envs/llara/lib/python3.10/site-packages/deepspeed/runtime/config.py", line 42, in <module>
        from ..elasticity import (from ..elasticity import (

  File "/home/jingyuah/miniconda3/envs/llara/lib/python3.10/site-packages/deepspeed/elasticity/__init__.py", line 10, in <module>
  File "/home/jingyuah/miniconda3/envs/llara/lib/python3.10/site-packages/deepspeed/elasticity/__init__.py", line 10, in <module>
        from .elastic_agent import DSElasticAgentfrom .elastic_agent import DSElasticAgent

  File "/home/jingyuah/miniconda3/envs/llara/lib/python3.10/site-packages/deepspeed/elasticity/elastic_agent.py", line 9, in <module>
  File "/home/jingyuah/miniconda3/envs/llara/lib/python3.10/site-packages/deepspeed/elasticity/elastic_agent.py", line 9, in <module>
        from torch.distributed.elastic.agent.server.api import _get_socket_with_portfrom torch.distributed.elastic.agent.server.api import _get_socket_with_port

ImportErrorImportError: : cannot import name '_get_socket_with_port' from 'torch.distributed.elastic.agent.server.api' (/home/jingyuah/miniconda3/envs/llara/lib/python3.10/site-packages/torch/distributed/elastic/agent/server/api.py)cannot import name '_get_socket_with_port' from 'torch.distributed.elastic.agent.server.api' (/home/jingyuah/miniconda3/envs/llara/lib/python3.10/site-packages/torch/distributed/elastic/agent/server/api.py)

W1130 19:12:11.311000 140216540886016 torch/distributed/elastic/multiprocessing/api.py:858] Sending process 3536285 closing signal SIGTERM
E1130 19:12:11.475000 140216540886016 torch/distributed/elastic/multiprocessing/api.py:833] failed (exitcode: 1) local_rank: 0 (pid: 3536284) of binary: /home/jingyuah/miniconda3/envs/llara/bin/python
Traceback (most recent call last):
  File "/home/jingyuah/miniconda3/envs/llara/bin/torchrun", line 8, in <module>
    sys.exit(main())
  File "/home/jingyuah/miniconda3/envs/llara/lib/python3.10/site-packages/torch/distributed/elastic/multiprocessing/errors/__init__.py", line 348, in wrapper
    return f(*args, **kwargs)
  File "/home/jingyuah/miniconda3/envs/llara/lib/python3.10/site-packages/torch/distributed/run.py", line 901, in main
    run(args)
  File "/home/jingyuah/miniconda3/envs/llara/lib/python3.10/site-packages/torch/distributed/run.py", line 892, in run
    elastic_launch(
  File "/home/jingyuah/miniconda3/envs/llara/lib/python3.10/site-packages/torch/distributed/launcher/api.py", line 133, in __call__
    return launch_agent(self._config, self._entrypoint, list(args))
  File "/home/jingyuah/miniconda3/envs/llara/lib/python3.10/site-packages/torch/distributed/launcher/api.py", line 264, in launch_agent
    raise ChildFailedError(
torch.distributed.elastic.multiprocessing.errors.ChildFailedError: 
============================================================
ntp_run.py FAILED
------------------------------------------------------------
Failures:
  <NO_OTHER_FAILURES>
------------------------------------------------------------
Root Cause (first observed failure):
[0]:
  time      : 2024-11-30_19:12:11
  host      : babel-1-27.ib
  rank      : 0 (local_rank: 0)
  exitcode  : 1 (pid: 3536284)
  error_file: <N/A>
  traceback : To enable traceback see: https://pytorch.org/docs/stable/elastic/errors.html
============================================================
