Initializing distributed: GLOBAL_RANK: 0, MEMBER: 1/1
----------------------------------------------------------------------------------------------------
distributed_backend=nccl
All distributed processes registered. Starting with 1 processes
----------------------------------------------------------------------------------------------------

/home/jingyuah/miniconda3/envs/llara/lib/python3.10/site-packages/torch/utils/data/dataloader.py:557: UserWarning: This DataLoader will create 4 worker processes in total. Our suggested max number of worker in current system is 2, which is smaller than what this DataLoader is going to create. Please be aware that excessive worker creation might get DataLoader running slow or even freeze, lower the worker number to avoid potential slowness/freeze if necessary.
  warnings.warn(_create_warning_msg(
[rank: 0] Seed set to 42
/home/jingyuah/miniconda3/envs/llara/lib/python3.10/site-packages/torch/distributed/fsdp/_init_utils.py:440: UserWarning: FSDP is switching to use `NO_SHARD` instead of ShardingStrategy.FULL_SHARD since the world size is 1.
  warnings.warn(
/home/jingyuah/miniconda3/envs/llara/lib/python3.10/site-packages/lightning/fabric/strategies/model_parallel.py:535: You are using `torch.load` with `weights_only=False` (the current default value), which uses the default pickle module implicitly. It is possible to construct malicious pickle data which will execute arbitrary code during unpickling (See https://github.com/pytorch/pytorch/blob/main/SECURITY.md#untrusted-models for more details). In a future release, the default value for `weights_only` will be flipped to `True`. This limits the functions that could be executed during unpickling. Arbitrary objects will no longer be allowed to be loaded via this mode unless they are explicitly allowlisted by the user via `torch.serialization.add_safe_globals`. We recommend you start setting `weights_only=True` for any use case where you don't have full control of the loaded file. Please open an issue on GitHub for any issues related to this experimental feature.
/home/jingyuah/miniconda3/envs/llara/lib/python3.10/site-packages/torch/distributed/fsdp/_state_dict_utils.py:827: UserWarning: When using ``NO_SHARD`` for ``ShardingStrategy``, full_state_dict willbe returned.
  warnings.warn(
/home/jingyuah/miniconda3/envs/llara/lib/python3.10/site-packages/torch/distributed/fsdp/_state_dict_utils.py:864: UserWarning: When using ``NO_SHARD`` for ``ShardingStrategy``, full_state_dict willbe returned.
  warnings.warn(
/home/jingyuah/miniconda3/envs/llara/lib/python3.10/site-packages/torch/utils/checkpoint.py:1399: FutureWarning: `torch.cpu.amp.autocast(args...)` is deprecated. Please use `torch.amp.autocast('cpu', args...)` instead.
  with device_autocast_ctx, torch.cpu.amp.autocast(**cpu_autocast_kwargs), recompute_context:  # type: ignore[attr-defined]
wandb: Using wandb-core as the SDK backend. Please refer to https://wandb.me/wandb-core for more information.
wandb: Currently logged in as: jingyuanhe1222. Use `wandb login --relogin` to force relogin
wandb: Tracking run with wandb version 0.18.5
wandb: Run data is saved locally in ./wandb/run-20241202_104307-25iwawsd
wandb: Run `wandb offline` to turn off syncing.
wandb: Syncing run fresh-bird-7
wandb: ⭐️ View project at https://wandb.ai/jingyuanhe1222/finetune-pythia-1b
wandb: 🚀 View run at https://wandb.ai/jingyuanhe1222/finetune-pythia-1b/runs/25iwawsd
/home/jingyuah/miniconda3/envs/llara/lib/python3.10/site-packages/torch/utils/checkpoint.py:1399: FutureWarning: `torch.cpu.amp.autocast(args...)` is deprecated. Please use `torch.amp.autocast('cpu', args...)` instead.
  with device_autocast_ctx, torch.cpu.amp.autocast(**cpu_autocast_kwargs), recompute_context:  # type: ignore[attr-defined]
/home/jingyuah/miniconda3/envs/llara/lib/python3.10/site-packages/torch/utils/data/dataloader.py:557: UserWarning: This DataLoader will create 4 worker processes in total. Our suggested max number of worker in current system is 2, which is smaller than what this DataLoader is going to create. Please be aware that excessive worker creation might get DataLoader running slow or even freeze, lower the worker number to avoid potential slowness/freeze if necessary.
  warnings.warn(_create_warning_msg(
/home/jingyuah/miniconda3/envs/llara/lib/python3.10/site-packages/torch/distributed/fsdp/_state_dict_utils.py:773: UserWarning: When using ``NO_SHARD`` for ``ShardingStrategy``, full_state_dict willbe returned.
  warnings.warn(
/home/jingyuah/miniconda3/envs/llara/lib/python3.10/site-packages/torch/distributed/fsdp/_state_dict_utils.py:716: UserWarning: When using ``NO_SHARD`` for ``ShardingStrategy``, full_state_dict willbe returned.
  warnings.warn(
