[2024-11-15 14:24:59,670] [INFO] [real_accelerator.py:203:get_accelerator] Setting ds_accelerator to cuda (auto detect)
Warning: The default cache directory for DeepSpeed Triton autotune, /home/jingyuah/.triton/autotune, appears to be on an NFS system. While this is generally acceptable, if you experience slowdowns or hanging when DeepSpeed exits, it is recommended to set the TRITON_CACHE_DIR environment variable to a non-NFS path.
[93m [WARNING] [0m async_io requires the dev libaio .so object and headers but these were not found.
[93m [WARNING] [0m If libaio is already installed (perhaps from source), try setting the CFLAGS and LDFLAGS environment variables to where it can be found.
[93m [WARNING] [0m Please specify the CUTLASS repo directory as environment variable $CUTLASS_PATH
[93m [WARNING] [0m sparse_attn requires a torch version >= 1.5 and < 2.0 but detected 2.1
[93m [WARNING] [0m using untested triton version (2.1.0), only 1.0.0 is known to be compatible
[2024-11-15 14:25:00,430] [INFO] [comm.py:637:init_distributed] cdb=None
[2024-11-15 14:25:00,430] [INFO] [comm.py:668:init_distributed] Initializing TorchBackend in DeepSpeed with backend nccl
{'loss': 4.0281, 'grad_norm': 2.5793662071228027, 'learning_rate': 2.0510426392779337e-06, 'epoch': 6.31}
{'loss': 4.0219, 'grad_norm': 2.4433159828186035, 'learning_rate': 2.047152194211018e-06, 'epoch': 6.32}
{'loss': 4.0406, 'grad_norm': 2.476628541946411, 'learning_rate': 2.0432617491441024e-06, 'epoch': 6.32}
{'loss': 4.0594, 'grad_norm': 2.4687323570251465, 'learning_rate': 2.0393713040771863e-06, 'epoch': 6.33}
{'loss': 3.9125, 'grad_norm': 2.514220952987671, 'learning_rate': 2.035480859010271e-06, 'epoch': 6.34}
{'loss': 4.0094, 'grad_norm': 2.409960985183716, 'learning_rate': 2.0315904139433554e-06, 'epoch': 6.34}
{'loss': 4.0406, 'grad_norm': 2.559335231781006, 'learning_rate': 2.0276999688764394e-06, 'epoch': 6.35}
{'loss': 4.1, 'grad_norm': 2.5013067722320557, 'learning_rate': 2.023809523809524e-06, 'epoch': 6.36}
{'loss': 4.0156, 'grad_norm': 2.515151262283325, 'learning_rate': 2.0199190787426085e-06, 'epoch': 6.37}
{'loss': 4.125, 'grad_norm': 2.4630959033966064, 'learning_rate': 2.0160286336756924e-06, 'epoch': 6.37}
{'loss': 4.075, 'grad_norm': 2.4352927207946777, 'learning_rate': 2.012138188608777e-06, 'epoch': 6.38}
{'loss': 4.0344, 'grad_norm': 2.7057690620422363, 'learning_rate': 2.008247743541861e-06, 'epoch': 6.39}
{'loss': 4.1125, 'grad_norm': 2.4848952293395996, 'learning_rate': 2.004357298474946e-06, 'epoch': 6.39}
{'loss': 3.9844, 'grad_norm': 2.6038453578948975, 'learning_rate': 2.0004668534080303e-06, 'epoch': 6.4}
{'loss': 4.0438, 'grad_norm': 2.549971580505371, 'learning_rate': 1.996576408341114e-06, 'epoch': 6.41}
{'loss': 4.0406, 'grad_norm': 2.59944486618042, 'learning_rate': 1.992685963274199e-06, 'epoch': 6.41}
{'loss': 3.9969, 'grad_norm': 2.3726770877838135, 'learning_rate': 1.988795518207283e-06, 'epoch': 6.42}
{'loss': 4.0, 'grad_norm': 2.6513912677764893, 'learning_rate': 1.9849050731403673e-06, 'epoch': 6.43}
{'loss': 3.9813, 'grad_norm': 2.5135157108306885, 'learning_rate': 1.981014628073452e-06, 'epoch': 6.44}
{'loss': 3.9594, 'grad_norm': 2.390874147415161, 'learning_rate': 1.977124183006536e-06, 'epoch': 6.44}
{'eval_loss': 4.272381782531738, 'eval_runtime': 26.4939, 'eval_samples_per_second': 181.74, 'eval_steps_per_second': 1.434, 'epoch': 6.44}
{'loss': 4.0156, 'grad_norm': 2.4887611865997314, 'learning_rate': 1.9732337379396203e-06, 'epoch': 6.45}
{'loss': 4.0219, 'grad_norm': 2.6851673126220703, 'learning_rate': 1.969343292872705e-06, 'epoch': 6.46}
{'loss': 3.9156, 'grad_norm': 2.6843671798706055, 'learning_rate': 1.965452847805789e-06, 'epoch': 6.46}
{'loss': 3.9937, 'grad_norm': 2.591529369354248, 'learning_rate': 1.9615624027388734e-06, 'epoch': 6.47}
{'loss': 3.9594, 'grad_norm': 2.593684196472168, 'learning_rate': 1.9576719576719577e-06, 'epoch': 6.48}
{'loss': 4.0469, 'grad_norm': 2.6305510997772217, 'learning_rate': 1.953781512605042e-06, 'epoch': 6.48}
{'loss': 4.0062, 'grad_norm': 2.7599334716796875, 'learning_rate': 1.9498910675381264e-06, 'epoch': 6.49}
{'loss': 4.0156, 'grad_norm': 2.6249704360961914, 'learning_rate': 1.946000622471211e-06, 'epoch': 6.5}
{'loss': 4.0469, 'grad_norm': 2.368467330932617, 'learning_rate': 1.942110177404295e-06, 'epoch': 6.51}
{'loss': 4.0719, 'grad_norm': 2.4437663555145264, 'learning_rate': 1.9382197323373795e-06, 'epoch': 6.51}
{'loss': 3.95, 'grad_norm': 2.505368947982788, 'learning_rate': 1.934329287270464e-06, 'epoch': 6.52}
{'loss': 4.0406, 'grad_norm': 2.484950065612793, 'learning_rate': 1.9304388422035482e-06, 'epoch': 6.53}
{'loss': 3.9875, 'grad_norm': 2.503274917602539, 'learning_rate': 1.9265483971366326e-06, 'epoch': 6.53}
{'loss': 4.0062, 'grad_norm': 2.478419303894043, 'learning_rate': 1.922657952069717e-06, 'epoch': 6.54}
{'loss': 4.0156, 'grad_norm': 2.672412872314453, 'learning_rate': 1.9187675070028013e-06, 'epoch': 6.55}
{'loss': 3.9906, 'grad_norm': 2.518336296081543, 'learning_rate': 1.9148770619358856e-06, 'epoch': 6.55}
{'loss': 4.0469, 'grad_norm': 2.3955767154693604, 'learning_rate': 1.91098661686897e-06, 'epoch': 6.56}
{'loss': 4.0281, 'grad_norm': 2.6767351627349854, 'learning_rate': 1.9070961718020541e-06, 'epoch': 6.57}
{'loss': 3.9531, 'grad_norm': 2.4549057483673096, 'learning_rate': 1.9032057267351387e-06, 'epoch': 6.58}
{'loss': 4.0344, 'grad_norm': 2.5889883041381836, 'learning_rate': 1.899315281668223e-06, 'epoch': 6.58}
{'eval_loss': 4.265625, 'eval_runtime': 26.4833, 'eval_samples_per_second': 181.812, 'eval_steps_per_second': 1.435, 'epoch': 6.58}
{'loss': 4.0531, 'grad_norm': 2.373791456222534, 'learning_rate': 1.8954248366013072e-06, 'epoch': 6.59}
{'loss': 4.0187, 'grad_norm': 2.7054574489593506, 'learning_rate': 1.8915343915343918e-06, 'epoch': 6.6}
{'loss': 3.9625, 'grad_norm': 2.223680257797241, 'learning_rate': 1.887643946467476e-06, 'epoch': 6.6}
{'loss': 3.9656, 'grad_norm': 2.6149935722351074, 'learning_rate': 1.8837535014005603e-06, 'epoch': 6.61}
{'loss': 3.9719, 'grad_norm': 2.4185950756073, 'learning_rate': 1.8798630563336448e-06, 'epoch': 6.62}
{'loss': 3.9844, 'grad_norm': 2.4252867698669434, 'learning_rate': 1.875972611266729e-06, 'epoch': 6.62}
{'loss': 4.0156, 'grad_norm': 2.5241639614105225, 'learning_rate': 1.8720821661998135e-06, 'epoch': 6.63}
{'loss': 3.9406, 'grad_norm': 2.3883025646209717, 'learning_rate': 1.8681917211328979e-06, 'epoch': 6.64}
{'loss': 3.9656, 'grad_norm': 2.510122776031494, 'learning_rate': 1.864301276065982e-06, 'epoch': 6.65}
{'loss': 4.0125, 'grad_norm': 2.4750261306762695, 'learning_rate': 1.8604108309990666e-06, 'epoch': 6.65}
{'loss': 4.0812, 'grad_norm': 2.468557834625244, 'learning_rate': 1.8565203859321507e-06, 'epoch': 6.66}
{'loss': 4.0219, 'grad_norm': 2.4560530185699463, 'learning_rate': 1.852629940865235e-06, 'epoch': 6.67}
{'loss': 4.0187, 'grad_norm': 2.621917963027954, 'learning_rate': 1.8487394957983196e-06, 'epoch': 6.67}
{'loss': 3.9688, 'grad_norm': 2.5703437328338623, 'learning_rate': 1.8448490507314038e-06, 'epoch': 6.68}
{'loss': 4.05, 'grad_norm': 2.512672185897827, 'learning_rate': 1.8409586056644881e-06, 'epoch': 6.69}
{'loss': 3.975, 'grad_norm': 2.5750176906585693, 'learning_rate': 1.8370681605975727e-06, 'epoch': 6.69}
{'loss': 3.9688, 'grad_norm': 2.5510733127593994, 'learning_rate': 1.8331777155306569e-06, 'epoch': 6.7}
{'loss': 4.0594, 'grad_norm': 2.60019850730896, 'learning_rate': 1.8292872704637412e-06, 'epoch': 6.71}
{'loss': 4.0062, 'grad_norm': 2.505061626434326, 'learning_rate': 1.8253968253968254e-06, 'epoch': 6.72}
{'loss': 4.0844, 'grad_norm': 2.5828633308410645, 'learning_rate': 1.82150638032991e-06, 'epoch': 6.72}
{'eval_loss': 4.260135173797607, 'eval_runtime': 26.4899, 'eval_samples_per_second': 181.767, 'eval_steps_per_second': 1.435, 'epoch': 6.72}
{'loss': 4.0625, 'grad_norm': 2.4423434734344482, 'learning_rate': 1.8176159352629943e-06, 'epoch': 6.73}
{'loss': 3.9906, 'grad_norm': 2.426539897918701, 'learning_rate': 1.8137254901960786e-06, 'epoch': 6.74}
{'loss': 4.0125, 'grad_norm': 2.5447990894317627, 'learning_rate': 1.809835045129163e-06, 'epoch': 6.74}
{'loss': 4.0062, 'grad_norm': 2.629852533340454, 'learning_rate': 1.8059446000622471e-06, 'epoch': 6.75}
{'loss': 4.025, 'grad_norm': 2.5699849128723145, 'learning_rate': 1.8020541549953317e-06, 'epoch': 6.76}
{'loss': 3.9594, 'grad_norm': 2.3958230018615723, 'learning_rate': 1.798163709928416e-06, 'epoch': 6.76}
{'loss': 4.0, 'grad_norm': 2.527683973312378, 'learning_rate': 1.7942732648615002e-06, 'epoch': 6.77}
{'loss': 4.0281, 'grad_norm': 2.408696413040161, 'learning_rate': 1.7903828197945848e-06, 'epoch': 6.78}
{'loss': 4.1063, 'grad_norm': 2.3962862491607666, 'learning_rate': 1.786492374727669e-06, 'epoch': 6.79}
{'loss': 4.0344, 'grad_norm': 2.386045455932617, 'learning_rate': 1.7826019296607532e-06, 'epoch': 6.79}
{'loss': 4.0062, 'grad_norm': 2.4252843856811523, 'learning_rate': 1.7787114845938378e-06, 'epoch': 6.8}
{'loss': 3.9312, 'grad_norm': 2.4586851596832275, 'learning_rate': 1.774821039526922e-06, 'epoch': 6.81}
{'loss': 3.9281, 'grad_norm': 2.3978774547576904, 'learning_rate': 1.7709305944600063e-06, 'epoch': 6.81}
{'loss': 3.975, 'grad_norm': 2.396085262298584, 'learning_rate': 1.7670401493930909e-06, 'epoch': 6.82}
{'loss': 4.0531, 'grad_norm': 2.3303568363189697, 'learning_rate': 1.763149704326175e-06, 'epoch': 6.83}
{'loss': 3.9625, 'grad_norm': 2.709512710571289, 'learning_rate': 1.7592592592592594e-06, 'epoch': 6.83}
{'loss': 3.95, 'grad_norm': 2.5586750507354736, 'learning_rate': 1.7553688141923435e-06, 'epoch': 6.84}
{'loss': 4.0094, 'grad_norm': 2.492673635482788, 'learning_rate': 1.751478369125428e-06, 'epoch': 6.85}
{'loss': 4.0219, 'grad_norm': 2.5248396396636963, 'learning_rate': 1.7475879240585124e-06, 'epoch': 6.86}
{'loss': 3.9813, 'grad_norm': 2.692594289779663, 'learning_rate': 1.7436974789915968e-06, 'epoch': 6.86}
{'eval_loss': 4.257601261138916, 'eval_runtime': 26.5094, 'eval_samples_per_second': 181.633, 'eval_steps_per_second': 1.433, 'epoch': 6.86}
{'loss': 3.9281, 'grad_norm': 2.563088893890381, 'learning_rate': 1.7398070339246811e-06, 'epoch': 6.87}
{'loss': 3.9188, 'grad_norm': 2.6156046390533447, 'learning_rate': 1.7359165888577655e-06, 'epoch': 6.88}
{'loss': 4.05, 'grad_norm': 2.430255889892578, 'learning_rate': 1.7320261437908499e-06, 'epoch': 6.88}
{'loss': 3.9781, 'grad_norm': 2.5391316413879395, 'learning_rate': 1.7281356987239342e-06, 'epoch': 6.89}
{'loss': 3.9719, 'grad_norm': 2.5386176109313965, 'learning_rate': 1.7242452536570183e-06, 'epoch': 6.9}
{'loss': 4.0187, 'grad_norm': 2.4032230377197266, 'learning_rate': 1.720354808590103e-06, 'epoch': 6.9}
{'loss': 4.0656, 'grad_norm': 2.6426661014556885, 'learning_rate': 1.7164643635231873e-06, 'epoch': 6.91}
{'loss': 4.0312, 'grad_norm': 2.5536234378814697, 'learning_rate': 1.7125739184562714e-06, 'epoch': 6.92}
{'loss': 4.0219, 'grad_norm': 2.5728108882904053, 'learning_rate': 1.708683473389356e-06, 'epoch': 6.93}
{'loss': 3.9344, 'grad_norm': 2.5785129070281982, 'learning_rate': 1.7047930283224401e-06, 'epoch': 6.93}
{'loss': 4.0125, 'grad_norm': 2.415109872817993, 'learning_rate': 1.7009025832555245e-06, 'epoch': 6.94}
{'loss': 3.9219, 'grad_norm': 2.59104061126709, 'learning_rate': 1.697012138188609e-06, 'epoch': 6.95}
{'loss': 4.0531, 'grad_norm': 2.567699432373047, 'learning_rate': 1.6931216931216932e-06, 'epoch': 6.95}
{'loss': 3.9781, 'grad_norm': 2.5157220363616943, 'learning_rate': 1.6892312480547775e-06, 'epoch': 6.96}
{'loss': 3.9375, 'grad_norm': 2.5385236740112305, 'learning_rate': 1.685340802987862e-06, 'epoch': 6.97}
{'loss': 4.075, 'grad_norm': 2.3824894428253174, 'learning_rate': 1.6814503579209462e-06, 'epoch': 6.97}
{'loss': 3.9875, 'grad_norm': 2.6777379512786865, 'learning_rate': 1.6775599128540306e-06, 'epoch': 6.98}
{'loss': 3.9813, 'grad_norm': 2.557429313659668, 'learning_rate': 1.673669467787115e-06, 'epoch': 6.99}
{'loss': 4.0469, 'grad_norm': 2.7436957359313965, 'learning_rate': 1.6697790227201993e-06, 'epoch': 7.0}
{'loss': 4.0438, 'grad_norm': 2.8126516342163086, 'learning_rate': 1.6658885776532839e-06, 'epoch': 7.0}
{'eval_loss': 4.253800868988037, 'eval_runtime': 26.5816, 'eval_samples_per_second': 181.14, 'eval_steps_per_second': 1.43, 'epoch': 7.0}
{'loss': 3.9969, 'grad_norm': 2.5410830974578857, 'learning_rate': 1.661998132586368e-06, 'epoch': 7.01}
{'loss': 4.0625, 'grad_norm': 2.3611719608306885, 'learning_rate': 1.6581076875194524e-06, 'epoch': 7.02}
{'loss': 3.9562, 'grad_norm': 2.478860855102539, 'learning_rate': 1.654217242452537e-06, 'epoch': 7.02}
{'loss': 3.9844, 'grad_norm': 2.5793545246124268, 'learning_rate': 1.650326797385621e-06, 'epoch': 7.03}
{'loss': 3.9281, 'grad_norm': 2.7194161415100098, 'learning_rate': 1.6464363523187054e-06, 'epoch': 7.04}
{'loss': 4.0375, 'grad_norm': 2.472322940826416, 'learning_rate': 1.6425459072517896e-06, 'epoch': 7.04}
{'loss': 3.9937, 'grad_norm': 2.4474756717681885, 'learning_rate': 1.6386554621848741e-06, 'epoch': 7.05}
{'loss': 3.8844, 'grad_norm': 2.4495768547058105, 'learning_rate': 1.6347650171179585e-06, 'epoch': 7.06}
{'loss': 3.9281, 'grad_norm': 2.4865009784698486, 'learning_rate': 1.6308745720510426e-06, 'epoch': 7.07}
{'loss': 3.9906, 'grad_norm': 2.564594268798828, 'learning_rate': 1.6269841269841272e-06, 'epoch': 7.07}
{'loss': 3.975, 'grad_norm': 2.4289698600769043, 'learning_rate': 1.6230936819172113e-06, 'epoch': 7.08}
{'loss': 3.9531, 'grad_norm': 2.4944260120391846, 'learning_rate': 1.6192032368502957e-06, 'epoch': 7.09}
{'loss': 3.9312, 'grad_norm': 2.409641981124878, 'learning_rate': 1.6153127917833803e-06, 'epoch': 7.09}
{'loss': 4.0125, 'grad_norm': 2.451735258102417, 'learning_rate': 1.6114223467164644e-06, 'epoch': 7.1}
{'loss': 3.9844, 'grad_norm': 2.3444948196411133, 'learning_rate': 1.6075319016495488e-06, 'epoch': 7.11}
{'loss': 3.9031, 'grad_norm': 2.548917055130005, 'learning_rate': 1.6036414565826333e-06, 'epoch': 7.11}
{'loss': 4.0906, 'grad_norm': 2.437206506729126, 'learning_rate': 1.5997510115157175e-06, 'epoch': 7.12}
{'loss': 3.9688, 'grad_norm': 2.5145368576049805, 'learning_rate': 1.595860566448802e-06, 'epoch': 7.13}
{'loss': 3.9094, 'grad_norm': 2.6643738746643066, 'learning_rate': 1.5919701213818862e-06, 'epoch': 7.14}
{'loss': 4.0031, 'grad_norm': 2.9139156341552734, 'learning_rate': 1.5880796763149705e-06, 'epoch': 7.14}
{'eval_loss': 4.257601261138916, 'eval_runtime': 26.5386, 'eval_samples_per_second': 181.434, 'eval_steps_per_second': 1.432, 'epoch': 7.14}
{'loss': 3.9094, 'grad_norm': 2.716689109802246, 'learning_rate': 1.584189231248055e-06, 'epoch': 7.15}
{'loss': 3.8344, 'grad_norm': 2.609804630279541, 'learning_rate': 1.5802987861811392e-06, 'epoch': 7.16}
{'loss': 3.9781, 'grad_norm': 2.3876638412475586, 'learning_rate': 1.5764083411142236e-06, 'epoch': 7.16}
{'loss': 3.8594, 'grad_norm': 2.681892156600952, 'learning_rate': 1.5725178960473077e-06, 'epoch': 7.17}
{'loss': 3.9406, 'grad_norm': 2.383464813232422, 'learning_rate': 1.5686274509803923e-06, 'epoch': 7.18}
{'loss': 3.9344, 'grad_norm': 2.7010657787323, 'learning_rate': 1.5647370059134767e-06, 'epoch': 7.18}
{'loss': 3.9656, 'grad_norm': 2.5140533447265625, 'learning_rate': 1.5608465608465608e-06, 'epoch': 7.19}
{'loss': 3.9125, 'grad_norm': 2.4270694255828857, 'learning_rate': 1.5569561157796454e-06, 'epoch': 7.2}
{'loss': 3.9844, 'grad_norm': 2.4938466548919678, 'learning_rate': 1.5530656707127297e-06, 'epoch': 7.21}
{'loss': 3.9813, 'grad_norm': 2.5346741676330566, 'learning_rate': 1.5491752256458139e-06, 'epoch': 7.21}
{'loss': 3.9719, 'grad_norm': 2.5567831993103027, 'learning_rate': 1.5452847805788984e-06, 'epoch': 7.22}
{'loss': 3.9562, 'grad_norm': 2.677081823348999, 'learning_rate': 1.5413943355119826e-06, 'epoch': 7.23}
{'loss': 4.0344, 'grad_norm': 2.426379442214966, 'learning_rate': 1.5375038904450671e-06, 'epoch': 7.23}
{'loss': 3.9344, 'grad_norm': 2.5150701999664307, 'learning_rate': 1.5336134453781515e-06, 'epoch': 7.24}
{'loss': 3.9937, 'grad_norm': 2.7933998107910156, 'learning_rate': 1.5297230003112356e-06, 'epoch': 7.25}
{'loss': 3.9438, 'grad_norm': 2.771469831466675, 'learning_rate': 1.5258325552443202e-06, 'epoch': 7.25}
{'loss': 3.9219, 'grad_norm': 2.545093297958374, 'learning_rate': 1.5219421101774043e-06, 'epoch': 7.26}
{'loss': 3.9062, 'grad_norm': 2.6288211345672607, 'learning_rate': 1.5180516651104887e-06, 'epoch': 7.27}
{'loss': 3.8969, 'grad_norm': 2.617954969406128, 'learning_rate': 1.5141612200435733e-06, 'epoch': 7.28}
{'loss': 3.9469, 'grad_norm': 2.3696727752685547, 'learning_rate': 1.5102707749766574e-06, 'epoch': 7.28}
{'eval_loss': 4.249577522277832, 'eval_runtime': 26.5351, 'eval_samples_per_second': 181.458, 'eval_steps_per_second': 1.432, 'epoch': 7.28}
{'loss': 3.95, 'grad_norm': 2.603703737258911, 'learning_rate': 1.5063803299097418e-06, 'epoch': 7.29}
{'loss': 3.9969, 'grad_norm': 2.559919834136963, 'learning_rate': 1.5024898848428263e-06, 'epoch': 7.3}
{'loss': 3.9531, 'grad_norm': 2.545201539993286, 'learning_rate': 1.4985994397759105e-06, 'epoch': 7.3}
{'loss': 3.9062, 'grad_norm': 2.6524617671966553, 'learning_rate': 1.4947089947089948e-06, 'epoch': 7.31}
{'loss': 3.9188, 'grad_norm': 2.4574291706085205, 'learning_rate': 1.490818549642079e-06, 'epoch': 7.32}
{'loss': 3.8875, 'grad_norm': 2.682258367538452, 'learning_rate': 1.4869281045751635e-06, 'epoch': 7.32}
{'loss': 4.0563, 'grad_norm': 2.4402337074279785, 'learning_rate': 1.4830376595082479e-06, 'epoch': 7.33}
{'loss': 3.9656, 'grad_norm': 2.5620861053466797, 'learning_rate': 1.4791472144413322e-06, 'epoch': 7.34}
{'loss': 3.9344, 'grad_norm': 2.449766159057617, 'learning_rate': 1.4752567693744166e-06, 'epoch': 7.35}
{'loss': 3.9562, 'grad_norm': 2.537893533706665, 'learning_rate': 1.471366324307501e-06, 'epoch': 7.35}
{'loss': 3.9844, 'grad_norm': 2.392145872116089, 'learning_rate': 1.4674758792405853e-06, 'epoch': 7.36}
{'loss': 3.9469, 'grad_norm': 2.6583569049835205, 'learning_rate': 1.4635854341736697e-06, 'epoch': 7.37}
{'loss': 3.9125, 'grad_norm': 2.6152966022491455, 'learning_rate': 1.4596949891067538e-06, 'epoch': 7.37}
{'loss': 3.975, 'grad_norm': 2.489417552947998, 'learning_rate': 1.4558045440398384e-06, 'epoch': 7.38}
{'loss': 3.9813, 'grad_norm': 2.6733884811401367, 'learning_rate': 1.4519140989729227e-06, 'epoch': 7.39}
{'loss': 3.9562, 'grad_norm': 2.5874040126800537, 'learning_rate': 1.4480236539060069e-06, 'epoch': 7.39}
{'loss': 3.9625, 'grad_norm': 2.65864896774292, 'learning_rate': 1.4441332088390914e-06, 'epoch': 7.4}
{'loss': 3.9688, 'grad_norm': 2.436241626739502, 'learning_rate': 1.4402427637721756e-06, 'epoch': 7.41}
{'loss': 3.9375, 'grad_norm': 2.6782073974609375, 'learning_rate': 1.43635231870526e-06, 'epoch': 7.42}
{'loss': 3.9438, 'grad_norm': 2.6732892990112305, 'learning_rate': 1.4324618736383445e-06, 'epoch': 7.42}
{'eval_loss': 4.242820739746094, 'eval_runtime': 26.585, 'eval_samples_per_second': 181.117, 'eval_steps_per_second': 1.429, 'epoch': 7.42}
{'loss': 3.9375, 'grad_norm': 2.4758520126342773, 'learning_rate': 1.4285714285714286e-06, 'epoch': 7.43}
{'loss': 3.9844, 'grad_norm': 2.755352735519409, 'learning_rate': 1.424680983504513e-06, 'epoch': 7.44}
{'loss': 3.9156, 'grad_norm': 2.6672301292419434, 'learning_rate': 1.4207905384375975e-06, 'epoch': 7.44}
{'loss': 3.9406, 'grad_norm': 2.520249605178833, 'learning_rate': 1.4169000933706817e-06, 'epoch': 7.45}
{'loss': 3.9062, 'grad_norm': 2.5335628986358643, 'learning_rate': 1.413009648303766e-06, 'epoch': 7.46}
{'loss': 4.0156, 'grad_norm': 2.548030376434326, 'learning_rate': 1.4091192032368504e-06, 'epoch': 7.46}
{'loss': 3.9344, 'grad_norm': 2.4860172271728516, 'learning_rate': 1.4052287581699348e-06, 'epoch': 7.47}
{'loss': 3.9438, 'grad_norm': 2.667083978652954, 'learning_rate': 1.4013383131030191e-06, 'epoch': 7.48}
{'loss': 3.9031, 'grad_norm': 2.6018307209014893, 'learning_rate': 1.3974478680361035e-06, 'epoch': 7.49}
{'loss': 4.0594, 'grad_norm': 2.537576913833618, 'learning_rate': 1.3935574229691878e-06, 'epoch': 7.49}
{'loss': 3.8188, 'grad_norm': 2.7385544776916504, 'learning_rate': 1.389666977902272e-06, 'epoch': 7.5}
{'loss': 3.9031, 'grad_norm': 2.6998469829559326, 'learning_rate': 1.3857765328353565e-06, 'epoch': 7.51}
{'loss': 3.9156, 'grad_norm': 2.559509754180908, 'learning_rate': 1.3818860877684409e-06, 'epoch': 7.51}
{'loss': 4.0438, 'grad_norm': 2.6772093772888184, 'learning_rate': 1.377995642701525e-06, 'epoch': 7.52}
{'loss': 3.9062, 'grad_norm': 2.493586301803589, 'learning_rate': 1.3741051976346096e-06, 'epoch': 7.53}
{'loss': 3.9813, 'grad_norm': 2.5802619457244873, 'learning_rate': 1.370214752567694e-06, 'epoch': 7.54}
{'loss': 3.9625, 'grad_norm': 2.483036994934082, 'learning_rate': 1.366324307500778e-06, 'epoch': 7.54}
{'loss': 3.9906, 'grad_norm': 2.575758934020996, 'learning_rate': 1.3624338624338626e-06, 'epoch': 7.55}
{'loss': 3.9688, 'grad_norm': 2.5268290042877197, 'learning_rate': 1.3585434173669468e-06, 'epoch': 7.56}
{'loss': 3.9781, 'grad_norm': 2.631575345993042, 'learning_rate': 1.3546529723000311e-06, 'epoch': 7.56}
{'eval_loss': 4.2360639572143555, 'eval_runtime': 26.5685, 'eval_samples_per_second': 181.229, 'eval_steps_per_second': 1.43, 'epoch': 7.56}
{'loss': 3.9281, 'grad_norm': 2.57269287109375, 'learning_rate': 1.3507625272331157e-06, 'epoch': 7.57}
{'loss': 3.9625, 'grad_norm': 2.490638494491577, 'learning_rate': 1.3468720821661999e-06, 'epoch': 7.58}
{'loss': 3.975, 'grad_norm': 2.572338581085205, 'learning_rate': 1.3429816370992842e-06, 'epoch': 7.58}
{'loss': 3.9094, 'grad_norm': 2.3916046619415283, 'learning_rate': 1.3390911920323686e-06, 'epoch': 7.59}
{'loss': 3.9406, 'grad_norm': 2.5001745223999023, 'learning_rate': 1.335200746965453e-06, 'epoch': 7.6}
{'loss': 3.9406, 'grad_norm': 2.637284278869629, 'learning_rate': 1.3313103018985375e-06, 'epoch': 7.61}
{'loss': 4.0031, 'grad_norm': 2.560131311416626, 'learning_rate': 1.3274198568316216e-06, 'epoch': 7.61}
{'loss': 3.9969, 'grad_norm': 2.6995179653167725, 'learning_rate': 1.323529411764706e-06, 'epoch': 7.62}
{'loss': 3.9531, 'grad_norm': 2.733919382095337, 'learning_rate': 1.3196389666977905e-06, 'epoch': 7.63}
{'loss': 3.8844, 'grad_norm': 2.5022971630096436, 'learning_rate': 1.3157485216308747e-06, 'epoch': 7.63}
{'loss': 3.8844, 'grad_norm': 2.5341286659240723, 'learning_rate': 1.311858076563959e-06, 'epoch': 7.64}
{'loss': 3.9688, 'grad_norm': 2.4425861835479736, 'learning_rate': 1.3079676314970432e-06, 'epoch': 7.65}
{'loss': 3.8125, 'grad_norm': 2.471992015838623, 'learning_rate': 1.3040771864301277e-06, 'epoch': 7.65}
{'loss': 4.0469, 'grad_norm': 2.4632701873779297, 'learning_rate': 1.300186741363212e-06, 'epoch': 7.66}
{'loss': 3.925, 'grad_norm': 2.5804479122161865, 'learning_rate': 1.2962962962962962e-06, 'epoch': 7.67}
{'loss': 3.9281, 'grad_norm': 2.4879262447357178, 'learning_rate': 1.2924058512293808e-06, 'epoch': 7.68}
{'loss': 3.8844, 'grad_norm': 2.5793681144714355, 'learning_rate': 1.288515406162465e-06, 'epoch': 7.68}
{'loss': 3.9562, 'grad_norm': 2.6446950435638428, 'learning_rate': 1.2846249610955493e-06, 'epoch': 7.69}
{'loss': 3.9969, 'grad_norm': 2.472944736480713, 'learning_rate': 1.2807345160286339e-06, 'epoch': 7.7}
{'loss': 3.8656, 'grad_norm': 2.6502788066864014, 'learning_rate': 1.276844070961718e-06, 'epoch': 7.7}
{'eval_loss': 4.231419086456299, 'eval_runtime': 26.5979, 'eval_samples_per_second': 181.029, 'eval_steps_per_second': 1.429, 'epoch': 7.7}
{'loss': 3.9406, 'grad_norm': 2.5597550868988037, 'learning_rate': 1.2729536258948026e-06, 'epoch': 7.71}
{'loss': 3.9375, 'grad_norm': 2.528580665588379, 'learning_rate': 1.269063180827887e-06, 'epoch': 7.72}
{'loss': 3.9469, 'grad_norm': 2.464262008666992, 'learning_rate': 1.265172735760971e-06, 'epoch': 7.72}
{'loss': 4.0031, 'grad_norm': 2.445589303970337, 'learning_rate': 1.2612822906940556e-06, 'epoch': 7.73}
{'loss': 3.9688, 'grad_norm': 2.5260190963745117, 'learning_rate': 1.2573918456271398e-06, 'epoch': 7.74}
{'loss': 3.9062, 'grad_norm': 2.609760284423828, 'learning_rate': 1.2535014005602241e-06, 'epoch': 7.75}
{'loss': 3.9562, 'grad_norm': 2.74861741065979, 'learning_rate': 1.2496109554933085e-06, 'epoch': 7.75}
{'loss': 3.8656, 'grad_norm': 2.5655150413513184, 'learning_rate': 1.2457205104263928e-06, 'epoch': 7.76}
{'loss': 3.9594, 'grad_norm': 2.5033693313598633, 'learning_rate': 1.2418300653594772e-06, 'epoch': 7.77}
{'loss': 3.9188, 'grad_norm': 2.7545716762542725, 'learning_rate': 1.2379396202925616e-06, 'epoch': 7.77}
{'loss': 3.9438, 'grad_norm': 2.5870418548583984, 'learning_rate': 1.234049175225646e-06, 'epoch': 7.78}
{'loss': 3.9031, 'grad_norm': 2.4429287910461426, 'learning_rate': 1.2301587301587303e-06, 'epoch': 7.79}
{'loss': 3.9281, 'grad_norm': 2.6432909965515137, 'learning_rate': 1.2262682850918146e-06, 'epoch': 7.79}
{'loss': 3.8375, 'grad_norm': 2.5207433700561523, 'learning_rate': 1.222377840024899e-06, 'epoch': 7.8}
{'loss': 3.9188, 'grad_norm': 2.6637778282165527, 'learning_rate': 1.2184873949579833e-06, 'epoch': 7.81}
{'loss': 4.0094, 'grad_norm': 2.562162399291992, 'learning_rate': 1.2145969498910677e-06, 'epoch': 7.82}
{'loss': 3.8937, 'grad_norm': 2.595623016357422, 'learning_rate': 1.210706504824152e-06, 'epoch': 7.82}
{'loss': 3.9719, 'grad_norm': 2.5484580993652344, 'learning_rate': 1.2068160597572364e-06, 'epoch': 7.83}
{'loss': 3.9562, 'grad_norm': 2.5548646450042725, 'learning_rate': 1.2029256146903207e-06, 'epoch': 7.84}
{'loss': 4.0563, 'grad_norm': 2.3146963119506836, 'learning_rate': 1.1990351696234049e-06, 'epoch': 7.84}
{'eval_loss': 4.228885173797607, 'eval_runtime': 26.5793, 'eval_samples_per_second': 181.156, 'eval_steps_per_second': 1.43, 'epoch': 7.84}
{'loss': 3.9094, 'grad_norm': 2.9065284729003906, 'learning_rate': 1.1951447245564895e-06, 'epoch': 7.85}
{'loss': 3.9094, 'grad_norm': 2.6101465225219727, 'learning_rate': 1.1912542794895738e-06, 'epoch': 7.86}
{'loss': 3.8875, 'grad_norm': 2.590012311935425, 'learning_rate': 1.187363834422658e-06, 'epoch': 7.86}
{'loss': 3.9125, 'grad_norm': 2.479464054107666, 'learning_rate': 1.1834733893557423e-06, 'epoch': 7.87}
{'loss': 3.9188, 'grad_norm': 2.6957333087921143, 'learning_rate': 1.1795829442888269e-06, 'epoch': 7.88}
{'loss': 3.8563, 'grad_norm': 2.7383275032043457, 'learning_rate': 1.175692499221911e-06, 'epoch': 7.89}
{'loss': 4.0344, 'grad_norm': 2.4652504920959473, 'learning_rate': 1.1718020541549954e-06, 'epoch': 7.89}
{'loss': 3.9188, 'grad_norm': 2.8505160808563232, 'learning_rate': 1.1679116090880797e-06, 'epoch': 7.9}
{'loss': 3.9125, 'grad_norm': 2.855867624282837, 'learning_rate': 1.164021164021164e-06, 'epoch': 7.91}
{'loss': 3.925, 'grad_norm': 2.7969870567321777, 'learning_rate': 1.1601307189542484e-06, 'epoch': 7.91}
{'loss': 3.9312, 'grad_norm': 2.5991506576538086, 'learning_rate': 1.1562402738873328e-06, 'epoch': 7.92}
{'loss': 3.9375, 'grad_norm': 2.518730640411377, 'learning_rate': 1.1523498288204171e-06, 'epoch': 7.93}
{'loss': 3.9, 'grad_norm': 2.658581495285034, 'learning_rate': 1.1484593837535015e-06, 'epoch': 7.93}
{'loss': 3.9312, 'grad_norm': 2.626488447189331, 'learning_rate': 1.1445689386865858e-06, 'epoch': 7.94}
{'loss': 3.9875, 'grad_norm': 2.7610700130462646, 'learning_rate': 1.1406784936196702e-06, 'epoch': 7.95}
{'loss': 3.9312, 'grad_norm': 2.8764443397521973, 'learning_rate': 1.1367880485527546e-06, 'epoch': 7.96}
{'loss': 3.9406, 'grad_norm': 2.796923875808716, 'learning_rate': 1.132897603485839e-06, 'epoch': 7.96}
{'loss': 3.9625, 'grad_norm': 2.7639214992523193, 'learning_rate': 1.1290071584189233e-06, 'epoch': 7.97}
{'loss': 4.0125, 'grad_norm': 2.423543691635132, 'learning_rate': 1.1251167133520076e-06, 'epoch': 7.98}
{'loss': 3.8844, 'grad_norm': 2.699225425720215, 'learning_rate': 1.121226268285092e-06, 'epoch': 7.98}
{'eval_loss': 4.22804069519043, 'eval_runtime': 26.5907, 'eval_samples_per_second': 181.078, 'eval_steps_per_second': 1.429, 'epoch': 7.98}
{'loss': 3.8656, 'grad_norm': 2.5724310874938965, 'learning_rate': 1.1173358232181761e-06, 'epoch': 7.99}
{'loss': 3.9469, 'grad_norm': 2.6596243381500244, 'learning_rate': 1.1134453781512607e-06, 'epoch': 8.0}
{'loss': 3.925, 'grad_norm': 2.499927043914795, 'learning_rate': 1.109554933084345e-06, 'epoch': 8.0}
{'loss': 3.8094, 'grad_norm': 2.41237211227417, 'learning_rate': 1.1056644880174294e-06, 'epoch': 8.01}
{'loss': 3.8844, 'grad_norm': 2.637291431427002, 'learning_rate': 1.1017740429505135e-06, 'epoch': 8.02}
{'loss': 3.8906, 'grad_norm': 2.573878288269043, 'learning_rate': 1.0978835978835979e-06, 'epoch': 8.03}
{'loss': 3.8906, 'grad_norm': 2.46359920501709, 'learning_rate': 1.0939931528166824e-06, 'epoch': 8.03}
{'loss': 3.8719, 'grad_norm': 2.661134958267212, 'learning_rate': 1.0901027077497666e-06, 'epoch': 8.04}
{'loss': 3.9031, 'grad_norm': 2.6874771118164062, 'learning_rate': 1.086212262682851e-06, 'epoch': 8.05}
{'loss': 3.9469, 'grad_norm': 2.8642687797546387, 'learning_rate': 1.0823218176159353e-06, 'epoch': 8.05}
{'loss': 3.925, 'grad_norm': 2.659909248352051, 'learning_rate': 1.0784313725490197e-06, 'epoch': 8.06}
{'loss': 3.9594, 'grad_norm': 2.7067883014678955, 'learning_rate': 1.074540927482104e-06, 'epoch': 8.07}
{'loss': 3.9, 'grad_norm': 2.8075757026672363, 'learning_rate': 1.0706504824151884e-06, 'epoch': 8.07}
{'loss': 3.9094, 'grad_norm': 2.7053792476654053, 'learning_rate': 1.0667600373482727e-06, 'epoch': 8.08}
{'loss': 3.9406, 'grad_norm': 2.5845658779144287, 'learning_rate': 1.062869592281357e-06, 'epoch': 8.09}
{'loss': 3.8844, 'grad_norm': 2.4811792373657227, 'learning_rate': 1.0589791472144414e-06, 'epoch': 8.1}
{'loss': 3.8719, 'grad_norm': 2.6241531372070312, 'learning_rate': 1.0550887021475258e-06, 'epoch': 8.1}
{'loss': 3.9062, 'grad_norm': 2.4787490367889404, 'learning_rate': 1.0511982570806101e-06, 'epoch': 8.11}
{'loss': 3.8656, 'grad_norm': 2.691216230392456, 'learning_rate': 1.0473078120136945e-06, 'epoch': 8.12}
{'loss': 3.9094, 'grad_norm': 2.620436668395996, 'learning_rate': 1.0434173669467788e-06, 'epoch': 8.12}
{'eval_loss': 4.22804069519043, 'eval_runtime': 26.5997, 'eval_samples_per_second': 181.017, 'eval_steps_per_second': 1.429, 'epoch': 8.12}
{'loss': 3.8656, 'grad_norm': 2.6563894748687744, 'learning_rate': 1.0395269218798632e-06, 'epoch': 8.13}
{'loss': 3.8625, 'grad_norm': 2.5635907649993896, 'learning_rate': 1.0356364768129476e-06, 'epoch': 8.14}
{'loss': 3.9594, 'grad_norm': 2.484590530395508, 'learning_rate': 1.0317460317460317e-06, 'epoch': 8.14}
{'loss': 3.9719, 'grad_norm': 2.3946242332458496, 'learning_rate': 1.0278555866791163e-06, 'epoch': 8.15}
{'loss': 3.8687, 'grad_norm': 2.5608069896698, 'learning_rate': 1.0239651416122006e-06, 'epoch': 8.16}
{'loss': 3.9375, 'grad_norm': 2.701054573059082, 'learning_rate': 1.0200746965452848e-06, 'epoch': 8.17}
{'loss': 3.8406, 'grad_norm': 2.753715753555298, 'learning_rate': 1.0161842514783691e-06, 'epoch': 8.17}
{'loss': 3.8906, 'grad_norm': 2.6656761169433594, 'learning_rate': 1.0122938064114537e-06, 'epoch': 8.18}
{'loss': 3.9531, 'grad_norm': 2.656160354614258, 'learning_rate': 1.0084033613445378e-06, 'epoch': 8.19}
{'loss': 3.8813, 'grad_norm': 2.652355909347534, 'learning_rate': 1.0045129162776222e-06, 'epoch': 8.19}
{'loss': 3.8969, 'grad_norm': 2.5905303955078125, 'learning_rate': 1.0006224712107065e-06, 'epoch': 8.2}
{'loss': 3.8906, 'grad_norm': 2.577890634536743, 'learning_rate': 9.96732026143791e-07, 'epoch': 8.21}
{'loss': 3.9438, 'grad_norm': 2.7626075744628906, 'learning_rate': 9.928415810768752e-07, 'epoch': 8.21}
{'loss': 3.9688, 'grad_norm': 2.6054940223693848, 'learning_rate': 9.889511360099596e-07, 'epoch': 8.22}
{'loss': 3.9656, 'grad_norm': 2.5766072273254395, 'learning_rate': 9.85060690943044e-07, 'epoch': 8.23}
{'loss': 3.85, 'grad_norm': 2.5417051315307617, 'learning_rate': 9.811702458761283e-07, 'epoch': 8.24}
{'loss': 3.8531, 'grad_norm': 2.5004589557647705, 'learning_rate': 9.772798008092127e-07, 'epoch': 8.24}
{'loss': 3.9094, 'grad_norm': 2.616412401199341, 'learning_rate': 9.73389355742297e-07, 'epoch': 8.25}
{'loss': 3.9312, 'grad_norm': 2.7300639152526855, 'learning_rate': 9.694989106753814e-07, 'epoch': 8.26}
{'loss': 3.9438, 'grad_norm': 2.707502603530884, 'learning_rate': 9.656084656084657e-07, 'epoch': 8.26}
{'eval_loss': 4.22804069519043, 'eval_runtime': 26.6241, 'eval_samples_per_second': 180.851, 'eval_steps_per_second': 1.427, 'epoch': 8.26}
{'loss': 3.975, 'grad_norm': 2.569366931915283, 'learning_rate': 9.6171802054155e-07, 'epoch': 8.27}
{'loss': 3.9094, 'grad_norm': 2.820631980895996, 'learning_rate': 9.578275754746344e-07, 'epoch': 8.28}
{'loss': 3.8937, 'grad_norm': 2.5587377548217773, 'learning_rate': 9.539371304077188e-07, 'epoch': 8.28}
{'loss': 3.875, 'grad_norm': 2.550302028656006, 'learning_rate': 9.50046685340803e-07, 'epoch': 8.29}
{'loss': 3.8563, 'grad_norm': 2.6882846355438232, 'learning_rate': 9.461562402738875e-07, 'epoch': 8.3}
{'loss': 3.9156, 'grad_norm': 2.5996363162994385, 'learning_rate': 9.422657952069717e-07, 'epoch': 8.31}
{'loss': 3.8563, 'grad_norm': 2.512716293334961, 'learning_rate': 9.383753501400561e-07, 'epoch': 8.31}
{'loss': 3.8937, 'grad_norm': 2.765437126159668, 'learning_rate': 9.344849050731404e-07, 'epoch': 8.32}
{'loss': 3.9594, 'grad_norm': 2.560758590698242, 'learning_rate': 9.305944600062247e-07, 'epoch': 8.33}
{'loss': 3.9031, 'grad_norm': 2.6610703468322754, 'learning_rate': 9.267040149393091e-07, 'epoch': 8.33}
{'loss': 3.8937, 'grad_norm': 2.7105584144592285, 'learning_rate': 9.228135698723935e-07, 'epoch': 8.34}
{'loss': 3.85, 'grad_norm': 2.524412155151367, 'learning_rate': 9.189231248054778e-07, 'epoch': 8.35}
{'loss': 3.925, 'grad_norm': 2.5053746700286865, 'learning_rate': 9.150326797385621e-07, 'epoch': 8.35}
{'loss': 3.8813, 'grad_norm': 2.3970446586608887, 'learning_rate': 9.111422346716466e-07, 'epoch': 8.36}
{'loss': 3.7938, 'grad_norm': 2.6986968517303467, 'learning_rate': 9.072517896047309e-07, 'epoch': 8.37}
{'loss': 3.8094, 'grad_norm': 2.769059419631958, 'learning_rate': 9.033613445378152e-07, 'epoch': 8.38}
{'loss': 3.8906, 'grad_norm': 2.6544904708862305, 'learning_rate': 8.994708994708995e-07, 'epoch': 8.38}
{'loss': 3.9625, 'grad_norm': 2.646601915359497, 'learning_rate': 8.95580454403984e-07, 'epoch': 8.39}
{'loss': 4.0, 'grad_norm': 2.5584771633148193, 'learning_rate': 8.916900093370682e-07, 'epoch': 8.4}
{'loss': 3.9094, 'grad_norm': 2.602710723876953, 'learning_rate': 8.877995642701526e-07, 'epoch': 8.4}
{'eval_loss': 4.223817348480225, 'eval_runtime': 26.6133, 'eval_samples_per_second': 180.925, 'eval_steps_per_second': 1.428, 'epoch': 8.4}
{'loss': 3.8844, 'grad_norm': 2.512132167816162, 'learning_rate': 8.839091192032368e-07, 'epoch': 8.41}
{'loss': 3.7812, 'grad_norm': 2.618976593017578, 'learning_rate': 8.800186741363213e-07, 'epoch': 8.42}
{'loss': 3.8937, 'grad_norm': 2.6594436168670654, 'learning_rate': 8.761282290694056e-07, 'epoch': 8.42}
{'loss': 3.8781, 'grad_norm': 2.5904316902160645, 'learning_rate': 8.7223778400249e-07, 'epoch': 8.43}
{'loss': 3.925, 'grad_norm': 2.7705070972442627, 'learning_rate': 8.683473389355742e-07, 'epoch': 8.44}
{'loss': 3.9312, 'grad_norm': 2.4842708110809326, 'learning_rate': 8.644568938686586e-07, 'epoch': 8.45}
{'loss': 3.9125, 'grad_norm': 2.56758189201355, 'learning_rate': 8.605664488017431e-07, 'epoch': 8.45}
{'loss': 3.9125, 'grad_norm': 2.593280076980591, 'learning_rate': 8.566760037348273e-07, 'epoch': 8.46}
{'loss': 3.9625, 'grad_norm': 2.665062665939331, 'learning_rate': 8.527855586679117e-07, 'epoch': 8.47}
{'loss': 3.8844, 'grad_norm': 2.5771024227142334, 'learning_rate': 8.48895113600996e-07, 'epoch': 8.47}
{'loss': 3.875, 'grad_norm': 2.5673677921295166, 'learning_rate': 8.450046685340804e-07, 'epoch': 8.48}
{'loss': 3.7875, 'grad_norm': 2.689262866973877, 'learning_rate': 8.411142234671647e-07, 'epoch': 8.49}
{'loss': 3.9281, 'grad_norm': 2.690295696258545, 'learning_rate': 8.372237784002491e-07, 'epoch': 8.49}
{'loss': 3.925, 'grad_norm': 2.630849838256836, 'learning_rate': 8.333333333333333e-07, 'epoch': 8.5}
{'loss': 3.9344, 'grad_norm': 2.5751688480377197, 'learning_rate': 8.294428882664178e-07, 'epoch': 8.51}
{'loss': 3.9594, 'grad_norm': 2.5102899074554443, 'learning_rate': 8.255524431995021e-07, 'epoch': 8.52}
{'loss': 3.9094, 'grad_norm': 2.616734266281128, 'learning_rate': 8.216619981325864e-07, 'epoch': 8.52}
{'loss': 3.8781, 'grad_norm': 2.5151407718658447, 'learning_rate': 8.177715530656707e-07, 'epoch': 8.53}
{'loss': 3.9281, 'grad_norm': 2.719177484512329, 'learning_rate': 8.138811079987552e-07, 'epoch': 8.54}
{'loss': 3.9344, 'grad_norm': 2.662252902984619, 'learning_rate': 8.099906629318395e-07, 'epoch': 8.54}
{'eval_loss': 4.220861434936523, 'eval_runtime': 26.6113, 'eval_samples_per_second': 180.938, 'eval_steps_per_second': 1.428, 'epoch': 8.54}
{'loss': 3.9375, 'grad_norm': 2.7252397537231445, 'learning_rate': 8.061002178649238e-07, 'epoch': 8.55}
{'loss': 3.8781, 'grad_norm': 2.7188737392425537, 'learning_rate': 8.022097727980082e-07, 'epoch': 8.56}
{'loss': 3.9031, 'grad_norm': 2.9244444370269775, 'learning_rate': 7.983193277310924e-07, 'epoch': 8.56}
{'loss': 3.8281, 'grad_norm': 2.644040107727051, 'learning_rate': 7.944288826641769e-07, 'epoch': 8.57}
{'loss': 3.8969, 'grad_norm': 2.7136707305908203, 'learning_rate': 7.905384375972612e-07, 'epoch': 8.58}
{'loss': 3.8687, 'grad_norm': 2.755980968475342, 'learning_rate': 7.866479925303455e-07, 'epoch': 8.59}
{'loss': 3.9469, 'grad_norm': 2.6144278049468994, 'learning_rate': 7.827575474634298e-07, 'epoch': 8.59}
{'loss': 3.9531, 'grad_norm': 2.7397961616516113, 'learning_rate': 7.788671023965143e-07, 'epoch': 8.6}
{'loss': 3.8906, 'grad_norm': 2.745471954345703, 'learning_rate': 7.749766573295986e-07, 'epoch': 8.61}
{'loss': 3.9281, 'grad_norm': 2.6316423416137695, 'learning_rate': 7.710862122626829e-07, 'epoch': 8.61}
{'loss': 3.8594, 'grad_norm': 2.527945041656494, 'learning_rate': 7.671957671957672e-07, 'epoch': 8.62}
{'loss': 3.8594, 'grad_norm': 2.66043758392334, 'learning_rate': 7.633053221288517e-07, 'epoch': 8.63}
{'loss': 3.8906, 'grad_norm': 2.628798246383667, 'learning_rate': 7.59414877061936e-07, 'epoch': 8.63}
{'loss': 3.8531, 'grad_norm': 2.5479514598846436, 'learning_rate': 7.555244319950203e-07, 'epoch': 8.64}
{'loss': 3.975, 'grad_norm': 2.7051823139190674, 'learning_rate': 7.516339869281046e-07, 'epoch': 8.65}
{'loss': 3.9188, 'grad_norm': 2.5470352172851562, 'learning_rate': 7.477435418611889e-07, 'epoch': 8.66}
{'loss': 3.8406, 'grad_norm': 2.676924228668213, 'learning_rate': 7.438530967942734e-07, 'epoch': 8.66}
{'loss': 3.9188, 'grad_norm': 2.535928249359131, 'learning_rate': 7.399626517273577e-07, 'epoch': 8.67}
{'loss': 3.85, 'grad_norm': 2.6097726821899414, 'learning_rate': 7.36072206660442e-07, 'epoch': 8.68}
{'loss': 3.9125, 'grad_norm': 2.6145684719085693, 'learning_rate': 7.321817615935263e-07, 'epoch': 8.68}
{'eval_loss': 4.21875, 'eval_runtime': 26.6262, 'eval_samples_per_second': 180.837, 'eval_steps_per_second': 1.427, 'epoch': 8.68}
{'loss': 3.9375, 'grad_norm': 2.5606818199157715, 'learning_rate': 7.282913165266108e-07, 'epoch': 8.69}
{'loss': 3.9094, 'grad_norm': 2.6183674335479736, 'learning_rate': 7.24400871459695e-07, 'epoch': 8.7}
{'loss': 3.9156, 'grad_norm': 2.551659107208252, 'learning_rate': 7.205104263927794e-07, 'epoch': 8.7}
{'loss': 3.8344, 'grad_norm': 2.621462345123291, 'learning_rate': 7.166199813258636e-07, 'epoch': 8.71}
{'loss': 3.8937, 'grad_norm': 2.652940034866333, 'learning_rate': 7.127295362589481e-07, 'epoch': 8.72}
{'loss': 3.9844, 'grad_norm': 2.4978220462799072, 'learning_rate': 7.088390911920325e-07, 'epoch': 8.73}
{'loss': 3.9031, 'grad_norm': 2.5932602882385254, 'learning_rate': 7.049486461251168e-07, 'epoch': 8.73}
{'loss': 3.9156, 'grad_norm': 2.6685612201690674, 'learning_rate': 7.010582010582011e-07, 'epoch': 8.74}
{'loss': 3.9438, 'grad_norm': 2.747654914855957, 'learning_rate': 6.971677559912855e-07, 'epoch': 8.75}
{'loss': 3.9531, 'grad_norm': 2.761403799057007, 'learning_rate': 6.932773109243699e-07, 'epoch': 8.75}
{'loss': 3.85, 'grad_norm': 2.695688486099243, 'learning_rate': 6.893868658574541e-07, 'epoch': 8.76}
{'loss': 3.9375, 'grad_norm': 2.6270105838775635, 'learning_rate': 6.854964207905385e-07, 'epoch': 8.77}
{'loss': 3.9219, 'grad_norm': 2.4193015098571777, 'learning_rate': 6.816059757236228e-07, 'epoch': 8.77}
{'loss': 3.8875, 'grad_norm': 2.554673194885254, 'learning_rate': 6.777155306567072e-07, 'epoch': 8.78}
{'loss': 3.8594, 'grad_norm': 2.749748945236206, 'learning_rate': 6.738250855897915e-07, 'epoch': 8.79}
{'loss': 3.8906, 'grad_norm': 2.749359369277954, 'learning_rate': 6.699346405228759e-07, 'epoch': 8.8}
{'loss': 3.95, 'grad_norm': 2.782970905303955, 'learning_rate': 6.660441954559601e-07, 'epoch': 8.8}
{'loss': 3.8813, 'grad_norm': 2.6540465354919434, 'learning_rate': 6.621537503890446e-07, 'epoch': 8.81}
{'loss': 3.9062, 'grad_norm': 2.4979631900787354, 'learning_rate': 6.58263305322129e-07, 'epoch': 8.82}
{'loss': 3.9, 'grad_norm': 2.6553938388824463, 'learning_rate': 6.543728602552132e-07, 'epoch': 8.82}
{'eval_loss': 4.214104652404785, 'eval_runtime': 26.6194, 'eval_samples_per_second': 180.883, 'eval_steps_per_second': 1.428, 'epoch': 8.82}
{'loss': 3.9281, 'grad_norm': 2.6277856826782227, 'learning_rate': 6.504824151882976e-07, 'epoch': 8.83}
{'loss': 3.9344, 'grad_norm': 2.8289132118225098, 'learning_rate': 6.46591970121382e-07, 'epoch': 8.84}
{'loss': 3.85, 'grad_norm': 2.50427508354187, 'learning_rate': 6.427015250544663e-07, 'epoch': 8.84}
{'loss': 3.9375, 'grad_norm': 2.6643905639648438, 'learning_rate': 6.388110799875506e-07, 'epoch': 8.85}
{'loss': 3.8281, 'grad_norm': 2.616380453109741, 'learning_rate': 6.34920634920635e-07, 'epoch': 8.86}
{'loss': 3.9094, 'grad_norm': 2.634676933288574, 'learning_rate': 6.310301898537192e-07, 'epoch': 8.87}
{'loss': 3.9406, 'grad_norm': 2.686253547668457, 'learning_rate': 6.271397447868037e-07, 'epoch': 8.87}
{'loss': 3.8687, 'grad_norm': 3.0868918895721436, 'learning_rate': 6.23249299719888e-07, 'epoch': 8.88}
{'loss': 3.9, 'grad_norm': 3.1179890632629395, 'learning_rate': 6.193588546529723e-07, 'epoch': 8.89}
{'loss': 3.9562, 'grad_norm': 2.702367067337036, 'learning_rate': 6.154684095860567e-07, 'epoch': 8.89}
{'loss': 3.8906, 'grad_norm': 2.7031705379486084, 'learning_rate': 6.11577964519141e-07, 'epoch': 8.9}
{'loss': 3.8781, 'grad_norm': 2.5893237590789795, 'learning_rate': 6.076875194522254e-07, 'epoch': 8.91}
{'loss': 3.8312, 'grad_norm': 2.4842581748962402, 'learning_rate': 6.037970743853097e-07, 'epoch': 8.91}
{'loss': 3.8813, 'grad_norm': 2.588721752166748, 'learning_rate': 5.99906629318394e-07, 'epoch': 8.92}
{'loss': 3.8781, 'grad_norm': 2.8423523902893066, 'learning_rate': 5.960161842514784e-07, 'epoch': 8.93}
{'loss': 3.9125, 'grad_norm': 2.504488945007324, 'learning_rate': 5.921257391845628e-07, 'epoch': 8.94}
{'loss': 3.9813, 'grad_norm': 2.5387558937072754, 'learning_rate': 5.882352941176471e-07, 'epoch': 8.94}
{'loss': 3.9062, 'grad_norm': 2.7584893703460693, 'learning_rate': 5.843448490507315e-07, 'epoch': 8.95}
{'loss': 3.8781, 'grad_norm': 2.685354709625244, 'learning_rate': 5.804544039838158e-07, 'epoch': 8.96}
{'loss': 3.9188, 'grad_norm': 2.7005884647369385, 'learning_rate': 5.765639589169002e-07, 'epoch': 8.96}
{'eval_loss': 4.213260173797607, 'eval_runtime': 26.783, 'eval_samples_per_second': 179.778, 'eval_steps_per_second': 1.419, 'epoch': 8.96}
{'loss': 3.8813, 'grad_norm': 2.687028169631958, 'learning_rate': 5.726735138499845e-07, 'epoch': 8.97}
{'loss': 3.8969, 'grad_norm': 2.676043748855591, 'learning_rate': 5.687830687830688e-07, 'epoch': 8.98}
{'loss': 4.0, 'grad_norm': 2.5559775829315186, 'learning_rate': 5.648926237161531e-07, 'epoch': 8.98}
{'loss': 3.9312, 'grad_norm': 2.609443426132202, 'learning_rate': 5.610021786492375e-07, 'epoch': 8.99}
{'loss': 3.9094, 'grad_norm': 2.757420778274536, 'learning_rate': 5.571117335823218e-07, 'epoch': 9.0}
{'loss': 3.9188, 'grad_norm': 2.5899407863616943, 'learning_rate': 5.532212885154062e-07, 'epoch': 9.01}
{'loss': 3.8281, 'grad_norm': 2.735365390777588, 'learning_rate': 5.493308434484905e-07, 'epoch': 9.01}
{'loss': 3.9, 'grad_norm': 2.6785147190093994, 'learning_rate': 5.454403983815749e-07, 'epoch': 9.02}
{'loss': 3.9125, 'grad_norm': 2.5832953453063965, 'learning_rate': 5.415499533146593e-07, 'epoch': 9.03}
{'loss': 3.9469, 'grad_norm': 2.657169818878174, 'learning_rate': 5.376595082477436e-07, 'epoch': 9.03}
{'loss': 3.8594, 'grad_norm': 2.554145336151123, 'learning_rate': 5.33769063180828e-07, 'epoch': 9.04}
{'loss': 3.9031, 'grad_norm': 2.5541694164276123, 'learning_rate': 5.298786181139122e-07, 'epoch': 9.05}
{'loss': 3.925, 'grad_norm': 2.552726984024048, 'learning_rate': 5.259881730469967e-07, 'epoch': 9.05}
{'loss': 3.8937, 'grad_norm': 2.558760404586792, 'learning_rate': 5.220977279800809e-07, 'epoch': 9.06}
{'loss': 3.7719, 'grad_norm': 2.523249626159668, 'learning_rate': 5.182072829131654e-07, 'epoch': 9.07}
{'loss': 3.8344, 'grad_norm': 2.582080841064453, 'learning_rate': 5.143168378462496e-07, 'epoch': 9.08}
{'loss': 3.8625, 'grad_norm': 2.760422468185425, 'learning_rate': 5.10426392779334e-07, 'epoch': 9.08}
{'loss': 3.7969, 'grad_norm': 2.6602845191955566, 'learning_rate': 5.065359477124183e-07, 'epoch': 9.09}
{'loss': 3.8813, 'grad_norm': 2.478053569793701, 'learning_rate': 5.026455026455027e-07, 'epoch': 9.1}
{'loss': 3.8375, 'grad_norm': 2.624786615371704, 'learning_rate': 4.98755057578587e-07, 'epoch': 9.1}
{'eval_loss': 4.214104652404785, 'eval_runtime': 27.1326, 'eval_samples_per_second': 177.462, 'eval_steps_per_second': 1.401, 'epoch': 9.1}
{'loss': 3.875, 'grad_norm': 2.6791634559631348, 'learning_rate': 4.948646125116714e-07, 'epoch': 9.11}
{'loss': 3.8687, 'grad_norm': 2.787339448928833, 'learning_rate': 4.909741674447558e-07, 'epoch': 9.12}
{'loss': 3.8125, 'grad_norm': 2.8200526237487793, 'learning_rate': 4.8708372237784e-07, 'epoch': 9.12}
{'loss': 3.8563, 'grad_norm': 2.716308355331421, 'learning_rate': 4.831932773109245e-07, 'epoch': 9.13}
{'loss': 3.875, 'grad_norm': 2.7235701084136963, 'learning_rate': 4.793028322440087e-07, 'epoch': 9.14}
{'loss': 3.9, 'grad_norm': 2.6622607707977295, 'learning_rate': 4.754123871770931e-07, 'epoch': 9.15}
{'loss': 3.9312, 'grad_norm': 2.5687828063964844, 'learning_rate': 4.715219421101774e-07, 'epoch': 9.15}
{'loss': 3.8844, 'grad_norm': 2.5302252769470215, 'learning_rate': 4.6763149704326183e-07, 'epoch': 9.16}
{'loss': 3.8844, 'grad_norm': 2.5983359813690186, 'learning_rate': 4.6374105197634613e-07, 'epoch': 9.17}
{'loss': 3.8719, 'grad_norm': 2.704105854034424, 'learning_rate': 4.598506069094305e-07, 'epoch': 9.17}
{'loss': 3.9, 'grad_norm': 2.630753517150879, 'learning_rate': 4.5596016184251484e-07, 'epoch': 9.18}
{'loss': 3.7844, 'grad_norm': 2.635479211807251, 'learning_rate': 4.5206971677559914e-07, 'epoch': 9.19}
{'loss': 3.8438, 'grad_norm': 2.578747272491455, 'learning_rate': 4.481792717086835e-07, 'epoch': 9.19}
{'loss': 3.8594, 'grad_norm': 2.8154399394989014, 'learning_rate': 4.4428882664176785e-07, 'epoch': 9.2}
{'loss': 3.8219, 'grad_norm': 2.542133331298828, 'learning_rate': 4.403983815748522e-07, 'epoch': 9.21}
{'loss': 3.8656, 'grad_norm': 2.6301422119140625, 'learning_rate': 4.365079365079365e-07, 'epoch': 9.22}
{'loss': 3.9156, 'grad_norm': 2.5533463954925537, 'learning_rate': 4.326174914410209e-07, 'epoch': 9.22}
{'loss': 3.7812, 'grad_norm': 2.7027835845947266, 'learning_rate': 4.287270463741052e-07, 'epoch': 9.23}
{'loss': 3.8656, 'grad_norm': 2.7652852535247803, 'learning_rate': 4.248366013071896e-07, 'epoch': 9.24}
{'loss': 3.8062, 'grad_norm': 2.608691692352295, 'learning_rate': 4.209461562402739e-07, 'epoch': 9.24}
{'eval_loss': 4.21241569519043, 'eval_runtime': 27.1854, 'eval_samples_per_second': 177.117, 'eval_steps_per_second': 1.398, 'epoch': 9.24}
{'loss': 3.8594, 'grad_norm': 2.580491781234741, 'learning_rate': 4.1705571117335827e-07, 'epoch': 9.25}
{'loss': 3.9094, 'grad_norm': 2.5917115211486816, 'learning_rate': 4.1316526610644263e-07, 'epoch': 9.26}
{'loss': 3.8563, 'grad_norm': 2.6531479358673096, 'learning_rate': 4.09274821039527e-07, 'epoch': 9.26}
{'loss': 3.9031, 'grad_norm': 2.6847896575927734, 'learning_rate': 4.053843759726113e-07, 'epoch': 9.27}
{'loss': 3.8844, 'grad_norm': 2.6805453300476074, 'learning_rate': 4.014939309056957e-07, 'epoch': 9.28}
{'loss': 3.875, 'grad_norm': 2.7650208473205566, 'learning_rate': 3.9760348583878e-07, 'epoch': 9.29}
{'loss': 3.8344, 'grad_norm': 2.5311174392700195, 'learning_rate': 3.937130407718643e-07, 'epoch': 9.29}
{'loss': 3.8188, 'grad_norm': 2.584700584411621, 'learning_rate': 3.898225957049487e-07, 'epoch': 9.3}
{'loss': 3.875, 'grad_norm': 2.677074909210205, 'learning_rate': 3.85932150638033e-07, 'epoch': 9.31}
{'loss': 3.8906, 'grad_norm': 2.5602946281433105, 'learning_rate': 3.8204170557111735e-07, 'epoch': 9.31}
{'loss': 3.8844, 'grad_norm': 2.583251476287842, 'learning_rate': 3.781512605042017e-07, 'epoch': 9.32}
{'loss': 3.8813, 'grad_norm': 2.6139748096466064, 'learning_rate': 3.7426081543728606e-07, 'epoch': 9.33}
{'loss': 3.8281, 'grad_norm': 2.623332977294922, 'learning_rate': 3.7037037037037036e-07, 'epoch': 9.33}
{'loss': 3.9, 'grad_norm': 2.8462157249450684, 'learning_rate': 3.6647992530345477e-07, 'epoch': 9.34}
{'loss': 3.9562, 'grad_norm': 2.44612717628479, 'learning_rate': 3.6258948023653907e-07, 'epoch': 9.35}
{'loss': 3.9438, 'grad_norm': 2.49990177154541, 'learning_rate': 3.586990351696235e-07, 'epoch': 9.36}
{'loss': 3.9031, 'grad_norm': 2.4981844425201416, 'learning_rate': 3.548085901027078e-07, 'epoch': 9.36}
{'loss': 3.9188, 'grad_norm': 2.6225006580352783, 'learning_rate': 3.5091814503579213e-07, 'epoch': 9.37}
{'loss': 3.9094, 'grad_norm': 2.814528226852417, 'learning_rate': 3.4702769996887644e-07, 'epoch': 9.38}
{'loss': 3.9344, 'grad_norm': 2.790005922317505, 'learning_rate': 3.4313725490196084e-07, 'epoch': 9.38}
{'eval_loss': 4.209881782531738, 'eval_runtime': 26.6652, 'eval_samples_per_second': 180.572, 'eval_steps_per_second': 1.425, 'epoch': 9.38}
{'loss': 3.8375, 'grad_norm': 2.496368408203125, 'learning_rate': 3.3924680983504514e-07, 'epoch': 9.39}
{'loss': 3.9, 'grad_norm': 2.5434632301330566, 'learning_rate': 3.3535636476812955e-07, 'epoch': 9.4}
{'loss': 3.8813, 'grad_norm': 2.5412652492523193, 'learning_rate': 3.3146591970121385e-07, 'epoch': 9.4}
{'loss': 3.8031, 'grad_norm': 2.654989004135132, 'learning_rate': 3.2757547463429815e-07, 'epoch': 9.41}
{'loss': 3.8312, 'grad_norm': 2.697018623352051, 'learning_rate': 3.2368502956738256e-07, 'epoch': 9.42}
{'loss': 3.8813, 'grad_norm': 2.6536664962768555, 'learning_rate': 3.1979458450046686e-07, 'epoch': 9.43}
{'loss': 3.8594, 'grad_norm': 2.5517351627349854, 'learning_rate': 3.159041394335512e-07, 'epoch': 9.43}
{'loss': 3.8281, 'grad_norm': 2.7196240425109863, 'learning_rate': 3.1201369436663557e-07, 'epoch': 9.44}
{'loss': 3.8406, 'grad_norm': 2.6224679946899414, 'learning_rate': 3.081232492997199e-07, 'epoch': 9.45}
{'loss': 3.9344, 'grad_norm': 2.6201210021972656, 'learning_rate': 3.042328042328042e-07, 'epoch': 9.45}
{'loss': 3.8719, 'grad_norm': 2.4693965911865234, 'learning_rate': 3.003423591658886e-07, 'epoch': 9.46}
{'loss': 3.8937, 'grad_norm': 2.6742231845855713, 'learning_rate': 2.9645191409897293e-07, 'epoch': 9.47}
{'loss': 3.9656, 'grad_norm': 2.5821449756622314, 'learning_rate': 2.925614690320573e-07, 'epoch': 9.47}
{'loss': 3.9937, 'grad_norm': 2.559868335723877, 'learning_rate': 2.8867102396514164e-07, 'epoch': 9.48}
{'loss': 3.8719, 'grad_norm': 2.563910484313965, 'learning_rate': 2.84780578898226e-07, 'epoch': 9.49}
{'loss': 3.9031, 'grad_norm': 2.583162546157837, 'learning_rate': 2.808901338313103e-07, 'epoch': 9.5}
{'loss': 3.8563, 'grad_norm': 2.553906202316284, 'learning_rate': 2.7699968876439465e-07, 'epoch': 9.5}
{'loss': 3.8375, 'grad_norm': 2.4695167541503906, 'learning_rate': 2.73109243697479e-07, 'epoch': 9.51}
{'loss': 3.7969, 'grad_norm': 2.5083467960357666, 'learning_rate': 2.6921879863056336e-07, 'epoch': 9.52}
{'loss': 3.8531, 'grad_norm': 2.564898729324341, 'learning_rate': 2.653283535636477e-07, 'epoch': 9.52}
{'eval_loss': 4.208192348480225, 'eval_runtime': 26.7314, 'eval_samples_per_second': 180.125, 'eval_steps_per_second': 1.422, 'epoch': 9.52}
{'loss': 3.8375, 'grad_norm': 2.5519087314605713, 'learning_rate': 2.6143790849673207e-07, 'epoch': 9.53}
{'loss': 3.7906, 'grad_norm': 2.5184545516967773, 'learning_rate': 2.575474634298164e-07, 'epoch': 9.54}
{'loss': 3.8937, 'grad_norm': 2.6365513801574707, 'learning_rate': 2.536570183629007e-07, 'epoch': 9.54}
{'loss': 3.9344, 'grad_norm': 2.5877654552459717, 'learning_rate': 2.497665732959851e-07, 'epoch': 9.55}
{'loss': 3.9625, 'grad_norm': 2.5761427879333496, 'learning_rate': 2.4587612822906943e-07, 'epoch': 9.56}
{'loss': 3.9219, 'grad_norm': 2.5851664543151855, 'learning_rate': 2.4198568316215373e-07, 'epoch': 9.57}
{'loss': 3.8781, 'grad_norm': 2.9977786540985107, 'learning_rate': 2.3809523809523811e-07, 'epoch': 9.57}
{'loss': 3.9094, 'grad_norm': 2.6245288848876953, 'learning_rate': 2.3420479302832244e-07, 'epoch': 9.58}
{'loss': 3.8906, 'grad_norm': 2.705268144607544, 'learning_rate': 2.303143479614068e-07, 'epoch': 9.59}
{'loss': 3.9, 'grad_norm': 2.551969528198242, 'learning_rate': 2.2642390289449115e-07, 'epoch': 9.59}
{'loss': 3.8844, 'grad_norm': 2.6164169311523438, 'learning_rate': 2.2253345782757548e-07, 'epoch': 9.6}
{'loss': 3.8719, 'grad_norm': 2.740473508834839, 'learning_rate': 2.1864301276065983e-07, 'epoch': 9.61}
{'loss': 3.8531, 'grad_norm': 2.5393552780151367, 'learning_rate': 2.1475256769374419e-07, 'epoch': 9.61}
{'loss': 3.8656, 'grad_norm': 2.648597478866577, 'learning_rate': 2.1086212262682854e-07, 'epoch': 9.62}
{'loss': 3.7969, 'grad_norm': 2.560035467147827, 'learning_rate': 2.0697167755991287e-07, 'epoch': 9.63}
{'loss': 3.9719, 'grad_norm': 2.5564212799072266, 'learning_rate': 2.0308123249299722e-07, 'epoch': 9.64}
{'loss': 3.9469, 'grad_norm': 2.668818712234497, 'learning_rate': 1.9919078742608158e-07, 'epoch': 9.64}
{'loss': 3.8937, 'grad_norm': 2.732295274734497, 'learning_rate': 1.953003423591659e-07, 'epoch': 9.65}
{'loss': 3.8375, 'grad_norm': 2.6583852767944336, 'learning_rate': 1.9140989729225026e-07, 'epoch': 9.66}
{'loss': 3.9156, 'grad_norm': 2.4563651084899902, 'learning_rate': 1.875194522253346e-07, 'epoch': 9.66}
{'eval_loss': 4.207347869873047, 'eval_runtime': 26.7196, 'eval_samples_per_second': 180.205, 'eval_steps_per_second': 1.422, 'epoch': 9.66}
{'loss': 3.7906, 'grad_norm': 2.599090814590454, 'learning_rate': 1.836290071584189e-07, 'epoch': 9.67}
{'loss': 3.8625, 'grad_norm': 2.560853958129883, 'learning_rate': 1.7973856209150327e-07, 'epoch': 9.68}
{'loss': 3.9125, 'grad_norm': 2.5719776153564453, 'learning_rate': 1.7584811702458762e-07, 'epoch': 9.68}
{'loss': 3.7313, 'grad_norm': 2.5234358310699463, 'learning_rate': 1.7195767195767198e-07, 'epoch': 9.69}
{'loss': 3.8687, 'grad_norm': 2.73771333694458, 'learning_rate': 1.680672268907563e-07, 'epoch': 9.7}
{'loss': 3.8406, 'grad_norm': 2.672799825668335, 'learning_rate': 1.6417678182384066e-07, 'epoch': 9.71}
{'loss': 3.8563, 'grad_norm': 2.4752228260040283, 'learning_rate': 1.60286336756925e-07, 'epoch': 9.71}
{'loss': 3.85, 'grad_norm': 2.645267963409424, 'learning_rate': 1.5639589169000934e-07, 'epoch': 9.72}
{'loss': 3.8844, 'grad_norm': 2.7549803256988525, 'learning_rate': 1.525054466230937e-07, 'epoch': 9.73}
{'loss': 3.8469, 'grad_norm': 2.493417978286743, 'learning_rate': 1.4861500155617805e-07, 'epoch': 9.73}
{'loss': 3.825, 'grad_norm': 2.588348865509033, 'learning_rate': 1.447245564892624e-07, 'epoch': 9.74}
{'loss': 3.8781, 'grad_norm': 2.6001298427581787, 'learning_rate': 1.4083411142234673e-07, 'epoch': 9.75}
{'loss': 3.8937, 'grad_norm': 2.508819103240967, 'learning_rate': 1.3694366635543106e-07, 'epoch': 9.75}
{'loss': 3.8813, 'grad_norm': 2.6600372791290283, 'learning_rate': 1.330532212885154e-07, 'epoch': 9.76}
{'loss': 3.875, 'grad_norm': 2.627469301223755, 'learning_rate': 1.2916277622159977e-07, 'epoch': 9.77}
{'loss': 3.875, 'grad_norm': 2.5833473205566406, 'learning_rate': 1.2527233115468412e-07, 'epoch': 9.78}
{'loss': 3.9625, 'grad_norm': 2.622049570083618, 'learning_rate': 1.2138188608776845e-07, 'epoch': 9.78}
{'loss': 3.8594, 'grad_norm': 2.761258125305176, 'learning_rate': 1.174914410208528e-07, 'epoch': 9.79}
{'loss': 3.8937, 'grad_norm': 2.629152774810791, 'learning_rate': 1.1360099595393714e-07, 'epoch': 9.8}
{'loss': 3.825, 'grad_norm': 2.427996873855591, 'learning_rate': 1.0971055088702147e-07, 'epoch': 9.8}
{'eval_loss': 4.206503391265869, 'eval_runtime': 26.7327, 'eval_samples_per_second': 180.117, 'eval_steps_per_second': 1.421, 'epoch': 9.8}
{'loss': 3.8219, 'grad_norm': 2.747576951980591, 'learning_rate': 1.0582010582010582e-07, 'epoch': 9.81}
{'loss': 3.8531, 'grad_norm': 2.563589096069336, 'learning_rate': 1.0192966075319016e-07, 'epoch': 9.82}
{'loss': 3.9094, 'grad_norm': 2.5564167499542236, 'learning_rate': 9.803921568627452e-08, 'epoch': 9.82}
{'loss': 3.8969, 'grad_norm': 2.6221914291381836, 'learning_rate': 9.414877061935886e-08, 'epoch': 9.83}
{'loss': 3.875, 'grad_norm': 2.5936455726623535, 'learning_rate': 9.025832555244321e-08, 'epoch': 9.84}
{'loss': 3.8875, 'grad_norm': 2.508500099182129, 'learning_rate': 8.636788048552755e-08, 'epoch': 9.85}
{'loss': 3.8719, 'grad_norm': 2.641859531402588, 'learning_rate': 8.247743541861191e-08, 'epoch': 9.85}
{'loss': 3.8719, 'grad_norm': 2.5637447834014893, 'learning_rate': 7.858699035169624e-08, 'epoch': 9.86}
{'loss': 3.8312, 'grad_norm': 2.5612313747406006, 'learning_rate': 7.469654528478059e-08, 'epoch': 9.87}
{'loss': 3.8031, 'grad_norm': 2.6927249431610107, 'learning_rate': 7.080610021786493e-08, 'epoch': 9.87}
{'loss': 3.9156, 'grad_norm': 2.5492959022521973, 'learning_rate': 6.691565515094927e-08, 'epoch': 9.88}
{'loss': 3.875, 'grad_norm': 2.6515636444091797, 'learning_rate': 6.302521008403361e-08, 'epoch': 9.89}
{'loss': 3.8937, 'grad_norm': 2.5421149730682373, 'learning_rate': 5.913476501711797e-08, 'epoch': 9.89}
{'loss': 3.8344, 'grad_norm': 2.6619701385498047, 'learning_rate': 5.52443199502023e-08, 'epoch': 9.9}
{'loss': 3.8625, 'grad_norm': 2.435279607772827, 'learning_rate': 5.135387488328665e-08, 'epoch': 9.91}
{'loss': 3.9406, 'grad_norm': 2.55538272857666, 'learning_rate': 4.7463429816371e-08, 'epoch': 9.92}
{'loss': 3.9062, 'grad_norm': 2.61006236076355, 'learning_rate': 4.3572984749455345e-08, 'epoch': 9.92}
{'loss': 3.9031, 'grad_norm': 2.5443339347839355, 'learning_rate': 3.9682539682539686e-08, 'epoch': 9.93}
{'loss': 3.8344, 'grad_norm': 2.558305025100708, 'learning_rate': 3.579209461562403e-08, 'epoch': 9.94}
{'loss': 3.8719, 'grad_norm': 2.5204226970672607, 'learning_rate': 3.1901649548708374e-08, 'epoch': 9.94}
{'eval_loss': 4.2048139572143555, 'eval_runtime': 26.7554, 'eval_samples_per_second': 179.963, 'eval_steps_per_second': 1.42, 'epoch': 9.94}
{'loss': 3.9438, 'grad_norm': 2.5150914192199707, 'learning_rate': 2.8011204481792718e-08, 'epoch': 9.95}
{'loss': 3.85, 'grad_norm': 2.651700973510742, 'learning_rate': 2.4120759414877062e-08, 'epoch': 9.96}
{'loss': 3.8625, 'grad_norm': 2.6743030548095703, 'learning_rate': 2.023031434796141e-08, 'epoch': 9.96}
{'loss': 3.8875, 'grad_norm': 2.5901336669921875, 'learning_rate': 1.6339869281045754e-08, 'epoch': 9.97}
{'loss': 3.9188, 'grad_norm': 2.631378412246704, 'learning_rate': 1.2449424214130098e-08, 'epoch': 9.98}
{'loss': 3.8469, 'grad_norm': 2.5205461978912354, 'learning_rate': 8.558979147214441e-09, 'epoch': 9.99}
{'loss': 3.9156, 'grad_norm': 2.5794517993927, 'learning_rate': 4.668534080298787e-09, 'epoch': 9.99}
{'loss': 3.8594, 'grad_norm': 2.681317090988159, 'learning_rate': 7.780890133831312e-10, 'epoch': 10.0}
{'train_runtime': 10641.2678, 'train_samples_per_second': 85.954, 'train_steps_per_second': 0.671, 'train_loss': 1.4519038865546219, 'epoch': 10.0}
[1;34mwandb[0m: 🚀 View run [33m/data/user_data/jingyuah/LLARA/checkpoints/Pixel200K_item_token_EBAE_ar_only_pythia_1b[0m at: [34mhttps://wandb.ai/jingyuanhe1222/LLARA_pretrain/runs/7aab6pnv[0m
[1;34mwandb[0m: Find logs at: [1;35mwandb/run-20241115_142541-7aab6pnv/logs[0m
