[2024-11-14 22:48:44,020] [INFO] [real_accelerator.py:203:get_accelerator] Setting ds_accelerator to cuda (auto detect)
[2024-11-14 22:48:44,098] [INFO] [real_accelerator.py:203:get_accelerator] Setting ds_accelerator to cuda (auto detect)
[2024-11-14 22:48:44,098] [INFO] [real_accelerator.py:203:get_accelerator] Setting ds_accelerator to cuda (auto detect)
[2024-11-14 22:48:44,101] [INFO] [real_accelerator.py:203:get_accelerator] Setting ds_accelerator to cuda (auto detect)
Warning: The default cache directory for DeepSpeed Triton autotune, /home/jingyuah/.triton/autotune, appears to be on an NFS system. While this is generally acceptable, if you experience slowdowns or hanging when DeepSpeed exits, it is recommended to set the TRITON_CACHE_DIR environment variable to a non-NFS path.Warning: The default cache directory for DeepSpeed Triton autotune, /home/jingyuah/.triton/autotune, appears to be on an NFS system. While this is generally acceptable, if you experience slowdowns or hanging when DeepSpeed exits, it is recommended to set the TRITON_CACHE_DIR environment variable to a non-NFS path.

Warning: The default cache directory for DeepSpeed Triton autotune, /home/jingyuah/.triton/autotune, appears to be on an NFS system. While this is generally acceptable, if you experience slowdowns or hanging when DeepSpeed exits, it is recommended to set the TRITON_CACHE_DIR environment variable to a non-NFS path.
Warning: The default cache directory for DeepSpeed Triton autotune, /home/jingyuah/.triton/autotune, appears to be on an NFS system. While this is generally acceptable, if you experience slowdowns or hanging when DeepSpeed exits, it is recommended to set the TRITON_CACHE_DIR environment variable to a non-NFS path.
[93m [WARNING] [0m async_io requires the dev libaio .so object and headers but these were not found.
[93m [WARNING] [0m async_io requires the dev libaio .so object and headers but these were not found.
[93m [WARNING] [0m async_io requires the dev libaio .so object and headers but these were not found.
[93m [WARNING] [0m async_io requires the dev libaio .so object and headers but these were not found.
[93m [WARNING] [0m If libaio is already installed (perhaps from source), try setting the CFLAGS and LDFLAGS environment variables to where it can be found.
[93m [WARNING] [0m Please specify the CUTLASS repo directory as environment variable $CUTLASS_PATH
[93m [WARNING] [0m If libaio is already installed (perhaps from source), try setting the CFLAGS and LDFLAGS environment variables to where it can be found.
[93m [WARNING] [0m Please specify the CUTLASS repo directory as environment variable $CUTLASS_PATH
[93m [WARNING] [0m If libaio is already installed (perhaps from source), try setting the CFLAGS and LDFLAGS environment variables to where it can be found.
[93m [WARNING] [0m Please specify the CUTLASS repo directory as environment variable $CUTLASS_PATH
[93m [WARNING] [0m If libaio is already installed (perhaps from source), try setting the CFLAGS and LDFLAGS environment variables to where it can be found.
[93m [WARNING] [0m Please specify the CUTLASS repo directory as environment variable $CUTLASS_PATH
[93m [WARNING] [0m sparse_attn requires a torch version >= 1.5 and < 2.0 but detected 2.1
[93m [WARNING] [0m using untested triton version (2.1.0), only 1.0.0 is known to be compatible
[93m [WARNING] [0m sparse_attn requires a torch version >= 1.5 and < 2.0 but detected 2.1
[93m [WARNING] [0m using untested triton version (2.1.0), only 1.0.0 is known to be compatible
[93m [WARNING] [0m sparse_attn requires a torch version >= 1.5 and < 2.0 but detected 2.1
[93m [WARNING] [0m using untested triton version (2.1.0), only 1.0.0 is known to be compatible
[93m [WARNING] [0m sparse_attn requires a torch version >= 1.5 and < 2.0 but detected 2.1
[93m [WARNING] [0m using untested triton version (2.1.0), only 1.0.0 is known to be compatible
[2024-11-14 22:49:40,536] [INFO] [comm.py:637:init_distributed] cdb=None
[2024-11-14 22:49:40,618] [INFO] [comm.py:637:init_distributed] cdb=None
[2024-11-14 22:49:40,618] [INFO] [comm.py:668:init_distributed] Initializing TorchBackend in DeepSpeed with backend nccl
[2024-11-14 22:49:40,622] [INFO] [comm.py:637:init_distributed] cdb=None
[2024-11-14 22:49:40,624] [INFO] [comm.py:637:init_distributed] cdb=None
{'loss': 4.5781, 'grad_norm': 11.986143112182617, 'learning_rate': 1.369096853097062e-06, 'epoch': 0.01}
{'loss': 4.4102, 'grad_norm': 8.517788887023926, 'learning_rate': 1.9587347734580185e-06, 'epoch': 0.03}
{'loss': 4.1844, 'grad_norm': 5.484652519226074, 'learning_rate': 2.3036508458723854e-06, 'epoch': 0.04}
{'loss': 4.0062, 'grad_norm': 3.450186252593994, 'learning_rate': 2.5483726938189745e-06, 'epoch': 0.06}
{'loss': 3.8078, 'grad_norm': 2.9605817794799805, 'learning_rate': 2.738193706194124e-06, 'epoch': 0.07}
{'loss': 3.7789, 'grad_norm': 2.2433440685272217, 'learning_rate': 2.893288766233342e-06, 'epoch': 0.08}
{'loss': 3.6633, 'grad_norm': 1.9864130020141602, 'learning_rate': 3.024419771054202e-06, 'epoch': 0.1}
{'loss': 3.6031, 'grad_norm': 2.0083770751953125, 'learning_rate': 3.138010614179931e-06, 'epoch': 0.11}
{'loss': 3.5344, 'grad_norm': 1.6423394680023193, 'learning_rate': 3.238204838647709e-06, 'epoch': 0.13}
{'loss': 3.5391, 'grad_norm': 1.5708874464035034, 'learning_rate': 3.3278316265550805e-06, 'epoch': 0.14}
{'loss': 3.4937, 'grad_norm': 1.591360092163086, 'learning_rate': 3.4089089183412955e-06, 'epoch': 0.15}
{'loss': 3.4188, 'grad_norm': 3.0098886489868164, 'learning_rate': 3.482926686594298e-06, 'epoch': 0.17}
{'loss': 3.4805, 'grad_norm': 1.4901707172393799, 'learning_rate': 3.551016432922859e-06, 'epoch': 0.18}
{'loss': 3.4328, 'grad_norm': 1.631142258644104, 'learning_rate': 3.6140576914151594e-06, 'epoch': 0.2}
{'loss': 3.3648, 'grad_norm': 1.5310124158859253, 'learning_rate': 3.672747698969447e-06, 'epoch': 0.21}
{'loss': 3.4242, 'grad_norm': 1.4938364028930664, 'learning_rate': 3.7276485345408875e-06, 'epoch': 0.22}
{'loss': 3.3727, 'grad_norm': 1.5870177745819092, 'learning_rate': 3.779219942364599e-06, 'epoch': 0.24}
{'loss': 3.3563, 'grad_norm': 1.534543752670288, 'learning_rate': 3.827842759008665e-06, 'epoch': 0.25}
{'loss': 3.3734, 'grad_norm': 1.591850996017456, 'learning_rate': 3.873835997968027e-06, 'epoch': 0.27}
{'loss': 3.3906, 'grad_norm': 1.6153627634048462, 'learning_rate': 3.917469546916037e-06, 'epoch': 0.28}
{'eval_loss': 3.346137046813965, 'eval_runtime': 8.9527, 'eval_samples_per_second': 537.827, 'eval_steps_per_second': 2.122, 'epoch': 0.28}
{'loss': 3.3867, 'grad_norm': 1.6472493410110474, 'learning_rate': 3.958973763829526e-06, 'epoch': 0.29}
{'loss': 3.3383, 'grad_norm': 1.9489126205444336, 'learning_rate': 3.998546838702252e-06, 'epoch': 0.31}
{'loss': 3.2719, 'grad_norm': 3.297192096710205, 'learning_rate': 4.036360517490459e-06, 'epoch': 0.32}
{'loss': 3.2742, 'grad_norm': 1.5763341188430786, 'learning_rate': 4.0725646069552544e-06, 'epoch': 0.34}
{'loss': 3.3422, 'grad_norm': 1.5159063339233398, 'learning_rate': 4.107290559291186e-06, 'epoch': 0.35}
{'loss': 3.275, 'grad_norm': 1.578656554222107, 'learning_rate': 4.140654353283815e-06, 'epoch': 0.36}
{'loss': 3.2828, 'grad_norm': 1.6286299228668213, 'learning_rate': 4.172758831423032e-06, 'epoch': 0.38}
{'loss': 3.3188, 'grad_norm': 1.5296846628189087, 'learning_rate': 4.2036956117761155e-06, 'epoch': 0.39}
{'loss': 3.2891, 'grad_norm': 1.5873403549194336, 'learning_rate': 4.233546664217133e-06, 'epoch': 0.41}
{'loss': 3.2492, 'grad_norm': 1.6578456163406372, 'learning_rate': 4.2623856193304035e-06, 'epoch': 0.42}
{'loss': 3.2609, 'grad_norm': 1.634413719177246, 'learning_rate': 4.290278862613503e-06, 'epoch': 0.43}
{'loss': 3.3031, 'grad_norm': 1.6695833206176758, 'learning_rate': 4.317286454901844e-06, 'epoch': 0.45}
{'loss': 3.3008, 'grad_norm': 1.6384317874908447, 'learning_rate': 4.3434629111166185e-06, 'epoch': 0.46}
{'loss': 3.3203, 'grad_norm': 1.5482910871505737, 'learning_rate': 4.368857862725555e-06, 'epoch': 0.48}
{'loss': 3.2789, 'grad_norm': 1.651689887046814, 'learning_rate': 4.393516624151265e-06, 'epoch': 0.49}
{'loss': 3.2719, 'grad_norm': 1.5758814811706543, 'learning_rate': 4.417480679369622e-06, 'epoch': 0.5}
{'loss': 3.243, 'grad_norm': 1.5999099016189575, 'learning_rate': 4.440788101823901e-06, 'epoch': 0.52}
{'loss': 3.218, 'grad_norm': 1.5334935188293457, 'learning_rate': 4.4634739183289835e-06, 'epoch': 0.53}
{'loss': 3.2758, 'grad_norm': 1.5268654823303223, 'learning_rate': 4.485570425698183e-06, 'epoch': 0.55}
{'loss': 3.2273, 'grad_norm': 1.5284303426742554, 'learning_rate': 4.507107467276993e-06, 'epoch': 0.56}
{'eval_loss': 3.2326388359069824, 'eval_runtime': 8.8842, 'eval_samples_per_second': 541.975, 'eval_steps_per_second': 2.139, 'epoch': 0.56}
{'loss': 3.1883, 'grad_norm': 1.5833388566970825, 'learning_rate': 4.528112675325743e-06, 'epoch': 0.57}
{'loss': 3.2031, 'grad_norm': 1.5592061281204224, 'learning_rate': 4.548611684190483e-06, 'epoch': 0.59}
{'loss': 3.2227, 'grad_norm': 1.5866161584854126, 'learning_rate': 4.568628318387563e-06, 'epoch': 0.6}
{'loss': 3.2539, 'grad_norm': 1.5628678798675537, 'learning_rate': 4.588184759063208e-06, 'epoch': 0.62}
{'loss': 3.2062, 'grad_norm': 1.5470573902130127, 'learning_rate': 4.607301691744771e-06, 'epoch': 0.63}
{'loss': 3.2742, 'grad_norm': 1.5957878828048706, 'learning_rate': 4.625998437851416e-06, 'epoch': 0.64}
{'loss': 3.2508, 'grad_norm': 1.607717752456665, 'learning_rate': 4.644293072060417e-06, 'epoch': 0.66}
{'loss': 3.1922, 'grad_norm': 1.5481880903244019, 'learning_rate': 4.662202527316211e-06, 'epoch': 0.67}
{'loss': 3.2, 'grad_norm': 1.538003921508789, 'learning_rate': 4.679742689011343e-06, 'epoch': 0.69}
{'loss': 3.1797, 'grad_norm': 1.5567666292190552, 'learning_rate': 4.696928479652142e-06, 'epoch': 0.7}
{'loss': 3.2109, 'grad_norm': 1.4571353197097778, 'learning_rate': 4.713773935139921e-06, 'epoch': 0.71}
{'loss': 3.2125, 'grad_norm': 1.6538656949996948, 'learning_rate': 4.730292273644772e-06, 'epoch': 0.73}
{'loss': 3.1695, 'grad_norm': 1.592735767364502, 'learning_rate': 4.746495957918691e-06, 'epoch': 0.74}
{'loss': 3.2242, 'grad_norm': 1.531885027885437, 'learning_rate': 4.762396751783989e-06, 'epoch': 0.76}
{'loss': 3.2148, 'grad_norm': 1.7140333652496338, 'learning_rate': 4.778005771438358e-06, 'epoch': 0.77}
{'loss': 3.1867, 'grad_norm': 1.654587984085083, 'learning_rate': 4.7933335321370715e-06, 'epoch': 0.78}
{'loss': 3.2008, 'grad_norm': 1.559185266494751, 'learning_rate': 4.80838999074335e-06, 'epoch': 0.8}
{'loss': 3.1719, 'grad_norm': 1.6564180850982666, 'learning_rate': 4.82318458457809e-06, 'epoch': 0.81}
{'loss': 3.168, 'grad_norm': 1.592137336730957, 'learning_rate': 4.837726266948614e-06, 'epoch': 0.83}
{'loss': 3.2352, 'grad_norm': 1.5467252731323242, 'learning_rate': 4.85202353969136e-06, 'epoch': 0.84}
{'eval_loss': 3.1697049140930176, 'eval_runtime': 9.0464, 'eval_samples_per_second': 532.256, 'eval_steps_per_second': 2.1, 'epoch': 0.84}
{'loss': 3.1414, 'grad_norm': 1.5084505081176758, 'learning_rate': 4.8660844830247186e-06, 'epoch': 0.85}
{'loss': 3.2047, 'grad_norm': 1.6095598936080933, 'learning_rate': 4.8799167829744595e-06, 'epoch': 0.87}
{'loss': 3.1523, 'grad_norm': 1.595940113067627, 'learning_rate': 4.893527756604849e-06, 'epoch': 0.88}
{'loss': 3.1852, 'grad_norm': 1.6860072612762451, 'learning_rate': 4.9069243752628e-06, 'epoch': 0.9}
{'loss': 3.1695, 'grad_norm': 1.5070558786392212, 'learning_rate': 4.920113286019921e-06, 'epoch': 0.91}
{'loss': 3.1594, 'grad_norm': 1.6258156299591064, 'learning_rate': 4.933100831477575e-06, 'epoch': 0.92}
{'loss': 3.1875, 'grad_norm': 1.5658296346664429, 'learning_rate': 4.9458930680826605e-06, 'epoch': 0.94}
{'loss': 3.2062, 'grad_norm': 1.5803977251052856, 'learning_rate': 4.958495783086511e-06, 'epoch': 0.95}
{'loss': 3.1625, 'grad_norm': 1.710585355758667, 'learning_rate': 4.970914510265783e-06, 'epoch': 0.97}
{'loss': 3.1609, 'grad_norm': 1.5467259883880615, 'learning_rate': 4.983154544512221e-06, 'epoch': 0.98}
{'loss': 3.175, 'grad_norm': 1.542396068572998, 'learning_rate': 4.995220955387585e-06, 'epoch': 0.99}
{'loss': 3.1031, 'grad_norm': 1.5261844396591187, 'learning_rate': 4.996887643946468e-06, 'epoch': 1.01}
{'loss': 3.0484, 'grad_norm': 1.7095751762390137, 'learning_rate': 4.989106753812636e-06, 'epoch': 1.02}
{'loss': 3.0516, 'grad_norm': 1.598146677017212, 'learning_rate': 4.981325863678805e-06, 'epoch': 1.04}
{'loss': 3.0875, 'grad_norm': 1.4919133186340332, 'learning_rate': 4.973544973544974e-06, 'epoch': 1.05}
{'loss': 3.0688, 'grad_norm': 1.6377466917037964, 'learning_rate': 4.965764083411142e-06, 'epoch': 1.06}
{'loss': 3.0461, 'grad_norm': 1.6814919710159302, 'learning_rate': 4.957983193277311e-06, 'epoch': 1.08}
{'loss': 3.082, 'grad_norm': 1.6624469757080078, 'learning_rate': 4.95020230314348e-06, 'epoch': 1.09}
{'loss': 3.0914, 'grad_norm': 1.6202101707458496, 'learning_rate': 4.9424214130096485e-06, 'epoch': 1.11}
{'loss': 3.0773, 'grad_norm': 1.630462884902954, 'learning_rate': 4.934640522875817e-06, 'epoch': 1.12}
{'eval_loss': 3.129340171813965, 'eval_runtime': 8.9828, 'eval_samples_per_second': 536.024, 'eval_steps_per_second': 2.115, 'epoch': 1.12}
{'loss': 3.0703, 'grad_norm': 1.5736256837844849, 'learning_rate': 4.926859632741986e-06, 'epoch': 1.13}
{'loss': 3.1023, 'grad_norm': 1.694578766822815, 'learning_rate': 4.919078742608155e-06, 'epoch': 1.15}
{'loss': 3.0531, 'grad_norm': 1.6445633172988892, 'learning_rate': 4.911297852474323e-06, 'epoch': 1.16}
{'loss': 3.0828, 'grad_norm': 1.580972671508789, 'learning_rate': 4.903516962340492e-06, 'epoch': 1.18}
{'loss': 3.1164, 'grad_norm': 1.6283397674560547, 'learning_rate': 4.895736072206661e-06, 'epoch': 1.19}
{'loss': 3.0742, 'grad_norm': 1.6185705661773682, 'learning_rate': 4.8879551820728295e-06, 'epoch': 1.2}
{'loss': 3.0477, 'grad_norm': 1.5661771297454834, 'learning_rate': 4.880174291938998e-06, 'epoch': 1.22}
{'loss': 3.0438, 'grad_norm': 1.618443250656128, 'learning_rate': 4.872393401805167e-06, 'epoch': 1.23}
{'loss': 3.0961, 'grad_norm': 1.6939630508422852, 'learning_rate': 4.864612511671336e-06, 'epoch': 1.25}
{'loss': 3.0688, 'grad_norm': 1.657065987586975, 'learning_rate': 4.856831621537504e-06, 'epoch': 1.26}
{'loss': 3.0438, 'grad_norm': 1.562098741531372, 'learning_rate': 4.849050731403673e-06, 'epoch': 1.27}
{'loss': 3.0305, 'grad_norm': 1.5643970966339111, 'learning_rate': 4.841269841269842e-06, 'epoch': 1.29}
{'loss': 3.0805, 'grad_norm': 1.5250685214996338, 'learning_rate': 4.8334889511360104e-06, 'epoch': 1.3}
{'loss': 3.0578, 'grad_norm': 1.5159462690353394, 'learning_rate': 4.825708061002179e-06, 'epoch': 1.32}
{'loss': 3.0469, 'grad_norm': 1.6126402616500854, 'learning_rate': 4.817927170868348e-06, 'epoch': 1.33}
{'loss': 3.0234, 'grad_norm': 1.6716361045837402, 'learning_rate': 4.8101462807345166e-06, 'epoch': 1.34}
{'loss': 3.0844, 'grad_norm': 1.5828932523727417, 'learning_rate': 4.802365390600685e-06, 'epoch': 1.36}
{'loss': 3.0063, 'grad_norm': 1.617368221282959, 'learning_rate': 4.794584500466854e-06, 'epoch': 1.37}
{'loss': 3.0281, 'grad_norm': 1.6723910570144653, 'learning_rate': 4.786803610333023e-06, 'epoch': 1.39}
{'loss': 3.0078, 'grad_norm': 1.5980064868927002, 'learning_rate': 4.779022720199191e-06, 'epoch': 1.4}
{'eval_loss': 3.098090171813965, 'eval_runtime': 8.8881, 'eval_samples_per_second': 541.733, 'eval_steps_per_second': 2.138, 'epoch': 1.4}
{'loss': 3.032, 'grad_norm': 1.656213402748108, 'learning_rate': 4.77124183006536e-06, 'epoch': 1.41}
{'loss': 3.0836, 'grad_norm': 1.561177372932434, 'learning_rate': 4.763460939931529e-06, 'epoch': 1.43}
{'loss': 3.0477, 'grad_norm': 1.7028701305389404, 'learning_rate': 4.7556800497976975e-06, 'epoch': 1.44}
{'loss': 3.068, 'grad_norm': 1.59506356716156, 'learning_rate': 4.747899159663865e-06, 'epoch': 1.46}
{'loss': 3.0852, 'grad_norm': 1.6253820657730103, 'learning_rate': 4.740118269530035e-06, 'epoch': 1.47}
{'loss': 3.107, 'grad_norm': 1.6234643459320068, 'learning_rate': 4.732337379396204e-06, 'epoch': 1.48}
{'loss': 3.0102, 'grad_norm': 1.5360541343688965, 'learning_rate': 4.7245564892623715e-06, 'epoch': 1.5}
{'loss': 3.0391, 'grad_norm': 1.6079407930374146, 'learning_rate': 4.716775599128541e-06, 'epoch': 1.51}
{'loss': 3.107, 'grad_norm': 1.6049187183380127, 'learning_rate': 4.708994708994709e-06, 'epoch': 1.53}
{'loss': 3.0391, 'grad_norm': 1.6357581615447998, 'learning_rate': 4.701213818860878e-06, 'epoch': 1.54}
{'loss': 3.0844, 'grad_norm': 1.5680946111679077, 'learning_rate': 4.693432928727047e-06, 'epoch': 1.55}
{'loss': 2.9977, 'grad_norm': 1.5791579484939575, 'learning_rate': 4.685652038593215e-06, 'epoch': 1.57}
{'loss': 2.9773, 'grad_norm': 1.6227482557296753, 'learning_rate': 4.677871148459384e-06, 'epoch': 1.58}
{'loss': 3.0117, 'grad_norm': 1.6481724977493286, 'learning_rate': 4.670090258325553e-06, 'epoch': 1.6}
{'loss': 3.0344, 'grad_norm': 1.6099495887756348, 'learning_rate': 4.662309368191721e-06, 'epoch': 1.61}
{'loss': 3.0383, 'grad_norm': 1.49190092086792, 'learning_rate': 4.654528478057891e-06, 'epoch': 1.62}
{'loss': 3.0273, 'grad_norm': 1.6096173524856567, 'learning_rate': 4.646747587924059e-06, 'epoch': 1.64}
{'loss': 3.0367, 'grad_norm': 1.6445915699005127, 'learning_rate': 4.638966697790227e-06, 'epoch': 1.65}
{'loss': 2.9992, 'grad_norm': 1.647374153137207, 'learning_rate': 4.631185807656397e-06, 'epoch': 1.67}
{'loss': 2.9883, 'grad_norm': 1.6279884576797485, 'learning_rate': 4.623404917522565e-06, 'epoch': 1.68}
{'eval_loss': 3.073133707046509, 'eval_runtime': 8.9463, 'eval_samples_per_second': 538.211, 'eval_steps_per_second': 2.124, 'epoch': 1.68}
{'loss': 3.0586, 'grad_norm': 1.6246922016143799, 'learning_rate': 4.615624027388733e-06, 'epoch': 1.69}
{'loss': 3.0031, 'grad_norm': 1.602733850479126, 'learning_rate': 4.607843137254902e-06, 'epoch': 1.71}
{'loss': 3.0, 'grad_norm': 1.69435453414917, 'learning_rate': 4.600062247121071e-06, 'epoch': 1.72}
{'loss': 3.0523, 'grad_norm': 1.7414792776107788, 'learning_rate': 4.5922813569872395e-06, 'epoch': 1.74}
{'loss': 3.0117, 'grad_norm': 1.5697098970413208, 'learning_rate': 4.584500466853408e-06, 'epoch': 1.75}
{'loss': 3.0508, 'grad_norm': 1.6189247369766235, 'learning_rate': 4.576719576719577e-06, 'epoch': 1.76}
{'loss': 3.0289, 'grad_norm': 1.7236672639846802, 'learning_rate': 4.568938686585746e-06, 'epoch': 1.78}
{'loss': 2.9969, 'grad_norm': 1.6311715841293335, 'learning_rate': 4.561157796451914e-06, 'epoch': 1.79}
{'loss': 3.043, 'grad_norm': 1.6437023878097534, 'learning_rate': 4.553376906318083e-06, 'epoch': 1.81}
{'loss': 3.0484, 'grad_norm': 1.5923281908035278, 'learning_rate': 4.545596016184252e-06, 'epoch': 1.82}
{'loss': 2.9937, 'grad_norm': 1.5819370746612549, 'learning_rate': 4.5378151260504205e-06, 'epoch': 1.83}
{'loss': 3.0414, 'grad_norm': 1.6160409450531006, 'learning_rate': 4.530034235916589e-06, 'epoch': 1.85}
{'loss': 2.9648, 'grad_norm': 1.6339693069458008, 'learning_rate': 4.522253345782758e-06, 'epoch': 1.86}
{'loss': 3.0172, 'grad_norm': 1.6112202405929565, 'learning_rate': 4.514472455648927e-06, 'epoch': 1.88}
{'loss': 3.0086, 'grad_norm': 1.5993603467941284, 'learning_rate': 4.506691565515095e-06, 'epoch': 1.89}
{'loss': 3.0305, 'grad_norm': 1.6497766971588135, 'learning_rate': 4.498910675381264e-06, 'epoch': 1.9}
{'loss': 2.9695, 'grad_norm': 1.6217007637023926, 'learning_rate': 4.491129785247433e-06, 'epoch': 1.92}
{'loss': 2.9828, 'grad_norm': 1.616965413093567, 'learning_rate': 4.4833488951136015e-06, 'epoch': 1.93}
{'loss': 3.018, 'grad_norm': 1.6249085664749146, 'learning_rate': 4.47556800497977e-06, 'epoch': 1.95}
{'loss': 3.0125, 'grad_norm': 1.6376415491104126, 'learning_rate': 4.467787114845939e-06, 'epoch': 1.96}
{'eval_loss': 3.052734375, 'eval_runtime': 8.8309, 'eval_samples_per_second': 545.243, 'eval_steps_per_second': 2.152, 'epoch': 1.96}
{'loss': 2.9992, 'grad_norm': 1.6499601602554321, 'learning_rate': 4.460006224712108e-06, 'epoch': 1.97}
{'loss': 2.9922, 'grad_norm': 1.5657974481582642, 'learning_rate': 4.452225334578276e-06, 'epoch': 1.99}
{'loss': 2.9727, 'grad_norm': 1.571303367614746, 'learning_rate': 4.444444444444444e-06, 'epoch': 2.0}
{'loss': 2.9188, 'grad_norm': 1.6896713972091675, 'learning_rate': 4.436663554310614e-06, 'epoch': 2.02}
{'loss': 2.9344, 'grad_norm': 1.7982853651046753, 'learning_rate': 4.428882664176782e-06, 'epoch': 2.03}
{'loss': 2.9203, 'grad_norm': 1.6163326501846313, 'learning_rate': 4.421101774042951e-06, 'epoch': 2.04}
{'loss': 2.957, 'grad_norm': 1.7284119129180908, 'learning_rate': 4.41332088390912e-06, 'epoch': 2.06}
{'loss': 2.9219, 'grad_norm': 1.6296939849853516, 'learning_rate': 4.4055399937752885e-06, 'epoch': 2.07}
{'loss': 2.9523, 'grad_norm': 1.702763557434082, 'learning_rate': 4.397759103641457e-06, 'epoch': 2.09}
{'loss': 2.9203, 'grad_norm': 1.6622591018676758, 'learning_rate': 4.389978213507626e-06, 'epoch': 2.1}
{'loss': 2.9094, 'grad_norm': 1.7355440855026245, 'learning_rate': 4.382197323373794e-06, 'epoch': 2.11}
{'loss': 2.9344, 'grad_norm': 1.7648179531097412, 'learning_rate': 4.374416433239963e-06, 'epoch': 2.13}
{'loss': 2.9148, 'grad_norm': 1.667158842086792, 'learning_rate': 4.366635543106132e-06, 'epoch': 2.14}
{'loss': 2.9367, 'grad_norm': 1.723421335220337, 'learning_rate': 4.3588546529723e-06, 'epoch': 2.16}
{'loss': 2.8664, 'grad_norm': 1.7174955606460571, 'learning_rate': 4.3510737628384695e-06, 'epoch': 2.17}
{'loss': 2.9273, 'grad_norm': 1.69783616065979, 'learning_rate': 4.343292872704637e-06, 'epoch': 2.18}
{'loss': 2.9227, 'grad_norm': 1.6806055307388306, 'learning_rate': 4.335511982570806e-06, 'epoch': 2.2}
{'loss': 2.9016, 'grad_norm': 1.6537071466445923, 'learning_rate': 4.327731092436976e-06, 'epoch': 2.21}
{'loss': 2.9203, 'grad_norm': 1.7329946756362915, 'learning_rate': 4.3199502023031435e-06, 'epoch': 2.23}
{'loss': 2.9414, 'grad_norm': 1.7053484916687012, 'learning_rate': 4.312169312169312e-06, 'epoch': 2.24}
{'eval_loss': 3.043402671813965, 'eval_runtime': 8.9382, 'eval_samples_per_second': 538.7, 'eval_steps_per_second': 2.126, 'epoch': 2.24}
{'loss': 2.9023, 'grad_norm': 1.6662896871566772, 'learning_rate': 4.304388422035482e-06, 'epoch': 2.25}
{'loss': 2.9094, 'grad_norm': 1.5945916175842285, 'learning_rate': 4.29660753190165e-06, 'epoch': 2.27}
{'loss': 2.9242, 'grad_norm': 1.8092498779296875, 'learning_rate': 4.288826641767818e-06, 'epoch': 2.28}
{'loss': 2.8875, 'grad_norm': 1.6828829050064087, 'learning_rate': 4.281045751633987e-06, 'epoch': 2.3}
{'loss': 2.8844, 'grad_norm': 1.6354026794433594, 'learning_rate': 4.273264861500156e-06, 'epoch': 2.31}
{'loss': 2.9523, 'grad_norm': 1.7458720207214355, 'learning_rate': 4.2654839713663244e-06, 'epoch': 2.32}
{'loss': 2.8867, 'grad_norm': 1.7215077877044678, 'learning_rate': 4.257703081232493e-06, 'epoch': 2.34}
{'loss': 2.9398, 'grad_norm': 1.7601377964019775, 'learning_rate': 4.249922191098662e-06, 'epoch': 2.35}
{'loss': 2.9148, 'grad_norm': 1.7149326801300049, 'learning_rate': 4.2421413009648306e-06, 'epoch': 2.37}
{'loss': 2.9297, 'grad_norm': 1.6970150470733643, 'learning_rate': 4.234360410830999e-06, 'epoch': 2.38}
{'loss': 2.8961, 'grad_norm': 1.7884495258331299, 'learning_rate': 4.226579520697168e-06, 'epoch': 2.39}
{'loss': 2.8547, 'grad_norm': 1.7383264303207397, 'learning_rate': 4.218798630563337e-06, 'epoch': 2.41}
{'loss': 2.9234, 'grad_norm': 1.6730878353118896, 'learning_rate': 4.211017740429505e-06, 'epoch': 2.42}
{'loss': 2.9328, 'grad_norm': 1.6593462228775024, 'learning_rate': 4.203236850295674e-06, 'epoch': 2.44}
{'loss': 2.9531, 'grad_norm': 1.6852761507034302, 'learning_rate': 4.195455960161843e-06, 'epoch': 2.45}
{'loss': 2.9273, 'grad_norm': 1.6909624338150024, 'learning_rate': 4.1876750700280115e-06, 'epoch': 2.46}
{'loss': 2.9055, 'grad_norm': 1.8210524320602417, 'learning_rate': 4.17989417989418e-06, 'epoch': 2.48}
{'loss': 2.882, 'grad_norm': 1.7122163772583008, 'learning_rate': 4.172113289760349e-06, 'epoch': 2.49}
{'loss': 2.9297, 'grad_norm': 1.658776879310608, 'learning_rate': 4.164332399626518e-06, 'epoch': 2.51}
{'loss': 2.9172, 'grad_norm': 1.6350009441375732, 'learning_rate': 4.156551509492686e-06, 'epoch': 2.52}
{'eval_loss': 3.03125, 'eval_runtime': 8.9631, 'eval_samples_per_second': 537.204, 'eval_steps_per_second': 2.12, 'epoch': 2.52}
{'loss': 2.8906, 'grad_norm': 1.7335028648376465, 'learning_rate': 4.148770619358855e-06, 'epoch': 2.54}
{'loss': 2.8852, 'grad_norm': 1.6681981086730957, 'learning_rate': 4.140989729225024e-06, 'epoch': 2.55}
{'loss': 2.9398, 'grad_norm': 1.7323294878005981, 'learning_rate': 4.1332088390911925e-06, 'epoch': 2.56}
{'loss': 2.9336, 'grad_norm': 1.739288568496704, 'learning_rate': 4.125427948957361e-06, 'epoch': 2.58}
{'loss': 2.8906, 'grad_norm': 1.8063702583312988, 'learning_rate': 4.11764705882353e-06, 'epoch': 2.59}
{'loss': 2.8508, 'grad_norm': 1.728214144706726, 'learning_rate': 4.109866168689699e-06, 'epoch': 2.61}
{'loss': 2.8797, 'grad_norm': 1.7513889074325562, 'learning_rate': 4.102085278555867e-06, 'epoch': 2.62}
{'loss': 2.9125, 'grad_norm': 1.7927519083023071, 'learning_rate': 4.094304388422036e-06, 'epoch': 2.63}
{'loss': 2.9266, 'grad_norm': 1.8457406759262085, 'learning_rate': 4.086523498288205e-06, 'epoch': 2.65}
{'loss': 2.8922, 'grad_norm': 1.7617157697677612, 'learning_rate': 4.078742608154373e-06, 'epoch': 2.66}
{'loss': 2.8617, 'grad_norm': 1.688568115234375, 'learning_rate': 4.070961718020542e-06, 'epoch': 2.68}
{'loss': 2.9188, 'grad_norm': 1.6195409297943115, 'learning_rate': 4.063180827886711e-06, 'epoch': 2.69}
{'loss': 2.9078, 'grad_norm': 1.8086183071136475, 'learning_rate': 4.055399937752879e-06, 'epoch': 2.7}
{'loss': 2.9133, 'grad_norm': 1.686261773109436, 'learning_rate': 4.047619047619048e-06, 'epoch': 2.72}
{'loss': 2.9094, 'grad_norm': 1.8223665952682495, 'learning_rate': 4.039838157485217e-06, 'epoch': 2.73}
{'loss': 2.8859, 'grad_norm': 1.731133222579956, 'learning_rate': 4.032057267351385e-06, 'epoch': 2.75}
{'loss': 2.8563, 'grad_norm': 1.6685218811035156, 'learning_rate': 4.024276377217554e-06, 'epoch': 2.76}
{'loss': 2.8844, 'grad_norm': 1.777376651763916, 'learning_rate': 4.016495487083722e-06, 'epoch': 2.77}
{'loss': 2.9125, 'grad_norm': 1.8286093473434448, 'learning_rate': 4.008714596949892e-06, 'epoch': 2.79}
{'loss': 2.8516, 'grad_norm': 1.7639487981796265, 'learning_rate': 4.0009337068160605e-06, 'epoch': 2.8}
{'eval_loss': 3.0177950859069824, 'eval_runtime': 8.988, 'eval_samples_per_second': 535.712, 'eval_steps_per_second': 2.114, 'epoch': 2.8}
{'loss': 2.8656, 'grad_norm': 1.6905906200408936, 'learning_rate': 3.993152816682228e-06, 'epoch': 2.82}
{'loss': 2.8828, 'grad_norm': 1.7551014423370361, 'learning_rate': 3.985371926548398e-06, 'epoch': 2.83}
{'loss': 2.8773, 'grad_norm': 1.7012957334518433, 'learning_rate': 3.977591036414566e-06, 'epoch': 2.84}
{'loss': 2.8969, 'grad_norm': 1.7056138515472412, 'learning_rate': 3.9698101462807345e-06, 'epoch': 2.86}
{'loss': 2.8828, 'grad_norm': 1.7503702640533447, 'learning_rate': 3.962029256146904e-06, 'epoch': 2.87}
{'loss': 2.9055, 'grad_norm': 1.742760419845581, 'learning_rate': 3.954248366013072e-06, 'epoch': 2.89}
{'loss': 2.9125, 'grad_norm': 1.7123914957046509, 'learning_rate': 3.946467475879241e-06, 'epoch': 2.9}
{'loss': 2.8758, 'grad_norm': 1.680362343788147, 'learning_rate': 3.93868658574541e-06, 'epoch': 2.91}
{'loss': 2.9, 'grad_norm': 1.714478850364685, 'learning_rate': 3.930905695611578e-06, 'epoch': 2.93}
{'loss': 2.8977, 'grad_norm': 1.7578513622283936, 'learning_rate': 3.923124805477747e-06, 'epoch': 2.94}
{'loss': 2.8797, 'grad_norm': 1.7489914894104004, 'learning_rate': 3.9153439153439155e-06, 'epoch': 2.96}
{'loss': 2.8984, 'grad_norm': 1.6588879823684692, 'learning_rate': 3.907563025210084e-06, 'epoch': 2.97}
{'loss': 2.8867, 'grad_norm': 1.778164267539978, 'learning_rate': 3.899782135076253e-06, 'epoch': 2.98}
{'loss': 2.8586, 'grad_norm': 1.8099361658096313, 'learning_rate': 3.892001244942422e-06, 'epoch': 3.0}
{'loss': 2.8195, 'grad_norm': 1.702122688293457, 'learning_rate': 3.88422035480859e-06, 'epoch': 3.01}
{'loss': 2.8805, 'grad_norm': 1.8188657760620117, 'learning_rate': 3.876439464674759e-06, 'epoch': 3.03}
{'loss': 2.8117, 'grad_norm': 1.7415837049484253, 'learning_rate': 3.868658574540928e-06, 'epoch': 3.04}
{'loss': 2.8391, 'grad_norm': 1.8216204643249512, 'learning_rate': 3.8608776844070964e-06, 'epoch': 3.05}
{'loss': 2.7672, 'grad_norm': 1.7526100873947144, 'learning_rate': 3.853096794273265e-06, 'epoch': 3.07}
{'loss': 2.8438, 'grad_norm': 1.7954046726226807, 'learning_rate': 3.845315904139434e-06, 'epoch': 3.08}
{'eval_loss': 3.023003578186035, 'eval_runtime': 8.8953, 'eval_samples_per_second': 541.297, 'eval_steps_per_second': 2.136, 'epoch': 3.08}
{'loss': 2.8047, 'grad_norm': 1.8568241596221924, 'learning_rate': 3.8375350140056026e-06, 'epoch': 3.1}
{'loss': 2.8141, 'grad_norm': 1.791487693786621, 'learning_rate': 3.829754123871771e-06, 'epoch': 3.11}
{'loss': 2.7758, 'grad_norm': 1.8326157331466675, 'learning_rate': 3.82197323373794e-06, 'epoch': 3.12}
{'loss': 2.7891, 'grad_norm': 1.885839581489563, 'learning_rate': 3.8141923436041083e-06, 'epoch': 3.14}
{'loss': 2.8047, 'grad_norm': 1.8667080402374268, 'learning_rate': 3.8064114534702774e-06, 'epoch': 3.15}
{'loss': 2.7352, 'grad_norm': 1.8613073825836182, 'learning_rate': 3.798630563336446e-06, 'epoch': 3.17}
{'loss': 2.7992, 'grad_norm': 1.8399707078933716, 'learning_rate': 3.7908496732026144e-06, 'epoch': 3.18}
{'loss': 2.7789, 'grad_norm': 1.7429380416870117, 'learning_rate': 3.7830687830687835e-06, 'epoch': 3.19}
{'loss': 2.7703, 'grad_norm': 1.876131534576416, 'learning_rate': 3.775287892934952e-06, 'epoch': 3.21}
{'loss': 2.8164, 'grad_norm': 1.7968987226486206, 'learning_rate': 3.7675070028011205e-06, 'epoch': 3.22}
{'loss': 2.7781, 'grad_norm': 1.8882594108581543, 'learning_rate': 3.7597261126672896e-06, 'epoch': 3.24}
{'loss': 2.7758, 'grad_norm': 1.8066262006759644, 'learning_rate': 3.751945222533458e-06, 'epoch': 3.25}
{'loss': 2.7852, 'grad_norm': 1.7839863300323486, 'learning_rate': 3.744164332399627e-06, 'epoch': 3.26}
{'loss': 2.7766, 'grad_norm': 1.8429701328277588, 'learning_rate': 3.7363834422657958e-06, 'epoch': 3.28}
{'loss': 2.8406, 'grad_norm': 1.8325616121292114, 'learning_rate': 3.728602552131964e-06, 'epoch': 3.29}
{'loss': 2.7742, 'grad_norm': 1.8637561798095703, 'learning_rate': 3.720821661998133e-06, 'epoch': 3.31}
{'loss': 2.8516, 'grad_norm': 1.876473069190979, 'learning_rate': 3.7130407718643015e-06, 'epoch': 3.32}
{'loss': 2.7477, 'grad_norm': 1.7261844873428345, 'learning_rate': 3.70525988173047e-06, 'epoch': 3.33}
{'loss': 2.7977, 'grad_norm': 1.8057239055633545, 'learning_rate': 3.6974789915966393e-06, 'epoch': 3.35}
{'loss': 2.8, 'grad_norm': 1.8286694288253784, 'learning_rate': 3.6896981014628076e-06, 'epoch': 3.36}
{'eval_loss': 3.0143229961395264, 'eval_runtime': 8.8332, 'eval_samples_per_second': 545.105, 'eval_steps_per_second': 2.151, 'epoch': 3.36}
{'loss': 2.8438, 'grad_norm': 1.8234564065933228, 'learning_rate': 3.6819172113289763e-06, 'epoch': 3.38}
{'loss': 2.8602, 'grad_norm': 1.8518146276474, 'learning_rate': 3.6741363211951454e-06, 'epoch': 3.39}
{'loss': 2.793, 'grad_norm': 1.7524044513702393, 'learning_rate': 3.6663554310613137e-06, 'epoch': 3.4}
{'loss': 2.7766, 'grad_norm': 1.793442964553833, 'learning_rate': 3.6585745409274824e-06, 'epoch': 3.42}
{'loss': 2.7945, 'grad_norm': 1.804547667503357, 'learning_rate': 3.6507936507936507e-06, 'epoch': 3.43}
{'loss': 2.7719, 'grad_norm': 1.8597153425216675, 'learning_rate': 3.64301276065982e-06, 'epoch': 3.45}
{'loss': 2.8148, 'grad_norm': 1.8219186067581177, 'learning_rate': 3.6352318705259885e-06, 'epoch': 3.46}
{'loss': 2.8203, 'grad_norm': 1.825635552406311, 'learning_rate': 3.6274509803921573e-06, 'epoch': 3.47}
{'loss': 2.8547, 'grad_norm': 1.9142436981201172, 'learning_rate': 3.619670090258326e-06, 'epoch': 3.49}
{'loss': 2.7609, 'grad_norm': 1.8571943044662476, 'learning_rate': 3.6118892001244942e-06, 'epoch': 3.5}
{'loss': 2.8039, 'grad_norm': 1.7966806888580322, 'learning_rate': 3.6041083099906634e-06, 'epoch': 3.52}
{'loss': 2.7992, 'grad_norm': 1.7932215929031372, 'learning_rate': 3.596327419856832e-06, 'epoch': 3.53}
{'loss': 2.8055, 'grad_norm': 1.899658203125, 'learning_rate': 3.5885465297230004e-06, 'epoch': 3.54}
{'loss': 2.8008, 'grad_norm': 1.8050202131271362, 'learning_rate': 3.5807656395891695e-06, 'epoch': 3.56}
{'loss': 2.7484, 'grad_norm': 1.8821008205413818, 'learning_rate': 3.572984749455338e-06, 'epoch': 3.57}
{'loss': 2.7719, 'grad_norm': 1.8370331525802612, 'learning_rate': 3.5652038593215065e-06, 'epoch': 3.59}
{'loss': 2.7914, 'grad_norm': 1.8910943269729614, 'learning_rate': 3.5574229691876756e-06, 'epoch': 3.6}
{'loss': 2.8055, 'grad_norm': 1.8543336391448975, 'learning_rate': 3.549642079053844e-06, 'epoch': 3.61}
{'loss': 2.8398, 'grad_norm': 1.8361750841140747, 'learning_rate': 3.5418611889200126e-06, 'epoch': 3.63}
{'loss': 2.7445, 'grad_norm': 1.7669482231140137, 'learning_rate': 3.5340802987861818e-06, 'epoch': 3.64}
{'eval_loss': 3.0065104961395264, 'eval_runtime': 8.8816, 'eval_samples_per_second': 542.134, 'eval_steps_per_second': 2.139, 'epoch': 3.64}
{'loss': 2.7789, 'grad_norm': 1.8080099821090698, 'learning_rate': 3.52629940865235e-06, 'epoch': 3.66}
{'loss': 2.7758, 'grad_norm': 1.8025048971176147, 'learning_rate': 3.5185185185185187e-06, 'epoch': 3.67}
{'loss': 2.8391, 'grad_norm': 1.8394335508346558, 'learning_rate': 3.510737628384687e-06, 'epoch': 3.68}
{'loss': 2.7938, 'grad_norm': 1.8303323984146118, 'learning_rate': 3.502956738250856e-06, 'epoch': 3.7}
{'loss': 2.7648, 'grad_norm': 1.8578147888183594, 'learning_rate': 3.495175848117025e-06, 'epoch': 3.71}
{'loss': 2.8016, 'grad_norm': 1.8560857772827148, 'learning_rate': 3.4873949579831936e-06, 'epoch': 3.73}
{'loss': 2.7594, 'grad_norm': 1.81844162940979, 'learning_rate': 3.4796140678493623e-06, 'epoch': 3.74}
{'loss': 2.7914, 'grad_norm': 1.876839280128479, 'learning_rate': 3.471833177715531e-06, 'epoch': 3.75}
{'loss': 2.7672, 'grad_norm': 1.8407546281814575, 'learning_rate': 3.4640522875816997e-06, 'epoch': 3.77}
{'loss': 2.85, 'grad_norm': 1.7911239862442017, 'learning_rate': 3.4562713974478684e-06, 'epoch': 3.78}
{'loss': 2.7984, 'grad_norm': 1.9302856922149658, 'learning_rate': 3.4484905073140367e-06, 'epoch': 3.8}
{'loss': 2.8094, 'grad_norm': 1.79763925075531, 'learning_rate': 3.440709617180206e-06, 'epoch': 3.81}
{'loss': 2.7953, 'grad_norm': 1.911409854888916, 'learning_rate': 3.4329287270463745e-06, 'epoch': 3.82}
{'loss': 2.8141, 'grad_norm': 1.984726905822754, 'learning_rate': 3.425147836912543e-06, 'epoch': 3.84}
{'loss': 2.7898, 'grad_norm': 1.8564485311508179, 'learning_rate': 3.417366946778712e-06, 'epoch': 3.85}
{'loss': 2.7945, 'grad_norm': 1.7523516416549683, 'learning_rate': 3.4095860566448802e-06, 'epoch': 3.87}
{'loss': 2.8086, 'grad_norm': 1.9003665447235107, 'learning_rate': 3.401805166511049e-06, 'epoch': 3.88}
{'loss': 2.7867, 'grad_norm': 1.8371002674102783, 'learning_rate': 3.394024276377218e-06, 'epoch': 3.89}
{'loss': 2.8055, 'grad_norm': 1.8267804384231567, 'learning_rate': 3.3862433862433864e-06, 'epoch': 3.91}
{'loss': 2.8109, 'grad_norm': 1.889517068862915, 'learning_rate': 3.378462496109555e-06, 'epoch': 3.92}
{'eval_loss': 3.0, 'eval_runtime': 8.8417, 'eval_samples_per_second': 544.581, 'eval_steps_per_second': 2.149, 'epoch': 3.92}
{'loss': 2.8289, 'grad_norm': 1.9774307012557983, 'learning_rate': 3.370681605975724e-06, 'epoch': 3.94}
{'loss': 2.8328, 'grad_norm': 1.8337996006011963, 'learning_rate': 3.3629007158418925e-06, 'epoch': 3.95}
{'loss': 2.7969, 'grad_norm': 1.8013529777526855, 'learning_rate': 3.355119825708061e-06, 'epoch': 3.96}
{'loss': 2.7828, 'grad_norm': 1.8685892820358276, 'learning_rate': 3.34733893557423e-06, 'epoch': 3.98}
{'loss': 2.8094, 'grad_norm': 1.692621111869812, 'learning_rate': 3.3395580454403986e-06, 'epoch': 3.99}
{'loss': 2.7609, 'grad_norm': 1.9026545286178589, 'learning_rate': 3.3317771553065677e-06, 'epoch': 4.01}
{'loss': 2.7344, 'grad_norm': 1.930762767791748, 'learning_rate': 3.323996265172736e-06, 'epoch': 4.02}
{'loss': 2.6945, 'grad_norm': 1.9703527688980103, 'learning_rate': 3.3162153750389047e-06, 'epoch': 4.03}
{'loss': 2.7141, 'grad_norm': 1.9691786766052246, 'learning_rate': 3.308434484905074e-06, 'epoch': 4.05}
{'loss': 2.7039, 'grad_norm': 1.969018816947937, 'learning_rate': 3.300653594771242e-06, 'epoch': 4.06}
{'loss': 2.668, 'grad_norm': 1.9665467739105225, 'learning_rate': 3.292872704637411e-06, 'epoch': 4.08}
{'loss': 2.6852, 'grad_norm': 1.9778152704238892, 'learning_rate': 3.285091814503579e-06, 'epoch': 4.09}
{'loss': 2.7422, 'grad_norm': 1.9375512599945068, 'learning_rate': 3.2773109243697483e-06, 'epoch': 4.1}
{'loss': 2.693, 'grad_norm': 1.8425567150115967, 'learning_rate': 3.269530034235917e-06, 'epoch': 4.12}
{'loss': 2.6695, 'grad_norm': 1.9119991064071655, 'learning_rate': 3.2617491441020853e-06, 'epoch': 4.13}
{'loss': 2.7305, 'grad_norm': 1.9012978076934814, 'learning_rate': 3.2539682539682544e-06, 'epoch': 4.15}
{'loss': 2.718, 'grad_norm': 1.9821853637695312, 'learning_rate': 3.2461873638344227e-06, 'epoch': 4.16}
{'loss': 2.6891, 'grad_norm': 1.9359432458877563, 'learning_rate': 3.2384064737005914e-06, 'epoch': 4.17}
{'loss': 2.6469, 'grad_norm': 1.994644045829773, 'learning_rate': 3.2306255835667605e-06, 'epoch': 4.19}
{'loss': 2.7156, 'grad_norm': 1.9259569644927979, 'learning_rate': 3.222844693432929e-06, 'epoch': 4.2}
{'eval_loss': 3.012586832046509, 'eval_runtime': 8.8551, 'eval_samples_per_second': 543.754, 'eval_steps_per_second': 2.146, 'epoch': 4.2}
{'loss': 2.6875, 'grad_norm': 2.0363643169403076, 'learning_rate': 3.2150638032990975e-06, 'epoch': 4.22}
{'loss': 2.6945, 'grad_norm': 2.0155487060546875, 'learning_rate': 3.2072829131652667e-06, 'epoch': 4.23}
{'loss': 2.6586, 'grad_norm': 1.9233818054199219, 'learning_rate': 3.199502023031435e-06, 'epoch': 4.24}
{'loss': 2.7211, 'grad_norm': 1.9999945163726807, 'learning_rate': 3.191721132897604e-06, 'epoch': 4.26}
{'loss': 2.6789, 'grad_norm': 1.8791910409927368, 'learning_rate': 3.1839402427637724e-06, 'epoch': 4.27}
{'loss': 2.7102, 'grad_norm': 1.9690314531326294, 'learning_rate': 3.176159352629941e-06, 'epoch': 4.29}
{'loss': 2.7367, 'grad_norm': 1.892161250114441, 'learning_rate': 3.16837846249611e-06, 'epoch': 4.3}
{'loss': 2.7211, 'grad_norm': 1.9862494468688965, 'learning_rate': 3.1605975723622785e-06, 'epoch': 4.31}
{'loss': 2.7234, 'grad_norm': 1.9070305824279785, 'learning_rate': 3.152816682228447e-06, 'epoch': 4.33}
{'loss': 2.7234, 'grad_norm': 2.079024314880371, 'learning_rate': 3.1450357920946155e-06, 'epoch': 4.34}
{'loss': 2.7297, 'grad_norm': 1.9897927045822144, 'learning_rate': 3.1372549019607846e-06, 'epoch': 4.36}
{'loss': 2.7039, 'grad_norm': 1.9457961320877075, 'learning_rate': 3.1294740118269533e-06, 'epoch': 4.37}
{'loss': 2.6977, 'grad_norm': 1.8824448585510254, 'learning_rate': 3.1216931216931216e-06, 'epoch': 4.38}
{'loss': 2.7023, 'grad_norm': 1.973949670791626, 'learning_rate': 3.1139122315592907e-06, 'epoch': 4.4}
{'loss': 2.7383, 'grad_norm': 1.989654541015625, 'learning_rate': 3.1061313414254594e-06, 'epoch': 4.41}
{'loss': 2.7, 'grad_norm': 1.975256085395813, 'learning_rate': 3.0983504512916277e-06, 'epoch': 4.43}
{'loss': 2.6906, 'grad_norm': 2.007884979248047, 'learning_rate': 3.090569561157797e-06, 'epoch': 4.44}
{'loss': 2.7086, 'grad_norm': 2.022719144821167, 'learning_rate': 3.082788671023965e-06, 'epoch': 4.45}
{'loss': 2.6953, 'grad_norm': 1.9754663705825806, 'learning_rate': 3.0750077808901343e-06, 'epoch': 4.47}
{'loss': 2.7664, 'grad_norm': 1.9751898050308228, 'learning_rate': 3.067226890756303e-06, 'epoch': 4.48}
{'eval_loss': 3.0115017890930176, 'eval_runtime': 8.9606, 'eval_samples_per_second': 537.351, 'eval_steps_per_second': 2.12, 'epoch': 4.48}
{'loss': 2.6516, 'grad_norm': 1.9868226051330566, 'learning_rate': 3.0594460006224713e-06, 'epoch': 4.5}
{'loss': 2.7609, 'grad_norm': 2.007397174835205, 'learning_rate': 3.0516651104886404e-06, 'epoch': 4.51}
{'loss': 2.6797, 'grad_norm': 2.0152621269226074, 'learning_rate': 3.0438842203548087e-06, 'epoch': 4.52}
{'loss': 2.6852, 'grad_norm': 2.039107084274292, 'learning_rate': 3.0361033302209774e-06, 'epoch': 4.54}
{'loss': 2.7422, 'grad_norm': 1.9398130178451538, 'learning_rate': 3.0283224400871465e-06, 'epoch': 4.55}
{'loss': 2.6961, 'grad_norm': 1.9832712411880493, 'learning_rate': 3.020541549953315e-06, 'epoch': 4.57}
{'loss': 2.6789, 'grad_norm': 1.9894661903381348, 'learning_rate': 3.0127606598194835e-06, 'epoch': 4.58}
{'loss': 2.6914, 'grad_norm': 2.094660758972168, 'learning_rate': 3.0049797696856526e-06, 'epoch': 4.59}
{'loss': 2.7148, 'grad_norm': 1.9680920839309692, 'learning_rate': 2.997198879551821e-06, 'epoch': 4.61}
{'loss': 2.7305, 'grad_norm': 2.0067355632781982, 'learning_rate': 2.9894179894179896e-06, 'epoch': 4.62}
{'loss': 2.6711, 'grad_norm': 2.016756534576416, 'learning_rate': 2.981637099284158e-06, 'epoch': 4.64}
{'loss': 2.7125, 'grad_norm': 1.891310453414917, 'learning_rate': 2.973856209150327e-06, 'epoch': 4.65}
{'loss': 2.7445, 'grad_norm': 2.0348289012908936, 'learning_rate': 2.9660753190164958e-06, 'epoch': 4.66}
{'loss': 2.693, 'grad_norm': 2.0131607055664062, 'learning_rate': 2.9582944288826645e-06, 'epoch': 4.68}
{'loss': 2.732, 'grad_norm': 2.013871431350708, 'learning_rate': 2.950513538748833e-06, 'epoch': 4.69}
{'loss': 2.693, 'grad_norm': 2.048309326171875, 'learning_rate': 2.942732648615002e-06, 'epoch': 4.71}
{'loss': 2.6922, 'grad_norm': 2.045297622680664, 'learning_rate': 2.9349517584811706e-06, 'epoch': 4.72}
{'loss': 2.7258, 'grad_norm': 1.9422842264175415, 'learning_rate': 2.9271708683473393e-06, 'epoch': 4.73}
{'loss': 2.6508, 'grad_norm': 2.0680320262908936, 'learning_rate': 2.9193899782135076e-06, 'epoch': 4.75}
{'loss': 2.7469, 'grad_norm': 1.9510740041732788, 'learning_rate': 2.9116090880796767e-06, 'epoch': 4.76}
{'eval_loss': 3.005425453186035, 'eval_runtime': 8.906, 'eval_samples_per_second': 540.645, 'eval_steps_per_second': 2.133, 'epoch': 4.76}
{'loss': 2.7219, 'grad_norm': 1.9627541303634644, 'learning_rate': 2.9038281979458454e-06, 'epoch': 4.78}
{'loss': 2.6891, 'grad_norm': 2.06024432182312, 'learning_rate': 2.8960473078120137e-06, 'epoch': 4.79}
{'loss': 2.7016, 'grad_norm': 1.9786511659622192, 'learning_rate': 2.888266417678183e-06, 'epoch': 4.8}
{'loss': 2.6992, 'grad_norm': 2.0594935417175293, 'learning_rate': 2.880485527544351e-06, 'epoch': 4.82}
{'loss': 2.7031, 'grad_norm': 2.0322914123535156, 'learning_rate': 2.87270463741052e-06, 'epoch': 4.83}
{'loss': 2.7523, 'grad_norm': 1.9709398746490479, 'learning_rate': 2.864923747276689e-06, 'epoch': 4.85}
{'loss': 2.693, 'grad_norm': 1.9880422353744507, 'learning_rate': 2.8571428571428573e-06, 'epoch': 4.86}
{'loss': 2.7398, 'grad_norm': 1.9950511455535889, 'learning_rate': 2.849361967009026e-06, 'epoch': 4.87}
{'loss': 2.7125, 'grad_norm': 1.9529807567596436, 'learning_rate': 2.841581076875195e-06, 'epoch': 4.89}
{'loss': 2.7062, 'grad_norm': 1.9485435485839844, 'learning_rate': 2.8338001867413634e-06, 'epoch': 4.9}
{'loss': 2.725, 'grad_norm': 1.9399772882461548, 'learning_rate': 2.826019296607532e-06, 'epoch': 4.92}
{'loss': 2.7477, 'grad_norm': 1.9128892421722412, 'learning_rate': 2.818238406473701e-06, 'epoch': 4.93}
{'loss': 2.7563, 'grad_norm': 1.991107702255249, 'learning_rate': 2.8104575163398695e-06, 'epoch': 4.94}
{'loss': 2.6953, 'grad_norm': 2.062718152999878, 'learning_rate': 2.8026766262060382e-06, 'epoch': 4.96}
{'loss': 2.7164, 'grad_norm': 2.0256197452545166, 'learning_rate': 2.794895736072207e-06, 'epoch': 4.97}
{'loss': 2.6906, 'grad_norm': 2.111776113510132, 'learning_rate': 2.7871148459383756e-06, 'epoch': 4.99}
{'loss': 2.7117, 'grad_norm': 1.985838532447815, 'learning_rate': 2.779333955804544e-06, 'epoch': 5.0}
{'loss': 2.625, 'grad_norm': 1.9954922199249268, 'learning_rate': 2.771553065670713e-06, 'epoch': 5.01}
{'loss': 2.6375, 'grad_norm': 2.2443368434906006, 'learning_rate': 2.7637721755368818e-06, 'epoch': 5.03}
{'loss': 2.6828, 'grad_norm': 2.029866933822632, 'learning_rate': 2.75599128540305e-06, 'epoch': 5.04}
{'eval_loss': 3.021918296813965, 'eval_runtime': 8.727, 'eval_samples_per_second': 551.736, 'eval_steps_per_second': 2.177, 'epoch': 5.04}
{'loss': 2.6305, 'grad_norm': 2.0847420692443848, 'learning_rate': 2.748210395269219e-06, 'epoch': 5.06}
{'loss': 2.6539, 'grad_norm': 2.126117706298828, 'learning_rate': 2.740429505135388e-06, 'epoch': 5.07}
{'loss': 2.6008, 'grad_norm': 2.178521156311035, 'learning_rate': 2.732648615001556e-06, 'epoch': 5.08}
{'loss': 2.6109, 'grad_norm': 2.14861798286438, 'learning_rate': 2.7248677248677253e-06, 'epoch': 5.1}
{'loss': 2.5914, 'grad_norm': 2.016054153442383, 'learning_rate': 2.7170868347338936e-06, 'epoch': 5.11}
{'loss': 2.6305, 'grad_norm': 2.2240471839904785, 'learning_rate': 2.7093059446000623e-06, 'epoch': 5.13}
{'loss': 2.625, 'grad_norm': 2.195420980453491, 'learning_rate': 2.7015250544662314e-06, 'epoch': 5.14}
{'loss': 2.6555, 'grad_norm': 2.0638277530670166, 'learning_rate': 2.6937441643323997e-06, 'epoch': 5.15}
{'loss': 2.6281, 'grad_norm': 2.117424249649048, 'learning_rate': 2.6859632741985684e-06, 'epoch': 5.17}
{'loss': 2.618, 'grad_norm': 2.2023608684539795, 'learning_rate': 2.678182384064737e-06, 'epoch': 5.18}
{'loss': 2.5969, 'grad_norm': 2.048598527908325, 'learning_rate': 2.670401493930906e-06, 'epoch': 5.2}
{'loss': 2.6437, 'grad_norm': 2.0768141746520996, 'learning_rate': 2.662620603797075e-06, 'epoch': 5.21}
{'loss': 2.6383, 'grad_norm': 2.0997424125671387, 'learning_rate': 2.6548397136632432e-06, 'epoch': 5.22}
{'loss': 2.6016, 'grad_norm': 2.2176437377929688, 'learning_rate': 2.647058823529412e-06, 'epoch': 5.24}
{'loss': 2.6297, 'grad_norm': 2.1813862323760986, 'learning_rate': 2.639277933395581e-06, 'epoch': 5.25}
{'loss': 2.6281, 'grad_norm': 2.1470561027526855, 'learning_rate': 2.6314970432617494e-06, 'epoch': 5.27}
{'loss': 2.6359, 'grad_norm': 1.9915862083435059, 'learning_rate': 2.623716153127918e-06, 'epoch': 5.28}
{'loss': 2.5586, 'grad_norm': 2.169559955596924, 'learning_rate': 2.6159352629940864e-06, 'epoch': 5.29}
{'loss': 2.6055, 'grad_norm': 2.109663724899292, 'learning_rate': 2.6081543728602555e-06, 'epoch': 5.31}
{'loss': 2.6328, 'grad_norm': 2.1782450675964355, 'learning_rate': 2.600373482726424e-06, 'epoch': 5.32}
{'eval_loss': 3.024305582046509, 'eval_runtime': 8.9246, 'eval_samples_per_second': 539.522, 'eval_steps_per_second': 2.129, 'epoch': 5.32}
{'loss': 2.6141, 'grad_norm': 2.0856997966766357, 'learning_rate': 2.5925925925925925e-06, 'epoch': 5.34}
{'loss': 2.625, 'grad_norm': 2.093730926513672, 'learning_rate': 2.5848117024587616e-06, 'epoch': 5.35}
{'loss': 2.618, 'grad_norm': 2.1796624660491943, 'learning_rate': 2.57703081232493e-06, 'epoch': 5.36}
{'loss': 2.6758, 'grad_norm': 2.2555525302886963, 'learning_rate': 2.5692499221910986e-06, 'epoch': 5.38}
{'loss': 2.6031, 'grad_norm': 2.1721856594085693, 'learning_rate': 2.5614690320572677e-06, 'epoch': 5.39}
{'loss': 2.6211, 'grad_norm': 2.1228184700012207, 'learning_rate': 2.553688141923436e-06, 'epoch': 5.41}
{'loss': 2.6141, 'grad_norm': 2.1774351596832275, 'learning_rate': 2.545907251789605e-06, 'epoch': 5.42}
{'loss': 2.6289, 'grad_norm': 2.155991792678833, 'learning_rate': 2.538126361655774e-06, 'epoch': 5.43}
{'loss': 2.6133, 'grad_norm': 2.0976414680480957, 'learning_rate': 2.530345471521942e-06, 'epoch': 5.45}
{'loss': 2.6266, 'grad_norm': 2.2049667835235596, 'learning_rate': 2.5225645813881113e-06, 'epoch': 5.46}
{'loss': 2.607, 'grad_norm': 2.093585968017578, 'learning_rate': 2.5147836912542796e-06, 'epoch': 5.48}
{'loss': 2.6352, 'grad_norm': 2.103478193283081, 'learning_rate': 2.5070028011204483e-06, 'epoch': 5.49}
{'loss': 2.6328, 'grad_norm': 2.1891674995422363, 'learning_rate': 2.499221910986617e-06, 'epoch': 5.5}
{'loss': 2.6313, 'grad_norm': 2.1051032543182373, 'learning_rate': 2.4914410208527857e-06, 'epoch': 5.52}
{'loss': 2.6672, 'grad_norm': 2.0767409801483154, 'learning_rate': 2.4836601307189544e-06, 'epoch': 5.53}
{'loss': 2.6258, 'grad_norm': 2.134568691253662, 'learning_rate': 2.475879240585123e-06, 'epoch': 5.55}
{'loss': 2.6547, 'grad_norm': 2.0591747760772705, 'learning_rate': 2.468098350451292e-06, 'epoch': 5.56}
{'loss': 2.6133, 'grad_norm': 2.2890377044677734, 'learning_rate': 2.4603174603174605e-06, 'epoch': 5.57}
{'loss': 2.6266, 'grad_norm': 2.054840326309204, 'learning_rate': 2.4525365701836292e-06, 'epoch': 5.59}
{'loss': 2.6063, 'grad_norm': 2.1209471225738525, 'learning_rate': 2.444755680049798e-06, 'epoch': 5.6}
{'eval_loss': 3.020399332046509, 'eval_runtime': 8.8371, 'eval_samples_per_second': 544.859, 'eval_steps_per_second': 2.15, 'epoch': 5.6}
{'loss': 2.6234, 'grad_norm': 2.313664197921753, 'learning_rate': 2.4369747899159667e-06, 'epoch': 5.62}
{'loss': 2.6437, 'grad_norm': 2.125056505203247, 'learning_rate': 2.4291938997821354e-06, 'epoch': 5.63}
{'loss': 2.6039, 'grad_norm': 2.099236011505127, 'learning_rate': 2.421413009648304e-06, 'epoch': 5.64}
{'loss': 2.6289, 'grad_norm': 2.135554790496826, 'learning_rate': 2.4136321195144728e-06, 'epoch': 5.66}
{'loss': 2.6195, 'grad_norm': 2.129138708114624, 'learning_rate': 2.4058512293806415e-06, 'epoch': 5.67}
{'loss': 2.618, 'grad_norm': 2.182508707046509, 'learning_rate': 2.3980703392468098e-06, 'epoch': 5.69}
{'loss': 2.6313, 'grad_norm': 2.135115385055542, 'learning_rate': 2.390289449112979e-06, 'epoch': 5.7}
{'loss': 2.6414, 'grad_norm': 2.145962953567505, 'learning_rate': 2.3825085589791476e-06, 'epoch': 5.71}
{'loss': 2.6172, 'grad_norm': 2.166037082672119, 'learning_rate': 2.374727668845316e-06, 'epoch': 5.73}
{'loss': 2.6414, 'grad_norm': 2.1384055614471436, 'learning_rate': 2.3669467787114846e-06, 'epoch': 5.74}
{'loss': 2.625, 'grad_norm': 2.146087884902954, 'learning_rate': 2.3591658885776537e-06, 'epoch': 5.76}
{'loss': 2.6398, 'grad_norm': 2.2325897216796875, 'learning_rate': 2.351384998443822e-06, 'epoch': 5.77}
{'loss': 2.6797, 'grad_norm': 2.1186113357543945, 'learning_rate': 2.3436041083099907e-06, 'epoch': 5.78}
{'loss': 2.607, 'grad_norm': 2.1580026149749756, 'learning_rate': 2.3358232181761594e-06, 'epoch': 5.8}
{'loss': 2.6258, 'grad_norm': 2.2654991149902344, 'learning_rate': 2.328042328042328e-06, 'epoch': 5.81}
{'loss': 2.6617, 'grad_norm': 2.174247980117798, 'learning_rate': 2.320261437908497e-06, 'epoch': 5.83}
{'loss': 2.6, 'grad_norm': 2.1033666133880615, 'learning_rate': 2.3124805477746656e-06, 'epoch': 5.84}
{'loss': 2.5766, 'grad_norm': 2.163749933242798, 'learning_rate': 2.3046996576408343e-06, 'epoch': 5.85}
{'loss': 2.5562, 'grad_norm': 2.1660706996917725, 'learning_rate': 2.296918767507003e-06, 'epoch': 5.87}
{'loss': 2.6367, 'grad_norm': 2.0130598545074463, 'learning_rate': 2.2891378773731717e-06, 'epoch': 5.88}
{'eval_loss': 3.018012046813965, 'eval_runtime': 8.8169, 'eval_samples_per_second': 546.113, 'eval_steps_per_second': 2.155, 'epoch': 5.88}
{'loss': 2.6203, 'grad_norm': 2.2211973667144775, 'learning_rate': 2.2813569872393404e-06, 'epoch': 5.9}
{'loss': 2.6281, 'grad_norm': 2.19515323638916, 'learning_rate': 2.273576097105509e-06, 'epoch': 5.91}
{'loss': 2.6391, 'grad_norm': 2.1434144973754883, 'learning_rate': 2.265795206971678e-06, 'epoch': 5.92}
{'loss': 2.6383, 'grad_norm': 2.169457197189331, 'learning_rate': 2.2580143168378465e-06, 'epoch': 5.94}
{'loss': 2.6086, 'grad_norm': 2.1938579082489014, 'learning_rate': 2.2502334267040152e-06, 'epoch': 5.95}
{'loss': 2.6187, 'grad_norm': 2.1309776306152344, 'learning_rate': 2.242452536570184e-06, 'epoch': 5.97}
{'loss': 2.5992, 'grad_norm': 2.162412643432617, 'learning_rate': 2.2346716464363522e-06, 'epoch': 5.98}
{'loss': 2.618, 'grad_norm': 2.1503078937530518, 'learning_rate': 2.2268907563025214e-06, 'epoch': 5.99}
{'loss': 2.5641, 'grad_norm': 2.259208917617798, 'learning_rate': 2.21910986616869e-06, 'epoch': 6.01}
{'loss': 2.5523, 'grad_norm': 2.2145986557006836, 'learning_rate': 2.2113289760348588e-06, 'epoch': 6.02}
{'loss': 2.5531, 'grad_norm': 2.406470537185669, 'learning_rate': 2.203548085901027e-06, 'epoch': 6.04}
{'loss': 2.5234, 'grad_norm': 2.244508743286133, 'learning_rate': 2.1957671957671958e-06, 'epoch': 6.05}
{'loss': 2.5656, 'grad_norm': 2.374504804611206, 'learning_rate': 2.187986305633365e-06, 'epoch': 6.06}
{'loss': 2.5344, 'grad_norm': 2.265291690826416, 'learning_rate': 2.180205415499533e-06, 'epoch': 6.08}
{'loss': 2.5117, 'grad_norm': 2.3032069206237793, 'learning_rate': 2.172424525365702e-06, 'epoch': 6.09}
{'loss': 2.525, 'grad_norm': 2.205111503601074, 'learning_rate': 2.1646436352318706e-06, 'epoch': 6.11}
{'loss': 2.5438, 'grad_norm': 2.3016374111175537, 'learning_rate': 2.1568627450980393e-06, 'epoch': 6.12}
{'loss': 2.5523, 'grad_norm': 2.1998400688171387, 'learning_rate': 2.149081854964208e-06, 'epoch': 6.13}
{'loss': 2.5602, 'grad_norm': 2.335106611251831, 'learning_rate': 2.1413009648303767e-06, 'epoch': 6.15}
{'loss': 2.5734, 'grad_norm': 2.306762456893921, 'learning_rate': 2.1335200746965454e-06, 'epoch': 6.16}
{'eval_loss': 3.043402671813965, 'eval_runtime': 8.8153, 'eval_samples_per_second': 546.208, 'eval_steps_per_second': 2.155, 'epoch': 6.16}
{'loss': 2.5531, 'grad_norm': 2.220327854156494, 'learning_rate': 2.125739184562714e-06, 'epoch': 6.18}
{'loss': 2.5758, 'grad_norm': 2.2814583778381348, 'learning_rate': 2.117958294428883e-06, 'epoch': 6.19}
{'loss': 2.5211, 'grad_norm': 2.3309543132781982, 'learning_rate': 2.1101774042950516e-06, 'epoch': 6.2}
{'loss': 2.5516, 'grad_norm': 2.2999379634857178, 'learning_rate': 2.1023965141612203e-06, 'epoch': 6.22}
{'loss': 2.582, 'grad_norm': 2.2127208709716797, 'learning_rate': 2.094615624027389e-06, 'epoch': 6.23}
{'loss': 2.518, 'grad_norm': 2.431931495666504, 'learning_rate': 2.0868347338935577e-06, 'epoch': 6.25}
{'loss': 2.5547, 'grad_norm': 2.2913341522216797, 'learning_rate': 2.0790538437597264e-06, 'epoch': 6.26}
{'loss': 2.5516, 'grad_norm': 2.2378783226013184, 'learning_rate': 2.071272953625895e-06, 'epoch': 6.27}
{'loss': 2.5586, 'grad_norm': 2.300461530685425, 'learning_rate': 2.0634920634920634e-06, 'epoch': 6.29}
{'loss': 2.5258, 'grad_norm': 2.206110954284668, 'learning_rate': 2.0557111733582325e-06, 'epoch': 6.3}
{'loss': 2.575, 'grad_norm': 2.1338934898376465, 'learning_rate': 2.0479302832244012e-06, 'epoch': 6.32}
{'loss': 2.582, 'grad_norm': 2.3462796211242676, 'learning_rate': 2.0401493930905695e-06, 'epoch': 6.33}
{'loss': 2.5063, 'grad_norm': 2.2904038429260254, 'learning_rate': 2.0323685029567382e-06, 'epoch': 6.34}
{'loss': 2.5672, 'grad_norm': 2.2399115562438965, 'learning_rate': 2.0245876128229074e-06, 'epoch': 6.36}
{'loss': 2.5797, 'grad_norm': 2.2457072734832764, 'learning_rate': 2.0168067226890756e-06, 'epoch': 6.37}
{'loss': 2.5836, 'grad_norm': 2.306495189666748, 'learning_rate': 2.0090258325552443e-06, 'epoch': 6.39}
{'loss': 2.5594, 'grad_norm': 2.2146191596984863, 'learning_rate': 2.001244942421413e-06, 'epoch': 6.4}
{'loss': 2.543, 'grad_norm': 2.312371015548706, 'learning_rate': 1.993464052287582e-06, 'epoch': 6.41}
{'loss': 2.5586, 'grad_norm': 2.3358664512634277, 'learning_rate': 1.9856831621537505e-06, 'epoch': 6.43}
{'loss': 2.5352, 'grad_norm': 2.2017788887023926, 'learning_rate': 1.977902272019919e-06, 'epoch': 6.44}
{'eval_loss': 3.040581703186035, 'eval_runtime': 8.8637, 'eval_samples_per_second': 543.225, 'eval_steps_per_second': 2.144, 'epoch': 6.44}
{'loss': 2.5344, 'grad_norm': 2.4582290649414062, 'learning_rate': 1.970121381886088e-06, 'epoch': 6.46}
{'loss': 2.5344, 'grad_norm': 2.4211883544921875, 'learning_rate': 1.9623404917522566e-06, 'epoch': 6.47}
{'loss': 2.5523, 'grad_norm': 2.3122687339782715, 'learning_rate': 1.9545596016184253e-06, 'epoch': 6.48}
{'loss': 2.5469, 'grad_norm': 2.352581024169922, 'learning_rate': 1.946778711484594e-06, 'epoch': 6.5}
{'loss': 2.568, 'grad_norm': 2.324195384979248, 'learning_rate': 1.9389978213507627e-06, 'epoch': 6.51}
{'loss': 2.5312, 'grad_norm': 2.218867540359497, 'learning_rate': 1.9312169312169314e-06, 'epoch': 6.53}
{'loss': 2.5289, 'grad_norm': 2.3164966106414795, 'learning_rate': 1.9234360410831e-06, 'epoch': 6.54}
{'loss': 2.5562, 'grad_norm': 2.2292051315307617, 'learning_rate': 1.915655150949269e-06, 'epoch': 6.55}
{'loss': 2.5734, 'grad_norm': 2.342195987701416, 'learning_rate': 1.9078742608154376e-06, 'epoch': 6.57}
{'loss': 2.532, 'grad_norm': 2.3008508682250977, 'learning_rate': 1.900093370681606e-06, 'epoch': 6.58}
{'loss': 2.5477, 'grad_norm': 2.4106431007385254, 'learning_rate': 1.892312480547775e-06, 'epoch': 6.6}
{'loss': 2.5234, 'grad_norm': 2.4218626022338867, 'learning_rate': 1.8845315904139435e-06, 'epoch': 6.61}
{'loss': 2.5187, 'grad_norm': 2.2847044467926025, 'learning_rate': 1.8767507002801122e-06, 'epoch': 6.62}
{'loss': 2.5523, 'grad_norm': 2.299100160598755, 'learning_rate': 1.8689698101462809e-06, 'epoch': 6.64}
{'loss': 2.5719, 'grad_norm': 2.4029712677001953, 'learning_rate': 1.8611889200124494e-06, 'epoch': 6.65}
{'loss': 2.5719, 'grad_norm': 2.2322990894317627, 'learning_rate': 1.8534080298786183e-06, 'epoch': 6.67}
{'loss': 2.5578, 'grad_norm': 2.357861280441284, 'learning_rate': 1.845627139744787e-06, 'epoch': 6.68}
{'loss': 2.5922, 'grad_norm': 2.3021092414855957, 'learning_rate': 1.8378462496109555e-06, 'epoch': 6.69}
{'loss': 2.5695, 'grad_norm': 2.3341562747955322, 'learning_rate': 1.8300653594771242e-06, 'epoch': 6.71}
{'loss': 2.5766, 'grad_norm': 2.3211755752563477, 'learning_rate': 1.8222844693432931e-06, 'epoch': 6.72}
{'eval_loss': 3.0392794609069824, 'eval_runtime': 8.6821, 'eval_samples_per_second': 554.588, 'eval_steps_per_second': 2.188, 'epoch': 6.72}
{'loss': 2.5641, 'grad_norm': 2.270456075668335, 'learning_rate': 1.8145035792094618e-06, 'epoch': 6.74}
{'loss': 2.5438, 'grad_norm': 2.303654193878174, 'learning_rate': 1.8067226890756303e-06, 'epoch': 6.75}
{'loss': 2.5617, 'grad_norm': 2.252420663833618, 'learning_rate': 1.798941798941799e-06, 'epoch': 6.76}
{'loss': 2.6133, 'grad_norm': 2.495659589767456, 'learning_rate': 1.791160908807968e-06, 'epoch': 6.78}
{'loss': 2.5945, 'grad_norm': 2.2496230602264404, 'learning_rate': 1.7833800186741365e-06, 'epoch': 6.79}
{'loss': 2.5375, 'grad_norm': 2.259539842605591, 'learning_rate': 1.7755991285403052e-06, 'epoch': 6.81}
{'loss': 2.5516, 'grad_norm': 2.309919834136963, 'learning_rate': 1.7678182384064737e-06, 'epoch': 6.82}
{'loss': 2.532, 'grad_norm': 2.4035072326660156, 'learning_rate': 1.7600373482726426e-06, 'epoch': 6.83}
{'loss': 2.525, 'grad_norm': 2.3094542026519775, 'learning_rate': 1.7522564581388113e-06, 'epoch': 6.85}
{'loss': 2.557, 'grad_norm': 2.311516284942627, 'learning_rate': 1.74447556800498e-06, 'epoch': 6.86}
{'loss': 2.5242, 'grad_norm': 2.3305511474609375, 'learning_rate': 1.7366946778711485e-06, 'epoch': 6.88}
{'loss': 2.5797, 'grad_norm': 2.2501375675201416, 'learning_rate': 1.7289137877373172e-06, 'epoch': 6.89}
{'loss': 2.5266, 'grad_norm': 2.325777769088745, 'learning_rate': 1.7211328976034861e-06, 'epoch': 6.9}
{'loss': 2.6047, 'grad_norm': 2.3297183513641357, 'learning_rate': 1.7133520074696546e-06, 'epoch': 6.92}
{'loss': 2.543, 'grad_norm': 2.218377113342285, 'learning_rate': 1.7055711173358233e-06, 'epoch': 6.93}
{'loss': 2.5656, 'grad_norm': 2.3300352096557617, 'learning_rate': 1.697790227201992e-06, 'epoch': 6.95}
{'loss': 2.5531, 'grad_norm': 2.305764675140381, 'learning_rate': 1.6900093370681607e-06, 'epoch': 6.96}
{'loss': 2.5633, 'grad_norm': 2.268972158432007, 'learning_rate': 1.6822284469343295e-06, 'epoch': 6.97}
{'loss': 2.5195, 'grad_norm': 2.2706356048583984, 'learning_rate': 1.6744475568004982e-06, 'epoch': 6.99}
{'loss': 2.5969, 'grad_norm': 2.3944337368011475, 'learning_rate': 1.6666666666666667e-06, 'epoch': 7.0}
{'eval_loss': 3.0349392890930176, 'eval_runtime': 8.7979, 'eval_samples_per_second': 547.29, 'eval_steps_per_second': 2.16, 'epoch': 7.0}
{'loss': 2.5281, 'grad_norm': 2.3875677585601807, 'learning_rate': 1.6588857765328356e-06, 'epoch': 7.02}
{'loss': 2.4773, 'grad_norm': 2.526639699935913, 'learning_rate': 1.6511048863990043e-06, 'epoch': 7.03}
{'loss': 2.4922, 'grad_norm': 2.4094295501708984, 'learning_rate': 1.6433239962651728e-06, 'epoch': 7.04}
{'loss': 2.4609, 'grad_norm': 2.3645219802856445, 'learning_rate': 1.6355431061313415e-06, 'epoch': 7.06}
{'loss': 2.4984, 'grad_norm': 2.341857671737671, 'learning_rate': 1.6277622159975104e-06, 'epoch': 7.07}
{'loss': 2.4891, 'grad_norm': 2.392989158630371, 'learning_rate': 1.619981325863679e-06, 'epoch': 7.09}
{'loss': 2.4656, 'grad_norm': 2.45499849319458, 'learning_rate': 1.6122004357298476e-06, 'epoch': 7.1}
{'loss': 2.4734, 'grad_norm': 2.402991771697998, 'learning_rate': 1.6044195455960163e-06, 'epoch': 7.11}
{'loss': 2.5391, 'grad_norm': 2.349694013595581, 'learning_rate': 1.5966386554621848e-06, 'epoch': 7.13}
{'loss': 2.4867, 'grad_norm': 2.565702438354492, 'learning_rate': 1.5888577653283537e-06, 'epoch': 7.14}
{'loss': 2.457, 'grad_norm': 2.56054949760437, 'learning_rate': 1.5810768751945225e-06, 'epoch': 7.16}
{'loss': 2.493, 'grad_norm': 2.402560234069824, 'learning_rate': 1.573295985060691e-06, 'epoch': 7.17}
{'loss': 2.4656, 'grad_norm': 2.5209083557128906, 'learning_rate': 1.5655150949268597e-06, 'epoch': 7.18}
{'loss': 2.493, 'grad_norm': 2.465893268585205, 'learning_rate': 1.5577342047930286e-06, 'epoch': 7.2}
{'loss': 2.5414, 'grad_norm': 2.4822564125061035, 'learning_rate': 1.5499533146591973e-06, 'epoch': 7.21}
{'loss': 2.4875, 'grad_norm': 2.3810596466064453, 'learning_rate': 1.5421724245253658e-06, 'epoch': 7.23}
{'loss': 2.5211, 'grad_norm': 2.4244236946105957, 'learning_rate': 1.5343915343915345e-06, 'epoch': 7.24}
{'loss': 2.5078, 'grad_norm': 2.3632328510284424, 'learning_rate': 1.5266106442577034e-06, 'epoch': 7.25}
{'loss': 2.4766, 'grad_norm': 2.401076555252075, 'learning_rate': 1.518829754123872e-06, 'epoch': 7.27}
{'loss': 2.4766, 'grad_norm': 2.3739125728607178, 'learning_rate': 1.5110488639900406e-06, 'epoch': 7.28}
{'eval_loss': 3.0622830390930176, 'eval_runtime': 8.828, 'eval_samples_per_second': 545.422, 'eval_steps_per_second': 2.152, 'epoch': 7.28}
{'loss': 2.5, 'grad_norm': 2.438055992126465, 'learning_rate': 1.5032679738562091e-06, 'epoch': 7.3}
{'loss': 2.4758, 'grad_norm': 2.53025221824646, 'learning_rate': 1.4954870837223778e-06, 'epoch': 7.31}
{'loss': 2.468, 'grad_norm': 2.4018120765686035, 'learning_rate': 1.4877061935885467e-06, 'epoch': 7.32}
{'loss': 2.5219, 'grad_norm': 2.429791212081909, 'learning_rate': 1.4799253034547154e-06, 'epoch': 7.34}
{'loss': 2.4781, 'grad_norm': 2.5226662158966064, 'learning_rate': 1.472144413320884e-06, 'epoch': 7.35}
{'loss': 2.525, 'grad_norm': 2.575833797454834, 'learning_rate': 1.4643635231870527e-06, 'epoch': 7.37}
{'loss': 2.5016, 'grad_norm': 2.259337902069092, 'learning_rate': 1.4565826330532216e-06, 'epoch': 7.38}
{'loss': 2.518, 'grad_norm': 2.4174413681030273, 'learning_rate': 1.44880174291939e-06, 'epoch': 7.39}
{'loss': 2.4992, 'grad_norm': 2.402294397354126, 'learning_rate': 1.4410208527855588e-06, 'epoch': 7.41}
{'loss': 2.4945, 'grad_norm': 2.5584588050842285, 'learning_rate': 1.4332399626517273e-06, 'epoch': 7.42}
{'loss': 2.4805, 'grad_norm': 2.4226057529449463, 'learning_rate': 1.4254590725178962e-06, 'epoch': 7.44}
{'loss': 2.5, 'grad_norm': 2.44213604927063, 'learning_rate': 1.417678182384065e-06, 'epoch': 7.45}
{'loss': 2.5094, 'grad_norm': 2.5987064838409424, 'learning_rate': 1.4098972922502336e-06, 'epoch': 7.46}
{'loss': 2.5141, 'grad_norm': 2.54794979095459, 'learning_rate': 1.4021164021164021e-06, 'epoch': 7.48}
{'loss': 2.4844, 'grad_norm': 2.339343309402466, 'learning_rate': 1.394335511982571e-06, 'epoch': 7.49}
{'loss': 2.4367, 'grad_norm': 2.526805877685547, 'learning_rate': 1.3865546218487397e-06, 'epoch': 7.51}
{'loss': 2.5148, 'grad_norm': 2.4712610244750977, 'learning_rate': 1.3787737317149082e-06, 'epoch': 7.52}
{'loss': 2.4867, 'grad_norm': 2.368291139602661, 'learning_rate': 1.370992841581077e-06, 'epoch': 7.54}
{'loss': 2.5172, 'grad_norm': 2.6388776302337646, 'learning_rate': 1.3632119514472457e-06, 'epoch': 7.55}
{'loss': 2.5078, 'grad_norm': 2.441481828689575, 'learning_rate': 1.3554310613134144e-06, 'epoch': 7.56}
{'eval_loss': 3.0657551288604736, 'eval_runtime': 9.0368, 'eval_samples_per_second': 532.819, 'eval_steps_per_second': 2.103, 'epoch': 7.56}
{'loss': 2.5195, 'grad_norm': 2.4125773906707764, 'learning_rate': 1.347650171179583e-06, 'epoch': 7.58}
{'loss': 2.493, 'grad_norm': 2.3906619548797607, 'learning_rate': 1.3398692810457518e-06, 'epoch': 7.59}
{'loss': 2.5055, 'grad_norm': 2.5241360664367676, 'learning_rate': 1.3320883909119203e-06, 'epoch': 7.61}
{'loss': 2.5016, 'grad_norm': 2.5552499294281006, 'learning_rate': 1.3243075007780892e-06, 'epoch': 7.62}
{'loss': 2.4969, 'grad_norm': 2.4472806453704834, 'learning_rate': 1.316526610644258e-06, 'epoch': 7.63}
{'loss': 2.4992, 'grad_norm': 2.319544553756714, 'learning_rate': 1.3087457205104264e-06, 'epoch': 7.65}
{'loss': 2.4922, 'grad_norm': 2.4498724937438965, 'learning_rate': 1.300964830376595e-06, 'epoch': 7.66}
{'loss': 2.482, 'grad_norm': 2.339423179626465, 'learning_rate': 1.293183940242764e-06, 'epoch': 7.68}
{'loss': 2.4539, 'grad_norm': 2.376723527908325, 'learning_rate': 1.2854030501089325e-06, 'epoch': 7.69}
{'loss': 2.4734, 'grad_norm': 2.433903217315674, 'learning_rate': 1.2776221599751012e-06, 'epoch': 7.7}
{'loss': 2.4891, 'grad_norm': 2.3565375804901123, 'learning_rate': 1.26984126984127e-06, 'epoch': 7.72}
{'loss': 2.4633, 'grad_norm': 2.4841485023498535, 'learning_rate': 1.2620603797074384e-06, 'epoch': 7.73}
{'loss': 2.4797, 'grad_norm': 2.386979341506958, 'learning_rate': 1.2542794895736074e-06, 'epoch': 7.75}
{'loss': 2.4602, 'grad_norm': 2.487485408782959, 'learning_rate': 1.246498599439776e-06, 'epoch': 7.76}
{'loss': 2.4742, 'grad_norm': 2.440866708755493, 'learning_rate': 1.2387177093059446e-06, 'epoch': 7.77}
{'loss': 2.4648, 'grad_norm': 2.425398349761963, 'learning_rate': 1.2309368191721135e-06, 'epoch': 7.79}
{'loss': 2.4508, 'grad_norm': 2.5497028827667236, 'learning_rate': 1.223155929038282e-06, 'epoch': 7.8}
{'loss': 2.5164, 'grad_norm': 2.4116156101226807, 'learning_rate': 1.215375038904451e-06, 'epoch': 7.82}
{'loss': 2.5023, 'grad_norm': 2.4802262783050537, 'learning_rate': 1.2075941487706194e-06, 'epoch': 7.83}
{'loss': 2.5125, 'grad_norm': 2.273465633392334, 'learning_rate': 1.199813258636788e-06, 'epoch': 7.84}
{'eval_loss': 3.059027671813965, 'eval_runtime': 9.0202, 'eval_samples_per_second': 533.803, 'eval_steps_per_second': 2.106, 'epoch': 7.84}
{'loss': 2.4711, 'grad_norm': 2.3701748847961426, 'learning_rate': 1.1920323685029568e-06, 'epoch': 7.86}
{'loss': 2.475, 'grad_norm': 2.503765344619751, 'learning_rate': 1.1842514783691255e-06, 'epoch': 7.87}
{'loss': 2.4953, 'grad_norm': 2.502267837524414, 'learning_rate': 1.1764705882352942e-06, 'epoch': 7.89}
{'loss': 2.5133, 'grad_norm': 2.467411518096924, 'learning_rate': 1.168689698101463e-06, 'epoch': 7.9}
{'loss': 2.4859, 'grad_norm': 2.5018362998962402, 'learning_rate': 1.1609088079676316e-06, 'epoch': 7.91}
{'loss': 2.5008, 'grad_norm': 2.44234561920166, 'learning_rate': 1.1531279178338004e-06, 'epoch': 7.93}
{'loss': 2.5031, 'grad_norm': 2.3951032161712646, 'learning_rate': 1.145347027699969e-06, 'epoch': 7.94}
{'loss': 2.507, 'grad_norm': 2.3789350986480713, 'learning_rate': 1.1375661375661376e-06, 'epoch': 7.96}
{'loss': 2.5, 'grad_norm': 2.5207481384277344, 'learning_rate': 1.1297852474323063e-06, 'epoch': 7.97}
{'loss': 2.4844, 'grad_norm': 2.5194618701934814, 'learning_rate': 1.122004357298475e-06, 'epoch': 7.98}
{'loss': 2.4852, 'grad_norm': 2.5993847846984863, 'learning_rate': 1.1142234671646437e-06, 'epoch': 8.0}
{'loss': 2.4648, 'grad_norm': 2.507593870162964, 'learning_rate': 1.1064425770308124e-06, 'epoch': 8.01}
{'loss': 2.4336, 'grad_norm': 2.5318856239318848, 'learning_rate': 1.098661686896981e-06, 'epoch': 8.03}
{'loss': 2.4445, 'grad_norm': 2.5527732372283936, 'learning_rate': 1.0908807967631498e-06, 'epoch': 8.04}
{'loss': 2.4422, 'grad_norm': 2.437039852142334, 'learning_rate': 1.0830999066293185e-06, 'epoch': 8.05}
{'loss': 2.4562, 'grad_norm': 2.471388578414917, 'learning_rate': 1.0753190164954872e-06, 'epoch': 8.07}
{'loss': 2.4594, 'grad_norm': 2.5496199131011963, 'learning_rate': 1.067538126361656e-06, 'epoch': 8.08}
{'loss': 2.4258, 'grad_norm': 2.4890615940093994, 'learning_rate': 1.0597572362278244e-06, 'epoch': 8.1}
{'loss': 2.4438, 'grad_norm': 2.4092483520507812, 'learning_rate': 1.0519763460939933e-06, 'epoch': 8.11}
{'loss': 2.4344, 'grad_norm': 2.6282732486724854, 'learning_rate': 1.0441954559601618e-06, 'epoch': 8.12}
{'eval_loss': 3.083984375, 'eval_runtime': 9.0934, 'eval_samples_per_second': 529.506, 'eval_steps_per_second': 2.089, 'epoch': 8.12}
{'loss': 2.4555, 'grad_norm': 2.5338590145111084, 'learning_rate': 1.0364145658263308e-06, 'epoch': 8.14}
{'loss': 2.468, 'grad_norm': 2.4994592666625977, 'learning_rate': 1.0286336756924993e-06, 'epoch': 8.15}
{'loss': 2.443, 'grad_norm': 2.455448627471924, 'learning_rate': 1.020852785558668e-06, 'epoch': 8.17}
{'loss': 2.4203, 'grad_norm': 2.47237491607666, 'learning_rate': 1.0130718954248367e-06, 'epoch': 8.18}
{'loss': 2.4398, 'grad_norm': 2.6654396057128906, 'learning_rate': 1.0052910052910054e-06, 'epoch': 8.19}
{'loss': 2.4242, 'grad_norm': 2.5111565589904785, 'learning_rate': 9.97510115157174e-07, 'epoch': 8.21}
{'loss': 2.4813, 'grad_norm': 2.563633918762207, 'learning_rate': 9.897292250233428e-07, 'epoch': 8.22}
{'loss': 2.4461, 'grad_norm': 2.467344045639038, 'learning_rate': 9.819483348895115e-07, 'epoch': 8.24}
{'loss': 2.4336, 'grad_norm': 2.5791072845458984, 'learning_rate': 9.7416744475568e-07, 'epoch': 8.25}
{'loss': 2.4523, 'grad_norm': 2.5539464950561523, 'learning_rate': 9.66386554621849e-07, 'epoch': 8.26}
{'loss': 2.4711, 'grad_norm': 2.600484609603882, 'learning_rate': 9.586056644880174e-07, 'epoch': 8.28}
{'loss': 2.45, 'grad_norm': 2.5290279388427734, 'learning_rate': 9.508247743541862e-07, 'epoch': 8.29}
{'loss': 2.4188, 'grad_norm': 2.480483293533325, 'learning_rate': 9.430438842203548e-07, 'epoch': 8.31}
{'loss': 2.4094, 'grad_norm': 2.5376060009002686, 'learning_rate': 9.352629940865237e-07, 'epoch': 8.32}
{'loss': 2.4383, 'grad_norm': 2.5753731727600098, 'learning_rate': 9.274821039526923e-07, 'epoch': 8.33}
{'loss': 2.4438, 'grad_norm': 2.5123496055603027, 'learning_rate': 9.19701213818861e-07, 'epoch': 8.35}
{'loss': 2.4383, 'grad_norm': 2.447246789932251, 'learning_rate': 9.119203236850297e-07, 'epoch': 8.36}
{'loss': 2.4047, 'grad_norm': 2.6534976959228516, 'learning_rate': 9.041394335511983e-07, 'epoch': 8.38}
{'loss': 2.4359, 'grad_norm': 2.461151123046875, 'learning_rate': 8.96358543417367e-07, 'epoch': 8.39}
{'loss': 2.4664, 'grad_norm': 2.5206170082092285, 'learning_rate': 8.885776532835357e-07, 'epoch': 8.4}
{'eval_loss': 3.083550453186035, 'eval_runtime': 9.0446, 'eval_samples_per_second': 532.364, 'eval_steps_per_second': 2.101, 'epoch': 8.4}
{'loss': 2.3984, 'grad_norm': 2.629220962524414, 'learning_rate': 8.807967631497044e-07, 'epoch': 8.42}
{'loss': 2.4219, 'grad_norm': 2.565916061401367, 'learning_rate': 8.73015873015873e-07, 'epoch': 8.43}
{'loss': 2.4344, 'grad_norm': 2.523980140686035, 'learning_rate': 8.652349828820418e-07, 'epoch': 8.45}
{'loss': 2.4766, 'grad_norm': 2.563119649887085, 'learning_rate': 8.574540927482104e-07, 'epoch': 8.46}
{'loss': 2.4383, 'grad_norm': 2.609739065170288, 'learning_rate': 8.496732026143792e-07, 'epoch': 8.47}
{'loss': 2.4258, 'grad_norm': 2.5669500827789307, 'learning_rate': 8.418923124805478e-07, 'epoch': 8.49}
{'loss': 2.4695, 'grad_norm': 2.5853281021118164, 'learning_rate': 8.341114223467165e-07, 'epoch': 8.5}
{'loss': 2.4547, 'grad_norm': 2.459364891052246, 'learning_rate': 8.263305322128853e-07, 'epoch': 8.52}
{'loss': 2.4609, 'grad_norm': 2.5573902130126953, 'learning_rate': 8.18549642079054e-07, 'epoch': 8.53}
{'loss': 2.4578, 'grad_norm': 2.4578683376312256, 'learning_rate': 8.107687519452226e-07, 'epoch': 8.54}
{'loss': 2.4531, 'grad_norm': 2.584855794906616, 'learning_rate': 8.029878618113914e-07, 'epoch': 8.56}
{'loss': 2.4422, 'grad_norm': 2.5332891941070557, 'learning_rate': 7.9520697167756e-07, 'epoch': 8.57}
{'loss': 2.4383, 'grad_norm': 2.568718433380127, 'learning_rate': 7.874260815437286e-07, 'epoch': 8.59}
{'loss': 2.4633, 'grad_norm': 2.6629765033721924, 'learning_rate': 7.796451914098974e-07, 'epoch': 8.6}
{'loss': 2.4578, 'grad_norm': 2.5342648029327393, 'learning_rate': 7.71864301276066e-07, 'epoch': 8.61}
{'loss': 2.4031, 'grad_norm': 2.6202757358551025, 'learning_rate': 7.640834111422347e-07, 'epoch': 8.63}
{'loss': 2.4359, 'grad_norm': 2.5815675258636475, 'learning_rate': 7.563025210084034e-07, 'epoch': 8.64}
{'loss': 2.4758, 'grad_norm': 2.58363676071167, 'learning_rate': 7.485216308745721e-07, 'epoch': 8.66}
{'loss': 2.4359, 'grad_norm': 2.6235756874084473, 'learning_rate': 7.407407407407407e-07, 'epoch': 8.67}
{'loss': 2.4328, 'grad_norm': 2.5911574363708496, 'learning_rate': 7.329598506069095e-07, 'epoch': 8.68}
{'eval_loss': 3.0833332538604736, 'eval_runtime': 8.7816, 'eval_samples_per_second': 548.307, 'eval_steps_per_second': 2.164, 'epoch': 8.68}
{'loss': 2.4953, 'grad_norm': 2.5235917568206787, 'learning_rate': 7.251789604730781e-07, 'epoch': 8.7}
{'loss': 2.4328, 'grad_norm': 2.578699827194214, 'learning_rate': 7.17398070339247e-07, 'epoch': 8.71}
{'loss': 2.4672, 'grad_norm': 2.555063009262085, 'learning_rate': 7.096171802054156e-07, 'epoch': 8.73}
{'loss': 2.4617, 'grad_norm': 2.6295201778411865, 'learning_rate': 7.018362900715843e-07, 'epoch': 8.74}
{'loss': 2.4805, 'grad_norm': 2.595534086227417, 'learning_rate': 6.940553999377529e-07, 'epoch': 8.75}
{'loss': 2.432, 'grad_norm': 2.4983019828796387, 'learning_rate': 6.862745098039217e-07, 'epoch': 8.77}
{'loss': 2.4445, 'grad_norm': 2.523959159851074, 'learning_rate': 6.784936196700903e-07, 'epoch': 8.78}
{'loss': 2.4297, 'grad_norm': 2.5796396732330322, 'learning_rate': 6.707127295362591e-07, 'epoch': 8.8}
{'loss': 2.4484, 'grad_norm': 2.5082650184631348, 'learning_rate': 6.629318394024277e-07, 'epoch': 8.81}
{'loss': 2.4781, 'grad_norm': 2.6449902057647705, 'learning_rate': 6.551509492685963e-07, 'epoch': 8.82}
{'loss': 2.4805, 'grad_norm': 2.6207897663116455, 'learning_rate': 6.473700591347651e-07, 'epoch': 8.84}
{'loss': 2.4633, 'grad_norm': 2.5604724884033203, 'learning_rate': 6.395891690009337e-07, 'epoch': 8.85}
{'loss': 2.4141, 'grad_norm': 2.64469313621521, 'learning_rate': 6.318082788671024e-07, 'epoch': 8.87}
{'loss': 2.4391, 'grad_norm': 2.64774227142334, 'learning_rate': 6.240273887332711e-07, 'epoch': 8.88}
{'loss': 2.4633, 'grad_norm': 2.458465814590454, 'learning_rate': 6.162464985994398e-07, 'epoch': 8.89}
{'loss': 2.4344, 'grad_norm': 2.562828302383423, 'learning_rate': 6.084656084656085e-07, 'epoch': 8.91}
{'loss': 2.4484, 'grad_norm': 2.6020889282226562, 'learning_rate': 6.006847183317772e-07, 'epoch': 8.92}
{'loss': 2.4547, 'grad_norm': 2.4517343044281006, 'learning_rate': 5.929038281979459e-07, 'epoch': 8.94}
{'loss': 2.4383, 'grad_norm': 2.611504554748535, 'learning_rate': 5.851229380641146e-07, 'epoch': 8.95}
{'loss': 2.4539, 'grad_norm': 2.4607388973236084, 'learning_rate': 5.773420479302833e-07, 'epoch': 8.96}
{'eval_loss': 3.0826823711395264, 'eval_runtime': 9.0721, 'eval_samples_per_second': 530.749, 'eval_steps_per_second': 2.094, 'epoch': 8.96}
{'loss': 2.4406, 'grad_norm': 2.6068215370178223, 'learning_rate': 5.69561157796452e-07, 'epoch': 8.98}
{'loss': 2.4828, 'grad_norm': 2.476341962814331, 'learning_rate': 5.617802676626206e-07, 'epoch': 8.99}
{'loss': 2.432, 'grad_norm': 2.5875930786132812, 'learning_rate': 5.539993775287893e-07, 'epoch': 9.01}
{'loss': 2.4172, 'grad_norm': 2.479419469833374, 'learning_rate': 5.46218487394958e-07, 'epoch': 9.02}
{'loss': 2.4211, 'grad_norm': 2.566500186920166, 'learning_rate': 5.384375972611267e-07, 'epoch': 9.03}
{'loss': 2.4219, 'grad_norm': 2.5900914669036865, 'learning_rate': 5.306567071272954e-07, 'epoch': 9.05}
{'loss': 2.4336, 'grad_norm': 2.629523992538452, 'learning_rate': 5.228758169934641e-07, 'epoch': 9.06}
{'loss': 2.3922, 'grad_norm': 2.5931851863861084, 'learning_rate': 5.150949268596328e-07, 'epoch': 9.08}
{'loss': 2.3828, 'grad_norm': 2.5662336349487305, 'learning_rate': 5.073140367258014e-07, 'epoch': 9.09}
{'loss': 2.3937, 'grad_norm': 2.5711164474487305, 'learning_rate': 4.995331465919702e-07, 'epoch': 9.1}
{'loss': 2.4, 'grad_norm': 2.5975022315979004, 'learning_rate': 4.917522564581389e-07, 'epoch': 9.12}
{'loss': 2.3633, 'grad_norm': 2.7359397411346436, 'learning_rate': 4.839713663243075e-07, 'epoch': 9.13}
{'loss': 2.3992, 'grad_norm': 2.6469364166259766, 'learning_rate': 4.7619047619047623e-07, 'epoch': 9.15}
{'loss': 2.45, 'grad_norm': 2.5583415031433105, 'learning_rate': 4.684095860566449e-07, 'epoch': 9.16}
{'loss': 2.3859, 'grad_norm': 2.6853678226470947, 'learning_rate': 4.606286959228136e-07, 'epoch': 9.17}
{'loss': 2.4062, 'grad_norm': 2.6314151287078857, 'learning_rate': 4.528478057889823e-07, 'epoch': 9.19}
{'loss': 2.382, 'grad_norm': 2.685027837753296, 'learning_rate': 4.4506691565515095e-07, 'epoch': 9.2}
{'loss': 2.4062, 'grad_norm': 2.524578809738159, 'learning_rate': 4.3728602552131966e-07, 'epoch': 9.22}
{'loss': 2.4047, 'grad_norm': 2.7219669818878174, 'learning_rate': 4.2950513538748837e-07, 'epoch': 9.23}
{'loss': 2.3992, 'grad_norm': 2.589538812637329, 'learning_rate': 4.217242452536571e-07, 'epoch': 9.24}
{'eval_loss': 3.0983073711395264, 'eval_runtime': 8.863, 'eval_samples_per_second': 543.268, 'eval_steps_per_second': 2.144, 'epoch': 9.24}
{'loss': 2.4281, 'grad_norm': 2.5963268280029297, 'learning_rate': 4.1394335511982573e-07, 'epoch': 9.26}
{'loss': 2.457, 'grad_norm': 2.6624510288238525, 'learning_rate': 4.0616246498599444e-07, 'epoch': 9.27}
{'loss': 2.407, 'grad_norm': 2.6894538402557373, 'learning_rate': 3.9838157485216315e-07, 'epoch': 9.29}
{'loss': 2.382, 'grad_norm': 2.6413674354553223, 'learning_rate': 3.906006847183318e-07, 'epoch': 9.3}
{'loss': 2.4211, 'grad_norm': 2.5808489322662354, 'learning_rate': 3.828197945845005e-07, 'epoch': 9.31}
{'loss': 2.4195, 'grad_norm': 2.5682425498962402, 'learning_rate': 3.750389044506692e-07, 'epoch': 9.33}
{'loss': 2.4227, 'grad_norm': 2.682551383972168, 'learning_rate': 3.672580143168378e-07, 'epoch': 9.34}
{'loss': 2.4516, 'grad_norm': 2.603862762451172, 'learning_rate': 3.5947712418300653e-07, 'epoch': 9.36}
{'loss': 2.4398, 'grad_norm': 2.7026479244232178, 'learning_rate': 3.5169623404917524e-07, 'epoch': 9.37}
{'loss': 2.4484, 'grad_norm': 2.7138984203338623, 'learning_rate': 3.4391534391534395e-07, 'epoch': 9.38}
{'loss': 2.3898, 'grad_norm': 2.524186134338379, 'learning_rate': 3.361344537815126e-07, 'epoch': 9.4}
{'loss': 2.3969, 'grad_norm': 2.6037099361419678, 'learning_rate': 3.283535636476813e-07, 'epoch': 9.41}
{'loss': 2.4172, 'grad_norm': 2.752110719680786, 'learning_rate': 3.2057267351385e-07, 'epoch': 9.43}
{'loss': 2.3781, 'grad_norm': 2.60990834236145, 'learning_rate': 3.127917833800187e-07, 'epoch': 9.44}
{'loss': 2.4406, 'grad_norm': 2.642442464828491, 'learning_rate': 3.050108932461874e-07, 'epoch': 9.45}
{'loss': 2.4281, 'grad_norm': 2.573044776916504, 'learning_rate': 2.972300031123561e-07, 'epoch': 9.47}
{'loss': 2.4578, 'grad_norm': 2.613069772720337, 'learning_rate': 2.894491129785248e-07, 'epoch': 9.48}
{'loss': 2.4211, 'grad_norm': 2.5502028465270996, 'learning_rate': 2.8166822284469346e-07, 'epoch': 9.5}
{'loss': 2.4273, 'grad_norm': 2.699233055114746, 'learning_rate': 2.738873327108621e-07, 'epoch': 9.51}
{'loss': 2.3719, 'grad_norm': 2.5365803241729736, 'learning_rate': 2.661064425770308e-07, 'epoch': 9.52}
{'eval_loss': 3.0970051288604736, 'eval_runtime': 8.9133, 'eval_samples_per_second': 540.202, 'eval_steps_per_second': 2.132, 'epoch': 9.52}
{'loss': 2.3805, 'grad_norm': 2.5800366401672363, 'learning_rate': 2.5832555244319953e-07, 'epoch': 9.54}
{'loss': 2.4281, 'grad_norm': 2.542118787765503, 'learning_rate': 2.5054466230936824e-07, 'epoch': 9.55}
{'loss': 2.4078, 'grad_norm': 2.6062629222869873, 'learning_rate': 2.427637721755369e-07, 'epoch': 9.57}
{'loss': 2.418, 'grad_norm': 2.5587167739868164, 'learning_rate': 2.349828820417056e-07, 'epoch': 9.58}
{'loss': 2.4203, 'grad_norm': 2.5941812992095947, 'learning_rate': 2.2720199190787428e-07, 'epoch': 9.59}
{'loss': 2.425, 'grad_norm': 2.781362533569336, 'learning_rate': 2.1942110177404294e-07, 'epoch': 9.61}
{'loss': 2.4266, 'grad_norm': 2.563657522201538, 'learning_rate': 2.1164021164021165e-07, 'epoch': 9.62}
{'loss': 2.4023, 'grad_norm': 2.4691693782806396, 'learning_rate': 2.0385932150638033e-07, 'epoch': 9.64}
{'loss': 2.4609, 'grad_norm': 2.6791727542877197, 'learning_rate': 1.9607843137254904e-07, 'epoch': 9.65}
{'loss': 2.4484, 'grad_norm': 2.5663416385650635, 'learning_rate': 1.8829754123871772e-07, 'epoch': 9.66}
{'loss': 2.3797, 'grad_norm': 2.5659937858581543, 'learning_rate': 1.8051665110488643e-07, 'epoch': 9.68}
{'loss': 2.393, 'grad_norm': 2.564277172088623, 'learning_rate': 1.727357609710551e-07, 'epoch': 9.69}
{'loss': 2.4016, 'grad_norm': 2.687567949295044, 'learning_rate': 1.6495487083722382e-07, 'epoch': 9.71}
{'loss': 2.4031, 'grad_norm': 2.650043487548828, 'learning_rate': 1.5717398070339247e-07, 'epoch': 9.72}
{'loss': 2.425, 'grad_norm': 2.466878652572632, 'learning_rate': 1.4939309056956118e-07, 'epoch': 9.73}
{'loss': 2.4039, 'grad_norm': 2.5384092330932617, 'learning_rate': 1.4161220043572986e-07, 'epoch': 9.75}
{'loss': 2.425, 'grad_norm': 2.6395013332366943, 'learning_rate': 1.3383131030189855e-07, 'epoch': 9.76}
{'loss': 2.393, 'grad_norm': 2.53586745262146, 'learning_rate': 1.2605042016806723e-07, 'epoch': 9.78}
{'loss': 2.4312, 'grad_norm': 2.658536911010742, 'learning_rate': 1.1826953003423594e-07, 'epoch': 9.79}
{'loss': 2.4266, 'grad_norm': 2.549804925918579, 'learning_rate': 1.104886399004046e-07, 'epoch': 9.8}
{'eval_loss': 3.0978732109069824, 'eval_runtime': 8.5248, 'eval_samples_per_second': 564.826, 'eval_steps_per_second': 2.229, 'epoch': 9.8}
{'loss': 2.3977, 'grad_norm': 2.7360994815826416, 'learning_rate': 1.027077497665733e-07, 'epoch': 9.82}
{'loss': 2.4148, 'grad_norm': 2.5859744548797607, 'learning_rate': 9.4926859632742e-08, 'epoch': 9.83}
{'loss': 2.4297, 'grad_norm': 2.5702083110809326, 'learning_rate': 8.714596949891069e-08, 'epoch': 9.85}
{'loss': 2.4219, 'grad_norm': 2.557011127471924, 'learning_rate': 7.936507936507937e-08, 'epoch': 9.86}
{'loss': 2.3898, 'grad_norm': 2.5998752117156982, 'learning_rate': 7.158418923124807e-08, 'epoch': 9.87}
{'loss': 2.4367, 'grad_norm': 2.5902974605560303, 'learning_rate': 6.380329909741675e-08, 'epoch': 9.89}
{'loss': 2.4281, 'grad_norm': 2.702742338180542, 'learning_rate': 5.6022408963585437e-08, 'epoch': 9.9}
{'loss': 2.4109, 'grad_norm': 2.591487407684326, 'learning_rate': 4.8241518829754125e-08, 'epoch': 9.92}
{'loss': 2.4406, 'grad_norm': 2.5423080921173096, 'learning_rate': 4.046062869592282e-08, 'epoch': 9.93}
{'loss': 2.418, 'grad_norm': 2.486419677734375, 'learning_rate': 3.267973856209151e-08, 'epoch': 9.94}
{'loss': 2.4414, 'grad_norm': 2.5919721126556396, 'learning_rate': 2.4898848428260197e-08, 'epoch': 9.96}
{'loss': 2.4109, 'grad_norm': 2.7082884311676025, 'learning_rate': 1.7117958294428882e-08, 'epoch': 9.97}
{'loss': 2.4211, 'grad_norm': 2.610281467437744, 'learning_rate': 9.337068160597574e-09, 'epoch': 9.99}
{'loss': 2.4008, 'grad_norm': 2.6115119457244873, 'learning_rate': 1.5561780267662623e-09, 'epoch': 10.0}
{'train_runtime': 20288.2039, 'train_samples_per_second': 45.083, 'train_steps_per_second': 0.176, 'train_loss': 2.733419774159664, 'epoch': 10.0}
[1;34mwandb[0m: 🚀 View run [33m/data/user_data/jingyuah/LLARA/checkpoints/Pixel200K_item_token_EBAE_ar_only_pythia_1b[0m at: [34mhttps://wandb.ai/jingyuanhe1222/LLARA_pretrain/runs/9hfb5ebt[0m
[1;34mwandb[0m: Find logs at: [1;35mwandb/run-20241114_225129-9hfb5ebt/logs[0m
