[2024-11-15 16:35:51,382] [INFO] [real_accelerator.py:203:get_accelerator] Setting ds_accelerator to cuda (auto detect)
[2024-11-15 16:35:51,382] [INFO] [real_accelerator.py:203:get_accelerator] Setting ds_accelerator to cuda (auto detect)
Warning: The default cache directory for DeepSpeed Triton autotune, /home/jingyuah/.triton/autotune, appears to be on an NFS system. While this is generally acceptable, if you experience slowdowns or hanging when DeepSpeed exits, it is recommended to set the TRITON_CACHE_DIR environment variable to a non-NFS path.Warning: The default cache directory for DeepSpeed Triton autotune, /home/jingyuah/.triton/autotune, appears to be on an NFS system. While this is generally acceptable, if you experience slowdowns or hanging when DeepSpeed exits, it is recommended to set the TRITON_CACHE_DIR environment variable to a non-NFS path.

[93m [WARNING] [0m async_io requires the dev libaio .so object and headers but these were not found.
[93m [WARNING] [0m async_io requires the dev libaio .so object and headers but these were not found.
[93m [WARNING] [0m If libaio is already installed (perhaps from source), try setting the CFLAGS and LDFLAGS environment variables to where it can be found.[93m [WARNING] [0m If libaio is already installed (perhaps from source), try setting the CFLAGS and LDFLAGS environment variables to where it can be found.

[93m [WARNING] [0m Please specify the CUTLASS repo directory as environment variable $CUTLASS_PATH[93m [WARNING] [0m Please specify the CUTLASS repo directory as environment variable $CUTLASS_PATH

[93m [WARNING] [0m sparse_attn requires a torch version >= 1.5 and < 2.0 but detected 2.1[93m [WARNING] [0m sparse_attn requires a torch version >= 1.5 and < 2.0 but detected 2.1

[93m [WARNING] [0m using untested triton version (2.1.0), only 1.0.0 is known to be compatible[93m [WARNING] [0m using untested triton version (2.1.0), only 1.0.0 is known to be compatible

[2024-11-15 16:35:52,547] [INFO] [comm.py:637:init_distributed] cdb=None
[2024-11-15 16:35:52,547] [INFO] [comm.py:637:init_distributed] cdb=None
[2024-11-15 16:35:52,547] [INFO] [comm.py:668:init_distributed] Initializing TorchBackend in DeepSpeed with backend nccl
{'loss': 5.5219, 'grad_norm': 3181.318359375, 'learning_rate': 1.4522300729048669e-05, 'epoch': 0.02}
{'loss': 5.3563, 'grad_norm': 2058.54345703125, 'learning_rate': 2.0776715222342078e-05, 'epoch': 0.04}
{'loss': 5.1937, 'grad_norm': 6789.818359375, 'learning_rate': 2.443531316488563e-05, 'epoch': 0.06}
{'loss': 5.2625, 'grad_norm': 4173.03955078125, 'learning_rate': 2.7031129715635483e-05, 'epoch': 0.08}
{'loss': 5.3563, 'grad_norm': 8181.59716796875, 'learning_rate': 2.9044601458097338e-05, 'epoch': 0.1}
{'loss': 5.3531, 'grad_norm': 4396.58740234375, 'learning_rate': 3.068972765817904e-05, 'epoch': 0.12}
{'loss': 5.2469, 'grad_norm': 3147.91748046875, 'learning_rate': 3.208066204138433e-05, 'epoch': 0.14}
{'loss': 5.1219, 'grad_norm': 7772.25244140625, 'learning_rate': 3.3285544208928895e-05, 'epoch': 0.16}
{'loss': 5.0781, 'grad_norm': 4268.41796875, 'learning_rate': 3.434832560072259e-05, 'epoch': 0.18}
{'loss': 5.0219, 'grad_norm': 5242.34326171875, 'learning_rate': 3.529901595139074e-05, 'epoch': 0.2}
{'loss': 4.9938, 'grad_norm': 11226.76953125, 'learning_rate': 3.615901998321126e-05, 'epoch': 0.22}
{'loss': 4.9938, 'grad_norm': 5090.00390625, 'learning_rate': 3.694414215147244e-05, 'epoch': 0.24}
{'loss': 5.0625, 'grad_norm': 5118.1865234375, 'learning_rate': 3.7666384533748886e-05, 'epoch': 0.25}
{'loss': 5.7469, 'grad_norm': 1892.27294921875, 'learning_rate': 3.833507653467774e-05, 'epoch': 0.27}
{'loss': 6.0187, 'grad_norm': 799.4365234375, 'learning_rate': 3.89576138939343e-05, 'epoch': 0.29}
{'loss': 6.0062, 'grad_norm': 964.5702514648438, 'learning_rate': 3.953995870222229e-05, 'epoch': 0.31}
{'loss': 6.7062, 'grad_norm': 326.5430908203125, 'learning_rate': 4.0086987564163044e-05, 'epoch': 0.33}
{'loss': 6.3812, 'grad_norm': 496.4659423828125, 'learning_rate': 4.0602740094016e-05, 'epoch': 0.35}
{'loss': 6.3844, 'grad_norm': 2208.27197265625, 'learning_rate': 4.1090600135590055e-05, 'epoch': 0.37}
{'loss': 6.7531, 'grad_norm': 1738.982666015625, 'learning_rate': 4.1553430444684155e-05, 'epoch': 0.39}
{'eval_loss': 7.120192527770996, 'eval_runtime': 2.8908, 'eval_samples_per_second': 1190.345, 'eval_steps_per_second': 4.843, 'epoch': 0.39}
{'loss': 7.1937, 'grad_norm': 1406.7991943359375, 'learning_rate': 4.199367447722129e-05, 'epoch': 0.41}
{'loss': 7.4531, 'grad_norm': 320.9764099121094, 'learning_rate': 4.241343447650467e-05, 'epoch': 0.43}
{'loss': 8.3688, 'grad_norm': 453.9222717285156, 'learning_rate': 4.281453218832233e-05, 'epoch': 0.45}
{'loss': 8.9688, 'grad_norm': 1927.8232421875, 'learning_rate': 4.319855664476585e-05, 'epoch': 0.47}
{'loss': 8.5594, 'grad_norm': 291.19140625, 'learning_rate': 4.356690218714601e-05, 'epoch': 0.49}
{'loss': 7.3156, 'grad_norm': 169.00941467285156, 'learning_rate': 4.392079902704229e-05, 'epoch': 0.51}
{'loss': 7.1906, 'grad_norm': 333.8572692871094, 'learning_rate': 4.4261338036559555e-05, 'epoch': 0.53}
{'loss': 6.8937, 'grad_norm': 227.85487365722656, 'learning_rate': 4.458949102797114e-05, 'epoch': 0.55}
{'loss': 6.7031, 'grad_norm': 101.53795623779297, 'learning_rate': 4.4906127473118487e-05, 'epoch': 0.57}
{'loss': 7.1344, 'grad_norm': 197.51162719726562, 'learning_rate': 4.521202838722771e-05, 'epoch': 0.59}
{'loss': 6.9125, 'grad_norm': 38.90210723876953, 'learning_rate': 4.550789793535307e-05, 'epoch': 0.61}
{'loss': 6.6344, 'grad_norm': 60.11600875854492, 'learning_rate': 4.5794373195515705e-05, 'epoch': 0.63}
{'loss': 6.3688, 'grad_norm': 117.90196990966797, 'learning_rate': 4.607203241904821e-05, 'epoch': 0.65}
{'loss': 6.1875, 'grad_norm': 292.3199462890625, 'learning_rate': 4.634140205745645e-05, 'epoch': 0.67}
{'loss': 6.2969, 'grad_norm': 171.80494689941406, 'learning_rate': 4.6602962770433004e-05, 'epoch': 0.69}
{'loss': 6.1437, 'grad_norm': 134.88540649414062, 'learning_rate': 4.6857154587309406e-05, 'epoch': 0.71}
{'loss': 5.8781, 'grad_norm': 1045.408203125, 'learning_rate': 4.710438136117449e-05, 'epoch': 0.73}
{'loss': 6.0312, 'grad_norm': 385.77197265625, 'learning_rate': 4.734501462888347e-05, 'epoch': 0.75}
{'loss': 5.9813, 'grad_norm': 555.557861328125, 'learning_rate': 4.757939696958585e-05, 'epoch': 0.76}
{'loss': 5.7, 'grad_norm': 290.79144287109375, 'learning_rate': 4.780784493797756e-05, 'epoch': 0.78}
{'eval_loss': 5.784855842590332, 'eval_runtime': 2.8672, 'eval_samples_per_second': 1200.121, 'eval_steps_per_second': 4.883, 'epoch': 0.78}
{'loss': 5.7125, 'grad_norm': 101.7759780883789, 'learning_rate': 4.803065163530516e-05, 'epoch': 0.8}
{'loss': 5.7406, 'grad_norm': 135.475830078125, 'learning_rate': 4.82480889705147e-05, 'epoch': 0.82}
{'loss': 5.8125, 'grad_norm': 105.59813690185547, 'learning_rate': 4.846040965530466e-05, 'epoch': 0.84}
{'loss': 5.8375, 'grad_norm': 308.86968994140625, 'learning_rate': 4.866784896979807e-05, 'epoch': 0.86}
{'loss': 5.95, 'grad_norm': 366.1542663574219, 'learning_rate': 4.887062632977126e-05, 'epoch': 0.88}
{'loss': 5.7875, 'grad_norm': 194.8950958251953, 'learning_rate': 4.9068946681615733e-05, 'epoch': 0.9}
{'loss': 5.7406, 'grad_norm': 243.29415893554688, 'learning_rate': 4.926300174726727e-05, 'epoch': 0.92}
{'loss': 5.7875, 'grad_norm': 222.2471466064453, 'learning_rate': 4.9452971138059265e-05, 'epoch': 0.94}
{'loss': 5.8031, 'grad_norm': 636.6448974609375, 'learning_rate': 4.9639023353719996e-05, 'epoch': 0.96}
{'loss': 5.9281, 'grad_norm': 38.624549865722656, 'learning_rate': 4.982131668043941e-05, 'epoch': 0.98}
{'loss': 6.1406, 'grad_norm': 131.11419677734375, 'learning_rate': 5e-05, 'epoch': 1.0}
{'loss': 6.35, 'grad_norm': 141.37942504882812, 'learning_rate': 4.9912854030501096e-05, 'epoch': 1.02}
{'loss': 6.175, 'grad_norm': 81.68508911132812, 'learning_rate': 4.980392156862745e-05, 'epoch': 1.04}
{'loss': 6.1094, 'grad_norm': 222.74269104003906, 'learning_rate': 4.969498910675381e-05, 'epoch': 1.06}
{'loss': 6.2719, 'grad_norm': 377.98260498046875, 'learning_rate': 4.9586056644880175e-05, 'epoch': 1.08}
{'loss': 6.4719, 'grad_norm': 254.66229248046875, 'learning_rate': 4.947712418300654e-05, 'epoch': 1.1}
{'loss': 6.1844, 'grad_norm': 65.32769012451172, 'learning_rate': 4.93681917211329e-05, 'epoch': 1.12}
{'loss': 5.8781, 'grad_norm': 39.863800048828125, 'learning_rate': 4.925925925925926e-05, 'epoch': 1.14}
{'loss': 5.7125, 'grad_norm': 31.264802932739258, 'learning_rate': 4.915032679738562e-05, 'epoch': 1.16}
{'loss': 5.6656, 'grad_norm': 28.29375457763672, 'learning_rate': 4.9041394335511985e-05, 'epoch': 1.18}
{'eval_loss': 5.67067289352417, 'eval_runtime': 2.8846, 'eval_samples_per_second': 1192.904, 'eval_steps_per_second': 4.853, 'epoch': 1.18}
{'loss': 5.725, 'grad_norm': 63.26237106323242, 'learning_rate': 4.8932461873638346e-05, 'epoch': 1.2}
{'loss': 5.7969, 'grad_norm': 287.92852783203125, 'learning_rate': 4.882352941176471e-05, 'epoch': 1.22}
{'loss': 5.8875, 'grad_norm': 95.03964233398438, 'learning_rate': 4.871459694989107e-05, 'epoch': 1.24}
{'loss': 5.6625, 'grad_norm': 69.71273040771484, 'learning_rate': 4.860566448801743e-05, 'epoch': 1.25}
{'loss': 5.6031, 'grad_norm': 84.7898178100586, 'learning_rate': 4.8496732026143794e-05, 'epoch': 1.27}
{'loss': 5.7469, 'grad_norm': 47.78163146972656, 'learning_rate': 4.8387799564270156e-05, 'epoch': 1.29}
{'loss': 5.5375, 'grad_norm': 53.40637969970703, 'learning_rate': 4.827886710239652e-05, 'epoch': 1.31}
{'loss': 5.4656, 'grad_norm': 124.18104553222656, 'learning_rate': 4.816993464052288e-05, 'epoch': 1.33}
{'loss': 5.3875, 'grad_norm': 96.98287963867188, 'learning_rate': 4.806100217864924e-05, 'epoch': 1.35}
{'loss': 5.3969, 'grad_norm': 48.20365905761719, 'learning_rate': 4.79520697167756e-05, 'epoch': 1.37}
{'loss': 5.4781, 'grad_norm': 46.741172790527344, 'learning_rate': 4.7843137254901966e-05, 'epoch': 1.39}
{'loss': 5.2844, 'grad_norm': 72.1723403930664, 'learning_rate': 4.773420479302833e-05, 'epoch': 1.41}
{'loss': 5.2562, 'grad_norm': 136.444580078125, 'learning_rate': 4.762527233115468e-05, 'epoch': 1.43}
{'loss': 5.2875, 'grad_norm': 106.90467834472656, 'learning_rate': 4.7516339869281045e-05, 'epoch': 1.45}
{'loss': 5.2656, 'grad_norm': 242.53445434570312, 'learning_rate': 4.740740740740741e-05, 'epoch': 1.47}
{'loss': 5.3375, 'grad_norm': 346.6019287109375, 'learning_rate': 4.729847494553377e-05, 'epoch': 1.49}
{'loss': 5.3812, 'grad_norm': 158.2834930419922, 'learning_rate': 4.718954248366013e-05, 'epoch': 1.51}
{'loss': 5.3406, 'grad_norm': 95.92916107177734, 'learning_rate': 4.708061002178649e-05, 'epoch': 1.53}
{'loss': 5.3344, 'grad_norm': 91.22783660888672, 'learning_rate': 4.697167755991286e-05, 'epoch': 1.55}
{'loss': 5.325, 'grad_norm': 156.96067810058594, 'learning_rate': 4.6862745098039216e-05, 'epoch': 1.57}
{'eval_loss': 5.397836685180664, 'eval_runtime': 2.8674, 'eval_samples_per_second': 1200.048, 'eval_steps_per_second': 4.882, 'epoch': 1.57}
{'loss': 5.3625, 'grad_norm': 331.58770751953125, 'learning_rate': 4.675381263616558e-05, 'epoch': 1.59}
{'loss': 5.375, 'grad_norm': 361.7811279296875, 'learning_rate': 4.664488017429195e-05, 'epoch': 1.61}
{'loss': 5.3781, 'grad_norm': 352.4173583984375, 'learning_rate': 4.65359477124183e-05, 'epoch': 1.63}
{'loss': 5.3844, 'grad_norm': 195.6282501220703, 'learning_rate': 4.6427015250544664e-05, 'epoch': 1.65}
{'loss': 5.4094, 'grad_norm': 461.6983642578125, 'learning_rate': 4.6318082788671026e-05, 'epoch': 1.67}
{'loss': 5.5312, 'grad_norm': 294.4635009765625, 'learning_rate': 4.620915032679739e-05, 'epoch': 1.69}
{'loss': 5.4844, 'grad_norm': 403.2373352050781, 'learning_rate': 4.610021786492375e-05, 'epoch': 1.71}
{'loss': 5.4406, 'grad_norm': 527.164794921875, 'learning_rate': 4.599128540305011e-05, 'epoch': 1.73}
{'loss': 5.4031, 'grad_norm': 234.96607971191406, 'learning_rate': 4.588235294117647e-05, 'epoch': 1.75}
{'loss': 5.4281, 'grad_norm': 218.85008239746094, 'learning_rate': 4.5773420479302835e-05, 'epoch': 1.76}
{'loss': 5.5438, 'grad_norm': 89.31950378417969, 'learning_rate': 4.56644880174292e-05, 'epoch': 1.78}
{'loss': 5.5469, 'grad_norm': 67.63813018798828, 'learning_rate': 4.555555555555556e-05, 'epoch': 1.8}
{'loss': 5.575, 'grad_norm': 58.23426818847656, 'learning_rate': 4.5446623093681914e-05, 'epoch': 1.82}
{'loss': 5.5312, 'grad_norm': 45.77848815917969, 'learning_rate': 4.533769063180828e-05, 'epoch': 1.84}
{'loss': 5.4594, 'grad_norm': 129.04429626464844, 'learning_rate': 4.5228758169934645e-05, 'epoch': 1.86}
{'loss': 5.4813, 'grad_norm': 94.74147033691406, 'learning_rate': 4.5119825708061e-05, 'epoch': 1.88}
{'loss': 5.55, 'grad_norm': 72.86907196044922, 'learning_rate': 4.501089324618736e-05, 'epoch': 1.9}
{'loss': 5.5187, 'grad_norm': 162.49005126953125, 'learning_rate': 4.490196078431373e-05, 'epoch': 1.92}
{'loss': 5.45, 'grad_norm': 54.22127151489258, 'learning_rate': 4.479302832244009e-05, 'epoch': 1.94}
{'loss': 5.4625, 'grad_norm': 60.00723648071289, 'learning_rate': 4.468409586056645e-05, 'epoch': 1.96}
{'eval_loss': 5.412259578704834, 'eval_runtime': 2.8673, 'eval_samples_per_second': 1200.098, 'eval_steps_per_second': 4.883, 'epoch': 1.96}
{'loss': 5.4219, 'grad_norm': 67.8735122680664, 'learning_rate': 4.4575163398692816e-05, 'epoch': 1.98}
{'loss': 5.3906, 'grad_norm': 127.94994354248047, 'learning_rate': 4.446623093681918e-05, 'epoch': 2.0}
{'loss': 5.3438, 'grad_norm': 88.55303955078125, 'learning_rate': 4.4357298474945533e-05, 'epoch': 2.02}
{'loss': 5.3187, 'grad_norm': 103.51923370361328, 'learning_rate': 4.4248366013071895e-05, 'epoch': 2.04}
{'loss': 5.3156, 'grad_norm': 58.36916732788086, 'learning_rate': 4.4139433551198264e-05, 'epoch': 2.06}
{'loss': 5.3844, 'grad_norm': 41.78917694091797, 'learning_rate': 4.403050108932462e-05, 'epoch': 2.08}
{'loss': 5.3125, 'grad_norm': 78.38768005371094, 'learning_rate': 4.392156862745098e-05, 'epoch': 2.1}
{'loss': 5.2812, 'grad_norm': 106.65293884277344, 'learning_rate': 4.381263616557734e-05, 'epoch': 2.12}
{'loss': 5.2687, 'grad_norm': 87.31250762939453, 'learning_rate': 4.3703703703703705e-05, 'epoch': 2.14}
{'loss': 5.2938, 'grad_norm': 89.68812561035156, 'learning_rate': 4.359477124183007e-05, 'epoch': 2.16}
{'loss': 5.2156, 'grad_norm': 96.89444732666016, 'learning_rate': 4.348583877995643e-05, 'epoch': 2.18}
{'loss': 5.2375, 'grad_norm': 442.1313171386719, 'learning_rate': 4.337690631808279e-05, 'epoch': 2.2}
{'loss': 5.2469, 'grad_norm': 102.0045394897461, 'learning_rate': 4.326797385620915e-05, 'epoch': 2.22}
{'loss': 5.2281, 'grad_norm': 76.05944061279297, 'learning_rate': 4.3159041394335514e-05, 'epoch': 2.24}
{'loss': 5.2156, 'grad_norm': 92.28951263427734, 'learning_rate': 4.3050108932461876e-05, 'epoch': 2.25}
{'loss': 5.1844, 'grad_norm': 119.49433898925781, 'learning_rate': 4.294117647058823e-05, 'epoch': 2.27}
{'loss': 5.2219, 'grad_norm': 115.88538360595703, 'learning_rate': 4.28322440087146e-05, 'epoch': 2.29}
{'loss': 5.2406, 'grad_norm': 57.82805252075195, 'learning_rate': 4.272331154684096e-05, 'epoch': 2.31}
{'loss': 5.2344, 'grad_norm': 78.98558807373047, 'learning_rate': 4.2614379084967324e-05, 'epoch': 2.33}
{'loss': 5.2406, 'grad_norm': 127.82451629638672, 'learning_rate': 4.2505446623093686e-05, 'epoch': 2.35}
{'eval_loss': 5.245192527770996, 'eval_runtime': 2.8729, 'eval_samples_per_second': 1197.729, 'eval_steps_per_second': 4.873, 'epoch': 2.35}
{'loss': 5.1781, 'grad_norm': 161.3013458251953, 'learning_rate': 4.239651416122005e-05, 'epoch': 2.37}
{'loss': 5.2156, 'grad_norm': 203.93382263183594, 'learning_rate': 4.228758169934641e-05, 'epoch': 2.39}
{'loss': 5.2687, 'grad_norm': 267.8577880859375, 'learning_rate': 4.2178649237472765e-05, 'epoch': 2.41}
{'loss': 5.2062, 'grad_norm': 815.4367065429688, 'learning_rate': 4.2069716775599134e-05, 'epoch': 2.43}
{'loss': 5.225, 'grad_norm': 297.9434814453125, 'learning_rate': 4.1960784313725496e-05, 'epoch': 2.45}
{'loss': 5.1875, 'grad_norm': 212.6574249267578, 'learning_rate': 4.185185185185185e-05, 'epoch': 2.47}
{'loss': 5.1375, 'grad_norm': 188.47230529785156, 'learning_rate': 4.174291938997821e-05, 'epoch': 2.49}
{'loss': 5.1094, 'grad_norm': 140.54339599609375, 'learning_rate': 4.163398692810458e-05, 'epoch': 2.51}
{'loss': 5.1156, 'grad_norm': 221.83030700683594, 'learning_rate': 4.1525054466230936e-05, 'epoch': 2.53}
{'loss': 5.2, 'grad_norm': 111.94891357421875, 'learning_rate': 4.14161220043573e-05, 'epoch': 2.55}
{'loss': 5.2344, 'grad_norm': 101.38642120361328, 'learning_rate': 4.130718954248366e-05, 'epoch': 2.57}
{'loss': 5.2469, 'grad_norm': 68.27165985107422, 'learning_rate': 4.119825708061002e-05, 'epoch': 2.59}
{'loss': 5.2219, 'grad_norm': 49.18686294555664, 'learning_rate': 4.1089324618736384e-05, 'epoch': 2.61}
{'loss': 5.2812, 'grad_norm': 105.7519302368164, 'learning_rate': 4.0980392156862746e-05, 'epoch': 2.63}
{'loss': 5.2781, 'grad_norm': 75.62103271484375, 'learning_rate': 4.087145969498911e-05, 'epoch': 2.65}
{'loss': 5.3031, 'grad_norm': 90.53950500488281, 'learning_rate': 4.076252723311547e-05, 'epoch': 2.67}
{'loss': 5.3219, 'grad_norm': 99.32084655761719, 'learning_rate': 4.065359477124183e-05, 'epoch': 2.69}
{'loss': 5.2625, 'grad_norm': 215.4522705078125, 'learning_rate': 4.0544662309368194e-05, 'epoch': 2.71}
{'loss': 5.2406, 'grad_norm': 47.12575149536133, 'learning_rate': 4.0435729847494556e-05, 'epoch': 2.73}
{'loss': 5.1625, 'grad_norm': 74.71348571777344, 'learning_rate': 4.032679738562092e-05, 'epoch': 2.75}
{'eval_loss': 5.25, 'eval_runtime': 2.8708, 'eval_samples_per_second': 1198.608, 'eval_steps_per_second': 4.877, 'epoch': 2.75}
{'loss': 5.2062, 'grad_norm': 117.1016845703125, 'learning_rate': 4.021786492374728e-05, 'epoch': 2.76}
{'loss': 5.2687, 'grad_norm': 80.16021728515625, 'learning_rate': 4.010893246187364e-05, 'epoch': 2.78}
{'loss': 5.3031, 'grad_norm': 86.9621810913086, 'learning_rate': 4e-05, 'epoch': 2.8}
{'loss': 5.3406, 'grad_norm': 139.12054443359375, 'learning_rate': 3.9891067538126365e-05, 'epoch': 2.82}
{'loss': 5.2438, 'grad_norm': 105.82471466064453, 'learning_rate': 3.978213507625273e-05, 'epoch': 2.84}
{'loss': 5.2156, 'grad_norm': 196.17617797851562, 'learning_rate': 3.967320261437908e-05, 'epoch': 2.86}
{'loss': 5.2375, 'grad_norm': 94.9552993774414, 'learning_rate': 3.956427015250545e-05, 'epoch': 2.88}
{'loss': 5.1813, 'grad_norm': 67.66337585449219, 'learning_rate': 3.945533769063181e-05, 'epoch': 2.9}
{'loss': 5.2, 'grad_norm': 162.9698028564453, 'learning_rate': 3.934640522875817e-05, 'epoch': 2.92}
{'loss': 5.1969, 'grad_norm': 166.28656005859375, 'learning_rate': 3.923747276688453e-05, 'epoch': 2.94}
{'loss': 5.1781, 'grad_norm': 97.81351470947266, 'learning_rate': 3.91285403050109e-05, 'epoch': 2.96}
{'loss': 5.175, 'grad_norm': 63.906185150146484, 'learning_rate': 3.9019607843137254e-05, 'epoch': 2.98}
{'loss': 5.1906, 'grad_norm': 242.83045959472656, 'learning_rate': 3.8910675381263616e-05, 'epoch': 3.0}
{'loss': 5.1969, 'grad_norm': 139.224853515625, 'learning_rate': 3.880174291938998e-05, 'epoch': 3.02}
{'loss': 5.1531, 'grad_norm': 49.797969818115234, 'learning_rate': 3.8692810457516346e-05, 'epoch': 3.04}
{'loss': 5.2125, 'grad_norm': 51.80042266845703, 'learning_rate': 3.85838779956427e-05, 'epoch': 3.06}
{'loss': 5.1188, 'grad_norm': 37.757625579833984, 'learning_rate': 3.847494553376906e-05, 'epoch': 3.08}
{'loss': 5.1813, 'grad_norm': 55.59343719482422, 'learning_rate': 3.836601307189543e-05, 'epoch': 3.1}
{'loss': 5.1219, 'grad_norm': 75.91661834716797, 'learning_rate': 3.825708061002179e-05, 'epoch': 3.12}
{'loss': 5.1813, 'grad_norm': 64.73181915283203, 'learning_rate': 3.814814814814815e-05, 'epoch': 3.14}
{'eval_loss': 5.200721263885498, 'eval_runtime': 2.8902, 'eval_samples_per_second': 1190.563, 'eval_steps_per_second': 4.844, 'epoch': 3.14}
{'loss': 5.1531, 'grad_norm': 77.13959503173828, 'learning_rate': 3.803921568627451e-05, 'epoch': 3.16}
{'loss': 5.1281, 'grad_norm': 100.16322326660156, 'learning_rate': 3.793028322440087e-05, 'epoch': 3.18}
{'loss': 5.1656, 'grad_norm': 156.5550537109375, 'learning_rate': 3.7821350762527235e-05, 'epoch': 3.2}
{'loss': 5.1594, 'grad_norm': 261.93280029296875, 'learning_rate': 3.77124183006536e-05, 'epoch': 3.22}
{'loss': 5.1125, 'grad_norm': 121.77761840820312, 'learning_rate': 3.760348583877996e-05, 'epoch': 3.24}
{'loss': 5.1031, 'grad_norm': 268.95654296875, 'learning_rate': 3.749455337690632e-05, 'epoch': 3.25}
{'loss': 5.1281, 'grad_norm': 372.1253967285156, 'learning_rate': 3.738562091503268e-05, 'epoch': 3.27}
{'loss': 5.1625, 'grad_norm': 901.3375244140625, 'learning_rate': 3.7276688453159044e-05, 'epoch': 3.29}
{'loss': 5.2594, 'grad_norm': 716.084228515625, 'learning_rate': 3.71677559912854e-05, 'epoch': 3.31}
{'loss': 5.2156, 'grad_norm': 1187.032958984375, 'learning_rate': 3.705882352941177e-05, 'epoch': 3.33}
{'loss': 5.1531, 'grad_norm': 390.7196960449219, 'learning_rate': 3.694989106753813e-05, 'epoch': 3.35}
{'loss': 5.1656, 'grad_norm': 81.92733764648438, 'learning_rate': 3.6840958605664485e-05, 'epoch': 3.37}
{'loss': 5.15, 'grad_norm': 79.1205825805664, 'learning_rate': 3.6732026143790854e-05, 'epoch': 3.39}
{'loss': 5.0844, 'grad_norm': 97.31121826171875, 'learning_rate': 3.6623093681917216e-05, 'epoch': 3.41}
{'loss': 5.075, 'grad_norm': 84.08448791503906, 'learning_rate': 3.651416122004358e-05, 'epoch': 3.43}
{'loss': 5.0594, 'grad_norm': 120.83977508544922, 'learning_rate': 3.640522875816993e-05, 'epoch': 3.45}
{'loss': 5.1, 'grad_norm': 585.5203857421875, 'learning_rate': 3.62962962962963e-05, 'epoch': 3.47}
{'loss': 5.2719, 'grad_norm': 1131.3060302734375, 'learning_rate': 3.6187363834422664e-05, 'epoch': 3.49}
{'loss': 5.2344, 'grad_norm': 1726.6290283203125, 'learning_rate': 3.607843137254902e-05, 'epoch': 3.51}
{'loss': 5.2625, 'grad_norm': 927.0165405273438, 'learning_rate': 3.596949891067538e-05, 'epoch': 3.53}
{'eval_loss': 5.301682472229004, 'eval_runtime': 2.8711, 'eval_samples_per_second': 1198.506, 'eval_steps_per_second': 4.876, 'epoch': 3.53}
{'loss': 5.2219, 'grad_norm': 328.03021240234375, 'learning_rate': 3.586056644880175e-05, 'epoch': 3.55}
{'loss': 5.2438, 'grad_norm': 153.81085205078125, 'learning_rate': 3.5751633986928104e-05, 'epoch': 3.57}
{'loss': 5.15, 'grad_norm': 189.04766845703125, 'learning_rate': 3.5642701525054466e-05, 'epoch': 3.59}
{'loss': 5.0438, 'grad_norm': 182.23452758789062, 'learning_rate': 3.553376906318083e-05, 'epoch': 3.61}
{'loss': 5.0656, 'grad_norm': 115.8436050415039, 'learning_rate': 3.542483660130719e-05, 'epoch': 3.63}
{'loss': 5.0219, 'grad_norm': 140.22268676757812, 'learning_rate': 3.531590413943355e-05, 'epoch': 3.65}
{'loss': 4.9469, 'grad_norm': 270.30523681640625, 'learning_rate': 3.5206971677559914e-05, 'epoch': 3.67}
{'loss': 4.9719, 'grad_norm': 267.3117370605469, 'learning_rate': 3.5098039215686276e-05, 'epoch': 3.69}
{'loss': 4.975, 'grad_norm': 201.34056091308594, 'learning_rate': 3.498910675381264e-05, 'epoch': 3.71}
{'loss': 5.0625, 'grad_norm': 209.0298614501953, 'learning_rate': 3.4880174291939e-05, 'epoch': 3.73}
{'loss': 4.9562, 'grad_norm': 178.74301147460938, 'learning_rate': 3.477124183006536e-05, 'epoch': 3.75}
{'loss': 4.9625, 'grad_norm': 213.6817626953125, 'learning_rate': 3.4662309368191724e-05, 'epoch': 3.76}
{'loss': 4.9813, 'grad_norm': 113.40714263916016, 'learning_rate': 3.4553376906318086e-05, 'epoch': 3.78}
{'loss': 5.0094, 'grad_norm': 99.2702407836914, 'learning_rate': 3.444444444444445e-05, 'epoch': 3.8}
{'loss': 5.0312, 'grad_norm': 128.50332641601562, 'learning_rate': 3.433551198257081e-05, 'epoch': 3.82}
{'loss': 5.0469, 'grad_norm': 183.2119598388672, 'learning_rate': 3.422657952069717e-05, 'epoch': 3.84}
{'loss': 5.0625, 'grad_norm': 179.63987731933594, 'learning_rate': 3.411764705882353e-05, 'epoch': 3.86}
{'loss': 5.1094, 'grad_norm': 169.86561584472656, 'learning_rate': 3.4008714596949895e-05, 'epoch': 3.88}
{'loss': 5.1906, 'grad_norm': 258.2377014160156, 'learning_rate': 3.389978213507625e-05, 'epoch': 3.9}
{'loss': 5.2594, 'grad_norm': 269.1657409667969, 'learning_rate': 3.379084967320262e-05, 'epoch': 3.92}
{'eval_loss': 5.36057710647583, 'eval_runtime': 2.877, 'eval_samples_per_second': 1196.032, 'eval_steps_per_second': 4.866, 'epoch': 3.92}
{'loss': 5.2969, 'grad_norm': 419.6812744140625, 'learning_rate': 3.368191721132898e-05, 'epoch': 3.94}
{'loss': 5.3719, 'grad_norm': 402.5894775390625, 'learning_rate': 3.3572984749455336e-05, 'epoch': 3.96}
{'loss': 5.3719, 'grad_norm': 222.68112182617188, 'learning_rate': 3.34640522875817e-05, 'epoch': 3.98}
{'loss': 5.1844, 'grad_norm': 240.05245971679688, 'learning_rate': 3.335511982570807e-05, 'epoch': 4.0}
{'loss': 5.1125, 'grad_norm': 310.27642822265625, 'learning_rate': 3.324618736383442e-05, 'epoch': 4.02}
{'loss': 5.0938, 'grad_norm': 332.7721252441406, 'learning_rate': 3.3137254901960784e-05, 'epoch': 4.04}
{'loss': 4.9281, 'grad_norm': 185.79811096191406, 'learning_rate': 3.3028322440087146e-05, 'epoch': 4.06}
{'loss': 5.0281, 'grad_norm': 154.5299530029297, 'learning_rate': 3.291938997821351e-05, 'epoch': 4.08}
{'loss': 5.0469, 'grad_norm': 189.2615203857422, 'learning_rate': 3.281045751633987e-05, 'epoch': 4.1}
{'loss': 5.0281, 'grad_norm': 172.6410369873047, 'learning_rate': 3.270152505446623e-05, 'epoch': 4.12}
{'loss': 5.0187, 'grad_norm': 150.34048461914062, 'learning_rate': 3.25925925925926e-05, 'epoch': 4.14}
{'loss': 5.0187, 'grad_norm': 153.7103729248047, 'learning_rate': 3.2483660130718955e-05, 'epoch': 4.16}
{'loss': 5.0094, 'grad_norm': 164.3643341064453, 'learning_rate': 3.237472766884532e-05, 'epoch': 4.18}
{'loss': 4.9844, 'grad_norm': 453.2339172363281, 'learning_rate': 3.226579520697168e-05, 'epoch': 4.2}
{'loss': 5.0281, 'grad_norm': 159.0594482421875, 'learning_rate': 3.215686274509804e-05, 'epoch': 4.22}
{'loss': 5.0187, 'grad_norm': 178.86866760253906, 'learning_rate': 3.20479302832244e-05, 'epoch': 4.24}
{'loss': 4.9375, 'grad_norm': 178.65724182128906, 'learning_rate': 3.1938997821350765e-05, 'epoch': 4.25}
{'loss': 4.9562, 'grad_norm': 276.0855407714844, 'learning_rate': 3.183006535947713e-05, 'epoch': 4.27}
{'loss': 4.9875, 'grad_norm': 462.9516906738281, 'learning_rate': 3.172113289760349e-05, 'epoch': 4.29}
{'loss': 5.0031, 'grad_norm': 187.09019470214844, 'learning_rate': 3.161220043572985e-05, 'epoch': 4.31}
{'eval_loss': 5.027644157409668, 'eval_runtime': 2.89, 'eval_samples_per_second': 1190.653, 'eval_steps_per_second': 4.844, 'epoch': 4.31}
{'loss': 4.9844, 'grad_norm': 187.59408569335938, 'learning_rate': 3.150326797385621e-05, 'epoch': 4.33}
{'loss': 4.9406, 'grad_norm': 151.08331298828125, 'learning_rate': 3.139433551198257e-05, 'epoch': 4.35}
{'loss': 4.9594, 'grad_norm': 128.5195770263672, 'learning_rate': 3.1285403050108936e-05, 'epoch': 4.37}
{'loss': 4.9781, 'grad_norm': 137.7572021484375, 'learning_rate': 3.11764705882353e-05, 'epoch': 4.39}
{'loss': 5.0156, 'grad_norm': 217.33460998535156, 'learning_rate': 3.106753812636165e-05, 'epoch': 4.41}
{'loss': 5.0125, 'grad_norm': 146.7930145263672, 'learning_rate': 3.0958605664488015e-05, 'epoch': 4.43}
{'loss': 4.9844, 'grad_norm': 222.4863739013672, 'learning_rate': 3.0849673202614384e-05, 'epoch': 4.45}
{'loss': 4.9688, 'grad_norm': 330.545654296875, 'learning_rate': 3.074074074074074e-05, 'epoch': 4.47}
{'loss': 4.9813, 'grad_norm': 266.93255615234375, 'learning_rate': 3.06318082788671e-05, 'epoch': 4.49}
{'loss': 4.9688, 'grad_norm': 157.23751831054688, 'learning_rate': 3.052287581699347e-05, 'epoch': 4.51}
{'loss': 4.9594, 'grad_norm': 177.36050415039062, 'learning_rate': 3.0413943355119828e-05, 'epoch': 4.53}
{'loss': 4.9562, 'grad_norm': 208.9932098388672, 'learning_rate': 3.030501089324619e-05, 'epoch': 4.55}
{'loss': 5.0156, 'grad_norm': 183.94796752929688, 'learning_rate': 3.019607843137255e-05, 'epoch': 4.57}
{'loss': 5.0187, 'grad_norm': 186.32553100585938, 'learning_rate': 3.0087145969498914e-05, 'epoch': 4.59}
{'loss': 5.0563, 'grad_norm': 294.3446044921875, 'learning_rate': 2.9978213507625276e-05, 'epoch': 4.61}
{'loss': 5.0031, 'grad_norm': 317.5686950683594, 'learning_rate': 2.9869281045751634e-05, 'epoch': 4.63}
{'loss': 4.9969, 'grad_norm': 198.0384979248047, 'learning_rate': 2.9760348583877996e-05, 'epoch': 4.65}
{'loss': 4.9688, 'grad_norm': 149.66668701171875, 'learning_rate': 2.965141612200436e-05, 'epoch': 4.67}
{'loss': 5.025, 'grad_norm': 199.88539123535156, 'learning_rate': 2.954248366013072e-05, 'epoch': 4.69}
{'loss': 5.0125, 'grad_norm': 296.83660888671875, 'learning_rate': 2.9433551198257082e-05, 'epoch': 4.71}
{'eval_loss': 5.019230842590332, 'eval_runtime': 2.8701, 'eval_samples_per_second': 1198.915, 'eval_steps_per_second': 4.878, 'epoch': 4.71}
{'loss': 4.9437, 'grad_norm': 152.1658172607422, 'learning_rate': 2.932461873638344e-05, 'epoch': 4.73}
{'loss': 4.925, 'grad_norm': 202.22117614746094, 'learning_rate': 2.9215686274509806e-05, 'epoch': 4.75}
{'loss': 4.8844, 'grad_norm': 179.30455017089844, 'learning_rate': 2.9106753812636168e-05, 'epoch': 4.76}
{'loss': 4.9375, 'grad_norm': 221.49830627441406, 'learning_rate': 2.8997821350762526e-05, 'epoch': 4.78}
{'loss': 4.9375, 'grad_norm': 237.57064819335938, 'learning_rate': 2.8888888888888888e-05, 'epoch': 4.8}
{'loss': 4.9719, 'grad_norm': 219.54061889648438, 'learning_rate': 2.8779956427015254e-05, 'epoch': 4.82}
{'loss': 4.9562, 'grad_norm': 298.2365417480469, 'learning_rate': 2.8671023965141612e-05, 'epoch': 4.84}
{'loss': 4.9437, 'grad_norm': 222.7766571044922, 'learning_rate': 2.8562091503267974e-05, 'epoch': 4.86}
{'loss': 4.925, 'grad_norm': 865.1756591796875, 'learning_rate': 2.845315904139434e-05, 'epoch': 4.88}
{'loss': 4.9625, 'grad_norm': 359.3382873535156, 'learning_rate': 2.83442265795207e-05, 'epoch': 4.9}
{'loss': 4.9375, 'grad_norm': 324.8607482910156, 'learning_rate': 2.823529411764706e-05, 'epoch': 4.92}
{'loss': 4.9969, 'grad_norm': 448.0540771484375, 'learning_rate': 2.812636165577342e-05, 'epoch': 4.94}
{'loss': 4.9656, 'grad_norm': 257.593017578125, 'learning_rate': 2.8017429193899787e-05, 'epoch': 4.96}
{'loss': 4.9594, 'grad_norm': 282.0692138671875, 'learning_rate': 2.7908496732026145e-05, 'epoch': 4.98}
{'loss': 4.9938, 'grad_norm': 269.1805419921875, 'learning_rate': 2.7799564270152507e-05, 'epoch': 5.0}
{'loss': 4.9625, 'grad_norm': 685.735595703125, 'learning_rate': 2.7690631808278866e-05, 'epoch': 5.02}
{'loss': 4.9437, 'grad_norm': 378.31768798828125, 'learning_rate': 2.758169934640523e-05, 'epoch': 5.04}
{'loss': 4.9031, 'grad_norm': 596.766845703125, 'learning_rate': 2.7472766884531593e-05, 'epoch': 5.06}
{'loss': 4.9906, 'grad_norm': 505.8242492675781, 'learning_rate': 2.736383442265795e-05, 'epoch': 5.08}
{'loss': 4.9562, 'grad_norm': 364.3846435546875, 'learning_rate': 2.7254901960784314e-05, 'epoch': 5.1}
{'eval_loss': 5.022836685180664, 'eval_runtime': 2.8749, 'eval_samples_per_second': 1196.918, 'eval_steps_per_second': 4.87, 'epoch': 5.1}
{'loss': 5.0031, 'grad_norm': 300.33306884765625, 'learning_rate': 2.714596949891068e-05, 'epoch': 5.12}
{'loss': 4.9281, 'grad_norm': 304.4414978027344, 'learning_rate': 2.7037037037037037e-05, 'epoch': 5.14}
{'loss': 4.9844, 'grad_norm': 778.0283813476562, 'learning_rate': 2.69281045751634e-05, 'epoch': 5.16}
{'loss': 4.9344, 'grad_norm': 316.48052978515625, 'learning_rate': 2.6819172113289758e-05, 'epoch': 5.18}
{'loss': 4.9437, 'grad_norm': 553.3839721679688, 'learning_rate': 2.6710239651416123e-05, 'epoch': 5.2}
{'loss': 4.9406, 'grad_norm': 324.5626525878906, 'learning_rate': 2.6601307189542485e-05, 'epoch': 5.22}
{'loss': 4.9875, 'grad_norm': 406.8658752441406, 'learning_rate': 2.6492374727668844e-05, 'epoch': 5.24}
{'loss': 4.9375, 'grad_norm': 242.97511291503906, 'learning_rate': 2.6383442265795212e-05, 'epoch': 5.25}
{'loss': 5.0031, 'grad_norm': 995.7230834960938, 'learning_rate': 2.627450980392157e-05, 'epoch': 5.27}
{'loss': 5.0469, 'grad_norm': 204.31727600097656, 'learning_rate': 2.6165577342047933e-05, 'epoch': 5.29}
{'loss': 5.175, 'grad_norm': 818.3320922851562, 'learning_rate': 2.605664488017429e-05, 'epoch': 5.31}
{'loss': 5.3937, 'grad_norm': 1466.972412109375, 'learning_rate': 2.5947712418300657e-05, 'epoch': 5.33}
{'loss': 5.6844, 'grad_norm': 2859.880126953125, 'learning_rate': 2.583877995642702e-05, 'epoch': 5.35}
{'loss': 5.5, 'grad_norm': 489.6362609863281, 'learning_rate': 2.5729847494553377e-05, 'epoch': 5.37}
{'loss': 5.2344, 'grad_norm': 460.29901123046875, 'learning_rate': 2.562091503267974e-05, 'epoch': 5.39}
{'loss': 5.1562, 'grad_norm': 356.9306945800781, 'learning_rate': 2.5511982570806104e-05, 'epoch': 5.41}
{'loss': 5.075, 'grad_norm': 262.67919921875, 'learning_rate': 2.5403050108932463e-05, 'epoch': 5.43}
{'loss': 5.0687, 'grad_norm': 575.7069702148438, 'learning_rate': 2.5294117647058825e-05, 'epoch': 5.45}
{'loss': 5.1156, 'grad_norm': 253.81275939941406, 'learning_rate': 2.5185185185185183e-05, 'epoch': 5.47}
{'loss': 5.0344, 'grad_norm': 326.6280517578125, 'learning_rate': 2.507625272331155e-05, 'epoch': 5.49}
{'eval_loss': 5.11057710647583, 'eval_runtime': 2.8715, 'eval_samples_per_second': 1198.309, 'eval_steps_per_second': 4.875, 'epoch': 5.49}
{'loss': 5.0219, 'grad_norm': 321.2631530761719, 'learning_rate': 2.496732026143791e-05, 'epoch': 5.51}
{'loss': 5.0344, 'grad_norm': 326.7012939453125, 'learning_rate': 2.485838779956427e-05, 'epoch': 5.53}
{'loss': 5.0, 'grad_norm': 722.1490478515625, 'learning_rate': 2.4749455337690634e-05, 'epoch': 5.55}
{'loss': 4.9469, 'grad_norm': 378.12042236328125, 'learning_rate': 2.4640522875816996e-05, 'epoch': 5.57}
{'loss': 5.0438, 'grad_norm': 230.93553161621094, 'learning_rate': 2.4531590413943355e-05, 'epoch': 5.59}
{'loss': 4.9344, 'grad_norm': 287.35809326171875, 'learning_rate': 2.442265795206972e-05, 'epoch': 5.61}
{'loss': 4.9781, 'grad_norm': 314.376953125, 'learning_rate': 2.431372549019608e-05, 'epoch': 5.63}
{'loss': 4.9719, 'grad_norm': 243.59609985351562, 'learning_rate': 2.4204793028322444e-05, 'epoch': 5.65}
{'loss': 4.9406, 'grad_norm': 240.19473266601562, 'learning_rate': 2.4095860566448802e-05, 'epoch': 5.67}
{'loss': 4.9094, 'grad_norm': 735.8230590820312, 'learning_rate': 2.3986928104575164e-05, 'epoch': 5.69}
{'loss': 4.9906, 'grad_norm': 456.7283935546875, 'learning_rate': 2.3877995642701526e-05, 'epoch': 5.71}
{'loss': 4.9125, 'grad_norm': 349.0148620605469, 'learning_rate': 2.3769063180827888e-05, 'epoch': 5.73}
{'loss': 4.9719, 'grad_norm': 313.0792236328125, 'learning_rate': 2.366013071895425e-05, 'epoch': 5.75}
{'loss': 4.9375, 'grad_norm': 416.59283447265625, 'learning_rate': 2.3551198257080612e-05, 'epoch': 5.76}
{'loss': 4.9281, 'grad_norm': 383.1001892089844, 'learning_rate': 2.344226579520697e-05, 'epoch': 5.78}
{'loss': 5.0, 'grad_norm': 317.5142517089844, 'learning_rate': 2.3333333333333336e-05, 'epoch': 5.8}
{'loss': 4.9875, 'grad_norm': 246.24769592285156, 'learning_rate': 2.3224400871459694e-05, 'epoch': 5.82}
{'loss': 4.8719, 'grad_norm': 381.8567199707031, 'learning_rate': 2.311546840958606e-05, 'epoch': 5.84}
{'loss': 4.9656, 'grad_norm': 202.40899658203125, 'learning_rate': 2.3006535947712418e-05, 'epoch': 5.86}
{'loss': 4.9344, 'grad_norm': 185.54153442382812, 'learning_rate': 2.289760348583878e-05, 'epoch': 5.88}
{'eval_loss': 4.965144157409668, 'eval_runtime': 2.8729, 'eval_samples_per_second': 1197.75, 'eval_steps_per_second': 4.873, 'epoch': 5.88}
{'loss': 4.9, 'grad_norm': 234.86622619628906, 'learning_rate': 2.2788671023965145e-05, 'epoch': 5.9}
{'loss': 4.9125, 'grad_norm': 324.725830078125, 'learning_rate': 2.2679738562091504e-05, 'epoch': 5.92}
{'loss': 4.875, 'grad_norm': 271.85626220703125, 'learning_rate': 2.2570806100217866e-05, 'epoch': 5.94}
{'loss': 4.9469, 'grad_norm': 236.2956085205078, 'learning_rate': 2.2461873638344228e-05, 'epoch': 5.96}
{'loss': 4.9656, 'grad_norm': 154.9219512939453, 'learning_rate': 2.235294117647059e-05, 'epoch': 5.98}
{'loss': 4.9281, 'grad_norm': 296.24627685546875, 'learning_rate': 2.224400871459695e-05, 'epoch': 6.0}
{'loss': 4.8906, 'grad_norm': 157.09814453125, 'learning_rate': 2.2135076252723313e-05, 'epoch': 6.02}
{'loss': 4.9562, 'grad_norm': 155.33387756347656, 'learning_rate': 2.2026143790849675e-05, 'epoch': 6.04}
{'loss': 4.9, 'grad_norm': 167.4478302001953, 'learning_rate': 2.1917211328976037e-05, 'epoch': 6.06}
{'loss': 4.9094, 'grad_norm': 145.74774169921875, 'learning_rate': 2.1808278867102396e-05, 'epoch': 6.08}
{'loss': 4.8688, 'grad_norm': 183.82028198242188, 'learning_rate': 2.169934640522876e-05, 'epoch': 6.1}
{'loss': 4.8781, 'grad_norm': 153.9313507080078, 'learning_rate': 2.159041394335512e-05, 'epoch': 6.12}
{'loss': 4.8781, 'grad_norm': 180.6978302001953, 'learning_rate': 2.148148148148148e-05, 'epoch': 6.14}
{'loss': 4.8781, 'grad_norm': 206.88404846191406, 'learning_rate': 2.1372549019607844e-05, 'epoch': 6.16}
{'loss': 4.8563, 'grad_norm': 171.43231201171875, 'learning_rate': 2.1263616557734205e-05, 'epoch': 6.18}
{'loss': 4.95, 'grad_norm': 235.5850067138672, 'learning_rate': 2.1154684095860567e-05, 'epoch': 6.2}
{'loss': 4.9313, 'grad_norm': 222.74044799804688, 'learning_rate': 2.104575163398693e-05, 'epoch': 6.22}
{'loss': 4.9156, 'grad_norm': 330.2950134277344, 'learning_rate': 2.0936819172113288e-05, 'epoch': 6.24}
{'loss': 4.8594, 'grad_norm': 310.4526062011719, 'learning_rate': 2.0827886710239653e-05, 'epoch': 6.25}
{'loss': 5.0, 'grad_norm': 1577.78076171875, 'learning_rate': 2.0718954248366015e-05, 'epoch': 6.27}
{'eval_loss': 5.09375, 'eval_runtime': 2.8834, 'eval_samples_per_second': 1193.402, 'eval_steps_per_second': 4.855, 'epoch': 6.27}
{'loss': 5.0281, 'grad_norm': 579.5560302734375, 'learning_rate': 2.0610021786492377e-05, 'epoch': 6.29}
{'loss': 4.9688, 'grad_norm': 699.7696533203125, 'learning_rate': 2.050108932461874e-05, 'epoch': 6.31}
{'loss': 4.9281, 'grad_norm': 196.73284912109375, 'learning_rate': 2.0392156862745097e-05, 'epoch': 6.33}
{'loss': 4.925, 'grad_norm': 217.57565307617188, 'learning_rate': 2.0283224400871463e-05, 'epoch': 6.35}
{'loss': 4.85, 'grad_norm': 219.7378692626953, 'learning_rate': 2.017429193899782e-05, 'epoch': 6.37}
{'loss': 4.9031, 'grad_norm': 312.0129089355469, 'learning_rate': 2.0065359477124187e-05, 'epoch': 6.39}
{'loss': 4.8719, 'grad_norm': 251.5525360107422, 'learning_rate': 1.9956427015250545e-05, 'epoch': 6.41}
{'loss': 4.8438, 'grad_norm': 253.97608947753906, 'learning_rate': 1.9847494553376907e-05, 'epoch': 6.43}
{'loss': 4.8375, 'grad_norm': 243.87879943847656, 'learning_rate': 1.973856209150327e-05, 'epoch': 6.45}
{'loss': 4.8125, 'grad_norm': 267.2002258300781, 'learning_rate': 1.962962962962963e-05, 'epoch': 6.47}
{'loss': 4.8781, 'grad_norm': 244.73573303222656, 'learning_rate': 1.9520697167755993e-05, 'epoch': 6.49}
{'loss': 4.8719, 'grad_norm': 464.50225830078125, 'learning_rate': 1.9411764705882355e-05, 'epoch': 6.51}
{'loss': 4.8563, 'grad_norm': 158.41339111328125, 'learning_rate': 1.9302832244008713e-05, 'epoch': 6.53}
{'loss': 4.8625, 'grad_norm': 336.71630859375, 'learning_rate': 1.919389978213508e-05, 'epoch': 6.55}
{'loss': 4.85, 'grad_norm': 145.3160400390625, 'learning_rate': 1.9084967320261437e-05, 'epoch': 6.57}
{'loss': 4.8406, 'grad_norm': 193.32369995117188, 'learning_rate': 1.89760348583878e-05, 'epoch': 6.59}
{'loss': 4.9094, 'grad_norm': 184.52200317382812, 'learning_rate': 1.886710239651416e-05, 'epoch': 6.61}
{'loss': 4.8563, 'grad_norm': 164.3130645751953, 'learning_rate': 1.8758169934640523e-05, 'epoch': 6.63}
{'loss': 4.8469, 'grad_norm': 138.116455078125, 'learning_rate': 1.8649237472766888e-05, 'epoch': 6.65}
{'loss': 4.8906, 'grad_norm': 158.8271942138672, 'learning_rate': 1.8540305010893247e-05, 'epoch': 6.67}
{'eval_loss': 4.960336685180664, 'eval_runtime': 2.8796, 'eval_samples_per_second': 1194.975, 'eval_steps_per_second': 4.862, 'epoch': 6.67}
{'loss': 4.8937, 'grad_norm': 381.51739501953125, 'learning_rate': 1.843137254901961e-05, 'epoch': 6.69}
{'loss': 4.9813, 'grad_norm': 391.354736328125, 'learning_rate': 1.832244008714597e-05, 'epoch': 6.71}
{'loss': 4.925, 'grad_norm': 359.03546142578125, 'learning_rate': 1.8213507625272332e-05, 'epoch': 6.73}
{'loss': 4.9625, 'grad_norm': 214.40333557128906, 'learning_rate': 1.8104575163398694e-05, 'epoch': 6.75}
{'loss': 4.8937, 'grad_norm': 246.8958740234375, 'learning_rate': 1.7995642701525056e-05, 'epoch': 6.76}
{'loss': 4.8312, 'grad_norm': 376.2481384277344, 'learning_rate': 1.7886710239651415e-05, 'epoch': 6.78}
{'loss': 4.7969, 'grad_norm': 307.7647399902344, 'learning_rate': 1.777777777777778e-05, 'epoch': 6.8}
{'loss': 4.8219, 'grad_norm': 241.2573699951172, 'learning_rate': 1.766884531590414e-05, 'epoch': 6.82}
{'loss': 4.8875, 'grad_norm': 1247.3150634765625, 'learning_rate': 1.7559912854030504e-05, 'epoch': 6.84}
{'loss': 4.8281, 'grad_norm': 409.9364929199219, 'learning_rate': 1.7450980392156862e-05, 'epoch': 6.86}
{'loss': 4.8375, 'grad_norm': 207.34417724609375, 'learning_rate': 1.7342047930283224e-05, 'epoch': 6.88}
{'loss': 4.8281, 'grad_norm': 242.47549438476562, 'learning_rate': 1.7233115468409586e-05, 'epoch': 6.9}
{'loss': 4.8719, 'grad_norm': 499.3460998535156, 'learning_rate': 1.7124183006535948e-05, 'epoch': 6.92}
{'loss': 4.8312, 'grad_norm': 403.94610595703125, 'learning_rate': 1.701525054466231e-05, 'epoch': 6.94}
{'loss': 4.8719, 'grad_norm': 351.5365905761719, 'learning_rate': 1.6906318082788672e-05, 'epoch': 6.96}
{'loss': 4.9, 'grad_norm': 167.30303955078125, 'learning_rate': 1.6797385620915034e-05, 'epoch': 6.98}
{'loss': 4.8438, 'grad_norm': 160.0543975830078, 'learning_rate': 1.6688453159041396e-05, 'epoch': 7.0}
{'loss': 4.8219, 'grad_norm': 218.57127380371094, 'learning_rate': 1.6579520697167758e-05, 'epoch': 7.02}
{'loss': 4.8156, 'grad_norm': 330.2339782714844, 'learning_rate': 1.647058823529412e-05, 'epoch': 7.04}
{'loss': 4.8594, 'grad_norm': 183.8367156982422, 'learning_rate': 1.636165577342048e-05, 'epoch': 7.06}
{'eval_loss': 4.925480842590332, 'eval_runtime': 2.8818, 'eval_samples_per_second': 1194.062, 'eval_steps_per_second': 4.858, 'epoch': 7.06}
{'loss': 4.8531, 'grad_norm': 228.89962768554688, 'learning_rate': 1.625272331154684e-05, 'epoch': 7.08}
{'loss': 4.8719, 'grad_norm': 228.95831298828125, 'learning_rate': 1.6143790849673205e-05, 'epoch': 7.1}
{'loss': 4.8906, 'grad_norm': 218.34837341308594, 'learning_rate': 1.6034858387799564e-05, 'epoch': 7.12}
{'loss': 4.7875, 'grad_norm': 251.8411865234375, 'learning_rate': 1.5925925925925926e-05, 'epoch': 7.14}
{'loss': 4.875, 'grad_norm': 168.76605224609375, 'learning_rate': 1.5816993464052288e-05, 'epoch': 7.16}
{'loss': 4.85, 'grad_norm': 147.0675048828125, 'learning_rate': 1.570806100217865e-05, 'epoch': 7.18}
{'loss': 4.8719, 'grad_norm': 145.24549865722656, 'learning_rate': 1.559912854030501e-05, 'epoch': 7.2}
{'loss': 4.8688, 'grad_norm': 151.12600708007812, 'learning_rate': 1.5490196078431373e-05, 'epoch': 7.22}
{'loss': 4.85, 'grad_norm': 153.16795349121094, 'learning_rate': 1.5381263616557735e-05, 'epoch': 7.24}
{'loss': 4.8469, 'grad_norm': 162.3704833984375, 'learning_rate': 1.5272331154684097e-05, 'epoch': 7.25}
{'loss': 4.8875, 'grad_norm': 195.8612060546875, 'learning_rate': 1.5163398692810458e-05, 'epoch': 7.27}
{'loss': 4.8875, 'grad_norm': 157.99131774902344, 'learning_rate': 1.505446623093682e-05, 'epoch': 7.29}
{'loss': 4.8375, 'grad_norm': 156.13751220703125, 'learning_rate': 1.494553376906318e-05, 'epoch': 7.31}
{'loss': 4.85, 'grad_norm': 147.62342834472656, 'learning_rate': 1.4836601307189543e-05, 'epoch': 7.33}
{'loss': 4.8031, 'grad_norm': 168.74363708496094, 'learning_rate': 1.4727668845315907e-05, 'epoch': 7.35}
{'loss': 4.7875, 'grad_norm': 150.0612335205078, 'learning_rate': 1.4618736383442267e-05, 'epoch': 7.37}
{'loss': 4.8375, 'grad_norm': 136.87022399902344, 'learning_rate': 1.4509803921568629e-05, 'epoch': 7.39}
{'loss': 4.8563, 'grad_norm': 138.8439483642578, 'learning_rate': 1.440087145969499e-05, 'epoch': 7.41}
{'loss': 4.8375, 'grad_norm': 142.94552612304688, 'learning_rate': 1.4291938997821353e-05, 'epoch': 7.43}
{'loss': 4.8094, 'grad_norm': 135.75784301757812, 'learning_rate': 1.4183006535947713e-05, 'epoch': 7.45}
{'eval_loss': 4.902644157409668, 'eval_runtime': 2.8865, 'eval_samples_per_second': 1192.082, 'eval_steps_per_second': 4.85, 'epoch': 7.45}
{'loss': 4.8625, 'grad_norm': 172.64125061035156, 'learning_rate': 1.4074074074074075e-05, 'epoch': 7.47}
{'loss': 4.8563, 'grad_norm': 124.66082763671875, 'learning_rate': 1.3965141612200435e-05, 'epoch': 7.49}
{'loss': 4.8344, 'grad_norm': 196.8613739013672, 'learning_rate': 1.3856209150326799e-05, 'epoch': 7.51}
{'loss': 4.8312, 'grad_norm': 364.2255554199219, 'learning_rate': 1.3747276688453159e-05, 'epoch': 7.53}
{'loss': 4.8375, 'grad_norm': 499.33740234375, 'learning_rate': 1.3638344226579523e-05, 'epoch': 7.55}
{'loss': 4.925, 'grad_norm': 452.9187316894531, 'learning_rate': 1.3529411764705883e-05, 'epoch': 7.57}
{'loss': 4.8125, 'grad_norm': 204.99224853515625, 'learning_rate': 1.3420479302832245e-05, 'epoch': 7.59}
{'loss': 4.85, 'grad_norm': 319.1648254394531, 'learning_rate': 1.3311546840958605e-05, 'epoch': 7.61}
{'loss': 4.8656, 'grad_norm': 260.141357421875, 'learning_rate': 1.3202614379084969e-05, 'epoch': 7.63}
{'loss': 4.8688, 'grad_norm': 301.4836120605469, 'learning_rate': 1.3093681917211329e-05, 'epoch': 7.65}
{'loss': 4.7969, 'grad_norm': 133.1066131591797, 'learning_rate': 1.298474945533769e-05, 'epoch': 7.67}
{'loss': 4.8531, 'grad_norm': 113.18514251708984, 'learning_rate': 1.2875816993464051e-05, 'epoch': 7.69}
{'loss': 4.7969, 'grad_norm': 207.3153076171875, 'learning_rate': 1.2766884531590415e-05, 'epoch': 7.71}
{'loss': 4.8312, 'grad_norm': 139.9764862060547, 'learning_rate': 1.2657952069716778e-05, 'epoch': 7.73}
{'loss': 4.825, 'grad_norm': 131.26296997070312, 'learning_rate': 1.2549019607843138e-05, 'epoch': 7.75}
{'loss': 4.7906, 'grad_norm': 119.36947631835938, 'learning_rate': 1.2440087145969499e-05, 'epoch': 7.76}
{'loss': 4.8125, 'grad_norm': 108.64248657226562, 'learning_rate': 1.233115468409586e-05, 'epoch': 7.78}
{'loss': 4.8094, 'grad_norm': 129.77003479003906, 'learning_rate': 1.2222222222222222e-05, 'epoch': 7.8}
{'loss': 4.8125, 'grad_norm': 150.65821838378906, 'learning_rate': 1.2113289760348584e-05, 'epoch': 7.82}
{'loss': 4.8563, 'grad_norm': 153.60214233398438, 'learning_rate': 1.2004357298474946e-05, 'epoch': 7.84}
{'eval_loss': 4.893028736114502, 'eval_runtime': 2.8819, 'eval_samples_per_second': 1194.009, 'eval_steps_per_second': 4.858, 'epoch': 7.84}
{'loss': 4.8063, 'grad_norm': 136.8738555908203, 'learning_rate': 1.1895424836601307e-05, 'epoch': 7.86}
{'loss': 4.7938, 'grad_norm': 129.0387725830078, 'learning_rate': 1.178649237472767e-05, 'epoch': 7.88}
{'loss': 4.875, 'grad_norm': 108.22541046142578, 'learning_rate': 1.1677559912854032e-05, 'epoch': 7.9}
{'loss': 4.8344, 'grad_norm': 141.7986297607422, 'learning_rate': 1.1568627450980394e-05, 'epoch': 7.92}
{'loss': 4.8875, 'grad_norm': 105.70850372314453, 'learning_rate': 1.1459694989106754e-05, 'epoch': 7.94}
{'loss': 4.8375, 'grad_norm': 161.70188903808594, 'learning_rate': 1.1350762527233116e-05, 'epoch': 7.96}
{'loss': 4.8219, 'grad_norm': 150.95761108398438, 'learning_rate': 1.1241830065359478e-05, 'epoch': 7.98}
{'loss': 4.85, 'grad_norm': 120.23568725585938, 'learning_rate': 1.113289760348584e-05, 'epoch': 8.0}
{'loss': 4.825, 'grad_norm': 141.7902374267578, 'learning_rate': 1.1023965141612202e-05, 'epoch': 8.02}
{'loss': 4.725, 'grad_norm': 135.45587158203125, 'learning_rate': 1.0915032679738562e-05, 'epoch': 8.04}
{'loss': 4.7594, 'grad_norm': 156.69119262695312, 'learning_rate': 1.0806100217864924e-05, 'epoch': 8.06}
{'loss': 4.8719, 'grad_norm': 169.0558624267578, 'learning_rate': 1.0697167755991286e-05, 'epoch': 8.08}
{'loss': 4.7875, 'grad_norm': 238.07908630371094, 'learning_rate': 1.0588235294117648e-05, 'epoch': 8.1}
{'loss': 4.7687, 'grad_norm': 230.1079864501953, 'learning_rate': 1.047930283224401e-05, 'epoch': 8.12}
{'loss': 4.8156, 'grad_norm': 216.60433959960938, 'learning_rate': 1.037037037037037e-05, 'epoch': 8.14}
{'loss': 4.7938, 'grad_norm': 212.5688934326172, 'learning_rate': 1.0261437908496732e-05, 'epoch': 8.16}
{'loss': 4.7719, 'grad_norm': 153.73619079589844, 'learning_rate': 1.0152505446623094e-05, 'epoch': 8.18}
{'loss': 4.8219, 'grad_norm': 185.52841186523438, 'learning_rate': 1.0043572984749456e-05, 'epoch': 8.2}
{'loss': 4.8125, 'grad_norm': 201.3257293701172, 'learning_rate': 9.934640522875818e-06, 'epoch': 8.22}
{'loss': 4.775, 'grad_norm': 274.138427734375, 'learning_rate': 9.825708061002178e-06, 'epoch': 8.24}
{'eval_loss': 4.867788314819336, 'eval_runtime': 2.884, 'eval_samples_per_second': 1193.124, 'eval_steps_per_second': 4.854, 'epoch': 8.24}
{'loss': 4.7656, 'grad_norm': 266.8428955078125, 'learning_rate': 9.716775599128541e-06, 'epoch': 8.25}
{'loss': 4.8, 'grad_norm': 394.3066101074219, 'learning_rate': 9.607843137254903e-06, 'epoch': 8.27}
{'loss': 4.8406, 'grad_norm': 289.13470458984375, 'learning_rate': 9.498910675381265e-06, 'epoch': 8.29}
{'loss': 4.7625, 'grad_norm': 329.8104248046875, 'learning_rate': 9.389978213507626e-06, 'epoch': 8.31}
{'loss': 4.75, 'grad_norm': 255.14151000976562, 'learning_rate': 9.281045751633987e-06, 'epoch': 8.33}
{'loss': 4.7938, 'grad_norm': 229.27725219726562, 'learning_rate': 9.17211328976035e-06, 'epoch': 8.35}
{'loss': 4.8031, 'grad_norm': 219.61090087890625, 'learning_rate': 9.063180827886711e-06, 'epoch': 8.37}
{'loss': 4.75, 'grad_norm': 245.20997619628906, 'learning_rate': 8.954248366013073e-06, 'epoch': 8.39}
{'loss': 4.7656, 'grad_norm': 241.97564697265625, 'learning_rate': 8.845315904139433e-06, 'epoch': 8.41}
{'loss': 4.7531, 'grad_norm': 201.3513946533203, 'learning_rate': 8.736383442265795e-06, 'epoch': 8.43}
{'loss': 4.8312, 'grad_norm': 244.4635009765625, 'learning_rate': 8.627450980392157e-06, 'epoch': 8.45}
{'loss': 4.7531, 'grad_norm': 274.8975524902344, 'learning_rate': 8.518518518518519e-06, 'epoch': 8.47}
{'loss': 4.8125, 'grad_norm': 247.06129455566406, 'learning_rate': 8.409586056644881e-06, 'epoch': 8.49}
{'loss': 4.7625, 'grad_norm': 254.71865844726562, 'learning_rate': 8.300653594771241e-06, 'epoch': 8.51}
{'loss': 4.7781, 'grad_norm': 272.6565246582031, 'learning_rate': 8.191721132897603e-06, 'epoch': 8.53}
{'loss': 4.7719, 'grad_norm': 221.2432861328125, 'learning_rate': 8.082788671023965e-06, 'epoch': 8.55}
{'loss': 4.7625, 'grad_norm': 219.89633178710938, 'learning_rate': 7.973856209150327e-06, 'epoch': 8.57}
{'loss': 4.7844, 'grad_norm': 363.7048645019531, 'learning_rate': 7.864923747276689e-06, 'epoch': 8.59}
{'loss': 4.8187, 'grad_norm': 279.4743957519531, 'learning_rate': 7.755991285403051e-06, 'epoch': 8.61}
{'loss': 4.7281, 'grad_norm': 316.6314697265625, 'learning_rate': 7.647058823529413e-06, 'epoch': 8.63}
{'eval_loss': 4.840144157409668, 'eval_runtime': 2.8819, 'eval_samples_per_second': 1193.984, 'eval_steps_per_second': 4.858, 'epoch': 8.63}
{'loss': 4.7844, 'grad_norm': 351.6791076660156, 'learning_rate': 7.538126361655775e-06, 'epoch': 8.65}
{'loss': 4.7875, 'grad_norm': 388.0967712402344, 'learning_rate': 7.429193899782136e-06, 'epoch': 8.67}
{'loss': 4.7812, 'grad_norm': 297.6940002441406, 'learning_rate': 7.320261437908498e-06, 'epoch': 8.69}
{'loss': 4.7844, 'grad_norm': 213.18817138671875, 'learning_rate': 7.211328976034859e-06, 'epoch': 8.71}
{'loss': 4.7687, 'grad_norm': 282.81195068359375, 'learning_rate': 7.102396514161221e-06, 'epoch': 8.73}
{'loss': 4.7438, 'grad_norm': 192.0550994873047, 'learning_rate': 6.993464052287582e-06, 'epoch': 8.75}
{'loss': 4.7438, 'grad_norm': 321.394287109375, 'learning_rate': 6.884531590413944e-06, 'epoch': 8.76}
{'loss': 4.7281, 'grad_norm': 204.79701232910156, 'learning_rate': 6.775599128540306e-06, 'epoch': 8.78}
{'loss': 4.7719, 'grad_norm': 273.53662109375, 'learning_rate': 6.666666666666667e-06, 'epoch': 8.8}
{'loss': 4.7531, 'grad_norm': 285.8935852050781, 'learning_rate': 6.5577342047930286e-06, 'epoch': 8.82}
{'loss': 4.7344, 'grad_norm': 291.9270324707031, 'learning_rate': 6.44880174291939e-06, 'epoch': 8.84}
{'loss': 4.7812, 'grad_norm': 246.28875732421875, 'learning_rate': 6.3398692810457515e-06, 'epoch': 8.86}
{'loss': 4.7687, 'grad_norm': 212.587158203125, 'learning_rate': 6.2309368191721135e-06, 'epoch': 8.88}
{'loss': 4.7281, 'grad_norm': 269.1310119628906, 'learning_rate': 6.122004357298475e-06, 'epoch': 8.9}
{'loss': 4.7719, 'grad_norm': 230.58145141601562, 'learning_rate': 6.013071895424837e-06, 'epoch': 8.92}
{'loss': 4.7438, 'grad_norm': 195.7793426513672, 'learning_rate': 5.904139433551198e-06, 'epoch': 8.94}
{'loss': 4.7375, 'grad_norm': 188.77993774414062, 'learning_rate': 5.79520697167756e-06, 'epoch': 8.96}
{'loss': 4.7375, 'grad_norm': 164.95338439941406, 'learning_rate': 5.686274509803921e-06, 'epoch': 8.98}
{'loss': 4.7531, 'grad_norm': 178.46202087402344, 'learning_rate': 5.577342047930283e-06, 'epoch': 9.0}
{'loss': 4.7531, 'grad_norm': 158.2009735107422, 'learning_rate': 5.468409586056645e-06, 'epoch': 9.02}
{'eval_loss': 4.807692527770996, 'eval_runtime': 2.8843, 'eval_samples_per_second': 1192.99, 'eval_steps_per_second': 4.854, 'epoch': 9.02}
{'loss': 4.7531, 'grad_norm': 162.1266326904297, 'learning_rate': 5.359477124183006e-06, 'epoch': 9.04}
{'loss': 4.7656, 'grad_norm': 212.23098754882812, 'learning_rate': 5.250544662309369e-06, 'epoch': 9.06}
{'loss': 4.7188, 'grad_norm': 203.0520782470703, 'learning_rate': 5.14161220043573e-06, 'epoch': 9.08}
{'loss': 4.7094, 'grad_norm': 196.88323974609375, 'learning_rate': 5.032679738562092e-06, 'epoch': 9.1}
{'loss': 4.7125, 'grad_norm': 181.0577392578125, 'learning_rate': 4.923747276688453e-06, 'epoch': 9.12}
{'loss': 4.7344, 'grad_norm': 186.81414794921875, 'learning_rate': 4.814814814814815e-06, 'epoch': 9.14}
{'loss': 4.725, 'grad_norm': 213.53665161132812, 'learning_rate': 4.705882352941177e-06, 'epoch': 9.16}
{'loss': 4.6781, 'grad_norm': 211.21913146972656, 'learning_rate': 4.596949891067538e-06, 'epoch': 9.18}
{'loss': 4.7281, 'grad_norm': 173.8227081298828, 'learning_rate': 4.4880174291939e-06, 'epoch': 9.2}
{'loss': 4.6813, 'grad_norm': 165.09352111816406, 'learning_rate': 4.379084967320261e-06, 'epoch': 9.22}
{'loss': 4.7625, 'grad_norm': 165.88961791992188, 'learning_rate': 4.270152505446624e-06, 'epoch': 9.24}
{'loss': 4.7125, 'grad_norm': 186.9561004638672, 'learning_rate': 4.161220043572985e-06, 'epoch': 9.25}
{'loss': 4.7094, 'grad_norm': 167.6194305419922, 'learning_rate': 4.052287581699347e-06, 'epoch': 9.27}
{'loss': 4.7281, 'grad_norm': 180.5768585205078, 'learning_rate': 3.943355119825709e-06, 'epoch': 9.29}
{'loss': 4.7219, 'grad_norm': 188.97471618652344, 'learning_rate': 3.83442265795207e-06, 'epoch': 9.31}
{'loss': 4.6906, 'grad_norm': 164.62277221679688, 'learning_rate': 3.7254901960784316e-06, 'epoch': 9.33}
{'loss': 4.7062, 'grad_norm': 203.18222045898438, 'learning_rate': 3.616557734204793e-06, 'epoch': 9.35}
{'loss': 4.6969, 'grad_norm': 205.7600860595703, 'learning_rate': 3.5076252723311546e-06, 'epoch': 9.37}
{'loss': 4.75, 'grad_norm': 173.06192016601562, 'learning_rate': 3.398692810457516e-06, 'epoch': 9.39}
{'loss': 4.6937, 'grad_norm': 195.61407470703125, 'learning_rate': 3.2897603485838784e-06, 'epoch': 9.41}
{'eval_loss': 4.787259578704834, 'eval_runtime': 2.8855, 'eval_samples_per_second': 1192.517, 'eval_steps_per_second': 4.852, 'epoch': 9.41}
{'loss': 4.6906, 'grad_norm': 219.0316925048828, 'learning_rate': 3.18082788671024e-06, 'epoch': 9.43}
{'loss': 4.7094, 'grad_norm': 219.3571014404297, 'learning_rate': 3.0718954248366014e-06, 'epoch': 9.45}
{'loss': 4.725, 'grad_norm': 215.4792022705078, 'learning_rate': 2.9629629629629633e-06, 'epoch': 9.47}
{'loss': 4.675, 'grad_norm': 222.9334716796875, 'learning_rate': 2.854030501089325e-06, 'epoch': 9.49}
{'loss': 4.7062, 'grad_norm': 234.94740295410156, 'learning_rate': 2.7450980392156863e-06, 'epoch': 9.51}
{'loss': 4.7094, 'grad_norm': 201.62933349609375, 'learning_rate': 2.636165577342048e-06, 'epoch': 9.53}
{'loss': 4.7094, 'grad_norm': 170.59022521972656, 'learning_rate': 2.5272331154684097e-06, 'epoch': 9.55}
{'loss': 4.7094, 'grad_norm': 152.39190673828125, 'learning_rate': 2.4183006535947716e-06, 'epoch': 9.57}
{'loss': 4.675, 'grad_norm': 203.71714782714844, 'learning_rate': 2.309368191721133e-06, 'epoch': 9.59}
{'loss': 4.7219, 'grad_norm': 194.48410034179688, 'learning_rate': 2.2004357298474946e-06, 'epoch': 9.61}
{'loss': 4.6906, 'grad_norm': 173.74267578125, 'learning_rate': 2.091503267973856e-06, 'epoch': 9.63}
{'loss': 4.7, 'grad_norm': 160.7351531982422, 'learning_rate': 1.982570806100218e-06, 'epoch': 9.65}
{'loss': 4.7094, 'grad_norm': 187.49253845214844, 'learning_rate': 1.8736383442265797e-06, 'epoch': 9.67}
{'loss': 4.7438, 'grad_norm': 146.4264373779297, 'learning_rate': 1.7647058823529412e-06, 'epoch': 9.69}
{'loss': 4.7, 'grad_norm': 155.42955017089844, 'learning_rate': 1.6557734204793027e-06, 'epoch': 9.71}
{'loss': 4.6719, 'grad_norm': 180.28164672851562, 'learning_rate': 1.5468409586056646e-06, 'epoch': 9.73}
{'loss': 4.6937, 'grad_norm': 169.2849578857422, 'learning_rate': 1.4379084967320261e-06, 'epoch': 9.75}
{'loss': 4.7313, 'grad_norm': 179.83889770507812, 'learning_rate': 1.3289760348583878e-06, 'epoch': 9.76}
{'loss': 4.6688, 'grad_norm': 161.57249450683594, 'learning_rate': 1.2200435729847495e-06, 'epoch': 9.78}
{'loss': 4.725, 'grad_norm': 150.68218994140625, 'learning_rate': 1.1111111111111112e-06, 'epoch': 9.8}
{'eval_loss': 4.778846263885498, 'eval_runtime': 2.9094, 'eval_samples_per_second': 1182.736, 'eval_steps_per_second': 4.812, 'epoch': 9.8}
{'loss': 4.7125, 'grad_norm': 176.57846069335938, 'learning_rate': 1.0021786492374727e-06, 'epoch': 9.82}
{'loss': 4.6781, 'grad_norm': 158.30690002441406, 'learning_rate': 8.932461873638346e-07, 'epoch': 9.84}
{'loss': 4.7062, 'grad_norm': 160.54727172851562, 'learning_rate': 7.843137254901962e-07, 'epoch': 9.86}
{'loss': 4.725, 'grad_norm': 179.1979522705078, 'learning_rate': 6.753812636165577e-07, 'epoch': 9.88}
{'loss': 4.7, 'grad_norm': 149.0712890625, 'learning_rate': 5.664488017429195e-07, 'epoch': 9.9}
{'loss': 4.7156, 'grad_norm': 165.96859741210938, 'learning_rate': 4.575163398692811e-07, 'epoch': 9.92}
{'loss': 4.7375, 'grad_norm': 210.49937438964844, 'learning_rate': 3.485838779956427e-07, 'epoch': 9.94}
{'loss': 4.6906, 'grad_norm': 223.4026641845703, 'learning_rate': 2.3965141612200436e-07, 'epoch': 9.96}
{'loss': 4.6969, 'grad_norm': 226.80503845214844, 'learning_rate': 1.30718954248366e-07, 'epoch': 9.98}
{'loss': 4.7, 'grad_norm': 309.3759460449219, 'learning_rate': 2.178649237472767e-08, 'epoch': 10.0}
{'train_runtime': 3395.7888, 'train_samples_per_second': 192.53, 'train_steps_per_second': 0.751, 'train_loss': 5.131109068627451, 'epoch': 10.0}
[1;34mwandb[0m: 🚀 View run [33m/data/user_data/jingyuah/LLARA/checkpoints/Pixel200K_Clean_item_clean_pythia_160m[0m at: [34mhttps://wandb.ai/jingyuanhe1222/LLARA_pretrain/runs/tx44cioa[0m
[1;34mwandb[0m: Find logs at: [1;35mwandb/run-20241115_163601-tx44cioa/logs[0m
