[2024-11-15 16:46:14,382] [INFO] [real_accelerator.py:203:get_accelerator] Setting ds_accelerator to cuda (auto detect)
Warning: The default cache directory for DeepSpeed Triton autotune, /home/jingyuah/.triton/autotune, appears to be on an NFS system. While this is generally acceptable, if you experience slowdowns or hanging when DeepSpeed exits, it is recommended to set the TRITON_CACHE_DIR environment variable to a non-NFS path.
[93m [WARNING] [0m async_io requires the dev libaio .so object and headers but these were not found.
[93m [WARNING] [0m If libaio is already installed (perhaps from source), try setting the CFLAGS and LDFLAGS environment variables to where it can be found.
[93m [WARNING] [0m Please specify the CUTLASS repo directory as environment variable $CUTLASS_PATH
[93m [WARNING] [0m sparse_attn requires a torch version >= 1.5 and < 2.0 but detected 2.1
[93m [WARNING] [0m using untested triton version (2.1.0), only 1.0.0 is known to be compatible
[2024-11-15 16:46:15,294] [INFO] [comm.py:637:init_distributed] cdb=None
[2024-11-15 16:46:15,295] [INFO] [comm.py:668:init_distributed] Initializing TorchBackend in DeepSpeed with backend nccl
{'loss': 5.5938, 'grad_norm': 3376.238525390625, 'learning_rate': 1.2907698764494297e-05, 'epoch': 0.01}
{'loss': 5.3563, 'grad_norm': 2333.791259765625, 'learning_rate': 1.846674204103489e-05, 'epoch': 0.02}
{'loss': 5.3125, 'grad_norm': 3835.765869140625, 'learning_rate': 2.17185738976972e-05, 'epoch': 0.03}
{'loss': 5.175, 'grad_norm': 2581.80712890625, 'learning_rate': 2.402578531757548e-05, 'epoch': 0.04}
{'loss': 5.1625, 'grad_norm': 1805.8902587890625, 'learning_rate': 2.5815397528988595e-05, 'epoch': 0.05}
{'loss': 5.0687, 'grad_norm': 3891.550537109375, 'learning_rate': 2.7277617174237795e-05, 'epoch': 0.06}
{'loss': 5.0875, 'grad_norm': 3747.767822265625, 'learning_rate': 2.851390626882176e-05, 'epoch': 0.07}
{'loss': 5.05, 'grad_norm': 2703.22314453125, 'learning_rate': 2.958482859411607e-05, 'epoch': 0.08}
{'loss': 5.2875, 'grad_norm': 1114.6241455078125, 'learning_rate': 3.052944903090011e-05, 'epoch': 0.09}
{'loss': 5.2875, 'grad_norm': 1737.4288330078125, 'learning_rate': 3.1374440805529185e-05, 'epoch': 0.1}
{'loss': 5.3312, 'grad_norm': 2179.234130859375, 'learning_rate': 3.2138828844731906e-05, 'epoch': 0.11}
{'loss': 5.1875, 'grad_norm': 1626.5299072265625, 'learning_rate': 3.2836660450778386e-05, 'epoch': 0.12}
{'loss': 5.1437, 'grad_norm': 2523.868408203125, 'learning_rate': 3.34786032998703e-05, 'epoch': 0.13}
{'loss': 5.2, 'grad_norm': 9716.111328125, 'learning_rate': 3.407294954536235e-05, 'epoch': 0.14}
{'loss': 5.125, 'grad_norm': 3430.916015625, 'learning_rate': 3.46262726621915e-05, 'epoch': 0.15}
{'loss': 5.4062, 'grad_norm': 2721.606689453125, 'learning_rate': 3.5143871870656664e-05, 'epoch': 0.16}
{'loss': 5.5687, 'grad_norm': 1220.9105224609375, 'learning_rate': 3.5630081590256506e-05, 'epoch': 0.17}
{'loss': 5.5687, 'grad_norm': 614.1905517578125, 'learning_rate': 3.60884923074407e-05, 'epoch': 0.18}
{'loss': 5.45, 'grad_norm': 1030.4124755859375, 'learning_rate': 3.6522111647334654e-05, 'epoch': 0.19}
{'loss': 5.525, 'grad_norm': 17747.669921875, 'learning_rate': 3.693348408206978e-05, 'epoch': 0.2}
{'eval_loss': 5.540865421295166, 'eval_runtime': 5.7097, 'eval_samples_per_second': 602.659, 'eval_steps_per_second': 4.729, 'epoch': 0.2}
{'loss': 5.4875, 'grad_norm': 1584.4488525390625, 'learning_rate': 3.732478140202466e-05, 'epoch': 0.21}
{'loss': 5.275, 'grad_norm': 623.777587890625, 'learning_rate': 3.76978721212725e-05, 'epoch': 0.22}
{'loss': 5.375, 'grad_norm': 875.9135131835938, 'learning_rate': 3.8054375442327847e-05, 'epoch': 0.23}
{'loss': 5.4375, 'grad_norm': 163.99620056152344, 'learning_rate': 3.839570372731898e-05, 'epoch': 0.24}
{'loss': 5.4188, 'grad_norm': 262.8129577636719, 'learning_rate': 3.8723096293482894e-05, 'epoch': 0.25}
{'loss': 5.5312, 'grad_norm': 277.62066650390625, 'learning_rate': 3.9037646576410894e-05, 'epoch': 0.25}
{'loss': 6.1375, 'grad_norm': 422.30389404296875, 'learning_rate': 3.9340324164103024e-05, 'epoch': 0.26}
{'loss': 6.1562, 'grad_norm': 2172.9921875, 'learning_rate': 3.9631992821902944e-05, 'epoch': 0.27}
{'loss': 5.7125, 'grad_norm': 745.0114135742188, 'learning_rate': 3.99134253530202e-05, 'epoch': 0.28}
{'loss': 5.55, 'grad_norm': 886.413818359375, 'learning_rate': 4.0185315938732094e-05, 'epoch': 0.29}
{'loss': 5.5438, 'grad_norm': 1047.5692138671875, 'learning_rate': 4.044829045441267e-05, 'epoch': 0.3}
{'loss': 5.6063, 'grad_norm': 724.4773559570312, 'learning_rate': 4.070291514719726e-05, 'epoch': 0.31}
{'loss': 5.7062, 'grad_norm': 976.830810546875, 'learning_rate': 4.094970397793481e-05, 'epoch': 0.32}
{'loss': 5.6688, 'grad_norm': 636.1675415039062, 'learning_rate': 4.118912486679709e-05, 'epoch': 0.33}
{'loss': 5.5875, 'grad_norm': 553.6338500976562, 'learning_rate': 4.1421605033316066e-05, 'epoch': 0.34}
{'loss': 5.5, 'grad_norm': 1568.8248291015625, 'learning_rate': 4.1647535583981295e-05, 'epoch': 0.35}
{'loss': 5.5375, 'grad_norm': 919.4999389648438, 'learning_rate': 4.186727547114567e-05, 'epoch': 0.36}
{'loss': 5.5187, 'grad_norm': 673.8703002929688, 'learning_rate': 4.208115492387525e-05, 'epoch': 0.37}
{'loss': 5.5062, 'grad_norm': 445.9648742675781, 'learning_rate': 4.22894784330732e-05, 'epoch': 0.38}
{'loss': 5.5563, 'grad_norm': 1139.1505126953125, 'learning_rate': 4.2492527358610366e-05, 'epoch': 0.39}
{'eval_loss': 5.625, 'eval_runtime': 5.7725, 'eval_samples_per_second': 596.101, 'eval_steps_per_second': 4.677, 'epoch': 0.39}
{'loss': 5.5375, 'grad_norm': 1539.5001220703125, 'learning_rate': 4.2690562214483023e-05, 'epoch': 0.4}
{'loss': 5.575, 'grad_norm': 821.478759765625, 'learning_rate': 4.288382467856525e-05, 'epoch': 0.41}
{'loss': 5.4625, 'grad_norm': 567.2218017578125, 'learning_rate': 4.307253936585018e-05, 'epoch': 0.42}
{'loss': 5.45, 'grad_norm': 662.7962036132812, 'learning_rate': 4.325691539781309e-05, 'epoch': 0.43}
{'loss': 5.5375, 'grad_norm': 387.9091796875, 'learning_rate': 4.34371477953944e-05, 'epoch': 0.44}
{'loss': 5.4562, 'grad_norm': 346.3669738769531, 'learning_rate': 4.361341871886844e-05, 'epoch': 0.45}
{'loss': 5.4562, 'grad_norm': 230.7601776123047, 'learning_rate': 4.37858985743602e-05, 'epoch': 0.46}
{'loss': 5.3625, 'grad_norm': 1648.1553955078125, 'learning_rate': 4.395474700385957e-05, 'epoch': 0.47}
{'loss': 5.5625, 'grad_norm': 427.495361328125, 'learning_rate': 4.4120113773149225e-05, 'epoch': 0.48}
{'loss': 5.5438, 'grad_norm': 378.6903076171875, 'learning_rate': 4.428213957002349e-05, 'epoch': 0.49}
{'loss': 5.7125, 'grad_norm': 1682.939453125, 'learning_rate': 4.44409567234594e-05, 'epoch': 0.5}
{'loss': 5.8125, 'grad_norm': 2264.153564453125, 'learning_rate': 4.459668985295148e-05, 'epoch': 0.51}
{'loss': 5.925, 'grad_norm': 3869.421630859375, 'learning_rate': 4.474945645599318e-05, 'epoch': 0.52}
{'loss': 6.0375, 'grad_norm': 9782.279296875, 'learning_rate': 4.489936744064361e-05, 'epoch': 0.53}
{'loss': 5.9938, 'grad_norm': 6075.373046875, 'learning_rate': 4.50465276092262e-05, 'epoch': 0.54}
{'loss': 6.1688, 'grad_norm': 6335.54052734375, 'learning_rate': 4.519103609844353e-05, 'epoch': 0.55}
{'loss': 6.4813, 'grad_norm': 3295.112548828125, 'learning_rate': 4.533298678053757e-05, 'epoch': 0.56}
{'loss': 6.4188, 'grad_norm': 15592.5986328125, 'learning_rate': 4.54724686295608e-05, 'epoch': 0.57}
{'loss': 6.6813, 'grad_norm': 15390.8671875, 'learning_rate': 4.560956605633749e-05, 'epoch': 0.58}
{'loss': 7.95, 'grad_norm': 6290.15673828125, 'learning_rate': 4.574435921527269e-05, 'epoch': 0.59}
{'eval_loss': 8.807692527770996, 'eval_runtime': 5.7263, 'eval_samples_per_second': 600.907, 'eval_steps_per_second': 4.715, 'epoch': 0.59}
{'loss': 8.225, 'grad_norm': 2621.116943359375, 'learning_rate': 4.5876924285801514e-05, 'epoch': 0.6}
{'loss': 7.875, 'grad_norm': 1499.6268310546875, 'learning_rate': 4.6007333730953254e-05, 'epoch': 0.61}
{'loss': 7.9938, 'grad_norm': 3771.24658203125, 'learning_rate': 4.6135656535227576e-05, 'epoch': 0.62}
{'loss': 7.6562, 'grad_norm': 1241.225341796875, 'learning_rate': 4.626195842373785e-05, 'epoch': 0.63}
{'loss': 7.7438, 'grad_norm': 977.0751342773438, 'learning_rate': 4.6386302064364596e-05, 'epoch': 0.64}
{'loss': 7.6063, 'grad_norm': 1803.7281494140625, 'learning_rate': 4.65087472544754e-05, 'epoch': 0.65}
{'loss': 7.6937, 'grad_norm': 211.52313232421875, 'learning_rate': 4.662935109360414e-05, 'epoch': 0.66}
{'loss': 7.6125, 'grad_norm': 2477.162841796875, 'learning_rate': 4.674816814333769e-05, 'epoch': 0.67}
{'loss': 7.6437, 'grad_norm': 401.4145202636719, 'learning_rate': 4.6865250575530756e-05, 'epoch': 0.68}
{'loss': 7.975, 'grad_norm': 102.46051788330078, 'learning_rate': 4.6980648309856646e-05, 'epoch': 0.69}
{'loss': 7.9375, 'grad_norm': 526.1683349609375, 'learning_rate': 4.7094409141601675e-05, 'epoch': 0.7}
{'loss': 7.6937, 'grad_norm': 1419.130859375, 'learning_rate': 4.720657886052189e-05, 'epoch': 0.71}
{'loss': 7.5375, 'grad_norm': 619.048095703125, 'learning_rate': 4.731720136150209e-05, 'epoch': 0.72}
{'loss': 7.175, 'grad_norm': 1162.985595703125, 'learning_rate': 4.742631874768626e-05, 'epoch': 0.73}
{'loss': 6.925, 'grad_norm': 443.0734558105469, 'learning_rate': 4.7533971426685796e-05, 'epoch': 0.74}
{'loss': 6.7438, 'grad_norm': 355.06072998046875, 'learning_rate': 4.764019820041584e-05, 'epoch': 0.75}
{'loss': 6.975, 'grad_norm': 606.5653686523438, 'learning_rate': 4.774503634905937e-05, 'epoch': 0.75}
{'loss': 7.0938, 'grad_norm': 406.6642761230469, 'learning_rate': 4.7848521709613797e-05, 'epoch': 0.76}
{'loss': 7.475, 'grad_norm': 153.08590698242188, 'learning_rate': 4.795068874943425e-05, 'epoch': 0.77}
{'loss': 7.0812, 'grad_norm': 262.50921630859375, 'learning_rate': 4.805157063515096e-05, 'epoch': 0.78}
{'eval_loss': 6.991586685180664, 'eval_runtime': 5.8646, 'eval_samples_per_second': 586.744, 'eval_steps_per_second': 4.604, 'epoch': 0.78}
{'loss': 7.0062, 'grad_norm': 145.82861328125, 'learning_rate': 4.815119929730592e-05, 'epoch': 0.79}
{'loss': 6.7562, 'grad_norm': 465.23431396484375, 'learning_rate': 4.824960549102362e-05, 'epoch': 0.8}
{'loss': 6.6937, 'grad_norm': 91.88868713378906, 'learning_rate': 4.8346818853004576e-05, 'epoch': 0.81}
{'loss': 6.8063, 'grad_norm': 383.0489807128906, 'learning_rate': 4.844286795510585e-05, 'epoch': 0.82}
{'loss': 6.975, 'grad_norm': 123.70769500732422, 'learning_rate': 4.85377803547508e-05, 'epoch': 0.83}
{'loss': 6.7562, 'grad_norm': 119.65388488769531, 'learning_rate': 4.863158264239077e-05, 'epoch': 0.84}
{'loss': 6.4813, 'grad_norm': 295.05169677734375, 'learning_rate': 4.872430048622311e-05, 'epoch': 0.85}
{'loss': 6.3125, 'grad_norm': 112.77996063232422, 'learning_rate': 4.881595867435367e-05, 'epoch': 0.86}
{'loss': 6.2812, 'grad_norm': 368.90191650390625, 'learning_rate': 4.890658115457719e-05, 'epoch': 0.87}
{'loss': 6.2625, 'grad_norm': 158.81240844726562, 'learning_rate': 4.8996191071935e-05, 'epoch': 0.88}
{'loss': 6.25, 'grad_norm': 1100.54833984375, 'learning_rate': 4.908481080419776e-05, 'epoch': 0.89}
{'loss': 6.3125, 'grad_norm': 1111.093994140625, 'learning_rate': 4.917246199540903e-05, 'epoch': 0.9}
{'loss': 6.35, 'grad_norm': 708.5122680664062, 'learning_rate': 4.925916558761557e-05, 'epoch': 0.91}
{'loss': 6.7562, 'grad_norm': 1415.2093505859375, 'learning_rate': 4.9344941850900786e-05, 'epoch': 0.92}
{'loss': 6.875, 'grad_norm': 507.0560302734375, 'learning_rate': 4.942981041182895e-05, 'epoch': 0.93}
{'loss': 6.5125, 'grad_norm': 449.0225830078125, 'learning_rate': 4.951379028040016e-05, 'epoch': 0.94}
{'loss': 6.4313, 'grad_norm': 63.770198822021484, 'learning_rate': 4.959689987560856e-05, 'epoch': 0.95}
{'loss': 6.825, 'grad_norm': 336.2644348144531, 'learning_rate': 4.967915704968981e-05, 'epoch': 0.96}
{'loss': 7.6875, 'grad_norm': 537.364990234375, 'learning_rate': 4.976057911113772e-05, 'epoch': 0.97}
{'loss': 7.8812, 'grad_norm': 570.19384765625, 'learning_rate': 4.9841182846564074e-05, 'epoch': 0.98}
{'eval_loss': 7.646634578704834, 'eval_runtime': 5.7171, 'eval_samples_per_second': 601.883, 'eval_steps_per_second': 4.723, 'epoch': 0.98}
{'loss': 7.4437, 'grad_norm': 322.7532653808594, 'learning_rate': 4.992098454147103e-05, 'epoch': 0.99}
{'loss': 7.2188, 'grad_norm': 335.142333984375, 'learning_rate': 4.9999999999999996e-05, 'epoch': 1.0}
{'loss': 7.2, 'grad_norm': 547.7100219726562, 'learning_rate': 4.9956427015250546e-05, 'epoch': 1.01}
{'loss': 7.2313, 'grad_norm': 785.5013427734375, 'learning_rate': 4.990196078431373e-05, 'epoch': 1.02}
{'loss': 7.5375, 'grad_norm': 231.25108337402344, 'learning_rate': 4.984749455337691e-05, 'epoch': 1.03}
{'loss': 6.7938, 'grad_norm': 86.28036499023438, 'learning_rate': 4.9793028322440085e-05, 'epoch': 1.04}
{'loss': 6.6125, 'grad_norm': 42.598873138427734, 'learning_rate': 4.973856209150327e-05, 'epoch': 1.05}
{'loss': 6.5687, 'grad_norm': 46.801841735839844, 'learning_rate': 4.968409586056645e-05, 'epoch': 1.06}
{'loss': 6.5375, 'grad_norm': 143.43592834472656, 'learning_rate': 4.962962962962963e-05, 'epoch': 1.07}
{'loss': 7.0312, 'grad_norm': 200.88963317871094, 'learning_rate': 4.9575163398692816e-05, 'epoch': 1.08}
{'loss': 6.9375, 'grad_norm': 43.272525787353516, 'learning_rate': 4.9520697167755993e-05, 'epoch': 1.09}
{'loss': 6.55, 'grad_norm': 48.91203308105469, 'learning_rate': 4.946623093681918e-05, 'epoch': 1.1}
{'loss': 6.4125, 'grad_norm': 96.96870422363281, 'learning_rate': 4.9411764705882355e-05, 'epoch': 1.11}
{'loss': 6.2687, 'grad_norm': 396.4935607910156, 'learning_rate': 4.935729847494553e-05, 'epoch': 1.12}
{'loss': 6.375, 'grad_norm': 121.10400390625, 'learning_rate': 4.930283224400872e-05, 'epoch': 1.13}
{'loss': 6.3125, 'grad_norm': 131.3941650390625, 'learning_rate': 4.92483660130719e-05, 'epoch': 1.14}
{'loss': 6.275, 'grad_norm': 1552.46533203125, 'learning_rate': 4.919389978213508e-05, 'epoch': 1.15}
{'loss': 6.525, 'grad_norm': 1106.1669921875, 'learning_rate': 4.9139433551198264e-05, 'epoch': 1.16}
{'loss': 6.4625, 'grad_norm': 814.3887939453125, 'learning_rate': 4.908496732026144e-05, 'epoch': 1.17}
{'loss': 6.4875, 'grad_norm': 2400.4443359375, 'learning_rate': 4.903050108932462e-05, 'epoch': 1.18}
{'eval_loss': 6.492788314819336, 'eval_runtime': 5.7525, 'eval_samples_per_second': 598.172, 'eval_steps_per_second': 4.694, 'epoch': 1.18}
{'loss': 6.4688, 'grad_norm': 3393.423583984375, 'learning_rate': 4.89760348583878e-05, 'epoch': 1.19}
{'loss': 6.7125, 'grad_norm': 3361.61328125, 'learning_rate': 4.892156862745098e-05, 'epoch': 1.2}
{'loss': 6.6437, 'grad_norm': 1337.8399658203125, 'learning_rate': 4.8867102396514165e-05, 'epoch': 1.21}
{'loss': 6.6, 'grad_norm': 2475.979736328125, 'learning_rate': 4.881263616557735e-05, 'epoch': 1.22}
{'loss': 6.4062, 'grad_norm': 3066.66357421875, 'learning_rate': 4.875816993464053e-05, 'epoch': 1.23}
{'loss': 6.45, 'grad_norm': 926.7947387695312, 'learning_rate': 4.8703703703703704e-05, 'epoch': 1.24}
{'loss': 6.4, 'grad_norm': 767.6515502929688, 'learning_rate': 4.864923747276688e-05, 'epoch': 1.25}
{'loss': 6.2812, 'grad_norm': 184.58624267578125, 'learning_rate': 4.8594771241830066e-05, 'epoch': 1.25}
{'loss': 6.1437, 'grad_norm': 193.26731872558594, 'learning_rate': 4.854030501089325e-05, 'epoch': 1.26}
{'loss': 5.9813, 'grad_norm': 183.94467163085938, 'learning_rate': 4.848583877995643e-05, 'epoch': 1.27}
{'loss': 6.1813, 'grad_norm': 1049.83837890625, 'learning_rate': 4.843137254901961e-05, 'epoch': 1.28}
{'loss': 6.325, 'grad_norm': 1228.0989990234375, 'learning_rate': 4.837690631808279e-05, 'epoch': 1.29}
{'loss': 6.575, 'grad_norm': 1883.3779296875, 'learning_rate': 4.832244008714597e-05, 'epoch': 1.3}
{'loss': 6.55, 'grad_norm': 360.72393798828125, 'learning_rate': 4.826797385620915e-05, 'epoch': 1.31}
{'loss': 6.3312, 'grad_norm': 255.43568420410156, 'learning_rate': 4.8213507625272336e-05, 'epoch': 1.32}
{'loss': 6.2938, 'grad_norm': 222.69094848632812, 'learning_rate': 4.8159041394335514e-05, 'epoch': 1.33}
{'loss': 6.0687, 'grad_norm': 103.10559844970703, 'learning_rate': 4.81045751633987e-05, 'epoch': 1.34}
{'loss': 5.925, 'grad_norm': 110.07915496826172, 'learning_rate': 4.8050108932461876e-05, 'epoch': 1.35}
{'loss': 5.975, 'grad_norm': 109.19623565673828, 'learning_rate': 4.7995642701525054e-05, 'epoch': 1.36}
{'loss': 5.9125, 'grad_norm': 112.37090301513672, 'learning_rate': 4.794117647058824e-05, 'epoch': 1.37}
{'eval_loss': 5.918269157409668, 'eval_runtime': 6.0163, 'eval_samples_per_second': 571.944, 'eval_steps_per_second': 4.488, 'epoch': 1.37}
{'loss': 5.8937, 'grad_norm': 163.63929748535156, 'learning_rate': 4.7886710239651415e-05, 'epoch': 1.38}
{'loss': 5.8812, 'grad_norm': 167.84547424316406, 'learning_rate': 4.78322440087146e-05, 'epoch': 1.39}
{'loss': 5.8187, 'grad_norm': 94.33104705810547, 'learning_rate': 4.7777777777777784e-05, 'epoch': 1.4}
{'loss': 5.8125, 'grad_norm': 107.26608276367188, 'learning_rate': 4.772331154684096e-05, 'epoch': 1.41}
{'loss': 5.825, 'grad_norm': 92.87877655029297, 'learning_rate': 4.766884531590414e-05, 'epoch': 1.42}
{'loss': 5.8125, 'grad_norm': 103.05321502685547, 'learning_rate': 4.761437908496732e-05, 'epoch': 1.43}
{'loss': 5.95, 'grad_norm': 322.4148254394531, 'learning_rate': 4.75599128540305e-05, 'epoch': 1.44}
{'loss': 5.95, 'grad_norm': 276.8523864746094, 'learning_rate': 4.7505446623093686e-05, 'epoch': 1.45}
{'loss': 5.85, 'grad_norm': 399.6108703613281, 'learning_rate': 4.745098039215686e-05, 'epoch': 1.46}
{'loss': 5.8688, 'grad_norm': 497.3758544921875, 'learning_rate': 4.739651416122005e-05, 'epoch': 1.47}
{'loss': 5.8688, 'grad_norm': 176.05569458007812, 'learning_rate': 4.734204793028323e-05, 'epoch': 1.48}
{'loss': 5.8688, 'grad_norm': 877.92431640625, 'learning_rate': 4.728758169934641e-05, 'epoch': 1.49}
{'loss': 5.8812, 'grad_norm': 152.4888458251953, 'learning_rate': 4.723311546840959e-05, 'epoch': 1.5}
{'loss': 5.8187, 'grad_norm': 208.67881774902344, 'learning_rate': 4.717864923747277e-05, 'epoch': 1.51}
{'loss': 5.8563, 'grad_norm': 212.30934143066406, 'learning_rate': 4.712418300653595e-05, 'epoch': 1.52}
{'loss': 5.8688, 'grad_norm': 654.3116455078125, 'learning_rate': 4.706971677559913e-05, 'epoch': 1.53}
{'loss': 5.9, 'grad_norm': 906.9119873046875, 'learning_rate': 4.701525054466231e-05, 'epoch': 1.54}
{'loss': 6.1125, 'grad_norm': 3314.764892578125, 'learning_rate': 4.6960784313725495e-05, 'epoch': 1.55}
{'loss': 6.6437, 'grad_norm': 7847.4501953125, 'learning_rate': 4.690631808278867e-05, 'epoch': 1.56}
{'loss': 7.0187, 'grad_norm': 6703.32568359375, 'learning_rate': 4.685185185185185e-05, 'epoch': 1.57}
{'eval_loss': 7.067307472229004, 'eval_runtime': 5.7685, 'eval_samples_per_second': 596.513, 'eval_steps_per_second': 4.681, 'epoch': 1.57}
{'loss': 6.9375, 'grad_norm': 3798.20751953125, 'learning_rate': 4.6797385620915035e-05, 'epoch': 1.58}
{'loss': 6.5625, 'grad_norm': 891.212646484375, 'learning_rate': 4.674291938997822e-05, 'epoch': 1.59}
{'loss': 6.5938, 'grad_norm': 748.3148193359375, 'learning_rate': 4.6688453159041397e-05, 'epoch': 1.6}
{'loss': 6.4875, 'grad_norm': 1190.497314453125, 'learning_rate': 4.663398692810458e-05, 'epoch': 1.61}
{'loss': 6.475, 'grad_norm': 1304.973388671875, 'learning_rate': 4.657952069716776e-05, 'epoch': 1.62}
{'loss': 6.4813, 'grad_norm': 1622.085205078125, 'learning_rate': 4.6525054466230936e-05, 'epoch': 1.63}
{'loss': 6.3875, 'grad_norm': 588.2169799804688, 'learning_rate': 4.647058823529412e-05, 'epoch': 1.64}
{'loss': 6.2812, 'grad_norm': 2402.69677734375, 'learning_rate': 4.64161220043573e-05, 'epoch': 1.65}
{'loss': 6.4813, 'grad_norm': 5260.46728515625, 'learning_rate': 4.636165577342048e-05, 'epoch': 1.66}
{'loss': 6.625, 'grad_norm': 2271.310302734375, 'learning_rate': 4.630718954248367e-05, 'epoch': 1.67}
{'loss': 6.5938, 'grad_norm': 523.07080078125, 'learning_rate': 4.6252723311546844e-05, 'epoch': 1.68}
{'loss': 6.3625, 'grad_norm': 943.9732055664062, 'learning_rate': 4.619825708061002e-05, 'epoch': 1.69}
{'loss': 6.2375, 'grad_norm': 549.5316162109375, 'learning_rate': 4.6143790849673206e-05, 'epoch': 1.7}
{'loss': 6.1937, 'grad_norm': 457.5255432128906, 'learning_rate': 4.6089324618736384e-05, 'epoch': 1.71}
{'loss': 6.0875, 'grad_norm': 459.2776794433594, 'learning_rate': 4.603485838779957e-05, 'epoch': 1.72}
{'loss': 6.0938, 'grad_norm': 822.7594604492188, 'learning_rate': 4.5980392156862746e-05, 'epoch': 1.73}
{'loss': 6.0875, 'grad_norm': 856.1429443359375, 'learning_rate': 4.592592592592593e-05, 'epoch': 1.74}
{'loss': 6.1375, 'grad_norm': 1166.0941162109375, 'learning_rate': 4.587145969498911e-05, 'epoch': 1.75}
{'loss': 6.2625, 'grad_norm': 3276.894287109375, 'learning_rate': 4.5816993464052285e-05, 'epoch': 1.75}
{'loss': 6.525, 'grad_norm': 1618.299072265625, 'learning_rate': 4.576252723311547e-05, 'epoch': 1.76}
{'eval_loss': 6.51682710647583, 'eval_runtime': 5.7852, 'eval_samples_per_second': 594.793, 'eval_steps_per_second': 4.667, 'epoch': 1.76}
{'loss': 6.4875, 'grad_norm': 2920.433837890625, 'learning_rate': 4.5708061002178654e-05, 'epoch': 1.77}
{'loss': 6.2313, 'grad_norm': 553.5150756835938, 'learning_rate': 4.565359477124183e-05, 'epoch': 1.78}
{'loss': 6.175, 'grad_norm': 909.9617309570312, 'learning_rate': 4.5599128540305016e-05, 'epoch': 1.79}
{'loss': 6.2438, 'grad_norm': 5067.0537109375, 'learning_rate': 4.554466230936819e-05, 'epoch': 1.8}
{'loss': 6.475, 'grad_norm': 3600.880126953125, 'learning_rate': 4.549019607843137e-05, 'epoch': 1.81}
{'loss': 6.7188, 'grad_norm': 1919.645751953125, 'learning_rate': 4.5435729847494555e-05, 'epoch': 1.82}
{'loss': 6.8812, 'grad_norm': 826.7607421875, 'learning_rate': 4.538126361655773e-05, 'epoch': 1.83}
{'loss': 6.5438, 'grad_norm': 3537.96923828125, 'learning_rate': 4.532679738562092e-05, 'epoch': 1.84}
{'loss': 6.4125, 'grad_norm': 427.4202880859375, 'learning_rate': 4.52723311546841e-05, 'epoch': 1.85}
{'loss': 6.3187, 'grad_norm': 696.9351806640625, 'learning_rate': 4.521786492374728e-05, 'epoch': 1.86}
{'loss': 6.425, 'grad_norm': 837.837158203125, 'learning_rate': 4.516339869281046e-05, 'epoch': 1.87}
{'loss': 6.2938, 'grad_norm': 430.19158935546875, 'learning_rate': 4.510893246187364e-05, 'epoch': 1.88}
{'loss': 6.2687, 'grad_norm': 234.7251739501953, 'learning_rate': 4.505446623093682e-05, 'epoch': 1.89}
{'loss': 6.35, 'grad_norm': 246.8756866455078, 'learning_rate': 4.5e-05, 'epoch': 1.9}
{'loss': 6.2812, 'grad_norm': 153.63380432128906, 'learning_rate': 4.494553376906318e-05, 'epoch': 1.91}
{'loss': 6.3187, 'grad_norm': 152.33721923828125, 'learning_rate': 4.4891067538126365e-05, 'epoch': 1.92}
{'loss': 6.475, 'grad_norm': 738.5698852539062, 'learning_rate': 4.483660130718955e-05, 'epoch': 1.93}
{'loss': 6.4875, 'grad_norm': 315.72552490234375, 'learning_rate': 4.478213507625273e-05, 'epoch': 1.94}
{'loss': 6.725, 'grad_norm': 112.51736450195312, 'learning_rate': 4.4727668845315904e-05, 'epoch': 1.95}
{'loss': 6.6875, 'grad_norm': 61.3795280456543, 'learning_rate': 4.467320261437909e-05, 'epoch': 1.96}
{'eval_loss': 6.56129789352417, 'eval_runtime': 5.739, 'eval_samples_per_second': 599.585, 'eval_steps_per_second': 4.705, 'epoch': 1.96}
{'loss': 6.5687, 'grad_norm': 34.540836334228516, 'learning_rate': 4.4618736383442266e-05, 'epoch': 1.97}
{'loss': 6.5563, 'grad_norm': 115.84907531738281, 'learning_rate': 4.456427015250545e-05, 'epoch': 1.98}
{'loss': 6.7313, 'grad_norm': 1158.5115966796875, 'learning_rate': 4.450980392156863e-05, 'epoch': 1.99}
{'loss': 7.15, 'grad_norm': 83.7431411743164, 'learning_rate': 4.445533769063181e-05, 'epoch': 2.0}
{'loss': 6.775, 'grad_norm': 422.8422546386719, 'learning_rate': 4.440087145969499e-05, 'epoch': 2.01}
{'loss': 6.8312, 'grad_norm': 223.02549743652344, 'learning_rate': 4.434640522875817e-05, 'epoch': 2.02}
{'loss': 7.225, 'grad_norm': 422.2250061035156, 'learning_rate': 4.429193899782135e-05, 'epoch': 2.03}
{'loss': 7.3063, 'grad_norm': 52.916847229003906, 'learning_rate': 4.4237472766884536e-05, 'epoch': 2.04}
{'loss': 6.7562, 'grad_norm': 76.43377685546875, 'learning_rate': 4.4183006535947714e-05, 'epoch': 2.05}
{'loss': 6.6937, 'grad_norm': 86.80644226074219, 'learning_rate': 4.41285403050109e-05, 'epoch': 2.06}
{'loss': 6.6937, 'grad_norm': 77.50607299804688, 'learning_rate': 4.4074074074074076e-05, 'epoch': 2.07}
{'loss': 6.8375, 'grad_norm': 57.429256439208984, 'learning_rate': 4.401960784313725e-05, 'epoch': 2.08}
{'loss': 7.675, 'grad_norm': 937.789794921875, 'learning_rate': 4.396514161220044e-05, 'epoch': 2.09}
{'loss': 6.9375, 'grad_norm': 17.316436767578125, 'learning_rate': 4.3910675381263615e-05, 'epoch': 2.1}
{'loss': 6.5312, 'grad_norm': 26.3091983795166, 'learning_rate': 4.38562091503268e-05, 'epoch': 2.11}
{'loss': 6.375, 'grad_norm': 24.317655563354492, 'learning_rate': 4.3801742919389984e-05, 'epoch': 2.12}
{'loss': 6.3438, 'grad_norm': 11.940677642822266, 'learning_rate': 4.374727668845316e-05, 'epoch': 2.13}
{'loss': 6.2375, 'grad_norm': 19.81580352783203, 'learning_rate': 4.369281045751634e-05, 'epoch': 2.14}
{'loss': 6.1125, 'grad_norm': 17.663698196411133, 'learning_rate': 4.3638344226579523e-05, 'epoch': 2.15}
{'loss': 6.0312, 'grad_norm': 18.145845413208008, 'learning_rate': 4.35838779956427e-05, 'epoch': 2.16}
{'eval_loss': 6.019230842590332, 'eval_runtime': 5.7455, 'eval_samples_per_second': 598.908, 'eval_steps_per_second': 4.699, 'epoch': 2.16}
{'loss': 6.0312, 'grad_norm': 14.627420425415039, 'learning_rate': 4.3529411764705885e-05, 'epoch': 2.17}
{'loss': 5.85, 'grad_norm': 16.330829620361328, 'learning_rate': 4.347494553376906e-05, 'epoch': 2.18}
{'loss': 5.8812, 'grad_norm': 12.03861141204834, 'learning_rate': 4.342047930283225e-05, 'epoch': 2.19}
{'loss': 5.8063, 'grad_norm': 24.443614959716797, 'learning_rate': 4.336601307189543e-05, 'epoch': 2.2}
{'loss': 5.8063, 'grad_norm': 12.467389106750488, 'learning_rate': 4.33115468409586e-05, 'epoch': 2.21}
{'loss': 5.7687, 'grad_norm': 18.001598358154297, 'learning_rate': 4.325708061002179e-05, 'epoch': 2.22}
{'loss': 5.7375, 'grad_norm': 24.638980865478516, 'learning_rate': 4.320261437908497e-05, 'epoch': 2.23}
{'loss': 5.6813, 'grad_norm': 292.26824951171875, 'learning_rate': 4.314814814814815e-05, 'epoch': 2.24}
{'loss': 5.7062, 'grad_norm': 12.115617752075195, 'learning_rate': 4.309368191721133e-05, 'epoch': 2.25}
{'loss': 5.6437, 'grad_norm': 12.082914352416992, 'learning_rate': 4.303921568627452e-05, 'epoch': 2.25}
{'loss': 5.5875, 'grad_norm': 10.39034366607666, 'learning_rate': 4.2984749455337695e-05, 'epoch': 2.26}
{'loss': 5.5375, 'grad_norm': 15.030654907226562, 'learning_rate': 4.293028322440087e-05, 'epoch': 2.27}
{'loss': 5.6063, 'grad_norm': 11.775903701782227, 'learning_rate': 4.287581699346405e-05, 'epoch': 2.28}
{'loss': 5.5563, 'grad_norm': 36.68363571166992, 'learning_rate': 4.2821350762527234e-05, 'epoch': 2.29}
{'loss': 5.6625, 'grad_norm': 25.169185638427734, 'learning_rate': 4.276688453159042e-05, 'epoch': 2.3}
{'loss': 5.5812, 'grad_norm': 95.0177230834961, 'learning_rate': 4.2712418300653596e-05, 'epoch': 2.31}
{'loss': 5.5, 'grad_norm': 13.330148696899414, 'learning_rate': 4.265795206971678e-05, 'epoch': 2.32}
{'loss': 5.5187, 'grad_norm': 28.24942398071289, 'learning_rate': 4.260348583877996e-05, 'epoch': 2.33}
{'loss': 5.4938, 'grad_norm': 20.549331665039062, 'learning_rate': 4.2549019607843136e-05, 'epoch': 2.34}
{'loss': 5.4688, 'grad_norm': 11.197875022888184, 'learning_rate': 4.249455337690632e-05, 'epoch': 2.35}
{'eval_loss': 5.43629789352417, 'eval_runtime': 5.7352, 'eval_samples_per_second': 599.984, 'eval_steps_per_second': 4.708, 'epoch': 2.35}
{'loss': 5.4125, 'grad_norm': 24.204011917114258, 'learning_rate': 4.24400871459695e-05, 'epoch': 2.36}
{'loss': 5.4688, 'grad_norm': 15.99545669555664, 'learning_rate': 4.238562091503268e-05, 'epoch': 2.37}
{'loss': 5.4437, 'grad_norm': 21.381938934326172, 'learning_rate': 4.2331154684095866e-05, 'epoch': 2.38}
{'loss': 5.45, 'grad_norm': 12.098712921142578, 'learning_rate': 4.2276688453159044e-05, 'epoch': 2.39}
{'loss': 5.3563, 'grad_norm': 15.773943901062012, 'learning_rate': 4.222222222222222e-05, 'epoch': 2.4}
{'loss': 5.4125, 'grad_norm': 22.15949249267578, 'learning_rate': 4.2167755991285406e-05, 'epoch': 2.41}
{'loss': 5.4313, 'grad_norm': 14.616972923278809, 'learning_rate': 4.2113289760348583e-05, 'epoch': 2.42}
{'loss': 5.4188, 'grad_norm': 21.542545318603516, 'learning_rate': 4.205882352941177e-05, 'epoch': 2.43}
{'loss': 5.375, 'grad_norm': 13.414202690124512, 'learning_rate': 4.200435729847495e-05, 'epoch': 2.44}
{'loss': 5.3, 'grad_norm': 13.999239921569824, 'learning_rate': 4.194989106753813e-05, 'epoch': 2.45}
{'loss': 5.3125, 'grad_norm': 9.911136627197266, 'learning_rate': 4.189542483660131e-05, 'epoch': 2.46}
{'loss': 5.275, 'grad_norm': 9.103292465209961, 'learning_rate': 4.1840958605664485e-05, 'epoch': 2.47}
{'loss': 5.3375, 'grad_norm': 31.670040130615234, 'learning_rate': 4.178649237472767e-05, 'epoch': 2.48}
{'loss': 5.35, 'grad_norm': 74.18253326416016, 'learning_rate': 4.1732026143790854e-05, 'epoch': 2.49}
{'loss': 5.35, 'grad_norm': 13.38706111907959, 'learning_rate': 4.167755991285403e-05, 'epoch': 2.5}
{'loss': 5.2812, 'grad_norm': 12.053529739379883, 'learning_rate': 4.1623093681917215e-05, 'epoch': 2.51}
{'loss': 5.2562, 'grad_norm': 60.696311950683594, 'learning_rate': 4.156862745098039e-05, 'epoch': 2.52}
{'loss': 5.2938, 'grad_norm': 59.16548538208008, 'learning_rate': 4.151416122004357e-05, 'epoch': 2.53}
{'loss': 5.4, 'grad_norm': 113.06536102294922, 'learning_rate': 4.1459694989106755e-05, 'epoch': 2.54}
{'loss': 5.4125, 'grad_norm': 202.0556640625, 'learning_rate': 4.140522875816993e-05, 'epoch': 2.55}
{'eval_loss': 5.45432710647583, 'eval_runtime': 5.8163, 'eval_samples_per_second': 591.612, 'eval_steps_per_second': 4.642, 'epoch': 2.55}
{'loss': 5.3875, 'grad_norm': 161.7524871826172, 'learning_rate': 4.135076252723312e-05, 'epoch': 2.56}
{'loss': 5.3438, 'grad_norm': 71.53694152832031, 'learning_rate': 4.12962962962963e-05, 'epoch': 2.57}
{'loss': 5.3063, 'grad_norm': 42.11815643310547, 'learning_rate': 4.124183006535948e-05, 'epoch': 2.58}
{'loss': 5.2062, 'grad_norm': 296.4962463378906, 'learning_rate': 4.118736383442266e-05, 'epoch': 2.59}
{'loss': 5.2062, 'grad_norm': 31.540821075439453, 'learning_rate': 4.113289760348584e-05, 'epoch': 2.6}
{'loss': 5.1813, 'grad_norm': 23.413049697875977, 'learning_rate': 4.107843137254902e-05, 'epoch': 2.61}
{'loss': 5.225, 'grad_norm': 51.750152587890625, 'learning_rate': 4.10239651416122e-05, 'epoch': 2.62}
{'loss': 5.225, 'grad_norm': 23.748449325561523, 'learning_rate': 4.096949891067539e-05, 'epoch': 2.63}
{'loss': 5.2625, 'grad_norm': 79.57476043701172, 'learning_rate': 4.0915032679738565e-05, 'epoch': 2.64}
{'loss': 5.2375, 'grad_norm': 12.980315208435059, 'learning_rate': 4.086056644880175e-05, 'epoch': 2.65}
{'loss': 5.2313, 'grad_norm': 43.25398635864258, 'learning_rate': 4.0806100217864926e-05, 'epoch': 2.66}
{'loss': 5.275, 'grad_norm': 190.79397583007812, 'learning_rate': 4.0751633986928104e-05, 'epoch': 2.67}
{'loss': 5.3937, 'grad_norm': 229.78195190429688, 'learning_rate': 4.069716775599129e-05, 'epoch': 2.68}
{'loss': 5.3875, 'grad_norm': 728.5408935546875, 'learning_rate': 4.0642701525054466e-05, 'epoch': 2.69}
{'loss': 5.2875, 'grad_norm': 1942.3387451171875, 'learning_rate': 4.058823529411765e-05, 'epoch': 2.7}
{'loss': 5.3937, 'grad_norm': 351.3076171875, 'learning_rate': 4.0533769063180835e-05, 'epoch': 2.71}
{'loss': 5.375, 'grad_norm': 196.4964141845703, 'learning_rate': 4.047930283224401e-05, 'epoch': 2.72}
{'loss': 5.45, 'grad_norm': 11153.765625, 'learning_rate': 4.042483660130719e-05, 'epoch': 2.73}
{'loss': 5.7875, 'grad_norm': 364.6467590332031, 'learning_rate': 4.0370370370370374e-05, 'epoch': 2.74}
{'loss': 5.775, 'grad_norm': 1601.1273193359375, 'learning_rate': 4.031590413943355e-05, 'epoch': 2.75}
{'eval_loss': 5.804086685180664, 'eval_runtime': 5.8154, 'eval_samples_per_second': 591.701, 'eval_steps_per_second': 4.643, 'epoch': 2.75}
{'loss': 5.8125, 'grad_norm': 9734.595703125, 'learning_rate': 4.0261437908496736e-05, 'epoch': 2.75}
{'loss': 5.9125, 'grad_norm': 7332.3994140625, 'learning_rate': 4.0206971677559914e-05, 'epoch': 2.76}
{'loss': 6.0812, 'grad_norm': 12485.52734375, 'learning_rate': 4.01525054466231e-05, 'epoch': 2.77}
{'loss': 6.2687, 'grad_norm': 4491.1103515625, 'learning_rate': 4.0098039215686276e-05, 'epoch': 2.78}
{'loss': 6.8125, 'grad_norm': 47121.9921875, 'learning_rate': 4.004357298474945e-05, 'epoch': 2.79}
{'loss': 6.5563, 'grad_norm': 2199.06396484375, 'learning_rate': 3.998910675381264e-05, 'epoch': 2.8}
{'loss': 6.6, 'grad_norm': 64.67774200439453, 'learning_rate': 3.993464052287582e-05, 'epoch': 2.81}
{'loss': 5.9062, 'grad_norm': 80.06318664550781, 'learning_rate': 3.9880174291939e-05, 'epoch': 2.82}
{'loss': 5.7687, 'grad_norm': 56.0579948425293, 'learning_rate': 3.9825708061002184e-05, 'epoch': 2.83}
{'loss': 5.5187, 'grad_norm': 65.38269805908203, 'learning_rate': 3.977124183006536e-05, 'epoch': 2.84}
{'loss': 5.425, 'grad_norm': 23.457555770874023, 'learning_rate': 3.971677559912854e-05, 'epoch': 2.85}
{'loss': 5.3937, 'grad_norm': 21.999048233032227, 'learning_rate': 3.966230936819172e-05, 'epoch': 2.86}
{'loss': 5.3937, 'grad_norm': 19.448217391967773, 'learning_rate': 3.96078431372549e-05, 'epoch': 2.87}
{'loss': 5.4375, 'grad_norm': 48.50233459472656, 'learning_rate': 3.9553376906318085e-05, 'epoch': 2.88}
{'loss': 5.425, 'grad_norm': 67.25836944580078, 'learning_rate': 3.949891067538127e-05, 'epoch': 2.89}
{'loss': 5.3937, 'grad_norm': 93.04240417480469, 'learning_rate': 3.944444444444445e-05, 'epoch': 2.9}
{'loss': 5.3438, 'grad_norm': 36.47676086425781, 'learning_rate': 3.9389978213507625e-05, 'epoch': 2.91}
{'loss': 5.3312, 'grad_norm': 50.903541564941406, 'learning_rate': 3.933551198257081e-05, 'epoch': 2.92}
{'loss': 5.3187, 'grad_norm': 44.81699752807617, 'learning_rate': 3.9281045751633986e-05, 'epoch': 2.93}
{'loss': 5.3187, 'grad_norm': 40.43051528930664, 'learning_rate': 3.922657952069717e-05, 'epoch': 2.94}
{'eval_loss': 5.32692289352417, 'eval_runtime': 5.9345, 'eval_samples_per_second': 579.828, 'eval_steps_per_second': 4.55, 'epoch': 2.94}
{'loss': 5.2438, 'grad_norm': 148.492919921875, 'learning_rate': 3.917211328976035e-05, 'epoch': 2.95}
{'loss': 5.2812, 'grad_norm': 81.40625762939453, 'learning_rate': 3.911764705882353e-05, 'epoch': 2.96}
{'loss': 5.2188, 'grad_norm': 32.39034652709961, 'learning_rate': 3.906318082788672e-05, 'epoch': 2.97}
{'loss': 5.2875, 'grad_norm': 118.21826934814453, 'learning_rate': 3.900871459694989e-05, 'epoch': 2.98}
{'loss': 5.2687, 'grad_norm': 113.62330627441406, 'learning_rate': 3.895424836601307e-05, 'epoch': 2.99}
{'loss': 5.2938, 'grad_norm': 114.15986633300781, 'learning_rate': 3.8899782135076257e-05, 'epoch': 3.0}
{'loss': 5.3312, 'grad_norm': 1091.1500244140625, 'learning_rate': 3.8845315904139434e-05, 'epoch': 3.01}
{'loss': 5.7938, 'grad_norm': 616665.3125, 'learning_rate': 3.879084967320262e-05, 'epoch': 3.02}
{'loss': 6.05, 'grad_norm': 589.1283569335938, 'learning_rate': 3.8736383442265796e-05, 'epoch': 3.03}
{'loss': 6.275, 'grad_norm': 176.84532165527344, 'learning_rate': 3.868191721132898e-05, 'epoch': 3.04}
{'loss': 6.075, 'grad_norm': 91.87445831298828, 'learning_rate': 3.862745098039216e-05, 'epoch': 3.05}
{'loss': 5.8063, 'grad_norm': 207.30224609375, 'learning_rate': 3.8572984749455336e-05, 'epoch': 3.06}
{'loss': 5.675, 'grad_norm': 1128.5076904296875, 'learning_rate': 3.851851851851852e-05, 'epoch': 3.07}
{'loss': 5.6875, 'grad_norm': 742.7168579101562, 'learning_rate': 3.8464052287581704e-05, 'epoch': 3.08}
{'loss': 5.825, 'grad_norm': 513.2481689453125, 'learning_rate': 3.840958605664488e-05, 'epoch': 3.09}
{'loss': 5.9, 'grad_norm': 172.967529296875, 'learning_rate': 3.8355119825708066e-05, 'epoch': 3.1}
{'loss': 5.6375, 'grad_norm': 49.189876556396484, 'learning_rate': 3.8300653594771244e-05, 'epoch': 3.11}
{'loss': 5.4688, 'grad_norm': 43.43710708618164, 'learning_rate': 3.824618736383442e-05, 'epoch': 3.12}
{'loss': 5.5, 'grad_norm': 112.03723907470703, 'learning_rate': 3.8191721132897606e-05, 'epoch': 3.13}
{'loss': 5.4813, 'grad_norm': 100.01939392089844, 'learning_rate': 3.813725490196078e-05, 'epoch': 3.14}
{'eval_loss': 5.634615421295166, 'eval_runtime': 5.8122, 'eval_samples_per_second': 592.032, 'eval_steps_per_second': 4.645, 'epoch': 3.14}
{'loss': 5.6437, 'grad_norm': 93.75322723388672, 'learning_rate': 3.808278867102397e-05, 'epoch': 3.15}
{'loss': 5.5062, 'grad_norm': 71.86222839355469, 'learning_rate': 3.802832244008715e-05, 'epoch': 3.16}
{'loss': 5.4313, 'grad_norm': 49.31668472290039, 'learning_rate': 3.797385620915033e-05, 'epoch': 3.17}
{'loss': 5.3563, 'grad_norm': 79.99085998535156, 'learning_rate': 3.791938997821351e-05, 'epoch': 3.18}
{'loss': 5.5375, 'grad_norm': 2551.354248046875, 'learning_rate': 3.786492374727669e-05, 'epoch': 3.19}
{'loss': 5.4375, 'grad_norm': 78.39434051513672, 'learning_rate': 3.781045751633987e-05, 'epoch': 3.2}
{'loss': 5.3187, 'grad_norm': 215.60430908203125, 'learning_rate': 3.775599128540305e-05, 'epoch': 3.21}
{'loss': 5.3563, 'grad_norm': 675.7195434570312, 'learning_rate': 3.770152505446623e-05, 'epoch': 3.22}
{'loss': 5.3438, 'grad_norm': 192.01556396484375, 'learning_rate': 3.7647058823529415e-05, 'epoch': 3.23}
{'loss': 5.3312, 'grad_norm': 133.1012420654297, 'learning_rate': 3.759259259259259e-05, 'epoch': 3.24}
{'loss': 5.3875, 'grad_norm': 312.057861328125, 'learning_rate': 3.753812636165577e-05, 'epoch': 3.25}
{'loss': 5.3438, 'grad_norm': 115.51783752441406, 'learning_rate': 3.7483660130718955e-05, 'epoch': 3.25}
{'loss': 5.2625, 'grad_norm': 67.64865112304688, 'learning_rate': 3.742919389978214e-05, 'epoch': 3.26}
{'loss': 5.3875, 'grad_norm': 18.039409637451172, 'learning_rate': 3.737472766884532e-05, 'epoch': 3.27}
{'loss': 5.25, 'grad_norm': 13.464613914489746, 'learning_rate': 3.73202614379085e-05, 'epoch': 3.28}
{'loss': 5.325, 'grad_norm': 18.319082260131836, 'learning_rate': 3.7265795206971685e-05, 'epoch': 3.29}
{'loss': 5.3125, 'grad_norm': 21.710786819458008, 'learning_rate': 3.7211328976034856e-05, 'epoch': 3.3}
{'loss': 5.3563, 'grad_norm': 17.7524356842041, 'learning_rate': 3.715686274509804e-05, 'epoch': 3.31}
{'loss': 5.2438, 'grad_norm': 13.538068771362305, 'learning_rate': 3.710239651416122e-05, 'epoch': 3.32}
{'loss': 5.3187, 'grad_norm': 75.73210144042969, 'learning_rate': 3.70479302832244e-05, 'epoch': 3.33}
{'eval_loss': 5.439903736114502, 'eval_runtime': 5.8249, 'eval_samples_per_second': 590.739, 'eval_steps_per_second': 4.635, 'epoch': 3.33}
{'loss': 5.3125, 'grad_norm': 32.41706085205078, 'learning_rate': 3.699346405228759e-05, 'epoch': 3.34}
{'loss': 5.2062, 'grad_norm': 72.04829406738281, 'learning_rate': 3.6938997821350764e-05, 'epoch': 3.35}
{'loss': 5.3125, 'grad_norm': 39.19455337524414, 'learning_rate': 3.688453159041395e-05, 'epoch': 3.36}
{'loss': 5.3625, 'grad_norm': 230.29873657226562, 'learning_rate': 3.6830065359477126e-05, 'epoch': 3.37}
{'loss': 5.45, 'grad_norm': 167.68991088867188, 'learning_rate': 3.6775599128540304e-05, 'epoch': 3.38}
{'loss': 5.65, 'grad_norm': 341.59039306640625, 'learning_rate': 3.672113289760349e-05, 'epoch': 3.39}
{'loss': 5.4437, 'grad_norm': 128.44110107421875, 'learning_rate': 3.6666666666666666e-05, 'epoch': 3.4}
{'loss': 5.2438, 'grad_norm': 124.89300537109375, 'learning_rate': 3.661220043572985e-05, 'epoch': 3.41}
{'loss': 5.2062, 'grad_norm': 65.38746643066406, 'learning_rate': 3.6557734204793034e-05, 'epoch': 3.42}
{'loss': 5.2562, 'grad_norm': 1060.9552001953125, 'learning_rate': 3.650326797385621e-05, 'epoch': 3.43}
{'loss': 5.2625, 'grad_norm': 1689.0977783203125, 'learning_rate': 3.644880174291939e-05, 'epoch': 3.44}
{'loss': 5.325, 'grad_norm': 323.2145080566406, 'learning_rate': 3.6394335511982574e-05, 'epoch': 3.45}
{'loss': 5.2375, 'grad_norm': 310.951171875, 'learning_rate': 3.633986928104575e-05, 'epoch': 3.46}
{'loss': 5.2938, 'grad_norm': 43.6715087890625, 'learning_rate': 3.6285403050108936e-05, 'epoch': 3.47}
{'loss': 5.2313, 'grad_norm': 516.5538940429688, 'learning_rate': 3.623093681917212e-05, 'epoch': 3.48}
{'loss': 5.2625, 'grad_norm': 88.8596420288086, 'learning_rate': 3.61764705882353e-05, 'epoch': 3.49}
{'loss': 5.2062, 'grad_norm': 27.900503158569336, 'learning_rate': 3.6122004357298475e-05, 'epoch': 3.5}
{'loss': 5.2, 'grad_norm': 57.469886779785156, 'learning_rate': 3.606753812636165e-05, 'epoch': 3.51}
{'loss': 5.1562, 'grad_norm': 20.74134635925293, 'learning_rate': 3.601307189542484e-05, 'epoch': 3.52}
{'loss': 5.2375, 'grad_norm': 17.852760314941406, 'learning_rate': 3.595860566448802e-05, 'epoch': 3.53}
{'eval_loss': 5.25, 'eval_runtime': 5.7764, 'eval_samples_per_second': 595.699, 'eval_steps_per_second': 4.674, 'epoch': 3.53}
{'loss': 5.2125, 'grad_norm': 69.75579833984375, 'learning_rate': 3.59041394335512e-05, 'epoch': 3.54}
{'loss': 5.1875, 'grad_norm': 217.2828826904297, 'learning_rate': 3.5849673202614383e-05, 'epoch': 3.55}
{'loss': 5.2938, 'grad_norm': 91.82460021972656, 'learning_rate': 3.579520697167756e-05, 'epoch': 3.56}
{'loss': 5.2625, 'grad_norm': 821.357421875, 'learning_rate': 3.574074074074074e-05, 'epoch': 3.57}
{'loss': 5.2938, 'grad_norm': 2845.752685546875, 'learning_rate': 3.568627450980392e-05, 'epoch': 3.58}
{'loss': 5.625, 'grad_norm': 5033.2138671875, 'learning_rate': 3.56318082788671e-05, 'epoch': 3.59}
{'loss': 5.9188, 'grad_norm': 3910.96044921875, 'learning_rate': 3.5577342047930285e-05, 'epoch': 3.6}
{'loss': 6.2, 'grad_norm': 8516.212890625, 'learning_rate': 3.552287581699347e-05, 'epoch': 3.61}
{'loss': 6.1125, 'grad_norm': 2266.04248046875, 'learning_rate': 3.546840958605665e-05, 'epoch': 3.62}
{'loss': 5.9437, 'grad_norm': 1205.449462890625, 'learning_rate': 3.5413943355119824e-05, 'epoch': 3.63}
{'loss': 5.7687, 'grad_norm': 421.78118896484375, 'learning_rate': 3.535947712418301e-05, 'epoch': 3.64}
{'loss': 5.5875, 'grad_norm': 3186.504150390625, 'learning_rate': 3.5305010893246186e-05, 'epoch': 3.65}
{'loss': 5.3563, 'grad_norm': 130.0031280517578, 'learning_rate': 3.525054466230937e-05, 'epoch': 3.66}
{'loss': 5.3, 'grad_norm': 842.2689819335938, 'learning_rate': 3.5196078431372555e-05, 'epoch': 3.67}
{'loss': 5.3125, 'grad_norm': 190.16604614257812, 'learning_rate': 3.514161220043573e-05, 'epoch': 3.68}
{'loss': 5.2, 'grad_norm': 251.0413360595703, 'learning_rate': 3.508714596949892e-05, 'epoch': 3.69}
{'loss': 5.2313, 'grad_norm': 1664.686767578125, 'learning_rate': 3.503267973856209e-05, 'epoch': 3.7}
{'loss': 5.1, 'grad_norm': 1888.35791015625, 'learning_rate': 3.497821350762527e-05, 'epoch': 3.71}
{'loss': 5.2938, 'grad_norm': 1021.2039184570312, 'learning_rate': 3.4923747276688456e-05, 'epoch': 3.72}
{'loss': 5.2875, 'grad_norm': 904.5120849609375, 'learning_rate': 3.4869281045751634e-05, 'epoch': 3.73}
{'eval_loss': 5.304086685180664, 'eval_runtime': 5.7695, 'eval_samples_per_second': 596.414, 'eval_steps_per_second': 4.68, 'epoch': 3.73}
{'loss': 5.2875, 'grad_norm': 5117.822265625, 'learning_rate': 3.481481481481482e-05, 'epoch': 3.74}
{'loss': 5.1688, 'grad_norm': 706.7391967773438, 'learning_rate': 3.4760348583878e-05, 'epoch': 3.75}
{'loss': 5.2562, 'grad_norm': 846.4313354492188, 'learning_rate': 3.470588235294118e-05, 'epoch': 3.75}
{'loss': 5.2562, 'grad_norm': 2634.766357421875, 'learning_rate': 3.465141612200436e-05, 'epoch': 3.76}
{'loss': 5.225, 'grad_norm': 1031.4638671875, 'learning_rate': 3.4596949891067535e-05, 'epoch': 3.77}
{'loss': 5.2438, 'grad_norm': 1300.910888671875, 'learning_rate': 3.454248366013072e-05, 'epoch': 3.78}
{'loss': 5.2313, 'grad_norm': 135.76583862304688, 'learning_rate': 3.4488017429193904e-05, 'epoch': 3.79}
{'loss': 5.1625, 'grad_norm': 221.28567504882812, 'learning_rate': 3.443355119825708e-05, 'epoch': 3.8}
{'loss': 5.2562, 'grad_norm': 761.1469116210938, 'learning_rate': 3.4379084967320266e-05, 'epoch': 3.81}
{'loss': 5.15, 'grad_norm': 699.7411499023438, 'learning_rate': 3.4324618736383444e-05, 'epoch': 3.82}
{'loss': 5.1375, 'grad_norm': 568.6397094726562, 'learning_rate': 3.427015250544662e-05, 'epoch': 3.83}
{'loss': 5.1875, 'grad_norm': 19994.8984375, 'learning_rate': 3.4215686274509805e-05, 'epoch': 3.84}
{'loss': 5.1875, 'grad_norm': 1099.030029296875, 'learning_rate': 3.416122004357299e-05, 'epoch': 3.85}
{'loss': 5.175, 'grad_norm': 1568.3350830078125, 'learning_rate': 3.410675381263617e-05, 'epoch': 3.86}
{'loss': 5.1875, 'grad_norm': 1235.891357421875, 'learning_rate': 3.405228758169935e-05, 'epoch': 3.87}
{'loss': 5.2, 'grad_norm': 472.4245300292969, 'learning_rate': 3.399782135076253e-05, 'epoch': 3.88}
{'loss': 5.1875, 'grad_norm': 159.4922637939453, 'learning_rate': 3.394335511982571e-05, 'epoch': 3.89}
{'loss': 5.1937, 'grad_norm': 171.7444610595703, 'learning_rate': 3.388888888888889e-05, 'epoch': 3.9}
{'loss': 5.1688, 'grad_norm': 208.89871215820312, 'learning_rate': 3.383442265795207e-05, 'epoch': 3.91}
{'loss': 5.175, 'grad_norm': 27.231149673461914, 'learning_rate': 3.377995642701525e-05, 'epoch': 3.92}
{'eval_loss': 5.215144157409668, 'eval_runtime': 5.7827, 'eval_samples_per_second': 595.047, 'eval_steps_per_second': 4.669, 'epoch': 3.92}
{'loss': 5.1875, 'grad_norm': 51.280555725097656, 'learning_rate': 3.372549019607844e-05, 'epoch': 3.93}
{'loss': 5.1875, 'grad_norm': 548.8997802734375, 'learning_rate': 3.3671023965141615e-05, 'epoch': 3.94}
{'loss': 5.2313, 'grad_norm': 80.95494079589844, 'learning_rate': 3.361655773420479e-05, 'epoch': 3.95}
{'loss': 5.175, 'grad_norm': 55.610023498535156, 'learning_rate': 3.356209150326797e-05, 'epoch': 3.96}
{'loss': 5.2313, 'grad_norm': 43.294307708740234, 'learning_rate': 3.3507625272331155e-05, 'epoch': 3.97}
{'loss': 5.2188, 'grad_norm': 34.1129035949707, 'learning_rate': 3.345315904139434e-05, 'epoch': 3.98}
{'loss': 5.1688, 'grad_norm': 25.373451232910156, 'learning_rate': 3.3398692810457516e-05, 'epoch': 3.99}
{'loss': 5.1437, 'grad_norm': 22.2358455657959, 'learning_rate': 3.33442265795207e-05, 'epoch': 4.0}
{'loss': 5.1625, 'grad_norm': 23.902462005615234, 'learning_rate': 3.328976034858388e-05, 'epoch': 4.01}
{'loss': 5.2562, 'grad_norm': 41.54368209838867, 'learning_rate': 3.3235294117647056e-05, 'epoch': 4.02}
{'loss': 5.325, 'grad_norm': 91.10515594482422, 'learning_rate': 3.318082788671024e-05, 'epoch': 4.03}
{'loss': 5.3, 'grad_norm': 17.772037506103516, 'learning_rate': 3.3126361655773425e-05, 'epoch': 4.04}
{'loss': 5.2062, 'grad_norm': 35.03269577026367, 'learning_rate': 3.30718954248366e-05, 'epoch': 4.05}
{'loss': 5.1625, 'grad_norm': 20.74656867980957, 'learning_rate': 3.3017429193899787e-05, 'epoch': 4.06}
{'loss': 5.2562, 'grad_norm': 23.710725784301758, 'learning_rate': 3.2962962962962964e-05, 'epoch': 4.07}
{'loss': 5.2062, 'grad_norm': 35.595794677734375, 'learning_rate': 3.290849673202614e-05, 'epoch': 4.08}
{'loss': 5.2438, 'grad_norm': 56.53722381591797, 'learning_rate': 3.2854030501089326e-05, 'epoch': 4.09}
{'loss': 5.2375, 'grad_norm': 20.561933517456055, 'learning_rate': 3.2799564270152504e-05, 'epoch': 4.1}
{'loss': 5.2438, 'grad_norm': 190.2781219482422, 'learning_rate': 3.274509803921569e-05, 'epoch': 4.11}
{'loss': 5.1375, 'grad_norm': 68.30713653564453, 'learning_rate': 3.269063180827887e-05, 'epoch': 4.12}
{'eval_loss': 5.228365421295166, 'eval_runtime': 5.7584, 'eval_samples_per_second': 597.563, 'eval_steps_per_second': 4.689, 'epoch': 4.12}
{'loss': 5.1188, 'grad_norm': 25.695987701416016, 'learning_rate': 3.263616557734205e-05, 'epoch': 4.13}
{'loss': 5.2438, 'grad_norm': 60.42055130004883, 'learning_rate': 3.2581699346405234e-05, 'epoch': 4.14}
{'loss': 5.3688, 'grad_norm': 54.327640533447266, 'learning_rate': 3.252723311546841e-05, 'epoch': 4.15}
{'loss': 5.2625, 'grad_norm': 62.21120071411133, 'learning_rate': 3.247276688453159e-05, 'epoch': 4.16}
{'loss': 5.25, 'grad_norm': 37.824588775634766, 'learning_rate': 3.2418300653594774e-05, 'epoch': 4.17}
{'loss': 5.125, 'grad_norm': 23.36566734313965, 'learning_rate': 3.236383442265795e-05, 'epoch': 4.18}
{'loss': 5.1688, 'grad_norm': 19.502229690551758, 'learning_rate': 3.2309368191721136e-05, 'epoch': 4.19}
{'loss': 5.1375, 'grad_norm': 26.149024963378906, 'learning_rate': 3.225490196078432e-05, 'epoch': 4.2}
{'loss': 5.1813, 'grad_norm': 48.92921447753906, 'learning_rate': 3.22004357298475e-05, 'epoch': 4.21}
{'loss': 5.2, 'grad_norm': 14.696553230285645, 'learning_rate': 3.2145969498910675e-05, 'epoch': 4.22}
{'loss': 5.2, 'grad_norm': 862.9710083007812, 'learning_rate': 3.209150326797386e-05, 'epoch': 4.23}
{'loss': 5.3, 'grad_norm': 25.931758880615234, 'learning_rate': 3.203703703703704e-05, 'epoch': 4.24}
{'loss': 5.1437, 'grad_norm': 87.47940826416016, 'learning_rate': 3.198257080610022e-05, 'epoch': 4.25}
{'loss': 5.1375, 'grad_norm': 40.45671463012695, 'learning_rate': 3.19281045751634e-05, 'epoch': 4.25}
{'loss': 5.1063, 'grad_norm': 15.378495216369629, 'learning_rate': 3.187363834422658e-05, 'epoch': 4.26}
{'loss': 5.0438, 'grad_norm': 26.510486602783203, 'learning_rate': 3.181917211328976e-05, 'epoch': 4.27}
{'loss': 5.05, 'grad_norm': 86.98858642578125, 'learning_rate': 3.176470588235294e-05, 'epoch': 4.28}
{'loss': 5.1, 'grad_norm': 41.06298828125, 'learning_rate': 3.171023965141612e-05, 'epoch': 4.29}
{'loss': 5.1312, 'grad_norm': 88.9639663696289, 'learning_rate': 3.165577342047931e-05, 'epoch': 4.3}
{'loss': 5.1063, 'grad_norm': 60.291507720947266, 'learning_rate': 3.1601307189542485e-05, 'epoch': 4.31}
{'eval_loss': 5.15625, 'eval_runtime': 5.7386, 'eval_samples_per_second': 599.622, 'eval_steps_per_second': 4.705, 'epoch': 4.31}
{'loss': 5.1125, 'grad_norm': 1769.6011962890625, 'learning_rate': 3.154684095860567e-05, 'epoch': 4.32}
{'loss': 5.1688, 'grad_norm': 423.9623107910156, 'learning_rate': 3.1492374727668847e-05, 'epoch': 4.33}
{'loss': 5.2687, 'grad_norm': 16152.8798828125, 'learning_rate': 3.1437908496732024e-05, 'epoch': 4.34}
{'loss': 5.1437, 'grad_norm': 1520.1435546875, 'learning_rate': 3.138344226579521e-05, 'epoch': 4.35}
{'loss': 5.2562, 'grad_norm': 9296.8623046875, 'learning_rate': 3.1328976034858386e-05, 'epoch': 4.36}
{'loss': 5.2062, 'grad_norm': 1992.810791015625, 'learning_rate': 3.127450980392157e-05, 'epoch': 4.37}
{'loss': 5.2375, 'grad_norm': 581.1216430664062, 'learning_rate': 3.1220043572984755e-05, 'epoch': 4.38}
{'loss': 5.2562, 'grad_norm': 750.2520141601562, 'learning_rate': 3.116557734204793e-05, 'epoch': 4.39}
{'loss': 5.2438, 'grad_norm': 1221.22802734375, 'learning_rate': 3.111111111111111e-05, 'epoch': 4.4}
{'loss': 5.25, 'grad_norm': 976.361328125, 'learning_rate': 3.1056644880174294e-05, 'epoch': 4.41}
{'loss': 5.2, 'grad_norm': 1068.6573486328125, 'learning_rate': 3.100217864923747e-05, 'epoch': 4.42}
{'loss': 5.1688, 'grad_norm': 545.462158203125, 'learning_rate': 3.0947712418300656e-05, 'epoch': 4.43}
{'loss': 5.1375, 'grad_norm': 834.6102294921875, 'learning_rate': 3.0893246187363834e-05, 'epoch': 4.44}
{'loss': 5.2188, 'grad_norm': 723.6982421875, 'learning_rate': 3.083877995642702e-05, 'epoch': 4.45}
{'loss': 5.1937, 'grad_norm': 966.7305908203125, 'learning_rate': 3.07843137254902e-05, 'epoch': 4.46}
{'loss': 5.1375, 'grad_norm': 3603.853515625, 'learning_rate': 3.072984749455337e-05, 'epoch': 4.47}
{'loss': 5.2, 'grad_norm': 865.0852661132812, 'learning_rate': 3.067538126361656e-05, 'epoch': 4.48}
{'loss': 5.1562, 'grad_norm': 439.7358703613281, 'learning_rate': 3.062091503267974e-05, 'epoch': 4.49}
{'loss': 5.1188, 'grad_norm': 685.3805541992188, 'learning_rate': 3.056644880174292e-05, 'epoch': 4.5}
{'loss': 5.0875, 'grad_norm': 778.6142578125, 'learning_rate': 3.0511982570806104e-05, 'epoch': 4.51}
{'eval_loss': 5.180288314819336, 'eval_runtime': 5.9284, 'eval_samples_per_second': 580.422, 'eval_steps_per_second': 4.554, 'epoch': 4.51}
{'loss': 5.1, 'grad_norm': 323.60040283203125, 'learning_rate': 3.045751633986928e-05, 'epoch': 4.52}
{'loss': 5.0687, 'grad_norm': 248.2371368408203, 'learning_rate': 3.0403050108932462e-05, 'epoch': 4.53}
{'loss': 5.1063, 'grad_norm': 792.96826171875, 'learning_rate': 3.0348583877995647e-05, 'epoch': 4.54}
{'loss': 5.0563, 'grad_norm': 323.37017822265625, 'learning_rate': 3.0294117647058824e-05, 'epoch': 4.55}
{'loss': 5.1063, 'grad_norm': 265.1140441894531, 'learning_rate': 3.0239651416122005e-05, 'epoch': 4.56}
{'loss': 5.1125, 'grad_norm': 833.9000854492188, 'learning_rate': 3.018518518518519e-05, 'epoch': 4.57}
{'loss': 5.1188, 'grad_norm': 211.7516326904297, 'learning_rate': 3.0130718954248367e-05, 'epoch': 4.58}
{'loss': 5.0625, 'grad_norm': 90.70649719238281, 'learning_rate': 3.0076252723311548e-05, 'epoch': 4.59}
{'loss': 5.1188, 'grad_norm': 188.8463897705078, 'learning_rate': 3.0021786492374732e-05, 'epoch': 4.6}
{'loss': 5.1063, 'grad_norm': 210.05296325683594, 'learning_rate': 2.996732026143791e-05, 'epoch': 4.61}
{'loss': 5.0687, 'grad_norm': 105.05852508544922, 'learning_rate': 2.991285403050109e-05, 'epoch': 4.62}
{'loss': 5.0187, 'grad_norm': 110.49451446533203, 'learning_rate': 2.985838779956427e-05, 'epoch': 4.63}
{'loss': 5.0438, 'grad_norm': 256.3226623535156, 'learning_rate': 2.9803921568627453e-05, 'epoch': 4.64}
{'loss': 5.0625, 'grad_norm': 96.92398834228516, 'learning_rate': 2.9749455337690634e-05, 'epoch': 4.65}
{'loss': 5.0, 'grad_norm': 70.87135314941406, 'learning_rate': 2.969498910675381e-05, 'epoch': 4.66}
{'loss': 5.0687, 'grad_norm': 220.07330322265625, 'learning_rate': 2.9640522875816996e-05, 'epoch': 4.67}
{'loss': 5.0563, 'grad_norm': 71.57559204101562, 'learning_rate': 2.9586056644880177e-05, 'epoch': 4.68}
{'loss': 5.05, 'grad_norm': 132.3192138671875, 'learning_rate': 2.9531590413943354e-05, 'epoch': 4.69}
{'loss': 5.025, 'grad_norm': 64.73920440673828, 'learning_rate': 2.947712418300654e-05, 'epoch': 4.7}
{'loss': 5.0312, 'grad_norm': 96.31790161132812, 'learning_rate': 2.9422657952069716e-05, 'epoch': 4.71}
{'eval_loss': 5.06370210647583, 'eval_runtime': 5.784, 'eval_samples_per_second': 594.918, 'eval_steps_per_second': 4.668, 'epoch': 4.71}
