[2024-11-15 10:10:47,933] [INFO] [real_accelerator.py:203:get_accelerator] Setting ds_accelerator to cuda (auto detect)
Warning: The default cache directory for DeepSpeed Triton autotune, /home/jingyuah/.triton/autotune, appears to be on an NFS system. While this is generally acceptable, if you experience slowdowns or hanging when DeepSpeed exits, it is recommended to set the TRITON_CACHE_DIR environment variable to a non-NFS path.
[93m [WARNING] [0m async_io requires the dev libaio .so object and headers but these were not found.
[93m [WARNING] [0m If libaio is already installed (perhaps from source), try setting the CFLAGS and LDFLAGS environment variables to where it can be found.
[93m [WARNING] [0m Please specify the CUTLASS repo directory as environment variable $CUTLASS_PATH
[93m [WARNING] [0m sparse_attn requires a torch version >= 1.5 and < 2.0 but detected 2.1
[93m [WARNING] [0m using untested triton version (2.1.0), only 1.0.0 is known to be compatible
[2024-11-15 10:10:48,734] [INFO] [comm.py:637:init_distributed] cdb=None
[2024-11-15 10:10:48,734] [INFO] [comm.py:668:init_distributed] Initializing TorchBackend in DeepSpeed with backend nccl
{'loss': 4.925, 'grad_norm': 1.8887078762054443, 'learning_rate': 4.774354186118892e-06, 'epoch': 1.41}
{'loss': 4.875, 'grad_norm': 2.0088155269622803, 'learning_rate': 4.7704637410519765e-06, 'epoch': 1.41}
{'loss': 4.9062, 'grad_norm': 1.8131104707717896, 'learning_rate': 4.766573295985062e-06, 'epoch': 1.42}
{'loss': 4.9188, 'grad_norm': 2.3723974227905273, 'learning_rate': 4.762682850918145e-06, 'epoch': 1.43}
{'loss': 4.875, 'grad_norm': 1.795053243637085, 'learning_rate': 4.7587924058512295e-06, 'epoch': 1.44}
{'loss': 4.85, 'grad_norm': 1.9187785387039185, 'learning_rate': 4.754901960784314e-06, 'epoch': 1.44}
{'loss': 4.9125, 'grad_norm': 1.8768872022628784, 'learning_rate': 4.751011515717398e-06, 'epoch': 1.45}
{'loss': 4.825, 'grad_norm': 2.0496721267700195, 'learning_rate': 4.747121070650483e-06, 'epoch': 1.46}
{'loss': 4.8688, 'grad_norm': 1.9970358610153198, 'learning_rate': 4.743230625583567e-06, 'epoch': 1.46}
{'loss': 4.9375, 'grad_norm': 2.0337343215942383, 'learning_rate': 4.739340180516651e-06, 'epoch': 1.47}
{'loss': 4.925, 'grad_norm': 2.237104654312134, 'learning_rate': 4.735449735449736e-06, 'epoch': 1.48}
{'loss': 4.9625, 'grad_norm': 1.7632776498794556, 'learning_rate': 4.73155929038282e-06, 'epoch': 1.48}
{'loss': 4.8125, 'grad_norm': 1.883206844329834, 'learning_rate': 4.727668845315904e-06, 'epoch': 1.49}
{'loss': 4.8187, 'grad_norm': 2.137622594833374, 'learning_rate': 4.723778400248989e-06, 'epoch': 1.5}
{'loss': 4.925, 'grad_norm': 1.9466654062271118, 'learning_rate': 4.719887955182073e-06, 'epoch': 1.51}
{'loss': 4.8063, 'grad_norm': 2.3541417121887207, 'learning_rate': 4.715997510115157e-06, 'epoch': 1.51}
{'loss': 4.9813, 'grad_norm': 1.6667836904525757, 'learning_rate': 4.712107065048242e-06, 'epoch': 1.52}
{'loss': 4.9562, 'grad_norm': 1.963759422302246, 'learning_rate': 4.708216619981326e-06, 'epoch': 1.53}
{'loss': 4.825, 'grad_norm': 1.7665512561798096, 'learning_rate': 4.7043261749144105e-06, 'epoch': 1.53}
{'loss': 4.8312, 'grad_norm': 1.7207565307617188, 'learning_rate': 4.700435729847495e-06, 'epoch': 1.54}
{'eval_loss': 4.9003376960754395, 'eval_runtime': 25.9204, 'eval_samples_per_second': 185.761, 'eval_steps_per_second': 1.466, 'epoch': 1.54}
{'loss': 4.8688, 'grad_norm': 1.7131611108779907, 'learning_rate': 4.696545284780579e-06, 'epoch': 1.55}
{'loss': 4.95, 'grad_norm': 1.7211885452270508, 'learning_rate': 4.6926548397136635e-06, 'epoch': 1.55}
{'loss': 4.8688, 'grad_norm': 1.8239407539367676, 'learning_rate': 4.688764394646748e-06, 'epoch': 1.56}
{'loss': 4.7812, 'grad_norm': 2.018832206726074, 'learning_rate': 4.684873949579832e-06, 'epoch': 1.57}
{'loss': 4.775, 'grad_norm': 1.8533176183700562, 'learning_rate': 4.680983504512917e-06, 'epoch': 1.58}
{'loss': 4.7562, 'grad_norm': 1.8870892524719238, 'learning_rate': 4.677093059446001e-06, 'epoch': 1.58}
{'loss': 4.8688, 'grad_norm': 2.0609848499298096, 'learning_rate': 4.673202614379085e-06, 'epoch': 1.59}
{'loss': 4.75, 'grad_norm': 2.1062254905700684, 'learning_rate': 4.66931216931217e-06, 'epoch': 1.6}
{'loss': 4.8375, 'grad_norm': 1.8088746070861816, 'learning_rate': 4.665421724245254e-06, 'epoch': 1.6}
{'loss': 4.8125, 'grad_norm': 2.0199499130249023, 'learning_rate': 4.661531279178338e-06, 'epoch': 1.61}
{'loss': 4.85, 'grad_norm': 1.8562912940979004, 'learning_rate': 4.657640834111423e-06, 'epoch': 1.62}
{'loss': 4.8438, 'grad_norm': 2.1626694202423096, 'learning_rate': 4.653750389044507e-06, 'epoch': 1.62}
{'loss': 4.8438, 'grad_norm': 2.2328343391418457, 'learning_rate': 4.6498599439775914e-06, 'epoch': 1.63}
{'loss': 4.7938, 'grad_norm': 1.9644265174865723, 'learning_rate': 4.645969498910676e-06, 'epoch': 1.64}
{'loss': 4.825, 'grad_norm': 1.8526357412338257, 'learning_rate': 4.64207905384376e-06, 'epoch': 1.65}
{'loss': 4.8063, 'grad_norm': 2.10011887550354, 'learning_rate': 4.6381886087768445e-06, 'epoch': 1.65}
{'loss': 4.75, 'grad_norm': 1.9141000509262085, 'learning_rate': 4.634298163709929e-06, 'epoch': 1.66}
{'loss': 4.7938, 'grad_norm': 1.9235098361968994, 'learning_rate': 4.630407718643013e-06, 'epoch': 1.67}
{'loss': 4.7625, 'grad_norm': 1.8518753051757812, 'learning_rate': 4.6265172735760976e-06, 'epoch': 1.67}
{'loss': 4.8063, 'grad_norm': 1.7426910400390625, 'learning_rate': 4.622626828509182e-06, 'epoch': 1.68}
{'eval_loss': 4.8454389572143555, 'eval_runtime': 25.8933, 'eval_samples_per_second': 185.955, 'eval_steps_per_second': 1.468, 'epoch': 1.68}
{'loss': 4.8625, 'grad_norm': 1.884336233139038, 'learning_rate': 4.618736383442266e-06, 'epoch': 1.69}
{'loss': 4.8, 'grad_norm': 1.7571948766708374, 'learning_rate': 4.614845938375351e-06, 'epoch': 1.69}
{'loss': 4.7438, 'grad_norm': 1.8622548580169678, 'learning_rate': 4.610955493308435e-06, 'epoch': 1.7}
{'loss': 4.7375, 'grad_norm': 1.8718039989471436, 'learning_rate': 4.607065048241519e-06, 'epoch': 1.71}
{'loss': 4.85, 'grad_norm': 2.025815010070801, 'learning_rate': 4.603174603174604e-06, 'epoch': 1.72}
{'loss': 4.7313, 'grad_norm': 1.84052574634552, 'learning_rate': 4.599284158107688e-06, 'epoch': 1.72}
{'loss': 4.8375, 'grad_norm': 1.745559573173523, 'learning_rate': 4.595393713040772e-06, 'epoch': 1.73}
{'loss': 4.8063, 'grad_norm': 1.8413866758346558, 'learning_rate': 4.591503267973857e-06, 'epoch': 1.74}
{'loss': 4.8, 'grad_norm': 1.8418686389923096, 'learning_rate': 4.587612822906941e-06, 'epoch': 1.74}
{'loss': 4.7188, 'grad_norm': 1.735327959060669, 'learning_rate': 4.5837223778400255e-06, 'epoch': 1.75}
{'loss': 4.8125, 'grad_norm': 2.224877119064331, 'learning_rate': 4.57983193277311e-06, 'epoch': 1.76}
{'loss': 4.8063, 'grad_norm': 1.6995857954025269, 'learning_rate': 4.575941487706194e-06, 'epoch': 1.76}
{'loss': 4.7625, 'grad_norm': 2.022705078125, 'learning_rate': 4.5720510426392785e-06, 'epoch': 1.77}
{'loss': 4.75, 'grad_norm': 1.7627185583114624, 'learning_rate': 4.568160597572363e-06, 'epoch': 1.78}
{'loss': 4.75, 'grad_norm': 1.7109737396240234, 'learning_rate': 4.564270152505447e-06, 'epoch': 1.79}
{'loss': 4.775, 'grad_norm': 1.933715581893921, 'learning_rate': 4.560379707438532e-06, 'epoch': 1.79}
{'loss': 4.8125, 'grad_norm': 1.842901349067688, 'learning_rate': 4.556489262371616e-06, 'epoch': 1.8}
{'loss': 4.7438, 'grad_norm': 1.8857324123382568, 'learning_rate': 4.5525988173046994e-06, 'epoch': 1.81}
{'loss': 4.7938, 'grad_norm': 1.8295838832855225, 'learning_rate': 4.548708372237785e-06, 'epoch': 1.81}
{'loss': 4.7875, 'grad_norm': 1.855569839477539, 'learning_rate': 4.544817927170869e-06, 'epoch': 1.82}
{'eval_loss': 4.805743217468262, 'eval_runtime': 25.8923, 'eval_samples_per_second': 185.962, 'eval_steps_per_second': 1.468, 'epoch': 1.82}
{'loss': 4.7875, 'grad_norm': 2.1120824813842773, 'learning_rate': 4.5409274821039525e-06, 'epoch': 1.83}
{'loss': 4.7062, 'grad_norm': 1.8753857612609863, 'learning_rate': 4.537037037037038e-06, 'epoch': 1.83}
{'loss': 4.825, 'grad_norm': 1.9749066829681396, 'learning_rate': 4.533146591970122e-06, 'epoch': 1.84}
{'loss': 4.775, 'grad_norm': 1.7247995138168335, 'learning_rate': 4.5292561469032056e-06, 'epoch': 1.85}
{'loss': 4.725, 'grad_norm': 2.357740879058838, 'learning_rate': 4.525365701836291e-06, 'epoch': 1.86}
{'loss': 4.65, 'grad_norm': 1.7359408140182495, 'learning_rate': 4.521475256769375e-06, 'epoch': 1.86}
{'loss': 4.75, 'grad_norm': 2.051664352416992, 'learning_rate': 4.517584811702459e-06, 'epoch': 1.87}
{'loss': 4.775, 'grad_norm': 1.908162236213684, 'learning_rate': 4.513694366635544e-06, 'epoch': 1.88}
{'loss': 4.7687, 'grad_norm': 1.9737977981567383, 'learning_rate': 4.509803921568628e-06, 'epoch': 1.88}
{'loss': 4.6437, 'grad_norm': 1.8183571100234985, 'learning_rate': 4.505913476501712e-06, 'epoch': 1.89}
{'loss': 4.7938, 'grad_norm': 1.9208627939224243, 'learning_rate': 4.502023031434796e-06, 'epoch': 1.9}
{'loss': 4.8125, 'grad_norm': 2.3201615810394287, 'learning_rate': 4.498132586367881e-06, 'epoch': 1.9}
{'loss': 4.6688, 'grad_norm': 1.7912343740463257, 'learning_rate': 4.494242141300965e-06, 'epoch': 1.91}
{'loss': 4.675, 'grad_norm': 1.7964876890182495, 'learning_rate': 4.490351696234049e-06, 'epoch': 1.92}
{'loss': 4.7562, 'grad_norm': 3.0787622928619385, 'learning_rate': 4.486461251167134e-06, 'epoch': 1.93}
{'loss': 4.8063, 'grad_norm': 1.95675790309906, 'learning_rate': 4.482570806100218e-06, 'epoch': 1.93}
{'loss': 4.7313, 'grad_norm': 1.7827723026275635, 'learning_rate': 4.478680361033302e-06, 'epoch': 1.94}
{'loss': 4.75, 'grad_norm': 1.9181532859802246, 'learning_rate': 4.474789915966387e-06, 'epoch': 1.95}
{'loss': 4.7062, 'grad_norm': 1.8149069547653198, 'learning_rate': 4.470899470899471e-06, 'epoch': 1.95}
{'loss': 4.7375, 'grad_norm': 1.966102957725525, 'learning_rate': 4.467009025832555e-06, 'epoch': 1.96}
{'eval_loss': 4.75929069519043, 'eval_runtime': 25.9371, 'eval_samples_per_second': 185.641, 'eval_steps_per_second': 1.465, 'epoch': 1.96}
{'loss': 4.7125, 'grad_norm': 1.9532004594802856, 'learning_rate': 4.4631185807656404e-06, 'epoch': 1.97}
{'loss': 4.75, 'grad_norm': 1.7345370054244995, 'learning_rate': 4.459228135698725e-06, 'epoch': 1.97}
{'loss': 4.6312, 'grad_norm': 1.803923487663269, 'learning_rate': 4.455337690631808e-06, 'epoch': 1.98}
{'loss': 4.7125, 'grad_norm': 2.1257340908050537, 'learning_rate': 4.451447245564893e-06, 'epoch': 1.99}
{'loss': 4.6937, 'grad_norm': 1.9399607181549072, 'learning_rate': 4.447556800497978e-06, 'epoch': 2.0}
{'loss': 4.6063, 'grad_norm': 1.8856455087661743, 'learning_rate': 4.443666355431061e-06, 'epoch': 2.0}
{'loss': 4.5812, 'grad_norm': 1.933039903640747, 'learning_rate': 4.439775910364146e-06, 'epoch': 2.01}
{'loss': 4.6312, 'grad_norm': 1.7913445234298706, 'learning_rate': 4.435885465297231e-06, 'epoch': 2.02}
{'loss': 4.6125, 'grad_norm': 1.980579137802124, 'learning_rate': 4.431995020230314e-06, 'epoch': 2.02}
{'loss': 4.6312, 'grad_norm': 2.0569393634796143, 'learning_rate': 4.428104575163399e-06, 'epoch': 2.03}
{'loss': 4.625, 'grad_norm': 2.1704671382904053, 'learning_rate': 4.424214130096484e-06, 'epoch': 2.04}
{'loss': 4.6, 'grad_norm': 1.9477852582931519, 'learning_rate': 4.4203236850295675e-06, 'epoch': 2.04}
{'loss': 4.7125, 'grad_norm': 1.8369653224945068, 'learning_rate': 4.416433239962652e-06, 'epoch': 2.05}
{'loss': 4.65, 'grad_norm': 2.0678887367248535, 'learning_rate': 4.412542794895737e-06, 'epoch': 2.06}
{'loss': 4.6625, 'grad_norm': 1.9568085670471191, 'learning_rate': 4.4086523498288205e-06, 'epoch': 2.07}
{'loss': 4.6188, 'grad_norm': 1.830678939819336, 'learning_rate': 4.404761904761905e-06, 'epoch': 2.07}
{'loss': 4.5687, 'grad_norm': 2.2530128955841064, 'learning_rate': 4.400871459694989e-06, 'epoch': 2.08}
{'loss': 4.675, 'grad_norm': 1.8496369123458862, 'learning_rate': 4.396981014628074e-06, 'epoch': 2.09}
{'loss': 4.5812, 'grad_norm': 2.1207947731018066, 'learning_rate': 4.393090569561158e-06, 'epoch': 2.09}
{'loss': 4.725, 'grad_norm': 1.9274206161499023, 'learning_rate': 4.389200124494242e-06, 'epoch': 2.1}
{'eval_loss': 4.728885173797607, 'eval_runtime': 25.8794, 'eval_samples_per_second': 186.055, 'eval_steps_per_second': 1.468, 'epoch': 2.1}
{'loss': 4.6875, 'grad_norm': 1.940626859664917, 'learning_rate': 4.385309679427327e-06, 'epoch': 2.11}
{'loss': 4.6, 'grad_norm': 2.259500741958618, 'learning_rate': 4.381419234360411e-06, 'epoch': 2.11}
{'loss': 4.6188, 'grad_norm': 1.8907508850097656, 'learning_rate': 4.377528789293495e-06, 'epoch': 2.12}
{'loss': 4.6063, 'grad_norm': 2.00150203704834, 'learning_rate': 4.37363834422658e-06, 'epoch': 2.13}
{'loss': 4.6375, 'grad_norm': 1.8193179368972778, 'learning_rate': 4.369747899159664e-06, 'epoch': 2.14}
{'loss': 4.6063, 'grad_norm': 1.767344355583191, 'learning_rate': 4.3658574540927484e-06, 'epoch': 2.14}
{'loss': 4.6063, 'grad_norm': 2.043696880340576, 'learning_rate': 4.361967009025833e-06, 'epoch': 2.15}
{'loss': 4.5875, 'grad_norm': 1.896842122077942, 'learning_rate': 4.358076563958917e-06, 'epoch': 2.16}
{'loss': 4.5125, 'grad_norm': 1.9230329990386963, 'learning_rate': 4.3541861188920015e-06, 'epoch': 2.16}
{'loss': 4.55, 'grad_norm': 2.2158830165863037, 'learning_rate': 4.350295673825086e-06, 'epoch': 2.17}
{'loss': 4.6312, 'grad_norm': 2.2322001457214355, 'learning_rate': 4.34640522875817e-06, 'epoch': 2.18}
{'loss': 4.6312, 'grad_norm': 2.153412103652954, 'learning_rate': 4.3425147836912546e-06, 'epoch': 2.18}
{'loss': 4.6063, 'grad_norm': 2.12185001373291, 'learning_rate': 4.338624338624339e-06, 'epoch': 2.19}
{'loss': 4.5812, 'grad_norm': 2.6031322479248047, 'learning_rate': 4.334733893557423e-06, 'epoch': 2.2}
{'loss': 4.5875, 'grad_norm': 2.0676090717315674, 'learning_rate': 4.330843448490508e-06, 'epoch': 2.21}
{'loss': 4.6063, 'grad_norm': 2.027676820755005, 'learning_rate': 4.326953003423592e-06, 'epoch': 2.21}
{'loss': 4.5938, 'grad_norm': 2.0617287158966064, 'learning_rate': 4.323062558356676e-06, 'epoch': 2.22}
{'loss': 4.6063, 'grad_norm': 1.9959670305252075, 'learning_rate': 4.319172113289761e-06, 'epoch': 2.23}
{'loss': 4.6562, 'grad_norm': 1.9437896013259888, 'learning_rate': 4.315281668222845e-06, 'epoch': 2.23}
{'loss': 4.5563, 'grad_norm': 2.0616414546966553, 'learning_rate': 4.311391223155929e-06, 'epoch': 2.24}
{'eval_loss': 4.695101261138916, 'eval_runtime': 25.8871, 'eval_samples_per_second': 186.0, 'eval_steps_per_second': 1.468, 'epoch': 2.24}
{'loss': 4.6063, 'grad_norm': 2.0421292781829834, 'learning_rate': 4.307500778089014e-06, 'epoch': 2.25}
{'loss': 4.5875, 'grad_norm': 1.943228840827942, 'learning_rate': 4.303610333022098e-06, 'epoch': 2.25}
{'loss': 4.55, 'grad_norm': 2.2262308597564697, 'learning_rate': 4.2997198879551825e-06, 'epoch': 2.26}
{'loss': 4.5812, 'grad_norm': 2.143319845199585, 'learning_rate': 4.295829442888267e-06, 'epoch': 2.27}
{'loss': 4.5125, 'grad_norm': 2.0123887062072754, 'learning_rate': 4.291938997821351e-06, 'epoch': 2.28}
{'loss': 4.6625, 'grad_norm': 1.9267791509628296, 'learning_rate': 4.2880485527544355e-06, 'epoch': 2.28}
{'loss': 4.5875, 'grad_norm': 1.7745379209518433, 'learning_rate': 4.28415810768752e-06, 'epoch': 2.29}
{'loss': 4.575, 'grad_norm': 2.0948164463043213, 'learning_rate': 4.280267662620604e-06, 'epoch': 2.3}
{'loss': 4.6, 'grad_norm': 1.810067057609558, 'learning_rate': 4.276377217553689e-06, 'epoch': 2.3}
{'loss': 4.5062, 'grad_norm': 1.9105345010757446, 'learning_rate': 4.272486772486773e-06, 'epoch': 2.31}
{'loss': 4.6875, 'grad_norm': 1.9452565908432007, 'learning_rate': 4.268596327419857e-06, 'epoch': 2.32}
{'loss': 4.675, 'grad_norm': 1.9869924783706665, 'learning_rate': 4.264705882352942e-06, 'epoch': 2.32}
{'loss': 4.525, 'grad_norm': 2.010962724685669, 'learning_rate': 4.260815437286026e-06, 'epoch': 2.33}
{'loss': 4.5563, 'grad_norm': 1.8959734439849854, 'learning_rate': 4.25692499221911e-06, 'epoch': 2.34}
{'loss': 4.625, 'grad_norm': 1.9544658660888672, 'learning_rate': 4.253034547152195e-06, 'epoch': 2.35}
{'loss': 4.55, 'grad_norm': 1.959215521812439, 'learning_rate': 4.249144102085279e-06, 'epoch': 2.35}
{'loss': 4.5563, 'grad_norm': 1.9442082643508911, 'learning_rate': 4.245253657018363e-06, 'epoch': 2.36}
{'loss': 4.6562, 'grad_norm': 1.8175384998321533, 'learning_rate': 4.241363211951448e-06, 'epoch': 2.37}
{'loss': 4.525, 'grad_norm': 1.9467726945877075, 'learning_rate': 4.237472766884531e-06, 'epoch': 2.37}
{'loss': 4.5625, 'grad_norm': 2.0814433097839355, 'learning_rate': 4.2335823218176165e-06, 'epoch': 2.38}
{'eval_loss': 4.661317348480225, 'eval_runtime': 25.9004, 'eval_samples_per_second': 185.904, 'eval_steps_per_second': 1.467, 'epoch': 2.38}
{'loss': 4.4688, 'grad_norm': 1.902241587638855, 'learning_rate': 4.229691876750701e-06, 'epoch': 2.39}
{'loss': 4.5687, 'grad_norm': 2.0951874256134033, 'learning_rate': 4.225801431683784e-06, 'epoch': 2.39}
{'loss': 4.5187, 'grad_norm': 1.8895267248153687, 'learning_rate': 4.2219109866168695e-06, 'epoch': 2.4}
{'loss': 4.4875, 'grad_norm': 1.9211326837539673, 'learning_rate': 4.218020541549954e-06, 'epoch': 2.41}
{'loss': 4.5875, 'grad_norm': 2.3352155685424805, 'learning_rate': 4.214130096483038e-06, 'epoch': 2.42}
{'loss': 4.5812, 'grad_norm': 1.830369234085083, 'learning_rate': 4.210239651416123e-06, 'epoch': 2.42}
{'loss': 4.575, 'grad_norm': 2.313202142715454, 'learning_rate': 4.206349206349207e-06, 'epoch': 2.43}
{'loss': 4.5812, 'grad_norm': 1.9460948705673218, 'learning_rate': 4.202458761282291e-06, 'epoch': 2.44}
{'loss': 4.5875, 'grad_norm': 2.1590065956115723, 'learning_rate': 4.198568316215376e-06, 'epoch': 2.44}
{'loss': 4.6188, 'grad_norm': 1.8483883142471313, 'learning_rate': 4.19467787114846e-06, 'epoch': 2.45}
{'loss': 4.6125, 'grad_norm': 1.992698311805725, 'learning_rate': 4.190787426081544e-06, 'epoch': 2.46}
{'loss': 4.5625, 'grad_norm': 2.087597131729126, 'learning_rate': 4.186896981014628e-06, 'epoch': 2.46}
{'loss': 4.55, 'grad_norm': 1.8541080951690674, 'learning_rate': 4.183006535947713e-06, 'epoch': 2.47}
{'loss': 4.5625, 'grad_norm': 2.129971742630005, 'learning_rate': 4.1791160908807974e-06, 'epoch': 2.48}
{'loss': 4.5625, 'grad_norm': 1.8449556827545166, 'learning_rate': 4.175225645813881e-06, 'epoch': 2.49}
{'loss': 4.4813, 'grad_norm': 2.152005672454834, 'learning_rate': 4.171335200746966e-06, 'epoch': 2.49}
{'loss': 4.5375, 'grad_norm': 2.0277938842773438, 'learning_rate': 4.1674447556800505e-06, 'epoch': 2.5}
{'loss': 4.6437, 'grad_norm': 1.8351997137069702, 'learning_rate': 4.163554310613134e-06, 'epoch': 2.51}
{'loss': 4.6, 'grad_norm': 2.0917184352874756, 'learning_rate': 4.159663865546219e-06, 'epoch': 2.51}
{'loss': 4.5812, 'grad_norm': 1.8055343627929688, 'learning_rate': 4.1557734204793036e-06, 'epoch': 2.52}
{'eval_loss': 4.635979652404785, 'eval_runtime': 28.533, 'eval_samples_per_second': 168.752, 'eval_steps_per_second': 1.332, 'epoch': 2.52}
{'loss': 4.5312, 'grad_norm': 1.923542857170105, 'learning_rate': 4.151882975412387e-06, 'epoch': 2.53}
{'loss': 4.5375, 'grad_norm': 1.9135897159576416, 'learning_rate': 4.147992530345472e-06, 'epoch': 2.54}
{'loss': 4.5687, 'grad_norm': 1.9291090965270996, 'learning_rate': 4.144102085278557e-06, 'epoch': 2.54}
{'loss': 4.5062, 'grad_norm': 1.9317291975021362, 'learning_rate': 4.14021164021164e-06, 'epoch': 2.55}
{'loss': 4.5625, 'grad_norm': 1.8940889835357666, 'learning_rate': 4.1363211951447245e-06, 'epoch': 2.56}
{'loss': 4.6, 'grad_norm': 1.9631696939468384, 'learning_rate': 4.13243075007781e-06, 'epoch': 2.56}
{'loss': 4.5875, 'grad_norm': 2.292632579803467, 'learning_rate': 4.128540305010893e-06, 'epoch': 2.57}
{'loss': 4.5187, 'grad_norm': 2.055101156234741, 'learning_rate': 4.1246498599439776e-06, 'epoch': 2.58}
{'loss': 4.525, 'grad_norm': 2.0478355884552, 'learning_rate': 4.120759414877063e-06, 'epoch': 2.58}
{'loss': 4.4375, 'grad_norm': 1.94890296459198, 'learning_rate': 4.116868969810146e-06, 'epoch': 2.59}
{'loss': 4.425, 'grad_norm': 1.8690247535705566, 'learning_rate': 4.112978524743231e-06, 'epoch': 2.6}
{'loss': 4.4938, 'grad_norm': 2.139016628265381, 'learning_rate': 4.109088079676316e-06, 'epoch': 2.61}
{'loss': 4.4813, 'grad_norm': 1.901002287864685, 'learning_rate': 4.105197634609399e-06, 'epoch': 2.61}
{'loss': 4.5, 'grad_norm': 1.9935818910598755, 'learning_rate': 4.101307189542484e-06, 'epoch': 2.62}
{'loss': 4.55, 'grad_norm': 2.0365209579467773, 'learning_rate': 4.097416744475569e-06, 'epoch': 2.63}
{'loss': 4.4625, 'grad_norm': 2.070378303527832, 'learning_rate': 4.093526299408652e-06, 'epoch': 2.63}
{'loss': 4.6063, 'grad_norm': 2.3573238849639893, 'learning_rate': 4.089635854341737e-06, 'epoch': 2.64}
{'loss': 4.5187, 'grad_norm': 1.9172600507736206, 'learning_rate': 4.085745409274821e-06, 'epoch': 2.65}
{'loss': 4.4938, 'grad_norm': 2.1391851902008057, 'learning_rate': 4.0818549642079054e-06, 'epoch': 2.65}
{'loss': 4.5438, 'grad_norm': 2.3291990756988525, 'learning_rate': 4.07796451914099e-06, 'epoch': 2.66}
{'eval_loss': 4.608108043670654, 'eval_runtime': 25.8895, 'eval_samples_per_second': 185.983, 'eval_steps_per_second': 1.468, 'epoch': 2.66}
{'loss': 4.4437, 'grad_norm': 2.197758674621582, 'learning_rate': 4.074074074074074e-06, 'epoch': 2.67}
{'loss': 4.475, 'grad_norm': 1.9732433557510376, 'learning_rate': 4.0701836290071585e-06, 'epoch': 2.68}
{'loss': 4.5187, 'grad_norm': 2.0655839443206787, 'learning_rate': 4.066293183940243e-06, 'epoch': 2.68}
{'loss': 4.5438, 'grad_norm': 2.198209524154663, 'learning_rate': 4.062402738873327e-06, 'epoch': 2.69}
{'loss': 4.6063, 'grad_norm': 1.887773036956787, 'learning_rate': 4.0585122938064116e-06, 'epoch': 2.7}
{'loss': 4.5187, 'grad_norm': 2.0101242065429688, 'learning_rate': 4.054621848739496e-06, 'epoch': 2.7}
{'loss': 4.5062, 'grad_norm': 1.8362665176391602, 'learning_rate': 4.05073140367258e-06, 'epoch': 2.71}
{'loss': 4.5438, 'grad_norm': 2.376047372817993, 'learning_rate': 4.0468409586056655e-06, 'epoch': 2.72}
{'loss': 4.5125, 'grad_norm': 1.958823561668396, 'learning_rate': 4.042950513538749e-06, 'epoch': 2.72}
{'loss': 4.525, 'grad_norm': 2.139068365097046, 'learning_rate': 4.039060068471833e-06, 'epoch': 2.73}
{'loss': 4.475, 'grad_norm': 2.120196580886841, 'learning_rate': 4.035169623404918e-06, 'epoch': 2.74}
{'loss': 4.4875, 'grad_norm': 1.9205855131149292, 'learning_rate': 4.031279178338002e-06, 'epoch': 2.75}
{'loss': 4.4562, 'grad_norm': 2.4977800846099854, 'learning_rate': 4.027388733271086e-06, 'epoch': 2.75}
{'loss': 4.475, 'grad_norm': 1.885147213935852, 'learning_rate': 4.023498288204171e-06, 'epoch': 2.76}
{'loss': 4.5125, 'grad_norm': 1.9213627576828003, 'learning_rate': 4.019607843137255e-06, 'epoch': 2.77}
{'loss': 4.4562, 'grad_norm': 1.9326236248016357, 'learning_rate': 4.0157173980703395e-06, 'epoch': 2.77}
{'loss': 4.5312, 'grad_norm': 2.2567639350891113, 'learning_rate': 4.011826953003424e-06, 'epoch': 2.78}
{'loss': 4.475, 'grad_norm': 2.025689125061035, 'learning_rate': 4.007936507936508e-06, 'epoch': 2.79}
{'loss': 4.4062, 'grad_norm': 2.036198854446411, 'learning_rate': 4.0040460628695925e-06, 'epoch': 2.79}
{'loss': 4.3937, 'grad_norm': 2.1770782470703125, 'learning_rate': 4.000155617802677e-06, 'epoch': 2.8}
{'eval_loss': 4.583614826202393, 'eval_runtime': 25.8882, 'eval_samples_per_second': 185.992, 'eval_steps_per_second': 1.468, 'epoch': 2.8}
{'loss': 4.45, 'grad_norm': 1.9595296382904053, 'learning_rate': 3.996265172735761e-06, 'epoch': 2.81}
{'loss': 4.4437, 'grad_norm': 2.6294217109680176, 'learning_rate': 3.992374727668846e-06, 'epoch': 2.82}
{'loss': 4.4313, 'grad_norm': 1.9578193426132202, 'learning_rate': 3.98848428260193e-06, 'epoch': 2.82}
{'loss': 4.4375, 'grad_norm': 2.124542474746704, 'learning_rate': 3.984593837535014e-06, 'epoch': 2.83}
{'loss': 4.4437, 'grad_norm': 2.2452688217163086, 'learning_rate': 3.980703392468099e-06, 'epoch': 2.84}
{'loss': 4.4688, 'grad_norm': 2.2745203971862793, 'learning_rate': 3.976812947401183e-06, 'epoch': 2.84}
{'loss': 4.5312, 'grad_norm': 2.204836845397949, 'learning_rate': 3.972922502334267e-06, 'epoch': 2.85}
{'loss': 4.4813, 'grad_norm': 2.082829713821411, 'learning_rate': 3.969032057267352e-06, 'epoch': 2.86}
{'loss': 4.4562, 'grad_norm': 2.0423967838287354, 'learning_rate': 3.965141612200436e-06, 'epoch': 2.86}
{'loss': 4.4813, 'grad_norm': 2.249004602432251, 'learning_rate': 3.9612511671335204e-06, 'epoch': 2.87}
{'loss': 4.5062, 'grad_norm': 2.267934799194336, 'learning_rate': 3.957360722066605e-06, 'epoch': 2.88}
{'loss': 4.4938, 'grad_norm': 2.1392476558685303, 'learning_rate': 3.953470276999689e-06, 'epoch': 2.89}
{'loss': 4.4938, 'grad_norm': 1.9054114818572998, 'learning_rate': 3.9495798319327735e-06, 'epoch': 2.89}
{'loss': 4.4375, 'grad_norm': 2.183539628982544, 'learning_rate': 3.945689386865858e-06, 'epoch': 2.9}
{'loss': 4.5125, 'grad_norm': 2.4890356063842773, 'learning_rate': 3.941798941798942e-06, 'epoch': 2.91}
{'loss': 4.4313, 'grad_norm': 1.9689500331878662, 'learning_rate': 3.9379084967320266e-06, 'epoch': 2.91}
{'loss': 4.5625, 'grad_norm': 1.9642183780670166, 'learning_rate': 3.934018051665111e-06, 'epoch': 2.92}
{'loss': 4.4125, 'grad_norm': 1.9834227561950684, 'learning_rate': 3.930127606598195e-06, 'epoch': 2.93}
{'loss': 4.5125, 'grad_norm': 1.9696378707885742, 'learning_rate': 3.92623716153128e-06, 'epoch': 2.93}
{'loss': 4.4375, 'grad_norm': 1.9168922901153564, 'learning_rate': 3.922346716464364e-06, 'epoch': 2.94}
{'eval_loss': 4.557432651519775, 'eval_runtime': 25.8925, 'eval_samples_per_second': 185.962, 'eval_steps_per_second': 1.468, 'epoch': 2.94}
{'loss': 4.5625, 'grad_norm': 2.3839380741119385, 'learning_rate': 3.918456271397448e-06, 'epoch': 2.95}
{'loss': 4.375, 'grad_norm': 2.0069661140441895, 'learning_rate': 3.914565826330533e-06, 'epoch': 2.96}
{'loss': 4.5563, 'grad_norm': 1.9458625316619873, 'learning_rate': 3.910675381263617e-06, 'epoch': 2.96}
{'loss': 4.3937, 'grad_norm': 1.9457124471664429, 'learning_rate': 3.906784936196701e-06, 'epoch': 2.97}
{'loss': 4.4062, 'grad_norm': 2.576098680496216, 'learning_rate': 3.902894491129786e-06, 'epoch': 2.98}
{'loss': 4.4437, 'grad_norm': 2.1055595874786377, 'learning_rate': 3.89900404606287e-06, 'epoch': 2.98}
{'loss': 4.3875, 'grad_norm': 2.4520344734191895, 'learning_rate': 3.8951136009959544e-06, 'epoch': 2.99}
{'loss': 4.45, 'grad_norm': 2.1405460834503174, 'learning_rate': 3.891223155929039e-06, 'epoch': 3.0}
{'loss': 4.4125, 'grad_norm': 2.3593857288360596, 'learning_rate': 3.887332710862123e-06, 'epoch': 3.0}
{'loss': 4.4188, 'grad_norm': 1.9979368448257446, 'learning_rate': 3.8834422657952075e-06, 'epoch': 3.01}
{'loss': 4.4688, 'grad_norm': 2.3912971019744873, 'learning_rate': 3.879551820728292e-06, 'epoch': 3.02}
{'loss': 4.3937, 'grad_norm': 1.967716932296753, 'learning_rate': 3.875661375661376e-06, 'epoch': 3.03}
{'loss': 4.3688, 'grad_norm': 2.1292033195495605, 'learning_rate': 3.87177093059446e-06, 'epoch': 3.03}
{'loss': 4.3875, 'grad_norm': 2.1972920894622803, 'learning_rate': 3.867880485527545e-06, 'epoch': 3.04}
{'loss': 4.3375, 'grad_norm': 2.201150894165039, 'learning_rate': 3.863990040460629e-06, 'epoch': 3.05}
{'loss': 4.4188, 'grad_norm': 2.386353015899658, 'learning_rate': 3.860099595393713e-06, 'epoch': 3.05}
{'loss': 4.375, 'grad_norm': 2.082280397415161, 'learning_rate': 3.856209150326798e-06, 'epoch': 3.06}
{'loss': 4.3875, 'grad_norm': 2.214360475540161, 'learning_rate': 3.852318705259882e-06, 'epoch': 3.07}
{'loss': 4.4125, 'grad_norm': 2.1568596363067627, 'learning_rate': 3.848428260192966e-06, 'epoch': 3.07}
{'loss': 4.4, 'grad_norm': 2.1582560539245605, 'learning_rate': 3.844537815126051e-06, 'epoch': 3.08}
{'eval_loss': 4.542229652404785, 'eval_runtime': 25.9154, 'eval_samples_per_second': 185.797, 'eval_steps_per_second': 1.466, 'epoch': 3.08}
{'loss': 4.4437, 'grad_norm': 2.495281457901001, 'learning_rate': 3.840647370059135e-06, 'epoch': 3.09}
{'loss': 4.375, 'grad_norm': 2.186664342880249, 'learning_rate': 3.836756924992219e-06, 'epoch': 3.1}
{'loss': 4.375, 'grad_norm': 2.0356454849243164, 'learning_rate': 3.832866479925304e-06, 'epoch': 3.1}
{'loss': 4.4813, 'grad_norm': 1.9538021087646484, 'learning_rate': 3.8289760348583885e-06, 'epoch': 3.11}
{'loss': 4.3625, 'grad_norm': 2.4344165325164795, 'learning_rate': 3.825085589791472e-06, 'epoch': 3.12}
{'loss': 4.325, 'grad_norm': 2.326399326324463, 'learning_rate': 3.821195144724556e-06, 'epoch': 3.12}
{'loss': 4.3625, 'grad_norm': 2.2366323471069336, 'learning_rate': 3.8173046996576415e-06, 'epoch': 3.13}
{'loss': 4.3812, 'grad_norm': 2.149197816848755, 'learning_rate': 3.8134142545907255e-06, 'epoch': 3.14}
{'loss': 4.3625, 'grad_norm': 2.3431026935577393, 'learning_rate': 3.80952380952381e-06, 'epoch': 3.14}
{'loss': 4.325, 'grad_norm': 2.02659273147583, 'learning_rate': 3.805633364456894e-06, 'epoch': 3.15}
{'loss': 4.3375, 'grad_norm': 2.3241114616394043, 'learning_rate': 3.8017429193899785e-06, 'epoch': 3.16}
{'loss': 4.3312, 'grad_norm': 2.2005300521850586, 'learning_rate': 3.797852474323063e-06, 'epoch': 3.17}
{'loss': 4.4375, 'grad_norm': 2.0956287384033203, 'learning_rate': 3.7939620292561472e-06, 'epoch': 3.17}
{'loss': 4.2938, 'grad_norm': 1.9715825319290161, 'learning_rate': 3.7900715841892316e-06, 'epoch': 3.18}
{'loss': 4.3312, 'grad_norm': 2.0352420806884766, 'learning_rate': 3.786181139122316e-06, 'epoch': 3.19}
{'loss': 4.2875, 'grad_norm': 2.0768799781799316, 'learning_rate': 3.7822906940554003e-06, 'epoch': 3.19}
{'loss': 4.3688, 'grad_norm': 2.0400829315185547, 'learning_rate': 3.7784002489884846e-06, 'epoch': 3.2}
{'loss': 4.2562, 'grad_norm': 2.4024789333343506, 'learning_rate': 3.774509803921569e-06, 'epoch': 3.21}
{'loss': 4.3812, 'grad_norm': 2.066124677658081, 'learning_rate': 3.770619358854653e-06, 'epoch': 3.21}
{'loss': 4.4062, 'grad_norm': 2.376041889190674, 'learning_rate': 3.7667289137877377e-06, 'epoch': 3.22}
{'eval_loss': 4.522804260253906, 'eval_runtime': 25.9124, 'eval_samples_per_second': 185.819, 'eval_steps_per_second': 1.466, 'epoch': 3.22}
{'loss': 4.3312, 'grad_norm': 2.1228528022766113, 'learning_rate': 3.762838468720822e-06, 'epoch': 3.23}
{'loss': 4.3438, 'grad_norm': 2.2554357051849365, 'learning_rate': 3.758948023653906e-06, 'epoch': 3.24}
{'loss': 4.3312, 'grad_norm': 2.290086507797241, 'learning_rate': 3.7550575785869908e-06, 'epoch': 3.24}
{'loss': 4.4, 'grad_norm': 2.1075098514556885, 'learning_rate': 3.751167133520075e-06, 'epoch': 3.25}
{'loss': 4.35, 'grad_norm': 2.027148723602295, 'learning_rate': 3.747276688453159e-06, 'epoch': 3.26}
{'loss': 4.3875, 'grad_norm': 2.147948741912842, 'learning_rate': 3.743386243386244e-06, 'epoch': 3.26}
{'loss': 4.2938, 'grad_norm': 2.4155354499816895, 'learning_rate': 3.739495798319328e-06, 'epoch': 3.27}
{'loss': 4.375, 'grad_norm': 2.126225471496582, 'learning_rate': 3.735605353252412e-06, 'epoch': 3.28}
{'loss': 4.4125, 'grad_norm': 2.1836941242218018, 'learning_rate': 3.731714908185497e-06, 'epoch': 3.28}
{'loss': 4.3937, 'grad_norm': 2.0792551040649414, 'learning_rate': 3.7278244631185813e-06, 'epoch': 3.29}
{'loss': 4.3187, 'grad_norm': 1.9525585174560547, 'learning_rate': 3.723934018051665e-06, 'epoch': 3.3}
{'loss': 4.3312, 'grad_norm': 2.3385097980499268, 'learning_rate': 3.7200435729847495e-06, 'epoch': 3.31}
{'loss': 4.3312, 'grad_norm': 2.088334321975708, 'learning_rate': 3.7161531279178343e-06, 'epoch': 3.31}
{'loss': 4.425, 'grad_norm': 2.17814040184021, 'learning_rate': 3.7122626828509182e-06, 'epoch': 3.32}
{'loss': 4.3125, 'grad_norm': 2.0364019870758057, 'learning_rate': 3.7083722377840026e-06, 'epoch': 3.33}
{'loss': 4.3312, 'grad_norm': 1.8641222715377808, 'learning_rate': 3.7044817927170874e-06, 'epoch': 3.33}
{'loss': 4.3438, 'grad_norm': 2.038114547729492, 'learning_rate': 3.7005913476501713e-06, 'epoch': 3.34}
{'loss': 4.3187, 'grad_norm': 2.306119203567505, 'learning_rate': 3.6967009025832557e-06, 'epoch': 3.35}
{'loss': 4.325, 'grad_norm': 2.176114559173584, 'learning_rate': 3.6928104575163404e-06, 'epoch': 3.35}
{'loss': 4.3375, 'grad_norm': 2.281785011291504, 'learning_rate': 3.6889200124494244e-06, 'epoch': 3.36}
{'eval_loss': 4.5059123039245605, 'eval_runtime': 25.9089, 'eval_samples_per_second': 185.843, 'eval_steps_per_second': 1.467, 'epoch': 3.36}
{'loss': 4.3625, 'grad_norm': 1.91709566116333, 'learning_rate': 3.6850295673825087e-06, 'epoch': 3.37}
{'loss': 4.3563, 'grad_norm': 2.101125478744507, 'learning_rate': 3.6811391223155935e-06, 'epoch': 3.38}
{'loss': 4.4062, 'grad_norm': 2.1892037391662598, 'learning_rate': 3.6772486772486774e-06, 'epoch': 3.38}
{'loss': 4.3688, 'grad_norm': 2.124877691268921, 'learning_rate': 3.6733582321817618e-06, 'epoch': 3.39}
{'loss': 4.425, 'grad_norm': 2.1084437370300293, 'learning_rate': 3.669467787114846e-06, 'epoch': 3.4}
{'loss': 4.2875, 'grad_norm': 2.2019457817077637, 'learning_rate': 3.6655773420479305e-06, 'epoch': 3.4}
{'loss': 4.3375, 'grad_norm': 2.1800696849823, 'learning_rate': 3.661686896981015e-06, 'epoch': 3.41}
{'loss': 4.3438, 'grad_norm': 2.186943769454956, 'learning_rate': 3.657796451914099e-06, 'epoch': 3.42}
{'loss': 4.3312, 'grad_norm': 1.9584226608276367, 'learning_rate': 3.653906006847184e-06, 'epoch': 3.42}
{'loss': 4.3812, 'grad_norm': 2.0205934047698975, 'learning_rate': 3.650015561780268e-06, 'epoch': 3.43}
{'loss': 4.2938, 'grad_norm': 2.0904994010925293, 'learning_rate': 3.6461251167133523e-06, 'epoch': 3.44}
{'loss': 4.2438, 'grad_norm': 1.9817148447036743, 'learning_rate': 3.642234671646437e-06, 'epoch': 3.45}
{'loss': 4.4688, 'grad_norm': 2.1219427585601807, 'learning_rate': 3.638344226579521e-06, 'epoch': 3.45}
{'loss': 4.2812, 'grad_norm': 2.251375198364258, 'learning_rate': 3.6344537815126053e-06, 'epoch': 3.46}
{'loss': 4.3812, 'grad_norm': 2.366126775741577, 'learning_rate': 3.63056333644569e-06, 'epoch': 3.47}
{'loss': 4.3438, 'grad_norm': 2.516842842102051, 'learning_rate': 3.626672891378774e-06, 'epoch': 3.47}
{'loss': 4.4, 'grad_norm': 2.17677903175354, 'learning_rate': 3.6227824463118584e-06, 'epoch': 3.48}
{'loss': 4.3937, 'grad_norm': 2.347533941268921, 'learning_rate': 3.6188920012449423e-06, 'epoch': 3.49}
{'loss': 4.3312, 'grad_norm': 2.2213103771209717, 'learning_rate': 3.615001556178027e-06, 'epoch': 3.49}
{'loss': 4.3375, 'grad_norm': 2.472142457962036, 'learning_rate': 3.6111111111111115e-06, 'epoch': 3.5}
{'eval_loss': 4.485641956329346, 'eval_runtime': 31.7813, 'eval_samples_per_second': 151.504, 'eval_steps_per_second': 1.196, 'epoch': 3.5}
{'loss': 4.3187, 'grad_norm': 2.1219379901885986, 'learning_rate': 3.6072206660441954e-06, 'epoch': 3.51}
{'loss': 4.3438, 'grad_norm': 2.2326552867889404, 'learning_rate': 3.60333022097728e-06, 'epoch': 3.52}
{'loss': 4.275, 'grad_norm': 2.4709813594818115, 'learning_rate': 3.5994397759103645e-06, 'epoch': 3.52}
{'loss': 4.4125, 'grad_norm': 2.7276599407196045, 'learning_rate': 3.5955493308434484e-06, 'epoch': 3.53}
{'loss': 4.4, 'grad_norm': 2.081620693206787, 'learning_rate': 3.5916588857765332e-06, 'epoch': 3.54}
{'loss': 4.2812, 'grad_norm': 2.043238639831543, 'learning_rate': 3.5877684407096176e-06, 'epoch': 3.54}
{'loss': 4.2562, 'grad_norm': 2.2961554527282715, 'learning_rate': 3.5838779956427015e-06, 'epoch': 3.55}
{'loss': 4.4313, 'grad_norm': 2.17405104637146, 'learning_rate': 3.5799875505757863e-06, 'epoch': 3.56}
{'loss': 4.275, 'grad_norm': 2.2136168479919434, 'learning_rate': 3.5760971055088706e-06, 'epoch': 3.56}
{'loss': 4.3688, 'grad_norm': 2.207873821258545, 'learning_rate': 3.5722066604419546e-06, 'epoch': 3.57}
{'loss': 4.325, 'grad_norm': 2.289818048477173, 'learning_rate': 3.5683162153750393e-06, 'epoch': 3.58}
{'loss': 4.35, 'grad_norm': 2.1661105155944824, 'learning_rate': 3.5644257703081237e-06, 'epoch': 3.59}
{'loss': 4.2938, 'grad_norm': 2.033527135848999, 'learning_rate': 3.5605353252412076e-06, 'epoch': 3.59}
{'loss': 4.3937, 'grad_norm': 2.1713168621063232, 'learning_rate': 3.556644880174292e-06, 'epoch': 3.6}
{'loss': 4.3312, 'grad_norm': 1.9837645292282104, 'learning_rate': 3.5527544351073768e-06, 'epoch': 3.61}
{'loss': 4.4375, 'grad_norm': 2.540477991104126, 'learning_rate': 3.5488639900404607e-06, 'epoch': 3.61}
{'loss': 4.4313, 'grad_norm': 2.4351978302001953, 'learning_rate': 3.544973544973545e-06, 'epoch': 3.62}
{'loss': 4.3125, 'grad_norm': 2.1621224880218506, 'learning_rate': 3.54108309990663e-06, 'epoch': 3.63}
{'loss': 4.2625, 'grad_norm': 2.3207812309265137, 'learning_rate': 3.5371926548397138e-06, 'epoch': 3.63}
{'loss': 4.35, 'grad_norm': 2.4447009563446045, 'learning_rate': 3.533302209772798e-06, 'epoch': 3.64}
{'eval_loss': 4.464527130126953, 'eval_runtime': 25.9142, 'eval_samples_per_second': 185.805, 'eval_steps_per_second': 1.466, 'epoch': 3.64}
{'loss': 4.2687, 'grad_norm': 2.147808790206909, 'learning_rate': 3.529411764705883e-06, 'epoch': 3.65}
{'loss': 4.3312, 'grad_norm': 2.024442434310913, 'learning_rate': 3.5255213196389672e-06, 'epoch': 3.66}
{'loss': 4.25, 'grad_norm': 2.132713794708252, 'learning_rate': 3.521630874572051e-06, 'epoch': 3.66}
{'loss': 4.3, 'grad_norm': 2.2499682903289795, 'learning_rate': 3.517740429505136e-06, 'epoch': 3.67}
{'loss': 4.3438, 'grad_norm': 2.0785224437713623, 'learning_rate': 3.5138499844382203e-06, 'epoch': 3.68}
{'loss': 4.35, 'grad_norm': 2.137737989425659, 'learning_rate': 3.5099595393713042e-06, 'epoch': 3.68}
{'loss': 4.3563, 'grad_norm': 2.141615867614746, 'learning_rate': 3.5060690943043886e-06, 'epoch': 3.69}
{'loss': 4.3125, 'grad_norm': 2.210005521774292, 'learning_rate': 3.5021786492374734e-06, 'epoch': 3.7}
{'loss': 4.3125, 'grad_norm': 2.3256888389587402, 'learning_rate': 3.4982882041705573e-06, 'epoch': 3.7}
{'loss': 4.2875, 'grad_norm': 2.154759168624878, 'learning_rate': 3.4943977591036417e-06, 'epoch': 3.71}
{'loss': 4.2812, 'grad_norm': 2.2258260250091553, 'learning_rate': 3.4905073140367264e-06, 'epoch': 3.72}
{'loss': 4.3688, 'grad_norm': 2.056910991668701, 'learning_rate': 3.4866168689698104e-06, 'epoch': 3.73}
{'loss': 4.275, 'grad_norm': 2.3299965858459473, 'learning_rate': 3.4827264239028947e-06, 'epoch': 3.73}
{'loss': 4.3, 'grad_norm': 2.4038736820220947, 'learning_rate': 3.4788359788359795e-06, 'epoch': 3.74}
{'loss': 4.2812, 'grad_norm': 2.4551429748535156, 'learning_rate': 3.4749455337690634e-06, 'epoch': 3.75}
{'loss': 4.3, 'grad_norm': 2.3142521381378174, 'learning_rate': 3.4710550887021478e-06, 'epoch': 3.75}
{'loss': 4.3125, 'grad_norm': 2.178929328918457, 'learning_rate': 3.4671646436352326e-06, 'epoch': 3.76}
{'loss': 4.3, 'grad_norm': 2.514686346054077, 'learning_rate': 3.4632741985683165e-06, 'epoch': 3.77}
{'loss': 4.45, 'grad_norm': 2.123957872390747, 'learning_rate': 3.459383753501401e-06, 'epoch': 3.77}
{'loss': 4.3812, 'grad_norm': 2.399588108062744, 'learning_rate': 3.4554933084344848e-06, 'epoch': 3.78}
{'eval_loss': 4.456080913543701, 'eval_runtime': 25.8994, 'eval_samples_per_second': 185.912, 'eval_steps_per_second': 1.467, 'epoch': 3.78}
{'loss': 4.275, 'grad_norm': 2.401301622390747, 'learning_rate': 3.4516028633675696e-06, 'epoch': 3.79}
{'loss': 4.3312, 'grad_norm': 2.27742338180542, 'learning_rate': 3.447712418300654e-06, 'epoch': 3.8}
{'loss': 4.3125, 'grad_norm': 2.446049213409424, 'learning_rate': 3.443821973233738e-06, 'epoch': 3.8}
{'loss': 4.3312, 'grad_norm': 2.252826690673828, 'learning_rate': 3.4399315281668226e-06, 'epoch': 3.81}
{'loss': 4.3312, 'grad_norm': 2.3639750480651855, 'learning_rate': 3.436041083099907e-06, 'epoch': 3.82}
{'loss': 4.3187, 'grad_norm': 2.0854122638702393, 'learning_rate': 3.432150638032991e-06, 'epoch': 3.82}
{'loss': 4.325, 'grad_norm': 2.0813779830932617, 'learning_rate': 3.4282601929660757e-06, 'epoch': 3.83}
{'loss': 4.325, 'grad_norm': 2.3082404136657715, 'learning_rate': 3.42436974789916e-06, 'epoch': 3.84}
{'loss': 4.3375, 'grad_norm': 2.226571798324585, 'learning_rate': 3.420479302832244e-06, 'epoch': 3.84}
{'loss': 4.3125, 'grad_norm': 2.068693161010742, 'learning_rate': 3.4165888577653287e-06, 'epoch': 3.85}
{'loss': 4.2687, 'grad_norm': 2.1594185829162598, 'learning_rate': 3.412698412698413e-06, 'epoch': 3.86}
{'loss': 4.3625, 'grad_norm': 1.992996096611023, 'learning_rate': 3.4088079676314974e-06, 'epoch': 3.87}
{'loss': 4.3187, 'grad_norm': 2.0039825439453125, 'learning_rate': 3.4049175225645814e-06, 'epoch': 3.87}
{'loss': 4.275, 'grad_norm': 2.039074659347534, 'learning_rate': 3.401027077497666e-06, 'epoch': 3.88}
{'loss': 4.2562, 'grad_norm': 2.219068765640259, 'learning_rate': 3.3971366324307505e-06, 'epoch': 3.89}
{'loss': 4.3688, 'grad_norm': 2.618103504180908, 'learning_rate': 3.3932461873638344e-06, 'epoch': 3.89}
{'loss': 4.3, 'grad_norm': 2.228712320327759, 'learning_rate': 3.3893557422969192e-06, 'epoch': 3.9}
{'loss': 4.3625, 'grad_norm': 2.021697998046875, 'learning_rate': 3.3854652972300036e-06, 'epoch': 3.91}
{'loss': 4.2938, 'grad_norm': 2.144481658935547, 'learning_rate': 3.3815748521630875e-06, 'epoch': 3.91}
{'loss': 4.2875, 'grad_norm': 2.1379568576812744, 'learning_rate': 3.3776844070961723e-06, 'epoch': 3.92}
{'eval_loss': 4.438344478607178, 'eval_runtime': 25.9039, 'eval_samples_per_second': 185.879, 'eval_steps_per_second': 1.467, 'epoch': 3.92}
{'loss': 4.2875, 'grad_norm': 2.179940700531006, 'learning_rate': 3.3737939620292566e-06, 'epoch': 3.93}
{'loss': 4.3125, 'grad_norm': 2.2497193813323975, 'learning_rate': 3.3699035169623406e-06, 'epoch': 3.94}
{'loss': 4.2938, 'grad_norm': 2.224246025085449, 'learning_rate': 3.3660130718954253e-06, 'epoch': 3.94}
{'loss': 4.3438, 'grad_norm': 2.1076111793518066, 'learning_rate': 3.3621226268285097e-06, 'epoch': 3.95}
{'loss': 4.2875, 'grad_norm': 2.5188655853271484, 'learning_rate': 3.3582321817615936e-06, 'epoch': 3.96}
{'loss': 4.2812, 'grad_norm': 2.184514284133911, 'learning_rate': 3.354341736694678e-06, 'epoch': 3.96}
{'loss': 4.375, 'grad_norm': 2.184943675994873, 'learning_rate': 3.3504512916277628e-06, 'epoch': 3.97}
{'loss': 4.3312, 'grad_norm': 2.0719308853149414, 'learning_rate': 3.3465608465608467e-06, 'epoch': 3.98}
{'loss': 4.375, 'grad_norm': 2.1835083961486816, 'learning_rate': 3.342670401493931e-06, 'epoch': 3.98}
{'loss': 4.3125, 'grad_norm': 2.1973178386688232, 'learning_rate': 3.338779956427016e-06, 'epoch': 3.99}
{'loss': 4.2938, 'grad_norm': 2.4926106929779053, 'learning_rate': 3.3348895113600998e-06, 'epoch': 4.0}
{'loss': 4.225, 'grad_norm': 2.644411087036133, 'learning_rate': 3.330999066293184e-06, 'epoch': 4.01}
{'loss': 4.3125, 'grad_norm': 2.323168992996216, 'learning_rate': 3.327108621226269e-06, 'epoch': 4.01}
{'loss': 4.2188, 'grad_norm': 2.2044694423675537, 'learning_rate': 3.323218176159353e-06, 'epoch': 4.02}
{'loss': 4.2313, 'grad_norm': 2.124901056289673, 'learning_rate': 3.319327731092437e-06, 'epoch': 4.03}
{'loss': 4.2625, 'grad_norm': 2.2991538047790527, 'learning_rate': 3.315437286025522e-06, 'epoch': 4.03}
{'loss': 4.2812, 'grad_norm': 2.4688401222229004, 'learning_rate': 3.311546840958606e-06, 'epoch': 4.04}
{'loss': 4.25, 'grad_norm': 2.3226914405822754, 'learning_rate': 3.3076563958916902e-06, 'epoch': 4.05}
{'loss': 4.2438, 'grad_norm': 2.338245391845703, 'learning_rate': 3.303765950824774e-06, 'epoch': 4.05}
{'loss': 4.1875, 'grad_norm': 2.1543970108032227, 'learning_rate': 3.299875505757859e-06, 'epoch': 4.06}
{'eval_loss': 4.425675868988037, 'eval_runtime': 25.9258, 'eval_samples_per_second': 185.722, 'eval_steps_per_second': 1.466, 'epoch': 4.06}
{'loss': 4.2125, 'grad_norm': 2.2031071186065674, 'learning_rate': 3.2959850606909433e-06, 'epoch': 4.07}
{'loss': 4.2125, 'grad_norm': 2.2597758769989014, 'learning_rate': 3.2920946156240272e-06, 'epoch': 4.08}
{'loss': 4.275, 'grad_norm': 2.337378978729248, 'learning_rate': 3.288204170557112e-06, 'epoch': 4.08}
{'loss': 4.1688, 'grad_norm': 2.3093209266662598, 'learning_rate': 3.2843137254901964e-06, 'epoch': 4.09}
{'loss': 4.2125, 'grad_norm': 2.3425590991973877, 'learning_rate': 3.2804232804232807e-06, 'epoch': 4.1}
{'loss': 4.225, 'grad_norm': 2.151118278503418, 'learning_rate': 3.276532835356365e-06, 'epoch': 4.1}
{'loss': 4.2562, 'grad_norm': 2.101583480834961, 'learning_rate': 3.2726423902894494e-06, 'epoch': 4.11}
{'loss': 4.1937, 'grad_norm': 2.1795389652252197, 'learning_rate': 3.2687519452225338e-06, 'epoch': 4.12}
{'loss': 4.2375, 'grad_norm': 2.5681865215301514, 'learning_rate': 3.264861500155618e-06, 'epoch': 4.12}
{'loss': 4.1625, 'grad_norm': 2.477506637573242, 'learning_rate': 3.2609710550887025e-06, 'epoch': 4.13}
{'loss': 4.175, 'grad_norm': 2.160522937774658, 'learning_rate': 3.257080610021787e-06, 'epoch': 4.14}
{'loss': 4.2812, 'grad_norm': 2.023325204849243, 'learning_rate': 3.2531901649548708e-06, 'epoch': 4.15}
{'loss': 4.2375, 'grad_norm': 2.191883087158203, 'learning_rate': 3.2492997198879555e-06, 'epoch': 4.15}
{'loss': 4.2188, 'grad_norm': 2.2902004718780518, 'learning_rate': 3.24540927482104e-06, 'epoch': 4.16}
{'loss': 4.1813, 'grad_norm': 2.236682176589966, 'learning_rate': 3.241518829754124e-06, 'epoch': 4.17}
{'loss': 4.2469, 'grad_norm': 2.492873430252075, 'learning_rate': 3.2376283846872086e-06, 'epoch': 4.17}
{'loss': 4.225, 'grad_norm': 2.4180824756622314, 'learning_rate': 3.233737939620293e-06, 'epoch': 4.18}
{'loss': 4.1813, 'grad_norm': 2.3241147994995117, 'learning_rate': 3.229847494553377e-06, 'epoch': 4.19}
{'loss': 4.1937, 'grad_norm': 2.193268299102783, 'learning_rate': 3.2259570494864617e-06, 'epoch': 4.19}
{'loss': 4.2313, 'grad_norm': 2.1197831630706787, 'learning_rate': 3.222066604419546e-06, 'epoch': 4.2}
{'eval_loss': 4.413006782531738, 'eval_runtime': 25.9466, 'eval_samples_per_second': 185.574, 'eval_steps_per_second': 1.465, 'epoch': 4.2}
{'loss': 4.1125, 'grad_norm': 2.4441351890563965, 'learning_rate': 3.21817615935263e-06, 'epoch': 4.21}
{'loss': 4.225, 'grad_norm': 2.1880109310150146, 'learning_rate': 3.2142857142857147e-06, 'epoch': 4.22}
{'loss': 4.2625, 'grad_norm': 2.5060441493988037, 'learning_rate': 3.210395269218799e-06, 'epoch': 4.22}
{'loss': 4.175, 'grad_norm': 2.248375177383423, 'learning_rate': 3.206504824151883e-06, 'epoch': 4.23}
{'loss': 4.1156, 'grad_norm': 2.716273069381714, 'learning_rate': 3.2026143790849674e-06, 'epoch': 4.24}
{'loss': 4.1656, 'grad_norm': 2.612342119216919, 'learning_rate': 3.198723934018052e-06, 'epoch': 4.24}
{'loss': 4.2125, 'grad_norm': 2.2378461360931396, 'learning_rate': 3.194833488951136e-06, 'epoch': 4.25}
{'loss': 4.2438, 'grad_norm': 2.1282098293304443, 'learning_rate': 3.1909430438842204e-06, 'epoch': 4.26}
{'loss': 4.1437, 'grad_norm': 2.112548828125, 'learning_rate': 3.187052598817305e-06, 'epoch': 4.26}
{'loss': 4.2062, 'grad_norm': 2.226623296737671, 'learning_rate': 3.183162153750389e-06, 'epoch': 4.27}
{'loss': 4.25, 'grad_norm': 2.355782985687256, 'learning_rate': 3.1792717086834735e-06, 'epoch': 4.28}
{'loss': 4.2313, 'grad_norm': 2.5008091926574707, 'learning_rate': 3.1753812636165583e-06, 'epoch': 4.29}
{'loss': 4.275, 'grad_norm': 2.0982165336608887, 'learning_rate': 3.171490818549642e-06, 'epoch': 4.29}
{'loss': 4.2, 'grad_norm': 2.687596082687378, 'learning_rate': 3.1676003734827266e-06, 'epoch': 4.3}
{'loss': 4.2188, 'grad_norm': 2.30212664604187, 'learning_rate': 3.1637099284158113e-06, 'epoch': 4.31}
{'loss': 4.2438, 'grad_norm': 2.187563419342041, 'learning_rate': 3.1598194833488953e-06, 'epoch': 4.31}
{'loss': 4.2438, 'grad_norm': 2.2348899841308594, 'learning_rate': 3.1559290382819796e-06, 'epoch': 4.32}
{'loss': 4.225, 'grad_norm': 2.132234573364258, 'learning_rate': 3.1520385932150644e-06, 'epoch': 4.33}
{'loss': 4.2313, 'grad_norm': 2.4082109928131104, 'learning_rate': 3.1481481481481483e-06, 'epoch': 4.33}
{'loss': 4.2438, 'grad_norm': 2.468831777572632, 'learning_rate': 3.1442577030812327e-06, 'epoch': 4.34}
{'eval_loss': 4.403716087341309, 'eval_runtime': 25.9467, 'eval_samples_per_second': 185.572, 'eval_steps_per_second': 1.465, 'epoch': 4.34}
{'loss': 4.2062, 'grad_norm': 2.401526689529419, 'learning_rate': 3.140367258014317e-06, 'epoch': 4.35}
{'loss': 4.2438, 'grad_norm': 2.1335690021514893, 'learning_rate': 3.1364768129474014e-06, 'epoch': 4.36}
{'loss': 4.2188, 'grad_norm': 2.42690110206604, 'learning_rate': 3.1325863678804857e-06, 'epoch': 4.36}
{'loss': 4.1969, 'grad_norm': 2.322219133377075, 'learning_rate': 3.12869592281357e-06, 'epoch': 4.37}
{'loss': 4.125, 'grad_norm': 2.263079881668091, 'learning_rate': 3.1248054777466545e-06, 'epoch': 4.38}
{'loss': 4.1969, 'grad_norm': 2.135202407836914, 'learning_rate': 3.120915032679739e-06, 'epoch': 4.38}
{'loss': 4.1688, 'grad_norm': 2.3749542236328125, 'learning_rate': 3.117024587612823e-06, 'epoch': 4.39}
{'loss': 4.2188, 'grad_norm': 2.3636422157287598, 'learning_rate': 3.113134142545908e-06, 'epoch': 4.4}
{'loss': 4.2188, 'grad_norm': 2.206026077270508, 'learning_rate': 3.109243697478992e-06, 'epoch': 4.4}
{'loss': 4.2188, 'grad_norm': 2.2498698234558105, 'learning_rate': 3.1053532524120762e-06, 'epoch': 4.41}
{'loss': 4.2188, 'grad_norm': 2.3529810905456543, 'learning_rate': 3.101462807345161e-06, 'epoch': 4.42}
{'loss': 4.1813, 'grad_norm': 2.3672125339508057, 'learning_rate': 3.097572362278245e-06, 'epoch': 4.43}
{'loss': 4.1219, 'grad_norm': 2.193790912628174, 'learning_rate': 3.0936819172113293e-06, 'epoch': 4.43}
{'loss': 4.2, 'grad_norm': 2.262907028198242, 'learning_rate': 3.0897914721444132e-06, 'epoch': 4.44}
{'loss': 4.275, 'grad_norm': 2.3602123260498047, 'learning_rate': 3.085901027077498e-06, 'epoch': 4.45}
{'loss': 4.2125, 'grad_norm': 2.3107705116271973, 'learning_rate': 3.0820105820105823e-06, 'epoch': 4.45}
{'loss': 4.2438, 'grad_norm': 2.1775834560394287, 'learning_rate': 3.0781201369436663e-06, 'epoch': 4.46}
{'loss': 4.1125, 'grad_norm': 2.524460792541504, 'learning_rate': 3.074229691876751e-06, 'epoch': 4.47}
{'loss': 4.2875, 'grad_norm': 2.3300251960754395, 'learning_rate': 3.0703392468098354e-06, 'epoch': 4.47}
{'loss': 4.2938, 'grad_norm': 2.1776273250579834, 'learning_rate': 3.0664488017429193e-06, 'epoch': 4.48}
{'eval_loss': 4.386824131011963, 'eval_runtime': 25.9284, 'eval_samples_per_second': 185.704, 'eval_steps_per_second': 1.466, 'epoch': 4.48}
{'loss': 4.175, 'grad_norm': 2.475097894668579, 'learning_rate': 3.062558356676004e-06, 'epoch': 4.49}
{'loss': 4.1562, 'grad_norm': 2.5622105598449707, 'learning_rate': 3.0586679116090885e-06, 'epoch': 4.5}
{'loss': 4.2375, 'grad_norm': 2.258439779281616, 'learning_rate': 3.0547774665421724e-06, 'epoch': 4.5}
{'loss': 4.2125, 'grad_norm': 2.4097068309783936, 'learning_rate': 3.050887021475257e-06, 'epoch': 4.51}
{'loss': 4.1562, 'grad_norm': 2.4050281047821045, 'learning_rate': 3.0469965764083415e-06, 'epoch': 4.52}
{'loss': 4.1437, 'grad_norm': 2.320190191268921, 'learning_rate': 3.0431061313414255e-06, 'epoch': 4.52}
{'loss': 4.1625, 'grad_norm': 2.357581615447998, 'learning_rate': 3.03921568627451e-06, 'epoch': 4.53}
{'loss': 4.2125, 'grad_norm': 2.3676788806915283, 'learning_rate': 3.0353252412075946e-06, 'epoch': 4.54}
{'loss': 4.2375, 'grad_norm': 2.212230682373047, 'learning_rate': 3.0314347961406785e-06, 'epoch': 4.54}
{'loss': 4.1937, 'grad_norm': 2.3875553607940674, 'learning_rate': 3.027544351073763e-06, 'epoch': 4.55}
{'loss': 4.125, 'grad_norm': 2.261190891265869, 'learning_rate': 3.0236539060068477e-06, 'epoch': 4.56}
{'loss': 4.1937, 'grad_norm': 2.2998156547546387, 'learning_rate': 3.0197634609399316e-06, 'epoch': 4.57}
{'loss': 4.1625, 'grad_norm': 2.2834813594818115, 'learning_rate': 3.015873015873016e-06, 'epoch': 4.57}
{'loss': 4.2438, 'grad_norm': 2.343449831008911, 'learning_rate': 3.0119825708061007e-06, 'epoch': 4.58}
{'loss': 4.1813, 'grad_norm': 2.3053839206695557, 'learning_rate': 3.0080921257391847e-06, 'epoch': 4.59}
{'loss': 4.2062, 'grad_norm': 2.4761199951171875, 'learning_rate': 3.004201680672269e-06, 'epoch': 4.59}
{'loss': 4.1875, 'grad_norm': 2.4565975666046143, 'learning_rate': 3.0003112356053538e-06, 'epoch': 4.6}
{'loss': 4.2125, 'grad_norm': 2.2343783378601074, 'learning_rate': 2.996420790538438e-06, 'epoch': 4.61}
{'loss': 4.2, 'grad_norm': 2.1104300022125244, 'learning_rate': 2.992530345471522e-06, 'epoch': 4.61}
{'loss': 4.1813, 'grad_norm': 2.25065541267395, 'learning_rate': 2.9886399004046064e-06, 'epoch': 4.62}
{'eval_loss': 4.377533912658691, 'eval_runtime': 25.9615, 'eval_samples_per_second': 185.467, 'eval_steps_per_second': 1.464, 'epoch': 4.62}
{'loss': 4.2625, 'grad_norm': 2.3323898315429688, 'learning_rate': 2.984749455337691e-06, 'epoch': 4.63}
{'loss': 4.1312, 'grad_norm': 2.4291117191314697, 'learning_rate': 2.980859010270775e-06, 'epoch': 4.64}
{'loss': 4.1813, 'grad_norm': 2.582973003387451, 'learning_rate': 2.9769685652038595e-06, 'epoch': 4.64}
{'loss': 4.225, 'grad_norm': 2.2077927589416504, 'learning_rate': 2.9730781201369443e-06, 'epoch': 4.65}
{'loss': 4.2313, 'grad_norm': 2.580862283706665, 'learning_rate': 2.969187675070028e-06, 'epoch': 4.66}
{'loss': 4.2188, 'grad_norm': 2.326127052307129, 'learning_rate': 2.9652972300031125e-06, 'epoch': 4.66}
{'loss': 4.1344, 'grad_norm': 2.3577065467834473, 'learning_rate': 2.9614067849361973e-06, 'epoch': 4.67}
{'loss': 4.2188, 'grad_norm': 2.293555974960327, 'learning_rate': 2.9575163398692813e-06, 'epoch': 4.68}
{'loss': 4.2125, 'grad_norm': 2.364832639694214, 'learning_rate': 2.9536258948023656e-06, 'epoch': 4.68}
{'loss': 4.1625, 'grad_norm': 2.3086557388305664, 'learning_rate': 2.9497354497354504e-06, 'epoch': 4.69}
{'loss': 4.1375, 'grad_norm': 2.404282569885254, 'learning_rate': 2.9458450046685343e-06, 'epoch': 4.7}
{'loss': 4.225, 'grad_norm': 2.513078212738037, 'learning_rate': 2.9419545596016187e-06, 'epoch': 4.71}
{'loss': 4.125, 'grad_norm': 2.303879737854004, 'learning_rate': 2.9380641145347026e-06, 'epoch': 4.71}
{'loss': 4.1719, 'grad_norm': 2.2740509510040283, 'learning_rate': 2.9341736694677874e-06, 'epoch': 4.72}
{'loss': 4.2062, 'grad_norm': 2.3290152549743652, 'learning_rate': 2.9302832244008717e-06, 'epoch': 4.73}
{'loss': 4.2062, 'grad_norm': 2.4714841842651367, 'learning_rate': 2.9263927793339557e-06, 'epoch': 4.73}
{'loss': 4.1437, 'grad_norm': 2.226511001586914, 'learning_rate': 2.9225023342670404e-06, 'epoch': 4.74}
{'loss': 4.1688, 'grad_norm': 2.3598203659057617, 'learning_rate': 2.918611889200125e-06, 'epoch': 4.75}
{'loss': 4.2062, 'grad_norm': 2.387422561645508, 'learning_rate': 2.9147214441332087e-06, 'epoch': 4.75}
{'loss': 4.2062, 'grad_norm': 2.2019429206848145, 'learning_rate': 2.9108309990662935e-06, 'epoch': 4.76}
{'eval_loss': 4.367398738861084, 'eval_runtime': 25.9555, 'eval_samples_per_second': 185.51, 'eval_steps_per_second': 1.464, 'epoch': 4.76}
{'loss': 4.1937, 'grad_norm': 2.627157211303711, 'learning_rate': 2.906940553999378e-06, 'epoch': 4.77}
{'loss': 4.1375, 'grad_norm': 2.268625497817993, 'learning_rate': 2.903050108932462e-06, 'epoch': 4.78}
{'loss': 4.2375, 'grad_norm': 2.1460204124450684, 'learning_rate': 2.8991596638655466e-06, 'epoch': 4.78}
{'loss': 4.1625, 'grad_norm': 2.2493033409118652, 'learning_rate': 2.895269218798631e-06, 'epoch': 4.79}
{'loss': 4.1813, 'grad_norm': 2.1658072471618652, 'learning_rate': 2.891378773731715e-06, 'epoch': 4.8}
{'loss': 4.1625, 'grad_norm': 2.208848237991333, 'learning_rate': 2.887488328664799e-06, 'epoch': 4.8}
{'loss': 4.1937, 'grad_norm': 2.3793280124664307, 'learning_rate': 2.883597883597884e-06, 'epoch': 4.81}
{'loss': 4.2188, 'grad_norm': 2.2067010402679443, 'learning_rate': 2.879707438530968e-06, 'epoch': 4.82}
{'loss': 4.1375, 'grad_norm': 2.2970504760742188, 'learning_rate': 2.8758169934640523e-06, 'epoch': 4.82}
{'loss': 4.2125, 'grad_norm': 2.2704546451568604, 'learning_rate': 2.871926548397137e-06, 'epoch': 4.83}
{'loss': 4.2812, 'grad_norm': 2.2845678329467773, 'learning_rate': 2.8680361033302214e-06, 'epoch': 4.84}
{'loss': 4.2062, 'grad_norm': 2.218292236328125, 'learning_rate': 2.8641456582633053e-06, 'epoch': 4.85}
{'loss': 4.2062, 'grad_norm': 2.2083027362823486, 'learning_rate': 2.86025521319639e-06, 'epoch': 4.85}
{'loss': 4.1063, 'grad_norm': 2.5068697929382324, 'learning_rate': 2.8563647681294745e-06, 'epoch': 4.86}
{'loss': 4.1875, 'grad_norm': 2.2811994552612305, 'learning_rate': 2.8524743230625584e-06, 'epoch': 4.87}
{'loss': 4.2313, 'grad_norm': 2.195936679840088, 'learning_rate': 2.848583877995643e-06, 'epoch': 4.87}
{'loss': 4.175, 'grad_norm': 2.550132989883423, 'learning_rate': 2.8446934329287275e-06, 'epoch': 4.88}
{'loss': 4.25, 'grad_norm': 2.255413293838501, 'learning_rate': 2.8408029878618115e-06, 'epoch': 4.89}
{'loss': 4.1875, 'grad_norm': 2.2566022872924805, 'learning_rate': 2.836912542794896e-06, 'epoch': 4.89}
{'loss': 4.1562, 'grad_norm': 2.298497438430786, 'learning_rate': 2.8330220977279806e-06, 'epoch': 4.9}
{'eval_loss': 4.35304069519043, 'eval_runtime': 25.9427, 'eval_samples_per_second': 185.602, 'eval_steps_per_second': 1.465, 'epoch': 4.9}
{'loss': 4.1562, 'grad_norm': 2.4443671703338623, 'learning_rate': 2.8291316526610645e-06, 'epoch': 4.91}
{'loss': 4.2313, 'grad_norm': 2.1644058227539062, 'learning_rate': 2.825241207594149e-06, 'epoch': 4.92}
{'loss': 4.1625, 'grad_norm': 2.316734790802002, 'learning_rate': 2.8213507625272337e-06, 'epoch': 4.92}
{'loss': 4.2, 'grad_norm': 2.4117352962493896, 'learning_rate': 2.8174603174603176e-06, 'epoch': 4.93}
{'loss': 4.2438, 'grad_norm': 2.527996063232422, 'learning_rate': 2.813569872393402e-06, 'epoch': 4.94}
{'loss': 4.2562, 'grad_norm': 2.3182249069213867, 'learning_rate': 2.8096794273264867e-06, 'epoch': 4.94}
{'loss': 4.1063, 'grad_norm': 2.2297935485839844, 'learning_rate': 2.8057889822595706e-06, 'epoch': 4.95}
{'loss': 4.1688, 'grad_norm': 2.345651626586914, 'learning_rate': 2.801898537192655e-06, 'epoch': 4.96}
{'loss': 4.2125, 'grad_norm': 2.252478837966919, 'learning_rate': 2.7980080921257398e-06, 'epoch': 4.96}
{'loss': 4.1375, 'grad_norm': 2.489581346511841, 'learning_rate': 2.7941176470588237e-06, 'epoch': 4.97}
{'loss': 4.1937, 'grad_norm': 2.3674890995025635, 'learning_rate': 2.790227201991908e-06, 'epoch': 4.98}
{'loss': 4.0875, 'grad_norm': 2.262531042098999, 'learning_rate': 2.786336756924992e-06, 'epoch': 4.99}
{'loss': 4.1156, 'grad_norm': 2.416222095489502, 'learning_rate': 2.7824463118580768e-06, 'epoch': 4.99}
{'loss': 4.2, 'grad_norm': 2.440855026245117, 'learning_rate': 2.778555866791161e-06, 'epoch': 5.0}
{'loss': 4.1375, 'grad_norm': 2.087470054626465, 'learning_rate': 2.774665421724245e-06, 'epoch': 5.01}
{'loss': 4.1031, 'grad_norm': 2.2499845027923584, 'learning_rate': 2.77077497665733e-06, 'epoch': 5.01}
{'loss': 4.075, 'grad_norm': 2.295351028442383, 'learning_rate': 2.766884531590414e-06, 'epoch': 5.02}
{'loss': 4.1375, 'grad_norm': 2.5772812366485596, 'learning_rate': 2.762994086523498e-06, 'epoch': 5.03}
{'loss': 4.1875, 'grad_norm': 2.2158801555633545, 'learning_rate': 2.759103641456583e-06, 'epoch': 5.04}
{'loss': 4.1188, 'grad_norm': 2.11030650138855, 'learning_rate': 2.7552131963896672e-06, 'epoch': 5.04}
{'eval_loss': 4.3454389572143555, 'eval_runtime': 27.7517, 'eval_samples_per_second': 173.503, 'eval_steps_per_second': 1.369, 'epoch': 5.04}
{'loss': 4.1437, 'grad_norm': 2.287567138671875, 'learning_rate': 2.7513227513227516e-06, 'epoch': 5.05}
{'loss': 4.1031, 'grad_norm': 2.312018871307373, 'learning_rate': 2.747432306255836e-06, 'epoch': 5.06}
{'loss': 4.0969, 'grad_norm': 2.3789987564086914, 'learning_rate': 2.7435418611889203e-06, 'epoch': 5.06}
{'loss': 4.1625, 'grad_norm': 2.39467716217041, 'learning_rate': 2.7396514161220047e-06, 'epoch': 5.07}
{'loss': 4.0438, 'grad_norm': 2.207568407058716, 'learning_rate': 2.735760971055089e-06, 'epoch': 5.08}
{'loss': 4.1125, 'grad_norm': 2.5417027473449707, 'learning_rate': 2.7318705259881734e-06, 'epoch': 5.08}
{'loss': 4.0719, 'grad_norm': 2.2817435264587402, 'learning_rate': 2.7279800809212577e-06, 'epoch': 5.09}
{'loss': 4.1531, 'grad_norm': 2.4418280124664307, 'learning_rate': 2.7240896358543417e-06, 'epoch': 5.1}
{'loss': 4.0687, 'grad_norm': 2.159724235534668, 'learning_rate': 2.7201991907874264e-06, 'epoch': 5.11}
{'loss': 4.05, 'grad_norm': 2.268284559249878, 'learning_rate': 2.716308745720511e-06, 'epoch': 5.11}
{'loss': 4.1312, 'grad_norm': 2.235358953475952, 'learning_rate': 2.7124183006535947e-06, 'epoch': 5.12}
{'loss': 4.0656, 'grad_norm': 2.5560038089752197, 'learning_rate': 2.7085278555866795e-06, 'epoch': 5.13}
{'loss': 4.1281, 'grad_norm': 2.4135937690734863, 'learning_rate': 2.704637410519764e-06, 'epoch': 5.13}
{'loss': 4.15, 'grad_norm': 2.434277057647705, 'learning_rate': 2.7007469654528478e-06, 'epoch': 5.14}
{'loss': 4.0844, 'grad_norm': 2.3457016944885254, 'learning_rate': 2.6968565203859326e-06, 'epoch': 5.15}
{'loss': 4.2125, 'grad_norm': 2.282637357711792, 'learning_rate': 2.692966075319017e-06, 'epoch': 5.15}
{'loss': 4.1469, 'grad_norm': 2.38751482963562, 'learning_rate': 2.689075630252101e-06, 'epoch': 5.16}
{'loss': 4.1469, 'grad_norm': 2.4038960933685303, 'learning_rate': 2.6851851851851856e-06, 'epoch': 5.17}
{'loss': 4.0563, 'grad_norm': 2.3970696926116943, 'learning_rate': 2.68129474011827e-06, 'epoch': 5.18}
{'loss': 4.1875, 'grad_norm': 2.5859813690185547, 'learning_rate': 2.677404295051354e-06, 'epoch': 5.18}
{'eval_loss': 4.336993217468262, 'eval_runtime': 25.9472, 'eval_samples_per_second': 185.569, 'eval_steps_per_second': 1.465, 'epoch': 5.18}
{'loss': 4.0406, 'grad_norm': 2.5320072174072266, 'learning_rate': 2.6735138499844383e-06, 'epoch': 5.19}
{'loss': 4.1437, 'grad_norm': 2.3170175552368164, 'learning_rate': 2.669623404917523e-06, 'epoch': 5.2}
{'loss': 4.1688, 'grad_norm': 2.3172831535339355, 'learning_rate': 2.665732959850607e-06, 'epoch': 5.2}
{'loss': 4.1, 'grad_norm': 2.365999698638916, 'learning_rate': 2.6618425147836913e-06, 'epoch': 5.21}
{'loss': 4.1562, 'grad_norm': 2.200425148010254, 'learning_rate': 2.657952069716776e-06, 'epoch': 5.22}
{'loss': 4.1031, 'grad_norm': 2.3359463214874268, 'learning_rate': 2.65406162464986e-06, 'epoch': 5.22}
{'loss': 4.1063, 'grad_norm': 2.6968393325805664, 'learning_rate': 2.6501711795829444e-06, 'epoch': 5.23}
{'loss': 4.0344, 'grad_norm': 2.399007797241211, 'learning_rate': 2.646280734516029e-06, 'epoch': 5.24}
{'loss': 4.0844, 'grad_norm': 2.5478835105895996, 'learning_rate': 2.642390289449113e-06, 'epoch': 5.25}
{'loss': 3.9813, 'grad_norm': 2.742418050765991, 'learning_rate': 2.6384998443821975e-06, 'epoch': 5.25}
{'loss': 4.15, 'grad_norm': 2.489069938659668, 'learning_rate': 2.6346093993152822e-06, 'epoch': 5.26}
{'loss': 4.0875, 'grad_norm': 2.325035333633423, 'learning_rate': 2.630718954248366e-06, 'epoch': 5.27}
{'loss': 4.1437, 'grad_norm': 2.4348740577697754, 'learning_rate': 2.6268285091814505e-06, 'epoch': 5.27}
{'loss': 4.0938, 'grad_norm': 2.391968011856079, 'learning_rate': 2.622938064114535e-06, 'epoch': 5.28}
{'loss': 4.0563, 'grad_norm': 2.2752718925476074, 'learning_rate': 2.6190476190476192e-06, 'epoch': 5.29}
{'loss': 3.9813, 'grad_norm': 2.2857649326324463, 'learning_rate': 2.6151571739807036e-06, 'epoch': 5.29}
{'loss': 4.1625, 'grad_norm': 2.466024398803711, 'learning_rate': 2.611266728913788e-06, 'epoch': 5.3}
{'loss': 4.0375, 'grad_norm': 2.357895612716675, 'learning_rate': 2.6073762838468723e-06, 'epoch': 5.31}
{'loss': 4.125, 'grad_norm': 2.34596586227417, 'learning_rate': 2.6034858387799566e-06, 'epoch': 5.32}
{'loss': 4.0938, 'grad_norm': 2.5721123218536377, 'learning_rate': 2.599595393713041e-06, 'epoch': 5.32}
{'eval_loss': 4.331925868988037, 'eval_runtime': 25.952, 'eval_samples_per_second': 185.535, 'eval_steps_per_second': 1.464, 'epoch': 5.32}
{'loss': 4.1156, 'grad_norm': 2.285853147506714, 'learning_rate': 2.5957049486461253e-06, 'epoch': 5.33}
{'loss': 4.0719, 'grad_norm': 2.4165878295898438, 'learning_rate': 2.5918145035792097e-06, 'epoch': 5.34}
{'loss': 4.1312, 'grad_norm': 2.414736270904541, 'learning_rate': 2.587924058512294e-06, 'epoch': 5.34}
{'loss': 4.1219, 'grad_norm': 2.442965269088745, 'learning_rate': 2.5840336134453784e-06, 'epoch': 5.35}
{'loss': 4.1125, 'grad_norm': 2.5318005084991455, 'learning_rate': 2.5801431683784628e-06, 'epoch': 5.36}
{'loss': 4.075, 'grad_norm': 2.5834572315216064, 'learning_rate': 2.576252723311547e-06, 'epoch': 5.36}
{'loss': 4.1688, 'grad_norm': 2.334838628768921, 'learning_rate': 2.572362278244631e-06, 'epoch': 5.37}
{'loss': 4.1, 'grad_norm': 2.266165256500244, 'learning_rate': 2.568471833177716e-06, 'epoch': 5.38}
{'loss': 4.1375, 'grad_norm': 2.492064952850342, 'learning_rate': 2.5645813881108e-06, 'epoch': 5.39}
{'loss': 4.0156, 'grad_norm': 2.45503306388855, 'learning_rate': 2.560690943043884e-06, 'epoch': 5.39}
{'loss': 4.0844, 'grad_norm': 2.616323471069336, 'learning_rate': 2.556800497976969e-06, 'epoch': 5.4}
{'loss': 4.0687, 'grad_norm': 2.5045700073242188, 'learning_rate': 2.5529100529100532e-06, 'epoch': 5.41}
{'loss': 4.05, 'grad_norm': 2.2923200130462646, 'learning_rate': 2.549019607843137e-06, 'epoch': 5.41}
{'loss': 4.15, 'grad_norm': 2.419023275375366, 'learning_rate': 2.545129162776222e-06, 'epoch': 5.42}
{'loss': 4.0687, 'grad_norm': 2.269130229949951, 'learning_rate': 2.5412387177093063e-06, 'epoch': 5.43}
{'loss': 4.0812, 'grad_norm': 2.515460729598999, 'learning_rate': 2.5373482726423902e-06, 'epoch': 5.43}
{'loss': 4.0938, 'grad_norm': 2.463115692138672, 'learning_rate': 2.533457827575475e-06, 'epoch': 5.44}
{'loss': 4.15, 'grad_norm': 2.6400058269500732, 'learning_rate': 2.5295673825085594e-06, 'epoch': 5.45}
{'loss': 4.1188, 'grad_norm': 2.3308286666870117, 'learning_rate': 2.5256769374416433e-06, 'epoch': 5.46}
{'loss': 4.0687, 'grad_norm': 2.7275760173797607, 'learning_rate': 2.5217864923747277e-06, 'epoch': 5.46}
{'eval_loss': 4.32179069519043, 'eval_runtime': 25.9261, 'eval_samples_per_second': 185.72, 'eval_steps_per_second': 1.466, 'epoch': 5.46}
{'loss': 4.1125, 'grad_norm': 2.69596529006958, 'learning_rate': 2.5178960473078124e-06, 'epoch': 5.47}
{'loss': 3.9813, 'grad_norm': 2.374640941619873, 'learning_rate': 2.5140056022408964e-06, 'epoch': 5.48}
{'loss': 4.0469, 'grad_norm': 2.4378201961517334, 'learning_rate': 2.5101151571739807e-06, 'epoch': 5.48}
{'loss': 4.1063, 'grad_norm': 2.241739511489868, 'learning_rate': 2.5062247121070655e-06, 'epoch': 5.49}
{'loss': 4.0812, 'grad_norm': 2.331756591796875, 'learning_rate': 2.5023342670401494e-06, 'epoch': 5.5}
{'loss': 4.0687, 'grad_norm': 2.1843912601470947, 'learning_rate': 2.498443821973234e-06, 'epoch': 5.5}
{'loss': 4.0938, 'grad_norm': 2.1906754970550537, 'learning_rate': 2.494553376906318e-06, 'epoch': 5.51}
{'loss': 4.15, 'grad_norm': 2.383244752883911, 'learning_rate': 2.4906629318394025e-06, 'epoch': 5.52}
{'loss': 4.1, 'grad_norm': 2.2700328826904297, 'learning_rate': 2.486772486772487e-06, 'epoch': 5.53}
{'loss': 4.2, 'grad_norm': 2.388137102127075, 'learning_rate': 2.482882041705571e-06, 'epoch': 5.53}
{'loss': 4.0469, 'grad_norm': 2.2199814319610596, 'learning_rate': 2.4789915966386555e-06, 'epoch': 5.54}
{'loss': 4.0938, 'grad_norm': 2.3433938026428223, 'learning_rate': 2.47510115157174e-06, 'epoch': 5.55}
{'loss': 4.15, 'grad_norm': 2.344972610473633, 'learning_rate': 2.4712107065048243e-06, 'epoch': 5.55}
{'loss': 4.1312, 'grad_norm': 2.199859142303467, 'learning_rate': 2.4673202614379086e-06, 'epoch': 5.56}
{'loss': 4.125, 'grad_norm': 2.4584193229675293, 'learning_rate': 2.463429816370993e-06, 'epoch': 5.57}
{'loss': 4.0875, 'grad_norm': 2.396250009536743, 'learning_rate': 2.4595393713040773e-06, 'epoch': 5.57}
{'loss': 4.0531, 'grad_norm': 2.3961751461029053, 'learning_rate': 2.4556489262371617e-06, 'epoch': 5.58}
{'loss': 4.0906, 'grad_norm': 2.4616858959198, 'learning_rate': 2.451758481170246e-06, 'epoch': 5.59}
{'loss': 4.0781, 'grad_norm': 2.3222272396087646, 'learning_rate': 2.4478680361033304e-06, 'epoch': 5.6}
{'loss': 4.0125, 'grad_norm': 2.4453179836273193, 'learning_rate': 2.4439775910364147e-06, 'epoch': 5.6}
{'eval_loss': 4.313344478607178, 'eval_runtime': 25.9754, 'eval_samples_per_second': 185.368, 'eval_steps_per_second': 1.463, 'epoch': 5.6}
{'loss': 4.1312, 'grad_norm': 2.642502784729004, 'learning_rate': 2.440087145969499e-06, 'epoch': 5.61}
{'loss': 4.0812, 'grad_norm': 2.645732879638672, 'learning_rate': 2.4361967009025834e-06, 'epoch': 5.62}
{'loss': 4.1375, 'grad_norm': 2.4903550148010254, 'learning_rate': 2.432306255835668e-06, 'epoch': 5.62}
{'loss': 4.0656, 'grad_norm': 2.3464910984039307, 'learning_rate': 2.428415810768752e-06, 'epoch': 5.63}
{'loss': 4.1188, 'grad_norm': 2.609316110610962, 'learning_rate': 2.4245253657018365e-06, 'epoch': 5.64}
{'loss': 4.0687, 'grad_norm': 2.3822789192199707, 'learning_rate': 2.420634920634921e-06, 'epoch': 5.64}
{'loss': 4.0375, 'grad_norm': 2.195483446121216, 'learning_rate': 2.4167444755680052e-06, 'epoch': 5.65}
{'loss': 4.0812, 'grad_norm': 2.341339349746704, 'learning_rate': 2.4128540305010896e-06, 'epoch': 5.66}
{'loss': 4.1375, 'grad_norm': 2.368157148361206, 'learning_rate': 2.408963585434174e-06, 'epoch': 5.67}
{'loss': 4.1063, 'grad_norm': 2.4331703186035156, 'learning_rate': 2.4050731403672583e-06, 'epoch': 5.67}
{'loss': 4.0594, 'grad_norm': 2.2705986499786377, 'learning_rate': 2.4011826953003426e-06, 'epoch': 5.68}
{'loss': 4.0625, 'grad_norm': 2.498126268386841, 'learning_rate': 2.397292250233427e-06, 'epoch': 5.69}
{'loss': 4.125, 'grad_norm': 2.7167890071868896, 'learning_rate': 2.3934018051665113e-06, 'epoch': 5.69}
{'loss': 4.05, 'grad_norm': 2.4058749675750732, 'learning_rate': 2.3895113600995957e-06, 'epoch': 5.7}
{'loss': 4.1437, 'grad_norm': 2.489140033721924, 'learning_rate': 2.38562091503268e-06, 'epoch': 5.71}
{'loss': 4.0563, 'grad_norm': 2.429957151412964, 'learning_rate': 2.3817304699657644e-06, 'epoch': 5.71}
{'loss': 4.0938, 'grad_norm': 2.2713820934295654, 'learning_rate': 2.3778400248988488e-06, 'epoch': 5.72}
{'loss': 4.0531, 'grad_norm': 2.3357341289520264, 'learning_rate': 2.3739495798319327e-06, 'epoch': 5.73}
{'loss': 4.1188, 'grad_norm': 2.558431625366211, 'learning_rate': 2.3700591347650175e-06, 'epoch': 5.74}
{'loss': 4.0656, 'grad_norm': 2.412027359008789, 'learning_rate': 2.366168689698102e-06, 'epoch': 5.74}
{'eval_loss': 4.305743217468262, 'eval_runtime': 25.9865, 'eval_samples_per_second': 185.289, 'eval_steps_per_second': 1.462, 'epoch': 5.74}
{'loss': 4.0969, 'grad_norm': 2.7750723361968994, 'learning_rate': 2.3622782446311857e-06, 'epoch': 5.75}
{'loss': 4.1344, 'grad_norm': 2.547161102294922, 'learning_rate': 2.3583877995642705e-06, 'epoch': 5.76}
{'loss': 4.0219, 'grad_norm': 2.5153963565826416, 'learning_rate': 2.3544973544973545e-06, 'epoch': 5.76}
{'loss': 4.0625, 'grad_norm': 2.444462537765503, 'learning_rate': 2.350606909430439e-06, 'epoch': 5.77}
{'loss': 4.1375, 'grad_norm': 2.551112174987793, 'learning_rate': 2.3467164643635236e-06, 'epoch': 5.78}
{'loss': 4.1688, 'grad_norm': 2.514014959335327, 'learning_rate': 2.3428260192966075e-06, 'epoch': 5.78}
{'loss': 4.05, 'grad_norm': 2.439639091491699, 'learning_rate': 2.338935574229692e-06, 'epoch': 5.79}
{'loss': 4.1, 'grad_norm': 2.5372989177703857, 'learning_rate': 2.3350451291627767e-06, 'epoch': 5.8}
{'loss': 4.0656, 'grad_norm': 2.4918339252471924, 'learning_rate': 2.3311546840958606e-06, 'epoch': 5.81}
{'loss': 4.0438, 'grad_norm': 2.5837714672088623, 'learning_rate': 2.3272642390289454e-06, 'epoch': 5.81}
{'loss': 4.1281, 'grad_norm': 2.27071213722229, 'learning_rate': 2.3233737939620293e-06, 'epoch': 5.82}
{'loss': 4.1688, 'grad_norm': 2.4928290843963623, 'learning_rate': 2.3194833488951136e-06, 'epoch': 5.83}
{'loss': 4.1094, 'grad_norm': 2.5617880821228027, 'learning_rate': 2.3155929038281984e-06, 'epoch': 5.83}
{'loss': 4.0312, 'grad_norm': 2.275317907333374, 'learning_rate': 2.3117024587612824e-06, 'epoch': 5.84}
{'loss': 4.0687, 'grad_norm': 2.8699257373809814, 'learning_rate': 2.3078120136943667e-06, 'epoch': 5.85}
{'loss': 4.025, 'grad_norm': 2.391249895095825, 'learning_rate': 2.303921568627451e-06, 'epoch': 5.85}
{'loss': 3.9813, 'grad_norm': 2.3953702449798584, 'learning_rate': 2.3000311235605354e-06, 'epoch': 5.86}
{'loss': 3.9531, 'grad_norm': 2.4654946327209473, 'learning_rate': 2.2961406784936198e-06, 'epoch': 5.87}
{'loss': 4.1031, 'grad_norm': 2.337409734725952, 'learning_rate': 2.292250233426704e-06, 'epoch': 5.88}
{'loss': 4.0781, 'grad_norm': 2.205533504486084, 'learning_rate': 2.2883597883597885e-06, 'epoch': 5.88}
{'eval_loss': 4.296452522277832, 'eval_runtime': 25.972, 'eval_samples_per_second': 185.392, 'eval_steps_per_second': 1.463, 'epoch': 5.88}
{'loss': 4.1188, 'grad_norm': 2.5349154472351074, 'learning_rate': 2.284469343292873e-06, 'epoch': 5.89}
{'loss': 4.0281, 'grad_norm': 2.42809796333313, 'learning_rate': 2.280578898225957e-06, 'epoch': 5.9}
{'loss': 4.0844, 'grad_norm': 2.2921695709228516, 'learning_rate': 2.2766884531590415e-06, 'epoch': 5.9}
{'loss': 4.0219, 'grad_norm': 2.5819592475891113, 'learning_rate': 2.272798008092126e-06, 'epoch': 5.91}
{'loss': 4.025, 'grad_norm': 2.400106191635132, 'learning_rate': 2.2689075630252102e-06, 'epoch': 5.92}
{'loss': 4.125, 'grad_norm': 2.6655454635620117, 'learning_rate': 2.2650171179582946e-06, 'epoch': 5.92}
{'loss': 4.0625, 'grad_norm': 2.4665639400482178, 'learning_rate': 2.261126672891379e-06, 'epoch': 5.93}
{'loss': 4.1156, 'grad_norm': 2.4200408458709717, 'learning_rate': 2.2572362278244633e-06, 'epoch': 5.94}
{'loss': 4.0656, 'grad_norm': 2.3081893920898438, 'learning_rate': 2.2533457827575477e-06, 'epoch': 5.95}
{'loss': 4.0469, 'grad_norm': 2.4317500591278076, 'learning_rate': 2.249455337690632e-06, 'epoch': 5.95}
{'loss': 4.0344, 'grad_norm': 2.3991758823394775, 'learning_rate': 2.2455648926237164e-06, 'epoch': 5.96}
{'loss': 4.175, 'grad_norm': 2.4094126224517822, 'learning_rate': 2.2416744475568007e-06, 'epoch': 5.97}
{'loss': 4.0844, 'grad_norm': 2.259521484375, 'learning_rate': 2.237784002489885e-06, 'epoch': 5.97}
{'loss': 4.0, 'grad_norm': 2.4916434288024902, 'learning_rate': 2.2338935574229694e-06, 'epoch': 5.98}
{'loss': 4.1, 'grad_norm': 2.6596760749816895, 'learning_rate': 2.230003112356054e-06, 'epoch': 5.99}
{'loss': 4.0625, 'grad_norm': 2.4317853450775146, 'learning_rate': 2.226112667289138e-06, 'epoch': 5.99}
{'loss': 4.075, 'grad_norm': 2.5644853115081787, 'learning_rate': 2.222222222222222e-06, 'epoch': 6.0}
{'loss': 4.0219, 'grad_norm': 2.619281053543091, 'learning_rate': 2.218331777155307e-06, 'epoch': 6.01}
{'loss': 4.0094, 'grad_norm': 2.5376603603363037, 'learning_rate': 2.214441332088391e-06, 'epoch': 6.02}
{'loss': 3.9875, 'grad_norm': 2.505699634552002, 'learning_rate': 2.2105508870214756e-06, 'epoch': 6.02}
{'eval_loss': 4.29054069519043, 'eval_runtime': 26.943, 'eval_samples_per_second': 178.711, 'eval_steps_per_second': 1.41, 'epoch': 6.02}
{'loss': 3.9875, 'grad_norm': 2.353379011154175, 'learning_rate': 2.20666044195456e-06, 'epoch': 6.03}
{'loss': 4.0719, 'grad_norm': 2.4387331008911133, 'learning_rate': 2.2027699968876443e-06, 'epoch': 6.04}
{'loss': 3.9906, 'grad_norm': 2.431464195251465, 'learning_rate': 2.1988795518207286e-06, 'epoch': 6.04}
{'loss': 4.0031, 'grad_norm': 2.4959943294525146, 'learning_rate': 2.194989106753813e-06, 'epoch': 6.05}
{'loss': 4.0062, 'grad_norm': 2.60213565826416, 'learning_rate': 2.191098661686897e-06, 'epoch': 6.06}
{'loss': 4.075, 'grad_norm': 2.563161611557007, 'learning_rate': 2.1872082166199817e-06, 'epoch': 6.06}
{'loss': 4.0094, 'grad_norm': 2.6302969455718994, 'learning_rate': 2.183317771553066e-06, 'epoch': 6.07}
{'loss': 3.9844, 'grad_norm': 2.5189719200134277, 'learning_rate': 2.17942732648615e-06, 'epoch': 6.08}
{'loss': 4.0125, 'grad_norm': 2.5902678966522217, 'learning_rate': 2.1755368814192347e-06, 'epoch': 6.09}
{'loss': 3.8969, 'grad_norm': 2.665038824081421, 'learning_rate': 2.1716464363523187e-06, 'epoch': 6.09}
{'loss': 4.0125, 'grad_norm': 2.3625950813293457, 'learning_rate': 2.167755991285403e-06, 'epoch': 6.1}
{'loss': 4.0312, 'grad_norm': 2.464704751968384, 'learning_rate': 2.163865546218488e-06, 'epoch': 6.11}
{'loss': 4.0563, 'grad_norm': 2.4639196395874023, 'learning_rate': 2.1599751011515717e-06, 'epoch': 6.11}
{'loss': 3.9531, 'grad_norm': 2.568222761154175, 'learning_rate': 2.156084656084656e-06, 'epoch': 6.12}
{'loss': 4.1, 'grad_norm': 2.4534318447113037, 'learning_rate': 2.152194211017741e-06, 'epoch': 6.13}
{'loss': 4.025, 'grad_norm': 2.531378746032715, 'learning_rate': 2.148303765950825e-06, 'epoch': 6.13}
{'loss': 4.0687, 'grad_norm': 2.480264186859131, 'learning_rate': 2.144413320883909e-06, 'epoch': 6.14}
{'loss': 4.0094, 'grad_norm': 2.4876933097839355, 'learning_rate': 2.1405228758169935e-06, 'epoch': 6.15}
{'loss': 4.0125, 'grad_norm': 2.577589511871338, 'learning_rate': 2.136632430750078e-06, 'epoch': 6.16}
{'loss': 4.0406, 'grad_norm': 2.5527021884918213, 'learning_rate': 2.1327419856831622e-06, 'epoch': 6.16}
{'eval_loss': 4.289695739746094, 'eval_runtime': 25.9654, 'eval_samples_per_second': 185.439, 'eval_steps_per_second': 1.463, 'epoch': 6.16}
{'loss': 4.0187, 'grad_norm': 2.5201845169067383, 'learning_rate': 2.1288515406162466e-06, 'epoch': 6.17}
{'loss': 4.0094, 'grad_norm': 2.2789554595947266, 'learning_rate': 2.124961095549331e-06, 'epoch': 6.18}
{'loss': 4.0531, 'grad_norm': 2.7626683712005615, 'learning_rate': 2.1210706504824153e-06, 'epoch': 6.18}
{'loss': 4.0875, 'grad_norm': 2.3055312633514404, 'learning_rate': 2.1171802054154996e-06, 'epoch': 6.19}
{'loss': 3.9875, 'grad_norm': 2.4370620250701904, 'learning_rate': 2.113289760348584e-06, 'epoch': 6.2}
{'loss': 3.9969, 'grad_norm': 2.5161819458007812, 'learning_rate': 2.1093993152816683e-06, 'epoch': 6.2}
{'loss': 4.0563, 'grad_norm': 2.472815990447998, 'learning_rate': 2.1055088702147527e-06, 'epoch': 6.21}
{'loss': 3.9406, 'grad_norm': 2.4795897006988525, 'learning_rate': 2.101618425147837e-06, 'epoch': 6.22}
{'loss': 4.0156, 'grad_norm': 2.264249086380005, 'learning_rate': 2.0977279800809214e-06, 'epoch': 6.23}
{'loss': 4.1, 'grad_norm': 2.397794723510742, 'learning_rate': 2.0938375350140058e-06, 'epoch': 6.23}
{'loss': 4.0187, 'grad_norm': 2.7450006008148193, 'learning_rate': 2.08994708994709e-06, 'epoch': 6.24}
{'loss': 3.9969, 'grad_norm': 2.526057720184326, 'learning_rate': 2.0860566448801745e-06, 'epoch': 6.25}
{'loss': 4.0094, 'grad_norm': 2.625009059906006, 'learning_rate': 2.082166199813259e-06, 'epoch': 6.25}
{'loss': 4.0531, 'grad_norm': 2.4069693088531494, 'learning_rate': 2.078275754746343e-06, 'epoch': 6.26}
{'loss': 4.0219, 'grad_norm': 2.5364482402801514, 'learning_rate': 2.0743853096794275e-06, 'epoch': 6.27}
{'loss': 4.0531, 'grad_norm': 2.3825364112854004, 'learning_rate': 2.070494864612512e-06, 'epoch': 6.27}
{'loss': 3.9688, 'grad_norm': 2.563051700592041, 'learning_rate': 2.0666044195455962e-06, 'epoch': 6.28}
{'loss': 4.0094, 'grad_norm': 2.4745545387268066, 'learning_rate': 2.0627139744786806e-06, 'epoch': 6.29}
{'loss': 3.9281, 'grad_norm': 2.479304313659668, 'learning_rate': 2.058823529411765e-06, 'epoch': 6.3}
{'loss': 4.0375, 'grad_norm': 2.237008810043335, 'learning_rate': 2.0549330843448493e-06, 'epoch': 6.3}
{'eval_loss': 4.283361434936523, 'eval_runtime': 25.9688, 'eval_samples_per_second': 185.415, 'eval_steps_per_second': 1.463, 'epoch': 6.3}
{'loss': 4.0281, 'grad_norm': 2.5793662071228027, 'learning_rate': 2.0510426392779337e-06, 'epoch': 6.31}
{'loss': 4.0219, 'grad_norm': 2.4433159828186035, 'learning_rate': 2.047152194211018e-06, 'epoch': 6.32}
{'loss': 4.0406, 'grad_norm': 2.476628541946411, 'learning_rate': 2.0432617491441024e-06, 'epoch': 6.32}
{'loss': 4.0594, 'grad_norm': 2.4687323570251465, 'learning_rate': 2.0393713040771863e-06, 'epoch': 6.33}
{'loss': 3.9125, 'grad_norm': 2.514220952987671, 'learning_rate': 2.035480859010271e-06, 'epoch': 6.34}
{'loss': 4.0094, 'grad_norm': 2.409960985183716, 'learning_rate': 2.0315904139433554e-06, 'epoch': 6.34}
{'loss': 4.0406, 'grad_norm': 2.559335231781006, 'learning_rate': 2.0276999688764394e-06, 'epoch': 6.35}
{'loss': 4.1, 'grad_norm': 2.5013067722320557, 'learning_rate': 2.023809523809524e-06, 'epoch': 6.36}
{'loss': 4.0156, 'grad_norm': 2.515151262283325, 'learning_rate': 2.0199190787426085e-06, 'epoch': 6.37}
{'loss': 4.125, 'grad_norm': 2.4630959033966064, 'learning_rate': 2.0160286336756924e-06, 'epoch': 6.37}
{'loss': 4.075, 'grad_norm': 2.4352927207946777, 'learning_rate': 2.012138188608777e-06, 'epoch': 6.38}
{'loss': 4.0344, 'grad_norm': 2.7057690620422363, 'learning_rate': 2.008247743541861e-06, 'epoch': 6.39}
{'loss': 4.1125, 'grad_norm': 2.4848952293395996, 'learning_rate': 2.004357298474946e-06, 'epoch': 6.39}
{'loss': 3.9844, 'grad_norm': 2.6038453578948975, 'learning_rate': 2.0004668534080303e-06, 'epoch': 6.4}
{'loss': 4.0438, 'grad_norm': 2.549971580505371, 'learning_rate': 1.996576408341114e-06, 'epoch': 6.41}
{'loss': 4.0406, 'grad_norm': 2.59944486618042, 'learning_rate': 1.992685963274199e-06, 'epoch': 6.41}
{'loss': 3.9969, 'grad_norm': 2.3726770877838135, 'learning_rate': 1.988795518207283e-06, 'epoch': 6.42}
{'loss': 4.0, 'grad_norm': 2.6513912677764893, 'learning_rate': 1.9849050731403673e-06, 'epoch': 6.43}
{'loss': 3.9813, 'grad_norm': 2.5135157108306885, 'learning_rate': 1.981014628073452e-06, 'epoch': 6.44}
{'loss': 3.9594, 'grad_norm': 2.390874147415161, 'learning_rate': 1.977124183006536e-06, 'epoch': 6.44}
{'eval_loss': 4.272381782531738, 'eval_runtime': 25.965, 'eval_samples_per_second': 185.442, 'eval_steps_per_second': 1.464, 'epoch': 6.44}
[1;34mwandb[0m: 🚀 View run [33m/data/user_data/jingyuah/LLARA/checkpoints/Pixel200K_item_token_EBAE_ar_only_pythia_1b[0m at: [34mhttps://wandb.ai/jingyuanhe1222/LLARA_pretrain/runs/ck5n8ylo[0m
[1;34mwandb[0m: Find logs at: [1;35mwandb/run-20241115_101129-ck5n8ylo/logs[0m
